[0.093s] DEBUG:colcon:Command line arguments: ['/usr/bin/colcon', 'build']
[0.094s] DEBUG:colcon:Parsed command line arguments: Namespace(log_base=None, log_level=None, verb_name='build', build_base='build', install_base='install', merge_install=False, symlink_install=False, test_result_base=None, continue_on_error=False, executor='parallel', parallel_workers=4, event_handlers=None, ignore_user_meta=False, metas=['./colcon.meta'], base_paths=['.'], packages_ignore=None, packages_ignore_regex=None, paths=None, packages_up_to=None, packages_up_to_regex=None, packages_above=None, packages_above_and_dependencies=None, packages_above_depth=None, packages_select_by_dep=None, packages_skip_by_dep=None, packages_skip_up_to=None, packages_select_build_failed=False, packages_skip_build_finished=False, packages_select_test_failures=False, packages_skip_test_passed=False, packages_select=None, packages_skip=None, packages_select_regex=None, packages_skip_regex=None, packages_start=None, packages_end=None, allow_overriding=[], cmake_args=None, cmake_target=None, cmake_target_skip_unavailable=False, cmake_clean_cache=False, cmake_clean_first=False, cmake_force_configure=False, ament_cmake_args=None, catkin_cmake_args=None, catkin_skip_building_tests=False, mixin_files=None, mixin=None, verb_parser=<colcon_mixin.mixin.mixin_argument.MixinArgumentDecorator object at 0x71238d2e9d20>, verb_extension=<colcon_core.verb.build.BuildVerb object at 0x71238d2e90c0>, main=<bound method BuildVerb.main of <colcon_core.verb.build.BuildVerb object at 0x71238d2e90c0>>, mixin_verb=('build',))
[0.240s] Level 1:colcon.colcon_core.package_discovery:discover_packages(colcon_meta) check parameters
[0.240s] Level 1:colcon.colcon_core.package_discovery:discover_packages(recursive) check parameters
[0.240s] Level 1:colcon.colcon_core.package_discovery:discover_packages(ignore) check parameters
[0.240s] Level 1:colcon.colcon_core.package_discovery:discover_packages(path) check parameters
[0.240s] Level 1:colcon.colcon_core.package_discovery:discover_packages(colcon_meta) discover
[0.240s] Level 1:colcon.colcon_core.package_discovery:discover_packages(recursive) discover
[0.240s] INFO:colcon.colcon_core.package_discovery:Crawling recursively for packages in '/home/amadorjosephg/CA-Embedded-MiniProject/comet_bot_ws'
[0.240s] Level 1:colcon.colcon_core.package_identification:_identify(.) by extensions ['ignore', 'ignore_ament_install']
[0.240s] Level 1:colcon.colcon_core.package_identification:_identify(.) by extension 'ignore'
[0.240s] Level 1:colcon.colcon_core.package_identification:_identify(.) by extension 'ignore_ament_install'
[0.241s] Level 1:colcon.colcon_core.package_identification:_identify(.) by extensions ['colcon_pkg']
[0.241s] Level 1:colcon.colcon_core.package_identification:_identify(.) by extension 'colcon_pkg'
[0.241s] Level 1:colcon.colcon_core.package_identification:_identify(.) by extensions ['colcon_meta']
[0.241s] Level 1:colcon.colcon_core.package_identification:_identify(.) by extension 'colcon_meta'
[0.241s] Level 1:colcon.colcon_core.package_identification:_identify(.) by extensions ['ros']
[0.241s] Level 1:colcon.colcon_core.package_identification:_identify(.) by extension 'ros'
[0.250s] Level 1:colcon.colcon_core.package_identification:_identify(.) by extensions ['cmake', 'python']
[0.250s] Level 1:colcon.colcon_core.package_identification:_identify(.) by extension 'cmake'
[0.250s] Level 1:colcon.colcon_core.package_identification:_identify(.) by extension 'python'
[0.250s] Level 1:colcon.colcon_core.package_identification:_identify(.) by extensions ['python_setup_py']
[0.251s] Level 1:colcon.colcon_core.package_identification:_identify(.) by extension 'python_setup_py'
[0.251s] Level 1:colcon.colcon_core.package_identification:_identify(build) by extensions ['ignore', 'ignore_ament_install']
[0.251s] Level 1:colcon.colcon_core.package_identification:_identify(build) by extension 'ignore'
[0.251s] Level 1:colcon.colcon_core.package_identification:_identify(build) ignored
[0.251s] Level 1:colcon.colcon_core.package_identification:_identify(install) by extensions ['ignore', 'ignore_ament_install']
[0.251s] Level 1:colcon.colcon_core.package_identification:_identify(install) by extension 'ignore'
[0.251s] Level 1:colcon.colcon_core.package_identification:_identify(install) ignored
[0.251s] Level 1:colcon.colcon_core.package_identification:_identify(log) by extensions ['ignore', 'ignore_ament_install']
[0.251s] Level 1:colcon.colcon_core.package_identification:_identify(log) by extension 'ignore'
[0.251s] Level 1:colcon.colcon_core.package_identification:_identify(log) ignored
[0.252s] Level 1:colcon.colcon_core.package_identification:_identify(src) by extensions ['ignore', 'ignore_ament_install']
[0.252s] Level 1:colcon.colcon_core.package_identification:_identify(src) by extension 'ignore'
[0.252s] Level 1:colcon.colcon_core.package_identification:_identify(src) by extension 'ignore_ament_install'
[0.252s] Level 1:colcon.colcon_core.package_identification:_identify(src) by extensions ['colcon_pkg']
[0.252s] Level 1:colcon.colcon_core.package_identification:_identify(src) by extension 'colcon_pkg'
[0.252s] Level 1:colcon.colcon_core.package_identification:_identify(src) by extensions ['colcon_meta']
[0.252s] Level 1:colcon.colcon_core.package_identification:_identify(src) by extension 'colcon_meta'
[0.252s] Level 1:colcon.colcon_core.package_identification:_identify(src) by extensions ['ros']
[0.252s] Level 1:colcon.colcon_core.package_identification:_identify(src) by extension 'ros'
[0.252s] Level 1:colcon.colcon_core.package_identification:_identify(src) by extensions ['cmake', 'python']
[0.252s] Level 1:colcon.colcon_core.package_identification:_identify(src) by extension 'cmake'
[0.252s] Level 1:colcon.colcon_core.package_identification:_identify(src) by extension 'python'
[0.252s] Level 1:colcon.colcon_core.package_identification:_identify(src) by extensions ['python_setup_py']
[0.252s] Level 1:colcon.colcon_core.package_identification:_identify(src) by extension 'python_setup_py'
[0.252s] Level 1:colcon.colcon_core.package_identification:_identify(src/build) by extensions ['ignore', 'ignore_ament_install']
[0.252s] Level 1:colcon.colcon_core.package_identification:_identify(src/build) by extension 'ignore'
[0.253s] Level 1:colcon.colcon_core.package_identification:_identify(src/build) ignored
[0.253s] Level 1:colcon.colcon_core.package_identification:_identify(src/install) by extensions ['ignore', 'ignore_ament_install']
[0.253s] Level 1:colcon.colcon_core.package_identification:_identify(src/install) by extension 'ignore'
[0.253s] Level 1:colcon.colcon_core.package_identification:_identify(src/install) ignored
[0.253s] Level 1:colcon.colcon_core.package_identification:_identify(src/log) by extensions ['ignore', 'ignore_ament_install']
[0.253s] Level 1:colcon.colcon_core.package_identification:_identify(src/log) by extension 'ignore'
[0.253s] Level 1:colcon.colcon_core.package_identification:_identify(src/log) ignored
[0.253s] Level 1:colcon.colcon_core.package_identification:_identify(src/lunabot_control) by extensions ['ignore', 'ignore_ament_install']
[0.253s] Level 1:colcon.colcon_core.package_identification:_identify(src/lunabot_control) by extension 'ignore'
[0.253s] Level 1:colcon.colcon_core.package_identification:_identify(src/lunabot_control) by extension 'ignore_ament_install'
[0.253s] Level 1:colcon.colcon_core.package_identification:_identify(src/lunabot_control) by extensions ['colcon_pkg']
[0.253s] Level 1:colcon.colcon_core.package_identification:_identify(src/lunabot_control) by extension 'colcon_pkg'
[0.253s] Level 1:colcon.colcon_core.package_identification:_identify(src/lunabot_control) by extensions ['colcon_meta']
[0.254s] Level 1:colcon.colcon_core.package_identification:_identify(src/lunabot_control) by extension 'colcon_meta'
[0.254s] Level 1:colcon.colcon_core.package_identification:_identify(src/lunabot_control) by extensions ['ros']
[0.254s] Level 1:colcon.colcon_core.package_identification:_identify(src/lunabot_control) by extension 'ros'
[0.256s] DEBUG:colcon.colcon_core.package_identification:Package 'src/lunabot_control' with type 'ros.ament_python' and name 'lunabot_control'
[0.256s] Level 1:colcon.colcon_core.package_discovery:discover_packages(recursive) using defaults
[0.256s] Level 1:colcon.colcon_core.package_discovery:discover_packages(ignore) discover
[0.256s] Level 1:colcon.colcon_core.package_discovery:discover_packages(ignore) using defaults
[0.256s] Level 1:colcon.colcon_core.package_discovery:discover_packages(path) discover
[0.256s] Level 1:colcon.colcon_core.package_discovery:discover_packages(path) using defaults
[0.272s] Level 1:colcon.colcon_core.package_discovery:discover_packages(prefix_path) check parameters
[0.272s] Level 1:colcon.colcon_core.package_discovery:discover_packages(prefix_path) discover
[0.275s] DEBUG:colcon.colcon_installed_package_information.package_discovery:Found 294 installed packages in /opt/ros/humble
[0.285s] Level 1:colcon.colcon_core.package_discovery:discover_packages(prefix_path) using defaults
[0.319s] Level 5:colcon.colcon_core.verb:set package 'lunabot_control' build argument 'cmake_args' from command line to 'None'
[0.319s] Level 5:colcon.colcon_core.verb:set package 'lunabot_control' build argument 'cmake_target' from command line to 'None'
[0.319s] Level 5:colcon.colcon_core.verb:set package 'lunabot_control' build argument 'cmake_target_skip_unavailable' from command line to 'False'
[0.319s] Level 5:colcon.colcon_core.verb:set package 'lunabot_control' build argument 'cmake_clean_cache' from command line to 'False'
[0.319s] Level 5:colcon.colcon_core.verb:set package 'lunabot_control' build argument 'cmake_clean_first' from command line to 'False'
[0.319s] Level 5:colcon.colcon_core.verb:set package 'lunabot_control' build argument 'cmake_force_configure' from command line to 'False'
[0.320s] Level 5:colcon.colcon_core.verb:set package 'lunabot_control' build argument 'ament_cmake_args' from command line to 'None'
[0.320s] Level 5:colcon.colcon_core.verb:set package 'lunabot_control' build argument 'catkin_cmake_args' from command line to 'None'
[0.320s] Level 5:colcon.colcon_core.verb:set package 'lunabot_control' build argument 'catkin_skip_building_tests' from command line to 'False'
[0.320s] DEBUG:colcon.colcon_core.verb:Building package 'lunabot_control' with the following arguments: {'ament_cmake_args': None, 'build_base': '/home/amadorjosephg/CA-Embedded-MiniProject/comet_bot_ws/build/lunabot_control', 'catkin_cmake_args': None, 'catkin_skip_building_tests': False, 'cmake_args': None, 'cmake_clean_cache': False, 'cmake_clean_first': False, 'cmake_force_configure': False, 'cmake_target': None, 'cmake_target_skip_unavailable': False, 'install_base': '/home/amadorjosephg/CA-Embedded-MiniProject/comet_bot_ws/install/lunabot_control', 'merge_install': False, 'path': '/home/amadorjosephg/CA-Embedded-MiniProject/comet_bot_ws/src/lunabot_control', 'symlink_install': False, 'test_result_base': None}
[0.320s] INFO:colcon.colcon_core.executor:Executing jobs using 'parallel' executor
[0.321s] DEBUG:colcon.colcon_parallel_executor.executor.parallel:run_until_complete
[0.322s] INFO:colcon.colcon_ros.task.ament_python.build:Building ROS package in '/home/amadorjosephg/CA-Embedded-MiniProject/comet_bot_ws/src/lunabot_control' with build type 'ament_python'
[0.322s] Level 1:colcon.colcon_core.shell:create_environment_hook('lunabot_control', 'ament_prefix_path')
[0.325s] INFO:colcon.colcon_core.plugin_system:Skipping extension 'colcon_core.shell.bat': Not used on non-Windows systems
[0.326s] INFO:colcon.colcon_core.shell:Creating environment hook '/home/amadorjosephg/CA-Embedded-MiniProject/comet_bot_ws/install/lunabot_control/share/lunabot_control/hook/ament_prefix_path.ps1'
[0.326s] INFO:colcon.colcon_core.shell:Creating environment descriptor '/home/amadorjosephg/CA-Embedded-MiniProject/comet_bot_ws/install/lunabot_control/share/lunabot_control/hook/ament_prefix_path.dsv'
[0.327s] INFO:colcon.colcon_core.shell:Creating environment hook '/home/amadorjosephg/CA-Embedded-MiniProject/comet_bot_ws/install/lunabot_control/share/lunabot_control/hook/ament_prefix_path.sh'
[0.328s] INFO:colcon.colcon_core.shell:Skip shell extension 'powershell' for command environment: Not usable outside of PowerShell
[0.328s] DEBUG:colcon.colcon_core.shell:Skip shell extension 'dsv' for command environment
[0.539s] INFO:colcon.colcon_core.task.python.build:Building Python package in '/home/amadorjosephg/CA-Embedded-MiniProject/comet_bot_ws/src/lunabot_control'
[0.539s] INFO:colcon.colcon_core.shell:Skip shell extension 'powershell' for command environment: Not usable outside of PowerShell
[0.539s] DEBUG:colcon.colcon_core.shell:Skip shell extension 'dsv' for command environment
[0.868s] DEBUG:colcon.colcon_core.event_handler.log_command:Invoking command in '/home/amadorjosephg/CA-Embedded-MiniProject/comet_bot_ws/src/lunabot_control': PYTHONPATH=/home/amadorjosephg/CA-Embedded-MiniProject/comet_bot_ws/build/lunabot_control/prefix_override:/usr/lib/python3/dist-packages/colcon_core/task/python/colcon_distutils_commands:/home/amadorjosephg/CA-Embedded-MiniProject/comet_bot_ws/install/lunabot_control/lib/python3.10/site-packages:${PYTHONPATH} /usr/bin/python3 -W ignore:setup.py install is deprecated setup.py egg_info --egg-base ../../build/lunabot_control build --build-base /home/amadorjosephg/CA-Embedded-MiniProject/comet_bot_ws/build/lunabot_control/build install --record /home/amadorjosephg/CA-Embedded-MiniProject/comet_bot_ws/build/lunabot_control/install.log --single-version-externally-managed install_data
[1.152s] Level 1:colcon.colcon_core.environment:checking '/home/amadorjosephg/CA-Embedded-MiniProject/comet_bot_ws/install/lunabot_control' for CMake module files
[1.153s] Level 1:colcon.colcon_core.environment:checking '/home/amadorjosephg/CA-Embedded-MiniProject/comet_bot_ws/install/lunabot_control' for CMake config files
[1.153s] Level 1:colcon.colcon_core.environment:checking '/home/amadorjosephg/CA-Embedded-MiniProject/comet_bot_ws/install/lunabot_control/lib'
[1.153s] Level 1:colcon.colcon_core.environment:checking '/home/amadorjosephg/CA-Embedded-MiniProject/comet_bot_ws/install/lunabot_control/bin'
[1.153s] Level 1:colcon.colcon_core.environment:checking '/home/amadorjosephg/CA-Embedded-MiniProject/comet_bot_ws/install/lunabot_control/lib/pkgconfig/lunabot_control.pc'
[1.154s] Level 1:colcon.colcon_core.environment:checking '/home/amadorjosephg/CA-Embedded-MiniProject/comet_bot_ws/install/lunabot_control/lib/python3.10/site-packages'
[1.154s] Level 1:colcon.colcon_core.shell:create_environment_hook('lunabot_control', 'pythonpath')
[1.154s] INFO:colcon.colcon_core.shell:Creating environment hook '/home/amadorjosephg/CA-Embedded-MiniProject/comet_bot_ws/install/lunabot_control/share/lunabot_control/hook/pythonpath.ps1'
[1.154s] INFO:colcon.colcon_core.shell:Creating environment descriptor '/home/amadorjosephg/CA-Embedded-MiniProject/comet_bot_ws/install/lunabot_control/share/lunabot_control/hook/pythonpath.dsv'
[1.155s] DEBUG:colcon.colcon_core.event_handler.log_command:Invoked command in '/home/amadorjosephg/CA-Embedded-MiniProject/comet_bot_ws/src/lunabot_control' returned '0': PYTHONPATH=/home/amadorjosephg/CA-Embedded-MiniProject/comet_bot_ws/build/lunabot_control/prefix_override:/usr/lib/python3/dist-packages/colcon_core/task/python/colcon_distutils_commands:/home/amadorjosephg/CA-Embedded-MiniProject/comet_bot_ws/install/lunabot_control/lib/python3.10/site-packages:${PYTHONPATH} /usr/bin/python3 -W ignore:setup.py install is deprecated setup.py egg_info --egg-base ../../build/lunabot_control build --build-base /home/amadorjosephg/CA-Embedded-MiniProject/comet_bot_ws/build/lunabot_control/build install --record /home/amadorjosephg/CA-Embedded-MiniProject/comet_bot_ws/build/lunabot_control/install.log --single-version-externally-managed install_data
[1.156s] INFO:colcon.colcon_core.shell:Creating environment hook '/home/amadorjosephg/CA-Embedded-MiniProject/comet_bot_ws/install/lunabot_control/share/lunabot_control/hook/pythonpath.sh'
[1.159s] Level 1:colcon.colcon_core.environment:checking '/home/amadorjosephg/CA-Embedded-MiniProject/comet_bot_ws/install/lunabot_control/bin'
[1.160s] Level 1:colcon.colcon_core.environment:create_environment_scripts_only(lunabot_control)
[1.160s] INFO:colcon.colcon_core.shell:Creating package script '/home/amadorjosephg/CA-Embedded-MiniProject/comet_bot_ws/install/lunabot_control/share/lunabot_control/package.ps1'
[1.163s] INFO:colcon.colcon_core.shell:Creating package descriptor '/home/amadorjosephg/CA-Embedded-MiniProject/comet_bot_ws/install/lunabot_control/share/lunabot_control/package.dsv'
[1.165s] INFO:colcon.colcon_core.shell:Creating package script '/home/amadorjosephg/CA-Embedded-MiniProject/comet_bot_ws/install/lunabot_control/share/lunabot_control/package.sh'
[1.166s] INFO:colcon.colcon_core.shell:Creating package script '/home/amadorjosephg/CA-Embedded-MiniProject/comet_bot_ws/install/lunabot_control/share/lunabot_control/package.bash'
[1.167s] INFO:colcon.colcon_core.shell:Creating package script '/home/amadorjosephg/CA-Embedded-MiniProject/comet_bot_ws/install/lunabot_control/share/lunabot_control/package.zsh'
[1.168s] Level 1:colcon.colcon_core.environment:create_file_with_runtime_dependencies(/home/amadorjosephg/CA-Embedded-MiniProject/comet_bot_ws/install/lunabot_control/share/colcon-core/packages/lunabot_control)
[1.170s] DEBUG:colcon.colcon_parallel_executor.executor.parallel:closing loop
[1.171s] DEBUG:colcon.colcon_parallel_executor.executor.parallel:loop closed
[1.171s] DEBUG:colcon.colcon_parallel_executor.executor.parallel:run_until_complete finished with '0'
[1.171s] DEBUG:colcon.colcon_core.event_reactor:joining thread
[1.176s] INFO:colcon.colcon_core.plugin_system:Skipping extension 'colcon_notification.desktop_notification.terminal_notifier': Not used on non-Darwin systems
[1.176s] INFO:colcon.colcon_core.plugin_system:Skipping extension 'colcon_notification.desktop_notification.win32': Not used on non-Windows systems
[1.176s] INFO:colcon.colcon_notification.desktop_notification:Sending desktop notification using 'notify2'
[1.222s] DEBUG:colcon.colcon_core.event_reactor:joined thread
[1.223s] INFO:colcon.colcon_core.shell:Creating prefix script '/home/amadorjosephg/CA-Embedded-MiniProject/comet_bot_ws/install/local_setup.ps1'
[1.224s] INFO:colcon.colcon_core.shell:Creating prefix util module '/home/amadorjosephg/CA-Embedded-MiniProject/comet_bot_ws/install/_local_setup_util_ps1.py'
[1.225s] INFO:colcon.colcon_core.shell:Creating prefix chain script '/home/amadorjosephg/CA-Embedded-MiniProject/comet_bot_ws/install/setup.ps1'
[1.226s] INFO:colcon.colcon_core.shell:Creating prefix script '/home/amadorjosephg/CA-Embedded-MiniProject/comet_bot_ws/install/local_setup.sh'
[1.227s] INFO:colcon.colcon_core.shell:Creating prefix util module '/home/amadorjosephg/CA-Embedded-MiniProject/comet_bot_ws/install/_local_setup_util_sh.py'
[1.227s] INFO:colcon.colcon_core.shell:Creating prefix chain script '/home/amadorjosephg/CA-Embedded-MiniProject/comet_bot_ws/install/setup.sh'
[1.228s] INFO:colcon.colcon_core.shell:Creating prefix script '/home/amadorjosephg/CA-Embedded-MiniProject/comet_bot_ws/install/local_setup.bash'
[1.229s] INFO:colcon.colcon_core.shell:Creating prefix chain script '/home/amadorjosephg/CA-Embedded-MiniProject/comet_bot_ws/install/setup.bash'
[1.231s] INFO:colcon.colcon_core.shell:Creating prefix script '/home/amadorjosephg/CA-Embedded-MiniProject/comet_bot_ws/install/local_setup.zsh'
[1.231s] INFO:colcon.colcon_core.shell:Creating prefix chain script '/home/amadorjosephg/CA-Embedded-MiniProject/comet_bot_ws/install/setup.zsh'
