[0.518s] Invoking command in '/home/amadorjosephg/CA-Embedded-MiniProject/cometbot_ws/src/cometbot_control': PYTHONPATH=/home/amadorjosephg/CA-Embedded-MiniProject/cometbot_ws/build/lunabot_control/prefix_override:/usr/lib/python3/dist-packages/colcon_core/task/python/colcon_distutils_commands:/home/amadorjosephg/CA-Embedded-MiniProject/cometbot_ws/install/lunabot_control/lib/python3.10/site-packages:${PYTHONPATH} /usr/bin/python3 -W ignore:setup.py install is deprecated setup.py egg_info --egg-base ../../build/lunabot_control build --build-base /home/amadorjosephg/CA-Embedded-MiniProject/cometbot_ws/build/lunabot_control/build install --record /home/amadorjosephg/CA-Embedded-MiniProject/cometbot_ws/build/lunabot_control/install.log --single-version-externally-managed install_data
[0.719s] running egg_info
[0.720s] creating ../../build/lunabot_control/lunabot_control.egg-info
[0.720s] writing ../../build/lunabot_control/lunabot_control.egg-info/PKG-INFO
[0.720s] writing dependency_links to ../../build/lunabot_control/lunabot_control.egg-info/dependency_links.txt
[0.720s] writing entry points to ../../build/lunabot_control/lunabot_control.egg-info/entry_points.txt
[0.720s] writing requirements to ../../build/lunabot_control/lunabot_control.egg-info/requires.txt
[0.721s] writing top-level names to ../../build/lunabot_control/lunabot_control.egg-info/top_level.txt
[0.721s] writing manifest file '../../build/lunabot_control/lunabot_control.egg-info/SOURCES.txt'
[0.723s] reading manifest file '../../build/lunabot_control/lunabot_control.egg-info/SOURCES.txt'
[0.723s] adding license file 'LICENSE'
[0.724s] writing manifest file '../../build/lunabot_control/lunabot_control.egg-info/SOURCES.txt'
[0.724s] running build
[0.724s] running build_py
[0.724s] creating /home/amadorjosephg/CA-Embedded-MiniProject/cometbot_ws/build/lunabot_control/build
[0.724s] creating /home/amadorjosephg/CA-Embedded-MiniProject/cometbot_ws/build/lunabot_control/build/lib
[0.724s] creating /home/amadorjosephg/CA-Embedded-MiniProject/cometbot_ws/build/lunabot_control/build/lib/cometbot_control
[0.725s] copying cometbot_control/teleop_publisher.py -> /home/amadorjosephg/CA-Embedded-MiniProject/cometbot_ws/build/lunabot_control/build/lib/cometbot_control
[0.725s] copying cometbot_control/__init__.py -> /home/amadorjosephg/CA-Embedded-MiniProject/cometbot_ws/build/lunabot_control/build/lib/cometbot_control
[0.725s] running install
[0.725s] running install_lib
[0.725s] creating /home/amadorjosephg/CA-Embedded-MiniProject/cometbot_ws/install/lunabot_control/lib/python3.10/site-packages/cometbot_control
[0.725s] copying /home/amadorjosephg/CA-Embedded-MiniProject/cometbot_ws/build/lunabot_control/build/lib/cometbot_control/teleop_publisher.py -> /home/amadorjosephg/CA-Embedded-MiniProject/cometbot_ws/install/lunabot_control/lib/python3.10/site-packages/cometbot_control
[0.726s] copying /home/amadorjosephg/CA-Embedded-MiniProject/cometbot_ws/build/lunabot_control/build/lib/cometbot_control/__init__.py -> /home/amadorjosephg/CA-Embedded-MiniProject/cometbot_ws/install/lunabot_control/lib/python3.10/site-packages/cometbot_control
[0.726s] byte-compiling /home/amadorjosephg/CA-Embedded-MiniProject/cometbot_ws/install/lunabot_control/lib/python3.10/site-packages/cometbot_control/teleop_publisher.py to teleop_publisher.cpython-310.pyc
[0.727s] byte-compiling /home/amadorjosephg/CA-Embedded-MiniProject/cometbot_ws/install/lunabot_control/lib/python3.10/site-packages/cometbot_control/__init__.py to __init__.cpython-310.pyc
[0.727s] running install_data
[0.727s] creating /home/amadorjosephg/CA-Embedded-MiniProject/cometbot_ws/install/lunabot_control/share/ament_index
[0.728s] error: can't copy 'resource/lunabot_control': doesn't exist or not a regular file
[0.728s] creating /home/amadorjosephg/CA-Embedded-MiniProject/cometbot_ws/install/lunabot_control/share/ament_index/resource_index
[0.728s] creating /home/amadorjosephg/CA-Embedded-MiniProject/cometbot_ws/install/lunabot_control/share/ament_index/resource_index/packages
[0.746s] Invoked command in '/home/amadorjosephg/CA-Embedded-MiniProject/cometbot_ws/src/cometbot_control' returned '1': PYTHONPATH=/home/amadorjosephg/CA-Embedded-MiniProject/cometbot_ws/build/lunabot_control/prefix_override:/usr/lib/python3/dist-packages/colcon_core/task/python/colcon_distutils_commands:/home/amadorjosephg/CA-Embedded-MiniProject/cometbot_ws/install/lunabot_control/lib/python3.10/site-packages:${PYTHONPATH} /usr/bin/python3 -W ignore:setup.py install is deprecated setup.py egg_info --egg-base ../../build/lunabot_control build --build-base /home/amadorjosephg/CA-Embedded-MiniProject/cometbot_ws/build/lunabot_control/build install --record /home/amadorjosephg/CA-Embedded-MiniProject/cometbot_ws/build/lunabot_control/install.log --single-version-externally-managed install_data
