-- The C compiler identification is GNU 11.4.0
-- The CXX compiler identification is GNU 11.4.0
-- Detecting C compiler ABI info
-- Detecting C compiler ABI info - done
-- Check for working C compiler: /usr/bin/cc - skipped
-- Detecting C compile features
-- Detecting C compile features - done
-- Detecting CXX compiler ABI info
-- Detecting CXX compiler ABI info - done
-- Check for working CXX compiler: /usr/bin/c++ - skipped
-- Detecting CXX compile features
-- Detecting CXX compile features - done
-- Found ament_cmake: 1.3.9 (/opt/ros/humble/share/ament_cmake/cmake)
-- Found Python3: /usr/bin/python3 (found version "3.10.12") found components: Interpreter 
-- Found rosidl_default_generators: 1.2.0 (/opt/ros/humble/share/rosidl_default_generators/cmake)
-- Using all available rosidl_typesupport_c: rosidl_typesupport_microxrcedds_c;rosidl_typesupport_fastrtps_c;rosidl_typesupport_introspection_c
-- Found rosidl_adapter: 3.1.5 (/opt/ros/humble/share/rosidl_adapter/cmake)
-- Using all available rosidl_typesupport_cpp: rosidl_typesupport_microxrcedds_cpp;rosidl_typesupport_fastrtps_cpp;rosidl_typesupport_introspection_cpp
-- Found ament_cmake_ros: 0.10.0 (/opt/ros/humble/share/ament_cmake_ros/cmake)
-- Using all available rosidl_typesupport_c: rosidl_typesupport_microxrcedds_c;rosidl_typesupport_fastrtps_c;rosidl_typesupport_introspection_c
-- Using all available rosidl_typesupport_cpp: rosidl_typesupport_microxrcedds_cpp;rosidl_typesupport_fastrtps_cpp;rosidl_typesupport_introspection_cpp
-- Found PythonInterp: /usr/bin/python3 (found suitable version "3.10.12", minimum required is "3.6") 
-- Found python_cmake_module: 0.10.0 (/opt/ros/humble/share/python_cmake_module/cmake)
-- Found PythonLibs: /usr/lib/x86_64-linux-gnu/libpython3.10.so (found suitable version "3.10.12", minimum required is "3.5") 
-- Using PYTHON_EXECUTABLE: /usr/bin/python3
-- Using PYTHON_INCLUDE_DIRS: /usr/include/python3.10
-- Using PYTHON_LIBRARIES: /usr/lib/x86_64-linux-gnu/libpython3.10.so
-- Found PythonExtra: .so  
-- Configuring done
-- Generating done
-- Build files have been written to: /home/amadorjosephg/CA-Embedded-MiniProject/comet_bot_ws/build/std_srvs
[  1%] [34m[1mGenerating C++ code for ROS interfaces[0m
[  1%] Built target std_srvs__cpp
[  1%] Built target ament_cmake_python_copy_std_srvs
[  3%] [34m[1mGenerating C++ type support for eProsima Micro XRCE-DDS[0m
[  5%] [32mBuilding CXX object CMakeFiles/std_srvs__rosidl_typesupport_microxrcedds_cpp.dir/rosidl_typesupport_microxrcedds_cpp/std_srvs/srv/detail/microxrcedds/empty__type_support_cpp.cpp.o[0m
[  6%] [32mBuilding CXX object CMakeFiles/std_srvs__rosidl_typesupport_microxrcedds_cpp.dir/rosidl_typesupport_microxrcedds_cpp/std_srvs/srv/detail/microxrcedds/set_bool__type_support_cpp.cpp.o[0m
[  8%] [32mBuilding CXX object CMakeFiles/std_srvs__rosidl_typesupport_microxrcedds_cpp.dir/rosidl_typesupport_microxrcedds_cpp/std_srvs/srv/detail/microxrcedds/trigger__type_support_cpp.cpp.o[0m
[ 10%] [32m[1mLinking CXX shared library libstd_srvs__rosidl_typesupport_microxrcedds_cpp.so[0m
[ 10%] Built target std_srvs__rosidl_typesupport_microxrcedds_cpp
[ 11%] [34m[1mGenerating C++ type support for eProsima Fast-RTPS[0m
[ 13%] [32mBuilding CXX object CMakeFiles/std_srvs__rosidl_typesupport_fastrtps_cpp.dir/rosidl_typesupport_fastrtps_cpp/std_srvs/srv/detail/dds_fastrtps/empty__type_support.cpp.o[0m
[ 15%] [32mBuilding CXX object CMakeFiles/std_srvs__rosidl_typesupport_fastrtps_cpp.dir/rosidl_typesupport_fastrtps_cpp/std_srvs/srv/detail/dds_fastrtps/set_bool__type_support.cpp.o[0m
[ 16%] [32mBuilding CXX object CMakeFiles/std_srvs__rosidl_typesupport_fastrtps_cpp.dir/rosidl_typesupport_fastrtps_cpp/std_srvs/srv/detail/dds_fastrtps/trigger__type_support.cpp.o[0m
[ 18%] [32m[1mLinking CXX shared library libstd_srvs__rosidl_typesupport_fastrtps_cpp.so[0m
[ 18%] Built target std_srvs__rosidl_typesupport_fastrtps_cpp
[ 20%] [34m[1mGenerating C++ introspection for ROS interfaces[0m
[ 22%] [32mBuilding CXX object CMakeFiles/std_srvs__rosidl_typesupport_introspection_cpp.dir/rosidl_typesupport_introspection_cpp/std_srvs/srv/detail/empty__type_support.cpp.o[0m
[ 23%] [32mBuilding CXX object CMakeFiles/std_srvs__rosidl_typesupport_introspection_cpp.dir/rosidl_typesupport_introspection_cpp/std_srvs/srv/detail/set_bool__type_support.cpp.o[0m
[ 25%] [32mBuilding CXX object CMakeFiles/std_srvs__rosidl_typesupport_introspection_cpp.dir/rosidl_typesupport_introspection_cpp/std_srvs/srv/detail/trigger__type_support.cpp.o[0m
[ 27%] [32m[1mLinking CXX shared library libstd_srvs__rosidl_typesupport_introspection_cpp.so[0m
[ 27%] Built target std_srvs__rosidl_typesupport_introspection_cpp
running egg_info
creating std_srvs.egg-info
writing std_srvs.egg-info/PKG-INFO
writing dependency_links to std_srvs.egg-info/dependency_links.txt
writing top-level names to std_srvs.egg-info/top_level.txt
writing manifest file 'std_srvs.egg-info/SOURCES.txt'
reading manifest file 'std_srvs.egg-info/SOURCES.txt'
writing manifest file 'std_srvs.egg-info/SOURCES.txt'
[ 27%] Built target ament_cmake_python_build_std_srvs_egg
[ 28%] [34m[1mGenerating C++ type support dispatch for ROS interfaces[0m
[ 30%] [32mBuilding CXX object CMakeFiles/std_srvs__rosidl_typesupport_cpp.dir/rosidl_typesupport_cpp/std_srvs/srv/empty__type_support.cpp.o[0m
[ 32%] [32mBuilding CXX object CMakeFiles/std_srvs__rosidl_typesupport_cpp.dir/rosidl_typesupport_cpp/std_srvs/srv/trigger__type_support.cpp.o[0m
[ 33%] [32mBuilding CXX object CMakeFiles/std_srvs__rosidl_typesupport_cpp.dir/rosidl_typesupport_cpp/std_srvs/srv/set_bool__type_support.cpp.o[0m
[ 35%] [32m[1mLinking CXX shared library libstd_srvs__rosidl_typesupport_cpp.so[0m
[ 35%] Built target std_srvs__rosidl_typesupport_cpp
[ 37%] [34m[1mGenerating C code for ROS interfaces[0m
[ 38%] [32mBuilding C object CMakeFiles/std_srvs__rosidl_generator_c.dir/rosidl_generator_c/std_srvs/srv/detail/empty__functions.c.o[0m
[ 40%] [32mBuilding C object CMakeFiles/std_srvs__rosidl_generator_c.dir/rosidl_generator_c/std_srvs/srv/detail/trigger__functions.c.o[0m
[ 42%] [32mBuilding C object CMakeFiles/std_srvs__rosidl_generator_c.dir/rosidl_generator_c/std_srvs/srv/detail/set_bool__functions.c.o[0m
[ 44%] [32m[1mLinking C shared library libstd_srvs__rosidl_generator_c.so[0m
[ 44%] Built target std_srvs__rosidl_generator_c
[ 45%] [34m[1mGenerating C type support for eProsima Micro XRCE-DDS[0m
[ 47%] [32mBuilding C object CMakeFiles/std_srvs__rosidl_typesupport_microxrcedds_c.dir/rosidl_typesupport_microxrcedds_c/std_srvs/srv/detail/microxrcedds/empty__type_support_c.c.o[0m
[ 49%] [32mBuilding C object CMakeFiles/std_srvs__rosidl_typesupport_microxrcedds_c.dir/rosidl_typesupport_microxrcedds_c/std_srvs/srv/detail/microxrcedds/set_bool__type_support_c.c.o[0m
[ 50%] [32mBuilding C object CMakeFiles/std_srvs__rosidl_typesupport_microxrcedds_c.dir/rosidl_typesupport_microxrcedds_c/std_srvs/srv/detail/microxrcedds/trigger__type_support_c.c.o[0m
[ 52%] [32m[1mLinking C shared library libstd_srvs__rosidl_typesupport_microxrcedds_c.so[0m
[ 52%] Built target std_srvs__rosidl_typesupport_microxrcedds_c
[ 54%] [34m[1mGenerating C type support dispatch for ROS interfaces[0m
[ 55%] [32mBuilding CXX object CMakeFiles/std_srvs__rosidl_typesupport_c.dir/rosidl_typesupport_c/std_srvs/srv/empty__type_support.cpp.o[0m
[ 57%] [32mBuilding CXX object CMakeFiles/std_srvs__rosidl_typesupport_c.dir/rosidl_typesupport_c/std_srvs/srv/set_bool__type_support.cpp.o[0m
[ 59%] [32mBuilding CXX object CMakeFiles/std_srvs__rosidl_typesupport_c.dir/rosidl_typesupport_c/std_srvs/srv/trigger__type_support.cpp.o[0m
[ 61%] [32m[1mLinking CXX shared library libstd_srvs__rosidl_typesupport_c.so[0m
[ 61%] Built target std_srvs__rosidl_typesupport_c
[ 62%] [34m[1mGenerating C introspection for ROS interfaces[0m
[ 64%] [32mBuilding C object CMakeFiles/std_srvs__rosidl_typesupport_introspection_c.dir/rosidl_typesupport_introspection_c/std_srvs/srv/detail/empty__type_support.c.o[0m
[ 66%] [32mBuilding C object CMakeFiles/std_srvs__rosidl_typesupport_introspection_c.dir/rosidl_typesupport_introspection_c/std_srvs/srv/detail/trigger__type_support.c.o[0m
[ 67%] [32mBuilding C object CMakeFiles/std_srvs__rosidl_typesupport_introspection_c.dir/rosidl_typesupport_introspection_c/std_srvs/srv/detail/set_bool__type_support.c.o[0m
[ 69%] [32m[1mLinking C shared library libstd_srvs__rosidl_typesupport_introspection_c.so[0m
[ 69%] Built target std_srvs__rosidl_typesupport_introspection_c
[ 71%] [34m[1mGenerating C type support for eProsima Fast-RTPS[0m
[ 72%] [32mBuilding CXX object CMakeFiles/std_srvs__rosidl_typesupport_fastrtps_c.dir/rosidl_typesupport_fastrtps_c/std_srvs/srv/detail/empty__type_support_c.cpp.o[0m
[ 74%] [32mBuilding CXX object CMakeFiles/std_srvs__rosidl_typesupport_fastrtps_c.dir/rosidl_typesupport_fastrtps_c/std_srvs/srv/detail/trigger__type_support_c.cpp.o[0m
[ 76%] [32mBuilding CXX object CMakeFiles/std_srvs__rosidl_typesupport_fastrtps_c.dir/rosidl_typesupport_fastrtps_c/std_srvs/srv/detail/set_bool__type_support_c.cpp.o[0m
[ 77%] [32m[1mLinking CXX shared library libstd_srvs__rosidl_typesupport_fastrtps_c.so[0m
[ 77%] Built target std_srvs__rosidl_typesupport_fastrtps_c
[ 77%] Built target std_srvs
[ 79%] [34m[1mGenerating Python code for ROS interfaces[0m
[ 79%] Built target std_srvs__py
[ 81%] [32mBuilding C object CMakeFiles/std_srvs__rosidl_generator_py.dir/rosidl_generator_py/std_srvs/srv/_empty_s.c.o[0m
[ 83%] [32mBuilding C object CMakeFiles/std_srvs__rosidl_generator_py.dir/rosidl_generator_py/std_srvs/srv/_trigger_s.c.o[0m
[ 84%] [32mBuilding C object CMakeFiles/std_srvs__rosidl_generator_py.dir/rosidl_generator_py/std_srvs/srv/_set_bool_s.c.o[0m
[ 86%] [32m[1mLinking C shared library rosidl_generator_py/std_srvs/libstd_srvs__rosidl_generator_py.so[0m
[ 86%] Built target std_srvs__rosidl_generator_py
[ 88%] [32mBuilding C object CMakeFiles/std_srvs__rosidl_typesupport_microxrcedds_c__pyext.dir/rosidl_generator_py/std_srvs/_std_srvs_s.ep.rosidl_typesupport_microxrcedds_c.c.o[0m
[ 89%] [32m[1mLinking C shared library rosidl_generator_py/std_srvs/std_srvs_s__rosidl_typesupport_microxrcedds_c.cpython-310-x86_64-linux-gnu.so[0m
[ 89%] Built target std_srvs__rosidl_typesupport_microxrcedds_c__pyext
[ 91%] [32mBuilding C object CMakeFiles/std_srvs__rosidl_typesupport_c__pyext.dir/rosidl_generator_py/std_srvs/_std_srvs_s.ep.rosidl_typesupport_c.c.o[0m
[ 93%] [32m[1mLinking C shared library rosidl_generator_py/std_srvs/std_srvs_s__rosidl_typesupport_c.cpython-310-x86_64-linux-gnu.so[0m
[ 93%] Built target std_srvs__rosidl_typesupport_c__pyext
[ 94%] [32mBuilding C object CMakeFiles/std_srvs__rosidl_typesupport_introspection_c__pyext.dir/rosidl_generator_py/std_srvs/_std_srvs_s.ep.rosidl_typesupport_introspection_c.c.o[0m
[ 96%] [32m[1mLinking C shared library rosidl_generator_py/std_srvs/std_srvs_s__rosidl_typesupport_introspection_c.cpython-310-x86_64-linux-gnu.so[0m
[ 96%] Built target std_srvs__rosidl_typesupport_introspection_c__pyext
[ 98%] [32mBuilding C object CMakeFiles/std_srvs__rosidl_typesupport_fastrtps_c__pyext.dir/rosidl_generator_py/std_srvs/_std_srvs_s.ep.rosidl_typesupport_fastrtps_c.c.o[0m
[100%] [32m[1mLinking C shared library rosidl_generator_py/std_srvs/std_srvs_s__rosidl_typesupport_fastrtps_c.cpython-310-x86_64-linux-gnu.so[0m
[100%] Built target std_srvs__rosidl_typesupport_fastrtps_c__pyext
-- Install configuration: ""
-- Installing: /home/amadorjosephg/CA-Embedded-MiniProject/comet_bot_ws/install/std_srvs/share/ament_index/resource_index/rosidl_interfaces/std_srvs
-- Installing: /home/amadorjosephg/CA-Embedded-MiniProject/comet_bot_ws/install/std_srvs/include/std_srvs/std_srvs
-- Installing: /home/amadorjosephg/CA-Embedded-MiniProject/comet_bot_ws/install/std_srvs/include/std_srvs/std_srvs/srv
-- Installing: /home/amadorjosephg/CA-Embedded-MiniProject/comet_bot_ws/install/std_srvs/include/std_srvs/std_srvs/srv/set_bool.h
-- Installing: /home/amadorjosephg/CA-Embedded-MiniProject/comet_bot_ws/install/std_srvs/include/std_srvs/std_srvs/srv/empty.h
-- Installing: /home/amadorjosephg/CA-Embedded-MiniProject/comet_bot_ws/install/std_srvs/include/std_srvs/std_srvs/srv/trigger.h
-- Installing: /home/amadorjosephg/CA-Embedded-MiniProject/comet_bot_ws/install/std_srvs/include/std_srvs/std_srvs/srv/detail
-- Installing: /home/amadorjosephg/CA-Embedded-MiniProject/comet_bot_ws/install/std_srvs/include/std_srvs/std_srvs/srv/detail/empty__functions.h
-- Installing: /home/amadorjosephg/CA-Embedded-MiniProject/comet_bot_ws/install/std_srvs/include/std_srvs/std_srvs/srv/detail/empty__type_support.h
-- Installing: /home/amadorjosephg/CA-Embedded-MiniProject/comet_bot_ws/install/std_srvs/include/std_srvs/std_srvs/srv/detail/set_bool__functions.h
-- Installing: /home/amadorjosephg/CA-Embedded-MiniProject/comet_bot_ws/install/std_srvs/include/std_srvs/std_srvs/srv/detail/trigger__functions.c
-- Installing: /home/amadorjosephg/CA-Embedded-MiniProject/comet_bot_ws/install/std_srvs/include/std_srvs/std_srvs/srv/detail/trigger__functions.h
-- Installing: /home/amadorjosephg/CA-Embedded-MiniProject/comet_bot_ws/install/std_srvs/include/std_srvs/std_srvs/srv/detail/set_bool__functions.c
-- Installing: /home/amadorjosephg/CA-Embedded-MiniProject/comet_bot_ws/install/std_srvs/include/std_srvs/std_srvs/srv/detail/set_bool__struct.h
-- Installing: /home/amadorjosephg/CA-Embedded-MiniProject/comet_bot_ws/install/std_srvs/include/std_srvs/std_srvs/srv/detail/trigger__struct.h
-- Installing: /home/amadorjosephg/CA-Embedded-MiniProject/comet_bot_ws/install/std_srvs/include/std_srvs/std_srvs/srv/detail/empty__functions.c
-- Installing: /home/amadorjosephg/CA-Embedded-MiniProject/comet_bot_ws/install/std_srvs/include/std_srvs/std_srvs/srv/detail/set_bool__type_support.h
-- Installing: /home/amadorjosephg/CA-Embedded-MiniProject/comet_bot_ws/install/std_srvs/include/std_srvs/std_srvs/srv/detail/trigger__type_support.h
-- Installing: /home/amadorjosephg/CA-Embedded-MiniProject/comet_bot_ws/install/std_srvs/include/std_srvs/std_srvs/srv/detail/empty__struct.h
-- Installing: /home/amadorjosephg/CA-Embedded-MiniProject/comet_bot_ws/install/std_srvs/include/std_srvs/std_srvs/msg
-- Installing: /home/amadorjosephg/CA-Embedded-MiniProject/comet_bot_ws/install/std_srvs/include/std_srvs/std_srvs/msg/rosidl_generator_c__visibility_control.h
-- Installing: /home/amadorjosephg/CA-Embedded-MiniProject/comet_bot_ws/install/std_srvs/share/std_srvs/environment/library_path.sh
-- Installing: /home/amadorjosephg/CA-Embedded-MiniProject/comet_bot_ws/install/std_srvs/share/std_srvs/environment/library_path.dsv
-- Installing: /home/amadorjosephg/CA-Embedded-MiniProject/comet_bot_ws/install/std_srvs/lib/libstd_srvs__rosidl_generator_c.so
-- Set runtime path of "/home/amadorjosephg/CA-Embedded-MiniProject/comet_bot_ws/install/std_srvs/lib/libstd_srvs__rosidl_generator_c.so" to ""
-- Up-to-date: /home/amadorjosephg/CA-Embedded-MiniProject/comet_bot_ws/install/std_srvs/include/std_srvs
-- Installing: /home/amadorjosephg/CA-Embedded-MiniProject/comet_bot_ws/install/std_srvs/include/std_srvs/srv
-- Installing: /home/amadorjosephg/CA-Embedded-MiniProject/comet_bot_ws/install/std_srvs/include/std_srvs/srv/detail
-- Installing: /home/amadorjosephg/CA-Embedded-MiniProject/comet_bot_ws/install/std_srvs/include/std_srvs/srv/detail/empty__rosidl_typesupport_microxrcedds_c.h
-- Installing: /home/amadorjosephg/CA-Embedded-MiniProject/comet_bot_ws/install/std_srvs/include/std_srvs/srv/detail/trigger__rosidl_typesupport_microxrcedds_c.h
-- Installing: /home/amadorjosephg/CA-Embedded-MiniProject/comet_bot_ws/install/std_srvs/include/std_srvs/srv/detail/microxrcedds
-- Installing: /home/amadorjosephg/CA-Embedded-MiniProject/comet_bot_ws/install/std_srvs/include/std_srvs/srv/detail/set_bool__rosidl_typesupport_microxrcedds_c.h
-- Installing: /home/amadorjosephg/CA-Embedded-MiniProject/comet_bot_ws/install/std_srvs/include/std_srvs/msg
-- Installing: /home/amadorjosephg/CA-Embedded-MiniProject/comet_bot_ws/install/std_srvs/include/std_srvs/msg/rosidl_typesupport_microxrcedds_c__visibility_control.h
-- Installing: /home/amadorjosephg/CA-Embedded-MiniProject/comet_bot_ws/install/std_srvs/lib/libstd_srvs__rosidl_typesupport_microxrcedds_c.so
-- Set runtime path of "/home/amadorjosephg/CA-Embedded-MiniProject/comet_bot_ws/install/std_srvs/lib/libstd_srvs__rosidl_typesupport_microxrcedds_c.so" to ""
-- Up-to-date: /home/amadorjosephg/CA-Embedded-MiniProject/comet_bot_ws/install/std_srvs/include/std_srvs/std_srvs
-- Up-to-date: /home/amadorjosephg/CA-Embedded-MiniProject/comet_bot_ws/install/std_srvs/include/std_srvs/std_srvs/srv
-- Up-to-date: /home/amadorjosephg/CA-Embedded-MiniProject/comet_bot_ws/install/std_srvs/include/std_srvs/std_srvs/srv/detail
-- Installing: /home/amadorjosephg/CA-Embedded-MiniProject/comet_bot_ws/install/std_srvs/include/std_srvs/std_srvs/srv/detail/trigger__rosidl_typesupport_fastrtps_c.h
-- Installing: /home/amadorjosephg/CA-Embedded-MiniProject/comet_bot_ws/install/std_srvs/include/std_srvs/std_srvs/srv/detail/empty__rosidl_typesupport_fastrtps_c.h
-- Installing: /home/amadorjosephg/CA-Embedded-MiniProject/comet_bot_ws/install/std_srvs/include/std_srvs/std_srvs/srv/detail/set_bool__rosidl_typesupport_fastrtps_c.h
-- Up-to-date: /home/amadorjosephg/CA-Embedded-MiniProject/comet_bot_ws/install/std_srvs/include/std_srvs/std_srvs/msg
-- Installing: /home/amadorjosephg/CA-Embedded-MiniProject/comet_bot_ws/install/std_srvs/include/std_srvs/std_srvs/msg/rosidl_typesupport_fastrtps_c__visibility_control.h
-- Installing: /home/amadorjosephg/CA-Embedded-MiniProject/comet_bot_ws/install/std_srvs/lib/libstd_srvs__rosidl_typesupport_fastrtps_c.so
-- Set runtime path of "/home/amadorjosephg/CA-Embedded-MiniProject/comet_bot_ws/install/std_srvs/lib/libstd_srvs__rosidl_typesupport_fastrtps_c.so" to ""
-- Up-to-date: /home/amadorjosephg/CA-Embedded-MiniProject/comet_bot_ws/install/std_srvs/include/std_srvs/std_srvs
-- Up-to-date: /home/amadorjosephg/CA-Embedded-MiniProject/comet_bot_ws/install/std_srvs/include/std_srvs/std_srvs/srv
-- Up-to-date: /home/amadorjosephg/CA-Embedded-MiniProject/comet_bot_ws/install/std_srvs/include/std_srvs/std_srvs/srv/detail
-- Installing: /home/amadorjosephg/CA-Embedded-MiniProject/comet_bot_ws/install/std_srvs/include/std_srvs/std_srvs/srv/detail/empty__rosidl_typesupport_introspection_c.h
-- Installing: /home/amadorjosephg/CA-Embedded-MiniProject/comet_bot_ws/install/std_srvs/include/std_srvs/std_srvs/srv/detail/set_bool__rosidl_typesupport_introspection_c.h
-- Installing: /home/amadorjosephg/CA-Embedded-MiniProject/comet_bot_ws/install/std_srvs/include/std_srvs/std_srvs/srv/detail/trigger__rosidl_typesupport_introspection_c.h
-- Installing: /home/amadorjosephg/CA-Embedded-MiniProject/comet_bot_ws/install/std_srvs/include/std_srvs/std_srvs/srv/detail/trigger__type_support.c
-- Installing: /home/amadorjosephg/CA-Embedded-MiniProject/comet_bot_ws/install/std_srvs/include/std_srvs/std_srvs/srv/detail/empty__type_support.c
-- Installing: /home/amadorjosephg/CA-Embedded-MiniProject/comet_bot_ws/install/std_srvs/include/std_srvs/std_srvs/srv/detail/set_bool__type_support.c
-- Up-to-date: /home/amadorjosephg/CA-Embedded-MiniProject/comet_bot_ws/install/std_srvs/include/std_srvs/std_srvs/msg
-- Installing: /home/amadorjosephg/CA-Embedded-MiniProject/comet_bot_ws/install/std_srvs/include/std_srvs/std_srvs/msg/rosidl_typesupport_introspection_c__visibility_control.h
-- Installing: /home/amadorjosephg/CA-Embedded-MiniProject/comet_bot_ws/install/std_srvs/lib/libstd_srvs__rosidl_typesupport_introspection_c.so
-- Set runtime path of "/home/amadorjosephg/CA-Embedded-MiniProject/comet_bot_ws/install/std_srvs/lib/libstd_srvs__rosidl_typesupport_introspection_c.so" to ""
-- Installing: /home/amadorjosephg/CA-Embedded-MiniProject/comet_bot_ws/install/std_srvs/lib/libstd_srvs__rosidl_typesupport_c.so
-- Set runtime path of "/home/amadorjosephg/CA-Embedded-MiniProject/comet_bot_ws/install/std_srvs/lib/libstd_srvs__rosidl_typesupport_c.so" to ""
-- Up-to-date: /home/amadorjosephg/CA-Embedded-MiniProject/comet_bot_ws/install/std_srvs/include/std_srvs/std_srvs
-- Up-to-date: /home/amadorjosephg/CA-Embedded-MiniProject/comet_bot_ws/install/std_srvs/include/std_srvs/std_srvs/srv
-- Installing: /home/amadorjosephg/CA-Embedded-MiniProject/comet_bot_ws/install/std_srvs/include/std_srvs/std_srvs/srv/empty.hpp
-- Installing: /home/amadorjosephg/CA-Embedded-MiniProject/comet_bot_ws/install/std_srvs/include/std_srvs/std_srvs/srv/set_bool.hpp
-- Up-to-date: /home/amadorjosephg/CA-Embedded-MiniProject/comet_bot_ws/install/std_srvs/include/std_srvs/std_srvs/srv/detail
-- Installing: /home/amadorjosephg/CA-Embedded-MiniProject/comet_bot_ws/install/std_srvs/include/std_srvs/std_srvs/srv/detail/set_bool__traits.hpp
-- Installing: /home/amadorjosephg/CA-Embedded-MiniProject/comet_bot_ws/install/std_srvs/include/std_srvs/std_srvs/srv/detail/trigger__struct.hpp
-- Installing: /home/amadorjosephg/CA-Embedded-MiniProject/comet_bot_ws/install/std_srvs/include/std_srvs/std_srvs/srv/detail/trigger__builder.hpp
-- Installing: /home/amadorjosephg/CA-Embedded-MiniProject/comet_bot_ws/install/std_srvs/include/std_srvs/std_srvs/srv/detail/trigger__traits.hpp
-- Installing: /home/amadorjosephg/CA-Embedded-MiniProject/comet_bot_ws/install/std_srvs/include/std_srvs/std_srvs/srv/detail/set_bool__builder.hpp
-- Installing: /home/amadorjosephg/CA-Embedded-MiniProject/comet_bot_ws/install/std_srvs/include/std_srvs/std_srvs/srv/detail/empty__traits.hpp
-- Installing: /home/amadorjosephg/CA-Embedded-MiniProject/comet_bot_ws/install/std_srvs/include/std_srvs/std_srvs/srv/detail/empty__struct.hpp
-- Installing: /home/amadorjosephg/CA-Embedded-MiniProject/comet_bot_ws/install/std_srvs/include/std_srvs/std_srvs/srv/detail/set_bool__struct.hpp
-- Installing: /home/amadorjosephg/CA-Embedded-MiniProject/comet_bot_ws/install/std_srvs/include/std_srvs/std_srvs/srv/detail/empty__builder.hpp
-- Installing: /home/amadorjosephg/CA-Embedded-MiniProject/comet_bot_ws/install/std_srvs/include/std_srvs/std_srvs/srv/trigger.hpp
-- Up-to-date: /home/amadorjosephg/CA-Embedded-MiniProject/comet_bot_ws/install/std_srvs/include/std_srvs
-- Up-to-date: /home/amadorjosephg/CA-Embedded-MiniProject/comet_bot_ws/install/std_srvs/include/std_srvs/srv
-- Up-to-date: /home/amadorjosephg/CA-Embedded-MiniProject/comet_bot_ws/install/std_srvs/include/std_srvs/srv/detail
-- Installing: /home/amadorjosephg/CA-Embedded-MiniProject/comet_bot_ws/install/std_srvs/include/std_srvs/srv/detail/empty__rosidl_typesupport_microxrcedds_cpp.hpp
-- Up-to-date: /home/amadorjosephg/CA-Embedded-MiniProject/comet_bot_ws/install/std_srvs/include/std_srvs/srv/detail/microxrcedds
-- Installing: /home/amadorjosephg/CA-Embedded-MiniProject/comet_bot_ws/install/std_srvs/include/std_srvs/srv/detail/microxrcedds/empty__type_support_cpp.cpp
-- Installing: /home/amadorjosephg/CA-Embedded-MiniProject/comet_bot_ws/install/std_srvs/include/std_srvs/srv/detail/microxrcedds/trigger__type_support_cpp.cpp
-- Installing: /home/amadorjosephg/CA-Embedded-MiniProject/comet_bot_ws/install/std_srvs/include/std_srvs/srv/detail/microxrcedds/set_bool__type_support_cpp.cpp
-- Installing: /home/amadorjosephg/CA-Embedded-MiniProject/comet_bot_ws/install/std_srvs/include/std_srvs/srv/detail/trigger__rosidl_typesupport_microxrcedds_cpp.hpp
-- Installing: /home/amadorjosephg/CA-Embedded-MiniProject/comet_bot_ws/install/std_srvs/include/std_srvs/srv/detail/set_bool__rosidl_typesupport_microxrcedds_cpp.hpp
-- Up-to-date: /home/amadorjosephg/CA-Embedded-MiniProject/comet_bot_ws/install/std_srvs/include/std_srvs/msg
-- Installing: /home/amadorjosephg/CA-Embedded-MiniProject/comet_bot_ws/install/std_srvs/include/std_srvs/msg/rosidl_typesupport_microxrcedds_cpp__visibility_control.h
-- Installing: /home/amadorjosephg/CA-Embedded-MiniProject/comet_bot_ws/install/std_srvs/lib/libstd_srvs__rosidl_typesupport_microxrcedds_cpp.so
-- Set runtime path of "/home/amadorjosephg/CA-Embedded-MiniProject/comet_bot_ws/install/std_srvs/lib/libstd_srvs__rosidl_typesupport_microxrcedds_cpp.so" to ""
-- Up-to-date: /home/amadorjosephg/CA-Embedded-MiniProject/comet_bot_ws/install/std_srvs/include/std_srvs/std_srvs
-- Up-to-date: /home/amadorjosephg/CA-Embedded-MiniProject/comet_bot_ws/install/std_srvs/include/std_srvs/std_srvs/srv
-- Up-to-date: /home/amadorjosephg/CA-Embedded-MiniProject/comet_bot_ws/install/std_srvs/include/std_srvs/std_srvs/srv/detail
-- Installing: /home/amadorjosephg/CA-Embedded-MiniProject/comet_bot_ws/install/std_srvs/include/std_srvs/std_srvs/srv/detail/trigger__rosidl_typesupport_fastrtps_cpp.hpp
-- Installing: /home/amadorjosephg/CA-Embedded-MiniProject/comet_bot_ws/install/std_srvs/include/std_srvs/std_srvs/srv/detail/set_bool__rosidl_typesupport_fastrtps_cpp.hpp
-- Installing: /home/amadorjosephg/CA-Embedded-MiniProject/comet_bot_ws/install/std_srvs/include/std_srvs/std_srvs/srv/detail/empty__rosidl_typesupport_fastrtps_cpp.hpp
-- Installing: /home/amadorjosephg/CA-Embedded-MiniProject/comet_bot_ws/install/std_srvs/include/std_srvs/std_srvs/srv/detail/dds_fastrtps
-- Up-to-date: /home/amadorjosephg/CA-Embedded-MiniProject/comet_bot_ws/install/std_srvs/include/std_srvs/std_srvs/msg
-- Installing: /home/amadorjosephg/CA-Embedded-MiniProject/comet_bot_ws/install/std_srvs/include/std_srvs/std_srvs/msg/rosidl_typesupport_fastrtps_cpp__visibility_control.h
-- Installing: /home/amadorjosephg/CA-Embedded-MiniProject/comet_bot_ws/install/std_srvs/lib/libstd_srvs__rosidl_typesupport_fastrtps_cpp.so
-- Set runtime path of "/home/amadorjosephg/CA-Embedded-MiniProject/comet_bot_ws/install/std_srvs/lib/libstd_srvs__rosidl_typesupport_fastrtps_cpp.so" to ""
-- Up-to-date: /home/amadorjosephg/CA-Embedded-MiniProject/comet_bot_ws/install/std_srvs/include/std_srvs/std_srvs
-- Up-to-date: /home/amadorjosephg/CA-Embedded-MiniProject/comet_bot_ws/install/std_srvs/include/std_srvs/std_srvs/srv
-- Up-to-date: /home/amadorjosephg/CA-Embedded-MiniProject/comet_bot_ws/install/std_srvs/include/std_srvs/std_srvs/srv/detail
-- Installing: /home/amadorjosephg/CA-Embedded-MiniProject/comet_bot_ws/install/std_srvs/include/std_srvs/std_srvs/srv/detail/set_bool__rosidl_typesupport_introspection_cpp.hpp
-- Installing: /home/amadorjosephg/CA-Embedded-MiniProject/comet_bot_ws/install/std_srvs/include/std_srvs/std_srvs/srv/detail/empty__rosidl_typesupport_introspection_cpp.hpp
-- Installing: /home/amadorjosephg/CA-Embedded-MiniProject/comet_bot_ws/install/std_srvs/include/std_srvs/std_srvs/srv/detail/trigger__type_support.cpp
-- Installing: /home/amadorjosephg/CA-Embedded-MiniProject/comet_bot_ws/install/std_srvs/include/std_srvs/std_srvs/srv/detail/set_bool__type_support.cpp
-- Installing: /home/amadorjosephg/CA-Embedded-MiniProject/comet_bot_ws/install/std_srvs/include/std_srvs/std_srvs/srv/detail/empty__type_support.cpp
-- Installing: /home/amadorjosephg/CA-Embedded-MiniProject/comet_bot_ws/install/std_srvs/include/std_srvs/std_srvs/srv/detail/trigger__rosidl_typesupport_introspection_cpp.hpp
-- Installing: /home/amadorjosephg/CA-Embedded-MiniProject/comet_bot_ws/install/std_srvs/lib/libstd_srvs__rosidl_typesupport_introspection_cpp.so
-- Set runtime path of "/home/amadorjosephg/CA-Embedded-MiniProject/comet_bot_ws/install/std_srvs/lib/libstd_srvs__rosidl_typesupport_introspection_cpp.so" to ""
-- Installing: /home/amadorjosephg/CA-Embedded-MiniProject/comet_bot_ws/install/std_srvs/lib/libstd_srvs__rosidl_typesupport_cpp.so
-- Set runtime path of "/home/amadorjosephg/CA-Embedded-MiniProject/comet_bot_ws/install/std_srvs/lib/libstd_srvs__rosidl_typesupport_cpp.so" to ""
-- Installing: /home/amadorjosephg/CA-Embedded-MiniProject/comet_bot_ws/install/std_srvs/share/std_srvs/environment/pythonpath.sh
-- Installing: /home/amadorjosephg/CA-Embedded-MiniProject/comet_bot_ws/install/std_srvs/share/std_srvs/environment/pythonpath.dsv
-- Installing: /home/amadorjosephg/CA-Embedded-MiniProject/comet_bot_ws/install/std_srvs/local/lib/python3.10/dist-packages/std_srvs-4.2.4-py3.10.egg-info
-- Installing: /home/amadorjosephg/CA-Embedded-MiniProject/comet_bot_ws/install/std_srvs/local/lib/python3.10/dist-packages/std_srvs-4.2.4-py3.10.egg-info/PKG-INFO
-- Installing: /home/amadorjosephg/CA-Embedded-MiniProject/comet_bot_ws/install/std_srvs/local/lib/python3.10/dist-packages/std_srvs-4.2.4-py3.10.egg-info/dependency_links.txt
-- Installing: /home/amadorjosephg/CA-Embedded-MiniProject/comet_bot_ws/install/std_srvs/local/lib/python3.10/dist-packages/std_srvs-4.2.4-py3.10.egg-info/top_level.txt
-- Installing: /home/amadorjosephg/CA-Embedded-MiniProject/comet_bot_ws/install/std_srvs/local/lib/python3.10/dist-packages/std_srvs-4.2.4-py3.10.egg-info/SOURCES.txt
-- Installing: /home/amadorjosephg/CA-Embedded-MiniProject/comet_bot_ws/install/std_srvs/local/lib/python3.10/dist-packages/std_srvs
-- Installing: /home/amadorjosephg/CA-Embedded-MiniProject/comet_bot_ws/install/std_srvs/local/lib/python3.10/dist-packages/std_srvs/_std_srvs_s.ep.rosidl_typesupport_introspection_c.c
-- Installing: /home/amadorjosephg/CA-Embedded-MiniProject/comet_bot_ws/install/std_srvs/local/lib/python3.10/dist-packages/std_srvs/std_srvs_s__rosidl_typesupport_microxrcedds_c.cpython-310-x86_64-linux-gnu.so
-- Installing: /home/amadorjosephg/CA-Embedded-MiniProject/comet_bot_ws/install/std_srvs/local/lib/python3.10/dist-packages/std_srvs/_std_srvs_s.ep.rosidl_typesupport_c.c
-- Installing: /home/amadorjosephg/CA-Embedded-MiniProject/comet_bot_ws/install/std_srvs/local/lib/python3.10/dist-packages/std_srvs/_std_srvs_s.ep.rosidl_typesupport_fastrtps_c.c
-- Installing: /home/amadorjosephg/CA-Embedded-MiniProject/comet_bot_ws/install/std_srvs/local/lib/python3.10/dist-packages/std_srvs/std_srvs_s__rosidl_typesupport_c.cpython-310-x86_64-linux-gnu.so
-- Installing: /home/amadorjosephg/CA-Embedded-MiniProject/comet_bot_ws/install/std_srvs/local/lib/python3.10/dist-packages/std_srvs/libstd_srvs__rosidl_generator_py.so
-- Installing: /home/amadorjosephg/CA-Embedded-MiniProject/comet_bot_ws/install/std_srvs/local/lib/python3.10/dist-packages/std_srvs/__init__.py
-- Installing: /home/amadorjosephg/CA-Embedded-MiniProject/comet_bot_ws/install/std_srvs/local/lib/python3.10/dist-packages/std_srvs/srv
-- Installing: /home/amadorjosephg/CA-Embedded-MiniProject/comet_bot_ws/install/std_srvs/local/lib/python3.10/dist-packages/std_srvs/srv/_set_bool_s.c
-- Installing: /home/amadorjosephg/CA-Embedded-MiniProject/comet_bot_ws/install/std_srvs/local/lib/python3.10/dist-packages/std_srvs/srv/_trigger.py
-- Installing: /home/amadorjosephg/CA-Embedded-MiniProject/comet_bot_ws/install/std_srvs/local/lib/python3.10/dist-packages/std_srvs/srv/__init__.py
-- Installing: /home/amadorjosephg/CA-Embedded-MiniProject/comet_bot_ws/install/std_srvs/local/lib/python3.10/dist-packages/std_srvs/srv/_set_bool.py
-- Installing: /home/amadorjosephg/CA-Embedded-MiniProject/comet_bot_ws/install/std_srvs/local/lib/python3.10/dist-packages/std_srvs/srv/_empty_s.c
-- Installing: /home/amadorjosephg/CA-Embedded-MiniProject/comet_bot_ws/install/std_srvs/local/lib/python3.10/dist-packages/std_srvs/srv/_empty.py
-- Installing: /home/amadorjosephg/CA-Embedded-MiniProject/comet_bot_ws/install/std_srvs/local/lib/python3.10/dist-packages/std_srvs/srv/_trigger_s.c
-- Installing: /home/amadorjosephg/CA-Embedded-MiniProject/comet_bot_ws/install/std_srvs/local/lib/python3.10/dist-packages/std_srvs/std_srvs_s__rosidl_typesupport_introspection_c.cpython-310-x86_64-linux-gnu.so
-- Installing: /home/amadorjosephg/CA-Embedded-MiniProject/comet_bot_ws/install/std_srvs/local/lib/python3.10/dist-packages/std_srvs/_std_srvs_s.ep.rosidl_typesupport_microxrcedds_c.c
-- Installing: /home/amadorjosephg/CA-Embedded-MiniProject/comet_bot_ws/install/std_srvs/local/lib/python3.10/dist-packages/std_srvs/std_srvs_s__rosidl_typesupport_fastrtps_c.cpython-310-x86_64-linux-gnu.so
Listing '/home/amadorjosephg/CA-Embedded-MiniProject/comet_bot_ws/install/std_srvs/local/lib/python3.10/dist-packages/std_srvs'...
Compiling '/home/amadorjosephg/CA-Embedded-MiniProject/comet_bot_ws/install/std_srvs/local/lib/python3.10/dist-packages/std_srvs/__init__.py'...
Listing '/home/amadorjosephg/CA-Embedded-MiniProject/comet_bot_ws/install/std_srvs/local/lib/python3.10/dist-packages/std_srvs/srv'...
Compiling '/home/amadorjosephg/CA-Embedded-MiniProject/comet_bot_ws/install/std_srvs/local/lib/python3.10/dist-packages/std_srvs/srv/__init__.py'...
Compiling '/home/amadorjosephg/CA-Embedded-MiniProject/comet_bot_ws/install/std_srvs/local/lib/python3.10/dist-packages/std_srvs/srv/_empty.py'...
Compiling '/home/amadorjosephg/CA-Embedded-MiniProject/comet_bot_ws/install/std_srvs/local/lib/python3.10/dist-packages/std_srvs/srv/_set_bool.py'...
Compiling '/home/amadorjosephg/CA-Embedded-MiniProject/comet_bot_ws/install/std_srvs/local/lib/python3.10/dist-packages/std_srvs/srv/_trigger.py'...
-- Installing: /home/amadorjosephg/CA-Embedded-MiniProject/comet_bot_ws/install/std_srvs/local/lib/python3.10/dist-packages/std_srvs/std_srvs_s__rosidl_typesupport_microxrcedds_c.cpython-310-x86_64-linux-gnu.so
-- Set runtime path of "/home/amadorjosephg/CA-Embedded-MiniProject/comet_bot_ws/install/std_srvs/local/lib/python3.10/dist-packages/std_srvs/std_srvs_s__rosidl_typesupport_microxrcedds_c.cpython-310-x86_64-linux-gnu.so" to ""
-- Installing: /home/amadorjosephg/CA-Embedded-MiniProject/comet_bot_ws/install/std_srvs/local/lib/python3.10/dist-packages/std_srvs/std_srvs_s__rosidl_typesupport_fastrtps_c.cpython-310-x86_64-linux-gnu.so
-- Set runtime path of "/home/amadorjosephg/CA-Embedded-MiniProject/comet_bot_ws/install/std_srvs/local/lib/python3.10/dist-packages/std_srvs/std_srvs_s__rosidl_typesupport_fastrtps_c.cpython-310-x86_64-linux-gnu.so" to ""
-- Installing: /home/amadorjosephg/CA-Embedded-MiniProject/comet_bot_ws/install/std_srvs/local/lib/python3.10/dist-packages/std_srvs/std_srvs_s__rosidl_typesupport_introspection_c.cpython-310-x86_64-linux-gnu.so
-- Set runtime path of "/home/amadorjosephg/CA-Embedded-MiniProject/comet_bot_ws/install/std_srvs/local/lib/python3.10/dist-packages/std_srvs/std_srvs_s__rosidl_typesupport_introspection_c.cpython-310-x86_64-linux-gnu.so" to ""
-- Installing: /home/amadorjosephg/CA-Embedded-MiniProject/comet_bot_ws/install/std_srvs/local/lib/python3.10/dist-packages/std_srvs/std_srvs_s__rosidl_typesupport_c.cpython-310-x86_64-linux-gnu.so
-- Set runtime path of "/home/amadorjosephg/CA-Embedded-MiniProject/comet_bot_ws/install/std_srvs/local/lib/python3.10/dist-packages/std_srvs/std_srvs_s__rosidl_typesupport_c.cpython-310-x86_64-linux-gnu.so" to ""
-- Installing: /home/amadorjosephg/CA-Embedded-MiniProject/comet_bot_ws/install/std_srvs/lib/libstd_srvs__rosidl_generator_py.so
-- Set runtime path of "/home/amadorjosephg/CA-Embedded-MiniProject/comet_bot_ws/install/std_srvs/lib/libstd_srvs__rosidl_generator_py.so" to ""
-- Installing: /home/amadorjosephg/CA-Embedded-MiniProject/comet_bot_ws/install/std_srvs/share/std_srvs/srv/Empty.idl
-- Installing: /home/amadorjosephg/CA-Embedded-MiniProject/comet_bot_ws/install/std_srvs/share/std_srvs/srv/SetBool.idl
-- Installing: /home/amadorjosephg/CA-Embedded-MiniProject/comet_bot_ws/install/std_srvs/share/std_srvs/srv/Trigger.idl
-- Installing: /home/amadorjosephg/CA-Embedded-MiniProject/comet_bot_ws/install/std_srvs/share/std_srvs/srv/Empty.srv
-- Installing: /home/amadorjosephg/CA-Embedded-MiniProject/comet_bot_ws/install/std_srvs/share/std_srvs/srv/Empty_Request.msg
-- Installing: /home/amadorjosephg/CA-Embedded-MiniProject/comet_bot_ws/install/std_srvs/share/std_srvs/srv/Empty_Response.msg
-- Installing: /home/amadorjosephg/CA-Embedded-MiniProject/comet_bot_ws/install/std_srvs/share/std_srvs/srv/SetBool.srv
-- Installing: /home/amadorjosephg/CA-Embedded-MiniProject/comet_bot_ws/install/std_srvs/share/std_srvs/srv/SetBool_Request.msg
-- Installing: /home/amadorjosephg/CA-Embedded-MiniProject/comet_bot_ws/install/std_srvs/share/std_srvs/srv/SetBool_Response.msg
-- Installing: /home/amadorjosephg/CA-Embedded-MiniProject/comet_bot_ws/install/std_srvs/share/std_srvs/srv/Trigger.srv
-- Installing: /home/amadorjosephg/CA-Embedded-MiniProject/comet_bot_ws/install/std_srvs/share/std_srvs/srv/Trigger_Request.msg
-- Installing: /home/amadorjosephg/CA-Embedded-MiniProject/comet_bot_ws/install/std_srvs/share/std_srvs/srv/Trigger_Response.msg
-- Installing: /home/amadorjosephg/CA-Embedded-MiniProject/comet_bot_ws/install/std_srvs/share/ament_index/resource_index/package_run_dependencies/std_srvs
-- Installing: /home/amadorjosephg/CA-Embedded-MiniProject/comet_bot_ws/install/std_srvs/share/ament_index/resource_index/parent_prefix_path/std_srvs
-- Installing: /home/amadorjosephg/CA-Embedded-MiniProject/comet_bot_ws/install/std_srvs/share/std_srvs/environment/ament_prefix_path.sh
-- Installing: /home/amadorjosephg/CA-Embedded-MiniProject/comet_bot_ws/install/std_srvs/share/std_srvs/environment/ament_prefix_path.dsv
-- Installing: /home/amadorjosephg/CA-Embedded-MiniProject/comet_bot_ws/install/std_srvs/share/std_srvs/environment/path.sh
-- Installing: /home/amadorjosephg/CA-Embedded-MiniProject/comet_bot_ws/install/std_srvs/share/std_srvs/environment/path.dsv
-- Installing: /home/amadorjosephg/CA-Embedded-MiniProject/comet_bot_ws/install/std_srvs/share/std_srvs/local_setup.bash
-- Installing: /home/amadorjosephg/CA-Embedded-MiniProject/comet_bot_ws/install/std_srvs/share/std_srvs/local_setup.sh
-- Installing: /home/amadorjosephg/CA-Embedded-MiniProject/comet_bot_ws/install/std_srvs/share/std_srvs/local_setup.zsh
-- Installing: /home/amadorjosephg/CA-Embedded-MiniProject/comet_bot_ws/install/std_srvs/share/std_srvs/local_setup.dsv
-- Installing: /home/amadorjosephg/CA-Embedded-MiniProject/comet_bot_ws/install/std_srvs/share/std_srvs/package.dsv
-- Installing: /home/amadorjosephg/CA-Embedded-MiniProject/comet_bot_ws/install/std_srvs/share/ament_index/resource_index/packages/std_srvs
-- Installing: /home/amadorjosephg/CA-Embedded-MiniProject/comet_bot_ws/install/std_srvs/share/std_srvs/cmake/export_std_srvs__rosidl_generator_cExport.cmake
-- Installing: /home/amadorjosephg/CA-Embedded-MiniProject/comet_bot_ws/install/std_srvs/share/std_srvs/cmake/export_std_srvs__rosidl_generator_cExport-noconfig.cmake
-- Installing: /home/amadorjosephg/CA-Embedded-MiniProject/comet_bot_ws/install/std_srvs/share/std_srvs/cmake/export_std_srvs__rosidl_typesupport_fastrtps_cExport.cmake
-- Installing: /home/amadorjosephg/CA-Embedded-MiniProject/comet_bot_ws/install/std_srvs/share/std_srvs/cmake/export_std_srvs__rosidl_typesupport_fastrtps_cExport-noconfig.cmake
-- Installing: /home/amadorjosephg/CA-Embedded-MiniProject/comet_bot_ws/install/std_srvs/share/std_srvs/cmake/std_srvs__rosidl_typesupport_introspection_cExport.cmake
-- Installing: /home/amadorjosephg/CA-Embedded-MiniProject/comet_bot_ws/install/std_srvs/share/std_srvs/cmake/std_srvs__rosidl_typesupport_introspection_cExport-noconfig.cmake
-- Installing: /home/amadorjosephg/CA-Embedded-MiniProject/comet_bot_ws/install/std_srvs/share/std_srvs/cmake/std_srvs__rosidl_typesupport_cExport.cmake
-- Installing: /home/amadorjosephg/CA-Embedded-MiniProject/comet_bot_ws/install/std_srvs/share/std_srvs/cmake/std_srvs__rosidl_typesupport_cExport-noconfig.cmake
-- Installing: /home/amadorjosephg/CA-Embedded-MiniProject/comet_bot_ws/install/std_srvs/share/std_srvs/cmake/export_std_srvs__rosidl_generator_cppExport.cmake
-- Installing: /home/amadorjosephg/CA-Embedded-MiniProject/comet_bot_ws/install/std_srvs/share/std_srvs/cmake/export_std_srvs__rosidl_typesupport_fastrtps_cppExport.cmake
-- Installing: /home/amadorjosephg/CA-Embedded-MiniProject/comet_bot_ws/install/std_srvs/share/std_srvs/cmake/export_std_srvs__rosidl_typesupport_fastrtps_cppExport-noconfig.cmake
-- Installing: /home/amadorjosephg/CA-Embedded-MiniProject/comet_bot_ws/install/std_srvs/share/std_srvs/cmake/std_srvs__rosidl_typesupport_introspection_cppExport.cmake
-- Installing: /home/amadorjosephg/CA-Embedded-MiniProject/comet_bot_ws/install/std_srvs/share/std_srvs/cmake/std_srvs__rosidl_typesupport_introspection_cppExport-noconfig.cmake
-- Installing: /home/amadorjosephg/CA-Embedded-MiniProject/comet_bot_ws/install/std_srvs/share/std_srvs/cmake/std_srvs__rosidl_typesupport_cppExport.cmake
-- Installing: /home/amadorjosephg/CA-Embedded-MiniProject/comet_bot_ws/install/std_srvs/share/std_srvs/cmake/std_srvs__rosidl_typesupport_cppExport-noconfig.cmake
-- Installing: /home/amadorjosephg/CA-Embedded-MiniProject/comet_bot_ws/install/std_srvs/share/std_srvs/cmake/export_std_srvs__rosidl_generator_pyExport.cmake
-- Installing: /home/amadorjosephg/CA-Embedded-MiniProject/comet_bot_ws/install/std_srvs/share/std_srvs/cmake/export_std_srvs__rosidl_generator_pyExport-noconfig.cmake
-- Installing: /home/amadorjosephg/CA-Embedded-MiniProject/comet_bot_ws/install/std_srvs/share/std_srvs/cmake/rosidl_cmake-extras.cmake
-- Installing: /home/amadorjosephg/CA-Embedded-MiniProject/comet_bot_ws/install/std_srvs/share/std_srvs/cmake/ament_cmake_export_include_directories-extras.cmake
-- Installing: /home/amadorjosephg/CA-Embedded-MiniProject/comet_bot_ws/install/std_srvs/share/std_srvs/cmake/ament_cmake_export_libraries-extras.cmake
-- Installing: /home/amadorjosephg/CA-Embedded-MiniProject/comet_bot_ws/install/std_srvs/share/std_srvs/cmake/ament_cmake_export_targets-extras.cmake
-- Installing: /home/amadorjosephg/CA-Embedded-MiniProject/comet_bot_ws/install/std_srvs/share/std_srvs/cmake/rosidl_cmake_export_typesupport_targets-extras.cmake
-- Installing: /home/amadorjosephg/CA-Embedded-MiniProject/comet_bot_ws/install/std_srvs/share/std_srvs/cmake/ament_cmake_export_dependencies-extras.cmake
-- Installing: /home/amadorjosephg/CA-Embedded-MiniProject/comet_bot_ws/install/std_srvs/share/std_srvs/cmake/rosidl_cmake_export_typesupport_libraries-extras.cmake
-- Installing: /home/amadorjosephg/CA-Embedded-MiniProject/comet_bot_ws/install/std_srvs/share/std_srvs/cmake/std_srvsConfig.cmake
-- Installing: /home/amadorjosephg/CA-Embedded-MiniProject/comet_bot_ws/install/std_srvs/share/std_srvs/cmake/std_srvsConfig-version.cmake
-- Installing: /home/amadorjosephg/CA-Embedded-MiniProject/comet_bot_ws/install/std_srvs/share/std_srvs/package.xml
