[0.015s] Invoking command in '/home/amadorjosephg/CA-Embedded-MiniProject/comet_bot_ws/build/rosgraph_msgs': AMENT_PREFIX_PATH=/home/amadorjosephg/CA-Embedded-MiniProject/comet_bot_ws/install/builtin_interfaces:${AMENT_PREFIX_PATH} CMAKE_PREFIX_PATH=/home/amadorjosephg/CA-Embedded-MiniProject/comet_bot_ws/install/builtin_interfaces:/home/amadorjosephg/CA-Embedded-MiniProject/comet_bot_ws/install/rosidl_typesupport_microxrcedds_cpp:/home/amadorjosephg/CA-Embedded-MiniProject/comet_bot_ws/install/rosidl_typesupport_microxrcedds_c:/home/amadorjosephg/CA-Embedded-MiniProject/comet_bot_ws/install/microcdr:/home/amadorjosephg/CA-Embedded-MiniProject/comet_bot_ws/install/micro_ros_setup:/home/amadorjosephg/CA-Embedded-MiniProject/comet_bot_ws/install/micro_ros_agent:/home/amadorjosephg/CA-Embedded-MiniProject/comet_bot_ws/install/micro_ros_msgs:/home/amadorjosephg/CA-Embedded-MiniProject/comet_bot_ws/install/lunabot_control:/home/amadorjosephg/CA-Embedded-MiniProject/comet_bot_ws/install/jetson_topic_relay:/opt/ros/humble LD_LIBRARY_PATH=/home/amadorjosephg/CA-Embedded-MiniProject/comet_bot_ws/install/builtin_interfaces/lib:${LD_LIBRARY_PATH} PYTHONPATH=/home/amadorjosephg/CA-Embedded-MiniProject/comet_bot_ws/install/builtin_interfaces/local/lib/python3.10/dist-packages:${PYTHONPATH} /usr/bin/cmake /home/amadorjosephg/CA-Embedded-MiniProject/comet_bot_ws/src/ros2/rcl_interfaces/rosgraph_msgs -DBUILD_TESTING=OFF -DBUILD_SHARED_LIBS=ON -DCMAKE_INSTALL_PREFIX=/home/amadorjosephg/CA-Embedded-MiniProject/comet_bot_ws/install/rosgraph_msgs
[0.135s] -- The C compiler identification is GNU 11.4.0
[0.216s] -- The CXX compiler identification is GNU 11.4.0
[0.230s] -- Detecting C compiler ABI info
[0.446s] -- Detecting C compiler ABI info - done
[0.453s] -- Check for working C compiler: /usr/bin/cc - skipped
[0.454s] -- Detecting C compile features
[0.454s] -- Detecting C compile features - done
[0.458s] -- Detecting CXX compiler ABI info
[0.656s] -- Detecting CXX compiler ABI info - done
[0.664s] -- Check for working CXX compiler: /usr/bin/c++ - skipped
[0.665s] -- Detecting CXX compile features
[0.665s] -- Detecting CXX compile features - done
[0.669s] -- Found ament_cmake: 1.3.9 (/opt/ros/humble/share/ament_cmake/cmake)
[0.884s] -- Found Python3: /usr/bin/python3 (found version "3.10.12") found components: Interpreter 
[1.007s] -- Found builtin_interfaces: 1.2.1 (/home/amadorjosephg/CA-Embedded-MiniProject/comet_bot_ws/install/builtin_interfaces/share/builtin_interfaces/cmake)
[1.049s] -- Found rosidl_generator_c: 3.1.5 (/opt/ros/humble/share/rosidl_generator_c/cmake)
[1.093s] -- Found rosidl_adapter: 3.1.5 (/opt/ros/humble/share/rosidl_adapter/cmake)
[1.103s] -- Found rosidl_generator_cpp: 3.1.5 (/opt/ros/humble/share/rosidl_generator_cpp/cmake)
[1.119s] -- Using all available rosidl_typesupport_c: rosidl_typesupport_microxrcedds_c;rosidl_typesupport_fastrtps_c;rosidl_typesupport_introspection_c
[1.147s] -- Using all available rosidl_typesupport_cpp: rosidl_typesupport_microxrcedds_cpp;rosidl_typesupport_fastrtps_cpp;rosidl_typesupport_introspection_cpp
[1.173s] -- Found rosidl_default_generators: 1.2.0 (/opt/ros/humble/share/rosidl_default_generators/cmake)
[1.540s] -- Found ament_cmake_ros: 0.10.0 (/opt/ros/humble/share/ament_cmake_ros/cmake)
[2.073s] -- Using all available rosidl_typesupport_c: rosidl_typesupport_microxrcedds_c;rosidl_typesupport_fastrtps_c;rosidl_typesupport_introspection_c
[2.273s] -- Using all available rosidl_typesupport_cpp: rosidl_typesupport_microxrcedds_cpp;rosidl_typesupport_fastrtps_cpp;rosidl_typesupport_introspection_cpp
[2.296s] -- Found PythonInterp: /usr/bin/python3 (found suitable version "3.10.12", minimum required is "3.6") 
[2.299s] -- Found python_cmake_module: 0.10.0 (/opt/ros/humble/share/python_cmake_module/cmake)
[2.328s] -- Found PythonLibs: /usr/lib/x86_64-linux-gnu/libpython3.10.so (found suitable version "3.10.12", minimum required is "3.5") 
[2.328s] -- Using PYTHON_EXECUTABLE: /usr/bin/python3
[2.328s] -- Using PYTHON_INCLUDE_DIRS: /usr/include/python3.10
[2.328s] -- Using PYTHON_LIBRARIES: /usr/lib/x86_64-linux-gnu/libpython3.10.so
[2.362s] -- Found PythonExtra: .so  
[2.412s] -- Configuring done
[2.474s] -- Generating done
[2.478s] -- Build files have been written to: /home/amadorjosephg/CA-Embedded-MiniProject/comet_bot_ws/build/rosgraph_msgs
[2.523s] Invoked command in '/home/amadorjosephg/CA-Embedded-MiniProject/comet_bot_ws/build/rosgraph_msgs' returned '0': AMENT_PREFIX_PATH=/home/amadorjosephg/CA-Embedded-MiniProject/comet_bot_ws/install/builtin_interfaces:${AMENT_PREFIX_PATH} CMAKE_PREFIX_PATH=/home/amadorjosephg/CA-Embedded-MiniProject/comet_bot_ws/install/builtin_interfaces:/home/amadorjosephg/CA-Embedded-MiniProject/comet_bot_ws/install/rosidl_typesupport_microxrcedds_cpp:/home/amadorjosephg/CA-Embedded-MiniProject/comet_bot_ws/install/rosidl_typesupport_microxrcedds_c:/home/amadorjosephg/CA-Embedded-MiniProject/comet_bot_ws/install/microcdr:/home/amadorjosephg/CA-Embedded-MiniProject/comet_bot_ws/install/micro_ros_setup:/home/amadorjosephg/CA-Embedded-MiniProject/comet_bot_ws/install/micro_ros_agent:/home/amadorjosephg/CA-Embedded-MiniProject/comet_bot_ws/install/micro_ros_msgs:/home/amadorjosephg/CA-Embedded-MiniProject/comet_bot_ws/install/lunabot_control:/home/amadorjosephg/CA-Embedded-MiniProject/comet_bot_ws/install/jetson_topic_relay:/opt/ros/humble LD_LIBRARY_PATH=/home/amadorjosephg/CA-Embedded-MiniProject/comet_bot_ws/install/builtin_interfaces/lib:${LD_LIBRARY_PATH} PYTHONPATH=/home/amadorjosephg/CA-Embedded-MiniProject/comet_bot_ws/install/builtin_interfaces/local/lib/python3.10/dist-packages:${PYTHONPATH} /usr/bin/cmake /home/amadorjosephg/CA-Embedded-MiniProject/comet_bot_ws/src/ros2/rcl_interfaces/rosgraph_msgs -DBUILD_TESTING=OFF -DBUILD_SHARED_LIBS=ON -DCMAKE_INSTALL_PREFIX=/home/amadorjosephg/CA-Embedded-MiniProject/comet_bot_ws/install/rosgraph_msgs
[2.524s] Invoking command in '/home/amadorjosephg/CA-Embedded-MiniProject/comet_bot_ws/build/rosgraph_msgs': AMENT_PREFIX_PATH=/home/amadorjosephg/CA-Embedded-MiniProject/comet_bot_ws/install/builtin_interfaces:${AMENT_PREFIX_PATH} CMAKE_PREFIX_PATH=/home/amadorjosephg/CA-Embedded-MiniProject/comet_bot_ws/install/builtin_interfaces:/home/amadorjosephg/CA-Embedded-MiniProject/comet_bot_ws/install/rosidl_typesupport_microxrcedds_cpp:/home/amadorjosephg/CA-Embedded-MiniProject/comet_bot_ws/install/rosidl_typesupport_microxrcedds_c:/home/amadorjosephg/CA-Embedded-MiniProject/comet_bot_ws/install/microcdr:/home/amadorjosephg/CA-Embedded-MiniProject/comet_bot_ws/install/micro_ros_setup:/home/amadorjosephg/CA-Embedded-MiniProject/comet_bot_ws/install/micro_ros_agent:/home/amadorjosephg/CA-Embedded-MiniProject/comet_bot_ws/install/micro_ros_msgs:/home/amadorjosephg/CA-Embedded-MiniProject/comet_bot_ws/install/lunabot_control:/home/amadorjosephg/CA-Embedded-MiniProject/comet_bot_ws/install/jetson_topic_relay:/opt/ros/humble LD_LIBRARY_PATH=/home/amadorjosephg/CA-Embedded-MiniProject/comet_bot_ws/install/builtin_interfaces/lib:${LD_LIBRARY_PATH} PYTHONPATH=/home/amadorjosephg/CA-Embedded-MiniProject/comet_bot_ws/install/builtin_interfaces/local/lib/python3.10/dist-packages:${PYTHONPATH} /usr/bin/cmake --build /home/amadorjosephg/CA-Embedded-MiniProject/comet_bot_ws/build/rosgraph_msgs -- -j4 -l4
[2.720s] [  2%] [34m[1mGenerating C++ code for ROS interfaces[0m
[2.999s] [  2%] Built target rosgraph_msgs__cpp
[3.069s] [  2%] Built target ament_cmake_python_copy_rosgraph_msgs
[3.086s] [  5%] [34m[1mGenerating C++ type support for eProsima Fast-RTPS[0m
[3.424s] [  7%] [32mBuilding CXX object CMakeFiles/rosgraph_msgs__rosidl_typesupport_fastrtps_cpp.dir/rosidl_typesupport_fastrtps_cpp/rosgraph_msgs/msg/detail/dds_fastrtps/clock__type_support.cpp.o[0m
[3.874s] [ 10%] [32m[1mLinking CXX shared library librosgraph_msgs__rosidl_typesupport_fastrtps_cpp.so[0m
[4.000s] [ 10%] Built target rosgraph_msgs__rosidl_typesupport_fastrtps_cpp
[4.021s] [ 12%] [34m[1mGenerating C++ type support for eProsima Micro XRCE-DDS[0m
[4.289s] [ 15%] [32mBuilding CXX object CMakeFiles/rosgraph_msgs__rosidl_typesupport_microxrcedds_cpp.dir/rosidl_typesupport_microxrcedds_cpp/rosgraph_msgs/msg/detail/microxrcedds/clock__type_support_cpp.cpp.o[0m
[4.750s] [ 17%] [32m[1mLinking CXX shared library librosgraph_msgs__rosidl_typesupport_microxrcedds_cpp.so[0m
[4.888s] [ 17%] Built target rosgraph_msgs__rosidl_typesupport_microxrcedds_cpp
[4.904s] [ 20%] [34m[1mGenerating C++ introspection for ROS interfaces[0m
[5.249s] [ 23%] [32mBuilding CXX object CMakeFiles/rosgraph_msgs__rosidl_typesupport_introspection_cpp.dir/rosidl_typesupport_introspection_cpp/rosgraph_msgs/msg/detail/clock__type_support.cpp.o[0m
[5.690s] [ 25%] [32m[1mLinking CXX shared library librosgraph_msgs__rosidl_typesupport_introspection_cpp.so[0m
[5.783s] [ 25%] Built target rosgraph_msgs__rosidl_typesupport_introspection_cpp
[6.043s] running egg_info
[6.044s] creating rosgraph_msgs.egg-info
[6.044s] writing rosgraph_msgs.egg-info/PKG-INFO
[6.045s] writing dependency_links to rosgraph_msgs.egg-info/dependency_links.txt
[6.045s] writing top-level names to rosgraph_msgs.egg-info/top_level.txt
[6.045s] writing manifest file 'rosgraph_msgs.egg-info/SOURCES.txt'
[6.047s] reading manifest file 'rosgraph_msgs.egg-info/SOURCES.txt'
[6.048s] writing manifest file 'rosgraph_msgs.egg-info/SOURCES.txt'
[6.086s] [ 25%] Built target ament_cmake_python_build_rosgraph_msgs_egg
[6.102s] [ 28%] [34m[1mGenerating C++ type support dispatch for ROS interfaces[0m
[6.447s] [ 30%] [32mBuilding CXX object CMakeFiles/rosgraph_msgs__rosidl_typesupport_cpp.dir/rosidl_typesupport_cpp/rosgraph_msgs/msg/clock__type_support.cpp.o[0m
[6.841s] [ 33%] [32m[1mLinking CXX shared library librosgraph_msgs__rosidl_typesupport_cpp.so[0m
[6.968s] [ 33%] Built target rosgraph_msgs__rosidl_typesupport_cpp
[6.993s] [ 35%] [34m[1mGenerating C code for ROS interfaces[0m
[7.296s] [ 38%] [32mBuilding C object CMakeFiles/rosgraph_msgs__rosidl_generator_c.dir/rosidl_generator_c/rosgraph_msgs/msg/detail/clock__functions.c.o[0m
[7.402s] [ 41%] [32m[1mLinking C shared library librosgraph_msgs__rosidl_generator_c.so[0m
[7.455s] [ 41%] Built target rosgraph_msgs__rosidl_generator_c
[7.469s] [ 43%] [34m[1mGenerating C type support for eProsima Fast-RTPS[0m
[7.778s] [ 46%] [32mBuilding CXX object CMakeFiles/rosgraph_msgs__rosidl_typesupport_fastrtps_c.dir/rosidl_typesupport_fastrtps_c/rosgraph_msgs/msg/detail/clock__type_support_c.cpp.o[0m
[8.067s] [ 48%] [32m[1mLinking CXX shared library librosgraph_msgs__rosidl_typesupport_fastrtps_c.so[0m
[8.261s] [ 48%] Built target rosgraph_msgs__rosidl_typesupport_fastrtps_c
[8.300s] [ 51%] [34m[1mGenerating C type support dispatch for ROS interfaces[0m
[8.545s] [ 53%] [32mBuilding CXX object CMakeFiles/rosgraph_msgs__rosidl_typesupport_c.dir/rosidl_typesupport_c/rosgraph_msgs/msg/clock__type_support.cpp.o[0m
[8.722s] [ 56%] [32m[1mLinking CXX shared library librosgraph_msgs__rosidl_typesupport_c.so[0m
[8.936s] [ 56%] Built target rosgraph_msgs__rosidl_typesupport_c
[8.967s] [ 58%] [34m[1mGenerating C introspection for ROS interfaces[0m
[9.210s] [ 61%] [32mBuilding C object CMakeFiles/rosgraph_msgs__rosidl_typesupport_introspection_c.dir/rosidl_typesupport_introspection_c/rosgraph_msgs/msg/detail/clock__type_support.c.o[0m
[9.360s] [ 64%] [32m[1mLinking C shared library librosgraph_msgs__rosidl_typesupport_introspection_c.so[0m
[9.439s] [ 64%] Built target rosgraph_msgs__rosidl_typesupport_introspection_c
[9.458s] [ 66%] [34m[1mGenerating C type support for eProsima Micro XRCE-DDS[0m
[9.787s] [ 69%] [32mBuilding C object CMakeFiles/rosgraph_msgs__rosidl_typesupport_microxrcedds_c.dir/rosidl_typesupport_microxrcedds_c/rosgraph_msgs/msg/detail/microxrcedds/clock__type_support_c.c.o[0m
[9.904s] [ 71%] [32m[1mLinking C shared library librosgraph_msgs__rosidl_typesupport_microxrcedds_c.so[0m
[9.963s] [ 71%] Built target rosgraph_msgs__rosidl_typesupport_microxrcedds_c
[10.001s] [ 71%] Built target rosgraph_msgs
[10.035s] [ 74%] [34m[1mGenerating Python code for ROS interfaces[0m
[10.400s] [ 74%] Built target rosgraph_msgs__py
[10.433s] [ 76%] [32mBuilding C object CMakeFiles/rosgraph_msgs__rosidl_generator_py.dir/rosidl_generator_py/rosgraph_msgs/msg/_clock_s.c.o[0m
[10.540s] [ 79%] [32m[1mLinking C shared library rosidl_generator_py/rosgraph_msgs/librosgraph_msgs__rosidl_generator_py.so[0m
[10.792s] [ 79%] Built target rosgraph_msgs__rosidl_generator_py
[10.836s] [ 82%] [32mBuilding C object CMakeFiles/rosgraph_msgs__rosidl_typesupport_microxrcedds_c__pyext.dir/rosidl_generator_py/rosgraph_msgs/_rosgraph_msgs_s.ep.rosidl_typesupport_microxrcedds_c.c.o[0m
[10.943s] [ 84%] [32m[1mLinking C shared library rosidl_generator_py/rosgraph_msgs/rosgraph_msgs_s__rosidl_typesupport_microxrcedds_c.cpython-310-x86_64-linux-gnu.so[0m
[11.037s] [ 84%] Built target rosgraph_msgs__rosidl_typesupport_microxrcedds_c__pyext
[11.069s] [ 87%] [32mBuilding C object CMakeFiles/rosgraph_msgs__rosidl_typesupport_c__pyext.dir/rosidl_generator_py/rosgraph_msgs/_rosgraph_msgs_s.ep.rosidl_typesupport_c.c.o[0m
[11.188s] [ 89%] [32m[1mLinking C shared library rosidl_generator_py/rosgraph_msgs/rosgraph_msgs_s__rosidl_typesupport_c.cpython-310-x86_64-linux-gnu.so[0m
[11.329s] [ 89%] Built target rosgraph_msgs__rosidl_typesupport_c__pyext
[11.364s] [ 92%] [32mBuilding C object CMakeFiles/rosgraph_msgs__rosidl_typesupport_introspection_c__pyext.dir/rosidl_generator_py/rosgraph_msgs/_rosgraph_msgs_s.ep.rosidl_typesupport_introspection_c.c.o[0m
[11.563s] [ 94%] [32m[1mLinking C shared library rosidl_generator_py/rosgraph_msgs/rosgraph_msgs_s__rosidl_typesupport_introspection_c.cpython-310-x86_64-linux-gnu.so[0m
[11.668s] [ 94%] Built target rosgraph_msgs__rosidl_typesupport_introspection_c__pyext
[11.708s] [ 97%] [32mBuilding C object CMakeFiles/rosgraph_msgs__rosidl_typesupport_fastrtps_c__pyext.dir/rosidl_generator_py/rosgraph_msgs/_rosgraph_msgs_s.ep.rosidl_typesupport_fastrtps_c.c.o[0m
[11.844s] [100%] [32m[1mLinking C shared library rosidl_generator_py/rosgraph_msgs/rosgraph_msgs_s__rosidl_typesupport_fastrtps_c.cpython-310-x86_64-linux-gnu.so[0m
[11.929s] [100%] Built target rosgraph_msgs__rosidl_typesupport_fastrtps_c__pyext
[11.977s] Invoked command in '/home/amadorjosephg/CA-Embedded-MiniProject/comet_bot_ws/build/rosgraph_msgs' returned '0': AMENT_PREFIX_PATH=/home/amadorjosephg/CA-Embedded-MiniProject/comet_bot_ws/install/builtin_interfaces:${AMENT_PREFIX_PATH} CMAKE_PREFIX_PATH=/home/amadorjosephg/CA-Embedded-MiniProject/comet_bot_ws/install/builtin_interfaces:/home/amadorjosephg/CA-Embedded-MiniProject/comet_bot_ws/install/rosidl_typesupport_microxrcedds_cpp:/home/amadorjosephg/CA-Embedded-MiniProject/comet_bot_ws/install/rosidl_typesupport_microxrcedds_c:/home/amadorjosephg/CA-Embedded-MiniProject/comet_bot_ws/install/microcdr:/home/amadorjosephg/CA-Embedded-MiniProject/comet_bot_ws/install/micro_ros_setup:/home/amadorjosephg/CA-Embedded-MiniProject/comet_bot_ws/install/micro_ros_agent:/home/amadorjosephg/CA-Embedded-MiniProject/comet_bot_ws/install/micro_ros_msgs:/home/amadorjosephg/CA-Embedded-MiniProject/comet_bot_ws/install/lunabot_control:/home/amadorjosephg/CA-Embedded-MiniProject/comet_bot_ws/install/jetson_topic_relay:/opt/ros/humble LD_LIBRARY_PATH=/home/amadorjosephg/CA-Embedded-MiniProject/comet_bot_ws/install/builtin_interfaces/lib:${LD_LIBRARY_PATH} PYTHONPATH=/home/amadorjosephg/CA-Embedded-MiniProject/comet_bot_ws/install/builtin_interfaces/local/lib/python3.10/dist-packages:${PYTHONPATH} /usr/bin/cmake --build /home/amadorjosephg/CA-Embedded-MiniProject/comet_bot_ws/build/rosgraph_msgs -- -j4 -l4
[12.162s] Invoking command in '/home/amadorjosephg/CA-Embedded-MiniProject/comet_bot_ws/build/rosgraph_msgs': AMENT_PREFIX_PATH=/home/amadorjosephg/CA-Embedded-MiniProject/comet_bot_ws/install/builtin_interfaces:${AMENT_PREFIX_PATH} CMAKE_PREFIX_PATH=/home/amadorjosephg/CA-Embedded-MiniProject/comet_bot_ws/install/builtin_interfaces:/home/amadorjosephg/CA-Embedded-MiniProject/comet_bot_ws/install/rosidl_typesupport_microxrcedds_cpp:/home/amadorjosephg/CA-Embedded-MiniProject/comet_bot_ws/install/rosidl_typesupport_microxrcedds_c:/home/amadorjosephg/CA-Embedded-MiniProject/comet_bot_ws/install/microcdr:/home/amadorjosephg/CA-Embedded-MiniProject/comet_bot_ws/install/micro_ros_setup:/home/amadorjosephg/CA-Embedded-MiniProject/comet_bot_ws/install/micro_ros_agent:/home/amadorjosephg/CA-Embedded-MiniProject/comet_bot_ws/install/micro_ros_msgs:/home/amadorjosephg/CA-Embedded-MiniProject/comet_bot_ws/install/lunabot_control:/home/amadorjosephg/CA-Embedded-MiniProject/comet_bot_ws/install/jetson_topic_relay:/opt/ros/humble LD_LIBRARY_PATH=/home/amadorjosephg/CA-Embedded-MiniProject/comet_bot_ws/install/builtin_interfaces/lib:${LD_LIBRARY_PATH} PYTHONPATH=/home/amadorjosephg/CA-Embedded-MiniProject/comet_bot_ws/install/builtin_interfaces/local/lib/python3.10/dist-packages:${PYTHONPATH} /usr/bin/cmake --install /home/amadorjosephg/CA-Embedded-MiniProject/comet_bot_ws/build/rosgraph_msgs
[12.176s] -- Install configuration: ""
[12.176s] -- Installing: /home/amadorjosephg/CA-Embedded-MiniProject/comet_bot_ws/install/rosgraph_msgs/share/ament_index/resource_index/rosidl_interfaces/rosgraph_msgs
[12.176s] -- Installing: /home/amadorjosephg/CA-Embedded-MiniProject/comet_bot_ws/install/rosgraph_msgs/include/rosgraph_msgs/rosgraph_msgs
[12.176s] -- Installing: /home/amadorjosephg/CA-Embedded-MiniProject/comet_bot_ws/install/rosgraph_msgs/include/rosgraph_msgs/rosgraph_msgs/msg
[12.177s] -- Installing: /home/amadorjosephg/CA-Embedded-MiniProject/comet_bot_ws/install/rosgraph_msgs/include/rosgraph_msgs/rosgraph_msgs/msg/clock.h
[12.177s] -- Installing: /home/amadorjosephg/CA-Embedded-MiniProject/comet_bot_ws/install/rosgraph_msgs/include/rosgraph_msgs/rosgraph_msgs/msg/rosidl_generator_c__visibility_control.h
[12.177s] -- Installing: /home/amadorjosephg/CA-Embedded-MiniProject/comet_bot_ws/install/rosgraph_msgs/include/rosgraph_msgs/rosgraph_msgs/msg/detail
[12.177s] -- Installing: /home/amadorjosephg/CA-Embedded-MiniProject/comet_bot_ws/install/rosgraph_msgs/include/rosgraph_msgs/rosgraph_msgs/msg/detail/clock__functions.h
[12.178s] -- Installing: /home/amadorjosephg/CA-Embedded-MiniProject/comet_bot_ws/install/rosgraph_msgs/include/rosgraph_msgs/rosgraph_msgs/msg/detail/clock__functions.c
[12.178s] -- Installing: /home/amadorjosephg/CA-Embedded-MiniProject/comet_bot_ws/install/rosgraph_msgs/include/rosgraph_msgs/rosgraph_msgs/msg/detail/clock__struct.h
[12.178s] -- Installing: /home/amadorjosephg/CA-Embedded-MiniProject/comet_bot_ws/install/rosgraph_msgs/include/rosgraph_msgs/rosgraph_msgs/msg/detail/clock__type_support.h
[12.179s] -- Installing: /home/amadorjosephg/CA-Embedded-MiniProject/comet_bot_ws/install/rosgraph_msgs/share/rosgraph_msgs/environment/library_path.sh
[12.179s] -- Installing: /home/amadorjosephg/CA-Embedded-MiniProject/comet_bot_ws/install/rosgraph_msgs/share/rosgraph_msgs/environment/library_path.dsv
[12.179s] -- Installing: /home/amadorjosephg/CA-Embedded-MiniProject/comet_bot_ws/install/rosgraph_msgs/lib/librosgraph_msgs__rosidl_generator_c.so
[12.180s] -- Set runtime path of "/home/amadorjosephg/CA-Embedded-MiniProject/comet_bot_ws/install/rosgraph_msgs/lib/librosgraph_msgs__rosidl_generator_c.so" to ""
[12.180s] -- Up-to-date: /home/amadorjosephg/CA-Embedded-MiniProject/comet_bot_ws/install/rosgraph_msgs/include/rosgraph_msgs/rosgraph_msgs
[12.180s] -- Up-to-date: /home/amadorjosephg/CA-Embedded-MiniProject/comet_bot_ws/install/rosgraph_msgs/include/rosgraph_msgs/rosgraph_msgs/msg
[12.180s] -- Up-to-date: /home/amadorjosephg/CA-Embedded-MiniProject/comet_bot_ws/install/rosgraph_msgs/include/rosgraph_msgs/rosgraph_msgs/msg/detail
[12.180s] -- Installing: /home/amadorjosephg/CA-Embedded-MiniProject/comet_bot_ws/install/rosgraph_msgs/include/rosgraph_msgs/rosgraph_msgs/msg/detail/clock__rosidl_typesupport_fastrtps_c.h
[12.181s] -- Installing: /home/amadorjosephg/CA-Embedded-MiniProject/comet_bot_ws/install/rosgraph_msgs/include/rosgraph_msgs/rosgraph_msgs/msg/rosidl_typesupport_fastrtps_c__visibility_control.h
[12.181s] -- Installing: /home/amadorjosephg/CA-Embedded-MiniProject/comet_bot_ws/install/rosgraph_msgs/lib/librosgraph_msgs__rosidl_typesupport_fastrtps_c.so
[12.181s] -- Set runtime path of "/home/amadorjosephg/CA-Embedded-MiniProject/comet_bot_ws/install/rosgraph_msgs/lib/librosgraph_msgs__rosidl_typesupport_fastrtps_c.so" to ""
[12.182s] -- Up-to-date: /home/amadorjosephg/CA-Embedded-MiniProject/comet_bot_ws/install/rosgraph_msgs/include/rosgraph_msgs/rosgraph_msgs
[12.182s] -- Up-to-date: /home/amadorjosephg/CA-Embedded-MiniProject/comet_bot_ws/install/rosgraph_msgs/include/rosgraph_msgs/rosgraph_msgs/msg
[12.182s] -- Installing: /home/amadorjosephg/CA-Embedded-MiniProject/comet_bot_ws/install/rosgraph_msgs/include/rosgraph_msgs/rosgraph_msgs/msg/clock.hpp
[12.182s] -- Up-to-date: /home/amadorjosephg/CA-Embedded-MiniProject/comet_bot_ws/install/rosgraph_msgs/include/rosgraph_msgs/rosgraph_msgs/msg/detail
[12.182s] -- Installing: /home/amadorjosephg/CA-Embedded-MiniProject/comet_bot_ws/install/rosgraph_msgs/include/rosgraph_msgs/rosgraph_msgs/msg/detail/clock__builder.hpp
[12.183s] -- Installing: /home/amadorjosephg/CA-Embedded-MiniProject/comet_bot_ws/install/rosgraph_msgs/include/rosgraph_msgs/rosgraph_msgs/msg/detail/clock__traits.hpp
[12.183s] -- Installing: /home/amadorjosephg/CA-Embedded-MiniProject/comet_bot_ws/install/rosgraph_msgs/include/rosgraph_msgs/rosgraph_msgs/msg/detail/clock__struct.hpp
[12.183s] -- Up-to-date: /home/amadorjosephg/CA-Embedded-MiniProject/comet_bot_ws/install/rosgraph_msgs/include/rosgraph_msgs/rosgraph_msgs
[12.183s] -- Up-to-date: /home/amadorjosephg/CA-Embedded-MiniProject/comet_bot_ws/install/rosgraph_msgs/include/rosgraph_msgs/rosgraph_msgs/msg
[12.183s] -- Up-to-date: /home/amadorjosephg/CA-Embedded-MiniProject/comet_bot_ws/install/rosgraph_msgs/include/rosgraph_msgs/rosgraph_msgs/msg/detail
[12.184s] -- Installing: /home/amadorjosephg/CA-Embedded-MiniProject/comet_bot_ws/install/rosgraph_msgs/include/rosgraph_msgs/rosgraph_msgs/msg/detail/clock__rosidl_typesupport_fastrtps_cpp.hpp
[12.184s] -- Installing: /home/amadorjosephg/CA-Embedded-MiniProject/comet_bot_ws/install/rosgraph_msgs/include/rosgraph_msgs/rosgraph_msgs/msg/detail/dds_fastrtps
[12.184s] -- Installing: /home/amadorjosephg/CA-Embedded-MiniProject/comet_bot_ws/install/rosgraph_msgs/include/rosgraph_msgs/rosgraph_msgs/msg/rosidl_typesupport_fastrtps_cpp__visibility_control.h
[12.184s] -- Installing: /home/amadorjosephg/CA-Embedded-MiniProject/comet_bot_ws/install/rosgraph_msgs/lib/librosgraph_msgs__rosidl_typesupport_fastrtps_cpp.so
[12.185s] -- Set runtime path of "/home/amadorjosephg/CA-Embedded-MiniProject/comet_bot_ws/install/rosgraph_msgs/lib/librosgraph_msgs__rosidl_typesupport_fastrtps_cpp.so" to ""
[12.185s] -- Up-to-date: /home/amadorjosephg/CA-Embedded-MiniProject/comet_bot_ws/install/rosgraph_msgs/include/rosgraph_msgs
[12.185s] -- Installing: /home/amadorjosephg/CA-Embedded-MiniProject/comet_bot_ws/install/rosgraph_msgs/include/rosgraph_msgs/msg
[12.185s] -- Installing: /home/amadorjosephg/CA-Embedded-MiniProject/comet_bot_ws/install/rosgraph_msgs/include/rosgraph_msgs/msg/detail
[12.186s] -- Installing: /home/amadorjosephg/CA-Embedded-MiniProject/comet_bot_ws/install/rosgraph_msgs/include/rosgraph_msgs/msg/detail/clock__rosidl_typesupport_microxrcedds_c.h
[12.186s] -- Installing: /home/amadorjosephg/CA-Embedded-MiniProject/comet_bot_ws/install/rosgraph_msgs/include/rosgraph_msgs/msg/detail/microxrcedds
[12.186s] -- Installing: /home/amadorjosephg/CA-Embedded-MiniProject/comet_bot_ws/install/rosgraph_msgs/include/rosgraph_msgs/msg/rosidl_typesupport_microxrcedds_c__visibility_control.h
[12.186s] -- Installing: /home/amadorjosephg/CA-Embedded-MiniProject/comet_bot_ws/install/rosgraph_msgs/lib/librosgraph_msgs__rosidl_typesupport_microxrcedds_c.so
[12.187s] -- Set runtime path of "/home/amadorjosephg/CA-Embedded-MiniProject/comet_bot_ws/install/rosgraph_msgs/lib/librosgraph_msgs__rosidl_typesupport_microxrcedds_c.so" to ""
[12.187s] -- Up-to-date: /home/amadorjosephg/CA-Embedded-MiniProject/comet_bot_ws/install/rosgraph_msgs/include/rosgraph_msgs/rosgraph_msgs
[12.187s] -- Up-to-date: /home/amadorjosephg/CA-Embedded-MiniProject/comet_bot_ws/install/rosgraph_msgs/include/rosgraph_msgs/rosgraph_msgs/msg
[12.188s] -- Installing: /home/amadorjosephg/CA-Embedded-MiniProject/comet_bot_ws/install/rosgraph_msgs/include/rosgraph_msgs/rosgraph_msgs/msg/rosidl_typesupport_introspection_c__visibility_control.h
[12.188s] -- Up-to-date: /home/amadorjosephg/CA-Embedded-MiniProject/comet_bot_ws/install/rosgraph_msgs/include/rosgraph_msgs/rosgraph_msgs/msg/detail
[12.188s] -- Installing: /home/amadorjosephg/CA-Embedded-MiniProject/comet_bot_ws/install/rosgraph_msgs/include/rosgraph_msgs/rosgraph_msgs/msg/detail/clock__type_support.c
[12.188s] -- Installing: /home/amadorjosephg/CA-Embedded-MiniProject/comet_bot_ws/install/rosgraph_msgs/include/rosgraph_msgs/rosgraph_msgs/msg/detail/clock__rosidl_typesupport_introspection_c.h
[12.189s] -- Installing: /home/amadorjosephg/CA-Embedded-MiniProject/comet_bot_ws/install/rosgraph_msgs/lib/librosgraph_msgs__rosidl_typesupport_introspection_c.so
[12.190s] -- Set runtime path of "/home/amadorjosephg/CA-Embedded-MiniProject/comet_bot_ws/install/rosgraph_msgs/lib/librosgraph_msgs__rosidl_typesupport_introspection_c.so" to ""
[12.190s] -- Installing: /home/amadorjosephg/CA-Embedded-MiniProject/comet_bot_ws/install/rosgraph_msgs/lib/librosgraph_msgs__rosidl_typesupport_c.so
[12.190s] -- Set runtime path of "/home/amadorjosephg/CA-Embedded-MiniProject/comet_bot_ws/install/rosgraph_msgs/lib/librosgraph_msgs__rosidl_typesupport_c.so" to ""
[12.191s] -- Up-to-date: /home/amadorjosephg/CA-Embedded-MiniProject/comet_bot_ws/install/rosgraph_msgs/include/rosgraph_msgs
[12.191s] -- Up-to-date: /home/amadorjosephg/CA-Embedded-MiniProject/comet_bot_ws/install/rosgraph_msgs/include/rosgraph_msgs/msg
[12.191s] -- Installing: /home/amadorjosephg/CA-Embedded-MiniProject/comet_bot_ws/install/rosgraph_msgs/include/rosgraph_msgs/msg/rosidl_typesupport_microxrcedds_cpp__visibility_control.h
[12.192s] -- Up-to-date: /home/amadorjosephg/CA-Embedded-MiniProject/comet_bot_ws/install/rosgraph_msgs/include/rosgraph_msgs/msg/detail
[12.192s] -- Installing: /home/amadorjosephg/CA-Embedded-MiniProject/comet_bot_ws/install/rosgraph_msgs/include/rosgraph_msgs/msg/detail/clock__rosidl_typesupport_microxrcedds_cpp.hpp
[12.192s] -- Up-to-date: /home/amadorjosephg/CA-Embedded-MiniProject/comet_bot_ws/install/rosgraph_msgs/include/rosgraph_msgs/msg/detail/microxrcedds
[12.193s] -- Installing: /home/amadorjosephg/CA-Embedded-MiniProject/comet_bot_ws/install/rosgraph_msgs/include/rosgraph_msgs/msg/detail/microxrcedds/clock__type_support_cpp.cpp
[12.193s] -- Installing: /home/amadorjosephg/CA-Embedded-MiniProject/comet_bot_ws/install/rosgraph_msgs/lib/librosgraph_msgs__rosidl_typesupport_microxrcedds_cpp.so
[12.194s] -- Set runtime path of "/home/amadorjosephg/CA-Embedded-MiniProject/comet_bot_ws/install/rosgraph_msgs/lib/librosgraph_msgs__rosidl_typesupport_microxrcedds_cpp.so" to ""
[12.194s] -- Up-to-date: /home/amadorjosephg/CA-Embedded-MiniProject/comet_bot_ws/install/rosgraph_msgs/include/rosgraph_msgs/rosgraph_msgs
[12.194s] -- Up-to-date: /home/amadorjosephg/CA-Embedded-MiniProject/comet_bot_ws/install/rosgraph_msgs/include/rosgraph_msgs/rosgraph_msgs/msg
[12.195s] -- Up-to-date: /home/amadorjosephg/CA-Embedded-MiniProject/comet_bot_ws/install/rosgraph_msgs/include/rosgraph_msgs/rosgraph_msgs/msg/detail
[12.195s] -- Installing: /home/amadorjosephg/CA-Embedded-MiniProject/comet_bot_ws/install/rosgraph_msgs/include/rosgraph_msgs/rosgraph_msgs/msg/detail/clock__rosidl_typesupport_introspection_cpp.hpp
[12.196s] -- Installing: /home/amadorjosephg/CA-Embedded-MiniProject/comet_bot_ws/install/rosgraph_msgs/include/rosgraph_msgs/rosgraph_msgs/msg/detail/clock__type_support.cpp
[12.196s] -- Installing: /home/amadorjosephg/CA-Embedded-MiniProject/comet_bot_ws/install/rosgraph_msgs/lib/librosgraph_msgs__rosidl_typesupport_introspection_cpp.so
[12.198s] -- Set runtime path of "/home/amadorjosephg/CA-Embedded-MiniProject/comet_bot_ws/install/rosgraph_msgs/lib/librosgraph_msgs__rosidl_typesupport_introspection_cpp.so" to ""
[12.199s] -- Installing: /home/amadorjosephg/CA-Embedded-MiniProject/comet_bot_ws/install/rosgraph_msgs/lib/librosgraph_msgs__rosidl_typesupport_cpp.so
[12.199s] -- Set runtime path of "/home/amadorjosephg/CA-Embedded-MiniProject/comet_bot_ws/install/rosgraph_msgs/lib/librosgraph_msgs__rosidl_typesupport_cpp.so" to ""
[12.199s] -- Installing: /home/amadorjosephg/CA-Embedded-MiniProject/comet_bot_ws/install/rosgraph_msgs/share/rosgraph_msgs/environment/pythonpath.sh
[12.200s] -- Installing: /home/amadorjosephg/CA-Embedded-MiniProject/comet_bot_ws/install/rosgraph_msgs/share/rosgraph_msgs/environment/pythonpath.dsv
[12.200s] -- Installing: /home/amadorjosephg/CA-Embedded-MiniProject/comet_bot_ws/install/rosgraph_msgs/local/lib/python3.10/dist-packages/rosgraph_msgs-1.2.1-py3.10.egg-info
[12.200s] -- Installing: /home/amadorjosephg/CA-Embedded-MiniProject/comet_bot_ws/install/rosgraph_msgs/local/lib/python3.10/dist-packages/rosgraph_msgs-1.2.1-py3.10.egg-info/PKG-INFO
[12.200s] -- Installing: /home/amadorjosephg/CA-Embedded-MiniProject/comet_bot_ws/install/rosgraph_msgs/local/lib/python3.10/dist-packages/rosgraph_msgs-1.2.1-py3.10.egg-info/dependency_links.txt
[12.201s] -- Installing: /home/amadorjosephg/CA-Embedded-MiniProject/comet_bot_ws/install/rosgraph_msgs/local/lib/python3.10/dist-packages/rosgraph_msgs-1.2.1-py3.10.egg-info/top_level.txt
[12.201s] -- Installing: /home/amadorjosephg/CA-Embedded-MiniProject/comet_bot_ws/install/rosgraph_msgs/local/lib/python3.10/dist-packages/rosgraph_msgs-1.2.1-py3.10.egg-info/SOURCES.txt
[12.201s] -- Installing: /home/amadorjosephg/CA-Embedded-MiniProject/comet_bot_ws/install/rosgraph_msgs/local/lib/python3.10/dist-packages/rosgraph_msgs
[12.202s] -- Installing: /home/amadorjosephg/CA-Embedded-MiniProject/comet_bot_ws/install/rosgraph_msgs/local/lib/python3.10/dist-packages/rosgraph_msgs/rosgraph_msgs_s__rosidl_typesupport_introspection_c.cpython-310-x86_64-linux-gnu.so
[12.202s] -- Installing: /home/amadorjosephg/CA-Embedded-MiniProject/comet_bot_ws/install/rosgraph_msgs/local/lib/python3.10/dist-packages/rosgraph_msgs/librosgraph_msgs__rosidl_generator_py.so
[12.202s] -- Installing: /home/amadorjosephg/CA-Embedded-MiniProject/comet_bot_ws/install/rosgraph_msgs/local/lib/python3.10/dist-packages/rosgraph_msgs/__init__.py
[12.202s] -- Installing: /home/amadorjosephg/CA-Embedded-MiniProject/comet_bot_ws/install/rosgraph_msgs/local/lib/python3.10/dist-packages/rosgraph_msgs/rosgraph_msgs_s__rosidl_typesupport_microxrcedds_c.cpython-310-x86_64-linux-gnu.so
[12.203s] -- Installing: /home/amadorjosephg/CA-Embedded-MiniProject/comet_bot_ws/install/rosgraph_msgs/local/lib/python3.10/dist-packages/rosgraph_msgs/rosgraph_msgs_s__rosidl_typesupport_c.cpython-310-x86_64-linux-gnu.so
[12.203s] -- Installing: /home/amadorjosephg/CA-Embedded-MiniProject/comet_bot_ws/install/rosgraph_msgs/local/lib/python3.10/dist-packages/rosgraph_msgs/_rosgraph_msgs_s.ep.rosidl_typesupport_fastrtps_c.c
[12.204s] -- Installing: /home/amadorjosephg/CA-Embedded-MiniProject/comet_bot_ws/install/rosgraph_msgs/local/lib/python3.10/dist-packages/rosgraph_msgs/_rosgraph_msgs_s.ep.rosidl_typesupport_microxrcedds_c.c
[12.205s] -- Installing: /home/amadorjosephg/CA-Embedded-MiniProject/comet_bot_ws/install/rosgraph_msgs/local/lib/python3.10/dist-packages/rosgraph_msgs/msg
[12.205s] -- Installing: /home/amadorjosephg/CA-Embedded-MiniProject/comet_bot_ws/install/rosgraph_msgs/local/lib/python3.10/dist-packages/rosgraph_msgs/msg/__init__.py
[12.205s] -- Installing: /home/amadorjosephg/CA-Embedded-MiniProject/comet_bot_ws/install/rosgraph_msgs/local/lib/python3.10/dist-packages/rosgraph_msgs/msg/_clock.py
[12.206s] -- Installing: /home/amadorjosephg/CA-Embedded-MiniProject/comet_bot_ws/install/rosgraph_msgs/local/lib/python3.10/dist-packages/rosgraph_msgs/msg/_clock_s.c
[12.206s] -- Installing: /home/amadorjosephg/CA-Embedded-MiniProject/comet_bot_ws/install/rosgraph_msgs/local/lib/python3.10/dist-packages/rosgraph_msgs/_rosgraph_msgs_s.ep.rosidl_typesupport_c.c
[12.206s] -- Installing: /home/amadorjosephg/CA-Embedded-MiniProject/comet_bot_ws/install/rosgraph_msgs/local/lib/python3.10/dist-packages/rosgraph_msgs/rosgraph_msgs_s__rosidl_typesupport_fastrtps_c.cpython-310-x86_64-linux-gnu.so
[12.206s] -- Installing: /home/amadorjosephg/CA-Embedded-MiniProject/comet_bot_ws/install/rosgraph_msgs/local/lib/python3.10/dist-packages/rosgraph_msgs/_rosgraph_msgs_s.ep.rosidl_typesupport_introspection_c.c
[12.241s] Listing '/home/amadorjosephg/CA-Embedded-MiniProject/comet_bot_ws/install/rosgraph_msgs/local/lib/python3.10/dist-packages/rosgraph_msgs'...
[12.241s] Compiling '/home/amadorjosephg/CA-Embedded-MiniProject/comet_bot_ws/install/rosgraph_msgs/local/lib/python3.10/dist-packages/rosgraph_msgs/__init__.py'...
[12.241s] Listing '/home/amadorjosephg/CA-Embedded-MiniProject/comet_bot_ws/install/rosgraph_msgs/local/lib/python3.10/dist-packages/rosgraph_msgs/msg'...
[12.241s] Compiling '/home/amadorjosephg/CA-Embedded-MiniProject/comet_bot_ws/install/rosgraph_msgs/local/lib/python3.10/dist-packages/rosgraph_msgs/msg/__init__.py'...
[12.241s] Compiling '/home/amadorjosephg/CA-Embedded-MiniProject/comet_bot_ws/install/rosgraph_msgs/local/lib/python3.10/dist-packages/rosgraph_msgs/msg/_clock.py'...
[12.248s] -- Installing: /home/amadorjosephg/CA-Embedded-MiniProject/comet_bot_ws/install/rosgraph_msgs/local/lib/python3.10/dist-packages/rosgraph_msgs/rosgraph_msgs_s__rosidl_typesupport_microxrcedds_c.cpython-310-x86_64-linux-gnu.so
[12.248s] -- Set runtime path of "/home/amadorjosephg/CA-Embedded-MiniProject/comet_bot_ws/install/rosgraph_msgs/local/lib/python3.10/dist-packages/rosgraph_msgs/rosgraph_msgs_s__rosidl_typesupport_microxrcedds_c.cpython-310-x86_64-linux-gnu.so" to ""
[12.248s] -- Installing: /home/amadorjosephg/CA-Embedded-MiniProject/comet_bot_ws/install/rosgraph_msgs/local/lib/python3.10/dist-packages/rosgraph_msgs/rosgraph_msgs_s__rosidl_typesupport_fastrtps_c.cpython-310-x86_64-linux-gnu.so
[12.249s] -- Set runtime path of "/home/amadorjosephg/CA-Embedded-MiniProject/comet_bot_ws/install/rosgraph_msgs/local/lib/python3.10/dist-packages/rosgraph_msgs/rosgraph_msgs_s__rosidl_typesupport_fastrtps_c.cpython-310-x86_64-linux-gnu.so" to ""
[12.249s] -- Installing: /home/amadorjosephg/CA-Embedded-MiniProject/comet_bot_ws/install/rosgraph_msgs/local/lib/python3.10/dist-packages/rosgraph_msgs/rosgraph_msgs_s__rosidl_typesupport_introspection_c.cpython-310-x86_64-linux-gnu.so
[12.250s] -- Set runtime path of "/home/amadorjosephg/CA-Embedded-MiniProject/comet_bot_ws/install/rosgraph_msgs/local/lib/python3.10/dist-packages/rosgraph_msgs/rosgraph_msgs_s__rosidl_typesupport_introspection_c.cpython-310-x86_64-linux-gnu.so" to ""
[12.251s] -- Installing: /home/amadorjosephg/CA-Embedded-MiniProject/comet_bot_ws/install/rosgraph_msgs/local/lib/python3.10/dist-packages/rosgraph_msgs/rosgraph_msgs_s__rosidl_typesupport_c.cpython-310-x86_64-linux-gnu.so
[12.251s] -- Set runtime path of "/home/amadorjosephg/CA-Embedded-MiniProject/comet_bot_ws/install/rosgraph_msgs/local/lib/python3.10/dist-packages/rosgraph_msgs/rosgraph_msgs_s__rosidl_typesupport_c.cpython-310-x86_64-linux-gnu.so" to ""
[12.251s] -- Installing: /home/amadorjosephg/CA-Embedded-MiniProject/comet_bot_ws/install/rosgraph_msgs/lib/librosgraph_msgs__rosidl_generator_py.so
[12.251s] -- Set runtime path of "/home/amadorjosephg/CA-Embedded-MiniProject/comet_bot_ws/install/rosgraph_msgs/lib/librosgraph_msgs__rosidl_generator_py.so" to ""
[12.251s] -- Installing: /home/amadorjosephg/CA-Embedded-MiniProject/comet_bot_ws/install/rosgraph_msgs/share/rosgraph_msgs/msg/Clock.idl
[12.252s] -- Installing: /home/amadorjosephg/CA-Embedded-MiniProject/comet_bot_ws/install/rosgraph_msgs/share/rosgraph_msgs/msg/Clock.msg
[12.252s] -- Installing: /home/amadorjosephg/CA-Embedded-MiniProject/comet_bot_ws/install/rosgraph_msgs/share/ament_index/resource_index/package_run_dependencies/rosgraph_msgs
[12.252s] -- Installing: /home/amadorjosephg/CA-Embedded-MiniProject/comet_bot_ws/install/rosgraph_msgs/share/ament_index/resource_index/parent_prefix_path/rosgraph_msgs
[12.253s] -- Installing: /home/amadorjosephg/CA-Embedded-MiniProject/comet_bot_ws/install/rosgraph_msgs/share/rosgraph_msgs/environment/ament_prefix_path.sh
[12.253s] -- Installing: /home/amadorjosephg/CA-Embedded-MiniProject/comet_bot_ws/install/rosgraph_msgs/share/rosgraph_msgs/environment/ament_prefix_path.dsv
[12.253s] -- Installing: /home/amadorjosephg/CA-Embedded-MiniProject/comet_bot_ws/install/rosgraph_msgs/share/rosgraph_msgs/environment/path.sh
[12.254s] -- Installing: /home/amadorjosephg/CA-Embedded-MiniProject/comet_bot_ws/install/rosgraph_msgs/share/rosgraph_msgs/environment/path.dsv
[12.254s] -- Installing: /home/amadorjosephg/CA-Embedded-MiniProject/comet_bot_ws/install/rosgraph_msgs/share/rosgraph_msgs/local_setup.bash
[12.255s] -- Installing: /home/amadorjosephg/CA-Embedded-MiniProject/comet_bot_ws/install/rosgraph_msgs/share/rosgraph_msgs/local_setup.sh
[12.255s] -- Installing: /home/amadorjosephg/CA-Embedded-MiniProject/comet_bot_ws/install/rosgraph_msgs/share/rosgraph_msgs/local_setup.zsh
[12.255s] -- Installing: /home/amadorjosephg/CA-Embedded-MiniProject/comet_bot_ws/install/rosgraph_msgs/share/rosgraph_msgs/local_setup.dsv
[12.255s] -- Installing: /home/amadorjosephg/CA-Embedded-MiniProject/comet_bot_ws/install/rosgraph_msgs/share/rosgraph_msgs/package.dsv
[12.256s] -- Installing: /home/amadorjosephg/CA-Embedded-MiniProject/comet_bot_ws/install/rosgraph_msgs/share/ament_index/resource_index/packages/rosgraph_msgs
[12.256s] -- Installing: /home/amadorjosephg/CA-Embedded-MiniProject/comet_bot_ws/install/rosgraph_msgs/share/rosgraph_msgs/cmake/export_rosgraph_msgs__rosidl_generator_cExport.cmake
[12.256s] -- Installing: /home/amadorjosephg/CA-Embedded-MiniProject/comet_bot_ws/install/rosgraph_msgs/share/rosgraph_msgs/cmake/export_rosgraph_msgs__rosidl_generator_cExport-noconfig.cmake
[12.256s] -- Installing: /home/amadorjosephg/CA-Embedded-MiniProject/comet_bot_ws/install/rosgraph_msgs/share/rosgraph_msgs/cmake/export_rosgraph_msgs__rosidl_typesupport_fastrtps_cExport.cmake
[12.256s] -- Installing: /home/amadorjosephg/CA-Embedded-MiniProject/comet_bot_ws/install/rosgraph_msgs/share/rosgraph_msgs/cmake/export_rosgraph_msgs__rosidl_typesupport_fastrtps_cExport-noconfig.cmake
[12.256s] -- Installing: /home/amadorjosephg/CA-Embedded-MiniProject/comet_bot_ws/install/rosgraph_msgs/share/rosgraph_msgs/cmake/export_rosgraph_msgs__rosidl_generator_cppExport.cmake
[12.256s] -- Installing: /home/amadorjosephg/CA-Embedded-MiniProject/comet_bot_ws/install/rosgraph_msgs/share/rosgraph_msgs/cmake/export_rosgraph_msgs__rosidl_typesupport_fastrtps_cppExport.cmake
[12.257s] -- Installing: /home/amadorjosephg/CA-Embedded-MiniProject/comet_bot_ws/install/rosgraph_msgs/share/rosgraph_msgs/cmake/export_rosgraph_msgs__rosidl_typesupport_fastrtps_cppExport-noconfig.cmake
[12.257s] -- Installing: /home/amadorjosephg/CA-Embedded-MiniProject/comet_bot_ws/install/rosgraph_msgs/share/rosgraph_msgs/cmake/rosgraph_msgs__rosidl_typesupport_introspection_cExport.cmake
[12.257s] -- Installing: /home/amadorjosephg/CA-Embedded-MiniProject/comet_bot_ws/install/rosgraph_msgs/share/rosgraph_msgs/cmake/rosgraph_msgs__rosidl_typesupport_introspection_cExport-noconfig.cmake
[12.258s] -- Installing: /home/amadorjosephg/CA-Embedded-MiniProject/comet_bot_ws/install/rosgraph_msgs/share/rosgraph_msgs/cmake/rosgraph_msgs__rosidl_typesupport_cExport.cmake
[12.258s] -- Installing: /home/amadorjosephg/CA-Embedded-MiniProject/comet_bot_ws/install/rosgraph_msgs/share/rosgraph_msgs/cmake/rosgraph_msgs__rosidl_typesupport_cExport-noconfig.cmake
[12.258s] -- Installing: /home/amadorjosephg/CA-Embedded-MiniProject/comet_bot_ws/install/rosgraph_msgs/share/rosgraph_msgs/cmake/rosgraph_msgs__rosidl_typesupport_introspection_cppExport.cmake
[12.258s] -- Installing: /home/amadorjosephg/CA-Embedded-MiniProject/comet_bot_ws/install/rosgraph_msgs/share/rosgraph_msgs/cmake/rosgraph_msgs__rosidl_typesupport_introspection_cppExport-noconfig.cmake
[12.259s] -- Installing: /home/amadorjosephg/CA-Embedded-MiniProject/comet_bot_ws/install/rosgraph_msgs/share/rosgraph_msgs/cmake/rosgraph_msgs__rosidl_typesupport_cppExport.cmake
[12.259s] -- Installing: /home/amadorjosephg/CA-Embedded-MiniProject/comet_bot_ws/install/rosgraph_msgs/share/rosgraph_msgs/cmake/rosgraph_msgs__rosidl_typesupport_cppExport-noconfig.cmake
[12.259s] -- Installing: /home/amadorjosephg/CA-Embedded-MiniProject/comet_bot_ws/install/rosgraph_msgs/share/rosgraph_msgs/cmake/export_rosgraph_msgs__rosidl_generator_pyExport.cmake
[12.260s] -- Installing: /home/amadorjosephg/CA-Embedded-MiniProject/comet_bot_ws/install/rosgraph_msgs/share/rosgraph_msgs/cmake/export_rosgraph_msgs__rosidl_generator_pyExport-noconfig.cmake
[12.260s] -- Installing: /home/amadorjosephg/CA-Embedded-MiniProject/comet_bot_ws/install/rosgraph_msgs/share/rosgraph_msgs/cmake/rosidl_cmake-extras.cmake
[12.260s] -- Installing: /home/amadorjosephg/CA-Embedded-MiniProject/comet_bot_ws/install/rosgraph_msgs/share/rosgraph_msgs/cmake/ament_cmake_export_dependencies-extras.cmake
[12.260s] -- Installing: /home/amadorjosephg/CA-Embedded-MiniProject/comet_bot_ws/install/rosgraph_msgs/share/rosgraph_msgs/cmake/ament_cmake_export_include_directories-extras.cmake
[12.260s] -- Installing: /home/amadorjosephg/CA-Embedded-MiniProject/comet_bot_ws/install/rosgraph_msgs/share/rosgraph_msgs/cmake/ament_cmake_export_libraries-extras.cmake
[12.261s] -- Installing: /home/amadorjosephg/CA-Embedded-MiniProject/comet_bot_ws/install/rosgraph_msgs/share/rosgraph_msgs/cmake/ament_cmake_export_targets-extras.cmake
[12.261s] -- Installing: /home/amadorjosephg/CA-Embedded-MiniProject/comet_bot_ws/install/rosgraph_msgs/share/rosgraph_msgs/cmake/rosidl_cmake_export_typesupport_targets-extras.cmake
[12.261s] -- Installing: /home/amadorjosephg/CA-Embedded-MiniProject/comet_bot_ws/install/rosgraph_msgs/share/rosgraph_msgs/cmake/rosidl_cmake_export_typesupport_libraries-extras.cmake
[12.261s] -- Installing: /home/amadorjosephg/CA-Embedded-MiniProject/comet_bot_ws/install/rosgraph_msgs/share/rosgraph_msgs/cmake/rosgraph_msgsConfig.cmake
[12.262s] -- Installing: /home/amadorjosephg/CA-Embedded-MiniProject/comet_bot_ws/install/rosgraph_msgs/share/rosgraph_msgs/cmake/rosgraph_msgsConfig-version.cmake
[12.263s] -- Installing: /home/amadorjosephg/CA-Embedded-MiniProject/comet_bot_ws/install/rosgraph_msgs/share/rosgraph_msgs/package.xml
[12.270s] Invoked command in '/home/amadorjosephg/CA-Embedded-MiniProject/comet_bot_ws/build/rosgraph_msgs' returned '0': AMENT_PREFIX_PATH=/home/amadorjosephg/CA-Embedded-MiniProject/comet_bot_ws/install/builtin_interfaces:${AMENT_PREFIX_PATH} CMAKE_PREFIX_PATH=/home/amadorjosephg/CA-Embedded-MiniProject/comet_bot_ws/install/builtin_interfaces:/home/amadorjosephg/CA-Embedded-MiniProject/comet_bot_ws/install/rosidl_typesupport_microxrcedds_cpp:/home/amadorjosephg/CA-Embedded-MiniProject/comet_bot_ws/install/rosidl_typesupport_microxrcedds_c:/home/amadorjosephg/CA-Embedded-MiniProject/comet_bot_ws/install/microcdr:/home/amadorjosephg/CA-Embedded-MiniProject/comet_bot_ws/install/micro_ros_setup:/home/amadorjosephg/CA-Embedded-MiniProject/comet_bot_ws/install/micro_ros_agent:/home/amadorjosephg/CA-Embedded-MiniProject/comet_bot_ws/install/micro_ros_msgs:/home/amadorjosephg/CA-Embedded-MiniProject/comet_bot_ws/install/lunabot_control:/home/amadorjosephg/CA-Embedded-MiniProject/comet_bot_ws/install/jetson_topic_relay:/opt/ros/humble LD_LIBRARY_PATH=/home/amadorjosephg/CA-Embedded-MiniProject/comet_bot_ws/install/builtin_interfaces/lib:${LD_LIBRARY_PATH} PYTHONPATH=/home/amadorjosephg/CA-Embedded-MiniProject/comet_bot_ws/install/builtin_interfaces/local/lib/python3.10/dist-packages:${PYTHONPATH} /usr/bin/cmake --install /home/amadorjosephg/CA-Embedded-MiniProject/comet_bot_ws/build/rosgraph_msgs
