-- The C compiler identification is GNU 11.4.0
-- Detecting C compiler ABI info
-- Detecting C compiler ABI info - done
-- Check for working C compiler: /usr/bin/cc - skipped
-- Detecting C compile features
-- Detecting C compile features - done
-- Found ament_cmake_ros: 0.10.0 (/opt/ros/humble/share/ament_cmake_ros/cmake)
-- Found Python3: /usr/bin/python3 (found version "3.10.12") found components: Interpreter 
-- Found rcutils: 5.1.6 (/opt/ros/humble/share/rcutils/cmake)
-- Found rosidl_runtime_c: 3.1.5 (/opt/ros/humble/share/rosidl_runtime_c/cmake)
-- Found rmw: 6.1.2 (/opt/ros/humble/share/rmw/cmake)
-- Found rosidl_typesupport_microxrcedds_c: 3.0.1 (/home/amadorjosephg/CA-Embedded-MiniProject/comet_bot_ws/install/rosidl_typesupport_microxrcedds_c/share/rosidl_typesupport_microxrcedds_c/cmake)
-- Found rosidl_adapter: 3.1.5 (/opt/ros/humble/share/rosidl_adapter/cmake)
-- Configuring done
-- Generating done
-- Build files have been written to: /home/amadorjosephg/CA-Embedded-MiniProject/comet_bot_ws/build/rmw_microxrcedds
[  2%] [32mBuilding C object CMakeFiles/rmw_microxrcedds.dir/src/identifiers.c.o[0m
[  4%] [32mBuilding C object CMakeFiles/rmw_microxrcedds.dir/src/rmw_compare_gids_equal.c.o[0m
[  6%] [32mBuilding C object CMakeFiles/rmw_microxrcedds.dir/src/rmw_count.c.o[0m
[  8%] [32mBuilding C object CMakeFiles/rmw_microxrcedds.dir/src/rmw_event.c.o[0m
[ 10%] [32mBuilding C object CMakeFiles/rmw_microxrcedds.dir/src/rmw_features.c.o[0m
[ 13%] [32mBuilding C object CMakeFiles/rmw_microxrcedds.dir/src/rmw_get_gid_for_publisher.c.o[0m
[ 15%] [32mBuilding C object CMakeFiles/rmw_microxrcedds.dir/src/rmw_get_implementation_identifier.c.o[0m
[ 17%] [32mBuilding C object CMakeFiles/rmw_microxrcedds.dir/src/rmw_get_serialization_format.c.o[0m
[ 19%] [32mBuilding C object CMakeFiles/rmw_microxrcedds.dir/src/rmw_get_topic_endpoint_info.c.o[0m
[ 21%] [32mBuilding C object CMakeFiles/rmw_microxrcedds.dir/src/rmw_get_endpoint_network_flow.c.o[0m
[ 23%] [32mBuilding C object CMakeFiles/rmw_microxrcedds.dir/src/rmw_qos_profile_check_compatible.c.o[0m
[ 26%] [32mBuilding C object CMakeFiles/rmw_microxrcedds.dir/src/rmw_guard_condition.c.o[0m
[ 28%] [32mBuilding C object CMakeFiles/rmw_microxrcedds.dir/src/rmw_init.c.o[0m
[ 30%] [32mBuilding C object CMakeFiles/rmw_microxrcedds.dir/src/rmw_logging.c.o[0m
[ 32%] [32mBuilding C object CMakeFiles/rmw_microxrcedds.dir/src/rmw_microxrcedds_topic.c.o[0m
[ 34%] [32mBuilding C object CMakeFiles/rmw_microxrcedds.dir/src/rmw_node.c.o[0m
[ 36%] [32mBuilding C object CMakeFiles/rmw_microxrcedds.dir/src/rmw_node_info_and_types.c.o[0m
[ 39%] [32mBuilding C object CMakeFiles/rmw_microxrcedds.dir/src/rmw_node_names.c.o[0m
[ 41%] [32mBuilding C object CMakeFiles/rmw_microxrcedds.dir/src/rmw_publish.c.o[0m
[ 43%] [32mBuilding C object CMakeFiles/rmw_microxrcedds.dir/src/rmw_publisher.c.o[0m
[ 45%] [32mBuilding C object CMakeFiles/rmw_microxrcedds.dir/src/rmw_request.c.o[0m
[ 47%] [32mBuilding C object CMakeFiles/rmw_microxrcedds.dir/src/rmw_response.c.o[0m
[ 50%] [32mBuilding C object CMakeFiles/rmw_microxrcedds.dir/src/rmw_serialize.c.o[0m
[ 52%] [32mBuilding C object CMakeFiles/rmw_microxrcedds.dir/src/rmw_service.c.o[0m
[ 54%] [32mBuilding C object CMakeFiles/rmw_microxrcedds.dir/src/rmw_service_names_and_types.c.o[0m
[ 56%] [32mBuilding C object CMakeFiles/rmw_microxrcedds.dir/src/rmw_service_server_is_available.c.o[0m
[ 58%] [32mBuilding C object CMakeFiles/rmw_microxrcedds.dir/src/rmw_subscription.c.o[0m
[ 60%] [32mBuilding C object CMakeFiles/rmw_microxrcedds.dir/src/rmw_take.c.o[0m
[ 63%] [32mBuilding C object CMakeFiles/rmw_microxrcedds.dir/src/rmw_topic_names_and_types.c.o[0m
[ 65%] [32mBuilding C object CMakeFiles/rmw_microxrcedds.dir/src/rmw_trigger_guard_condition.c.o[0m
[ 67%] [32mBuilding C object CMakeFiles/rmw_microxrcedds.dir/src/rmw_wait.c.o[0m
[ 69%] [32mBuilding C object CMakeFiles/rmw_microxrcedds.dir/src/rmw_wait_set.c.o[0m
[ 71%] [32mBuilding C object CMakeFiles/rmw_microxrcedds.dir/src/types.c.o[0m
[ 73%] [32mBuilding C object CMakeFiles/rmw_microxrcedds.dir/src/utils.c.o[0m
[ 76%] [32mBuilding C object CMakeFiles/rmw_microxrcedds.dir/src/callbacks.c.o[0m
[ 78%] [32mBuilding C object CMakeFiles/rmw_microxrcedds.dir/src/rmw_event_callbacks.c.o[0m
[ 80%] [32mBuilding C object CMakeFiles/rmw_microxrcedds.dir/src/rmw_uxrce_transports.c.o[0m
[ 82%] [32mBuilding C object CMakeFiles/rmw_microxrcedds.dir/src/rmw_microros/continous_serialization.c.o[0m
[ 84%] [32mBuilding C object CMakeFiles/rmw_microxrcedds.dir/src/rmw_microros/init_options.c.o[0m
[ 86%] [32mBuilding C object CMakeFiles/rmw_microxrcedds.dir/src/rmw_microros/time_sync.c.o[0m
[ 89%] [32mBuilding C object CMakeFiles/rmw_microxrcedds.dir/src/rmw_microros/ping.c.o[0m
[ 91%] [32mBuilding C object CMakeFiles/rmw_microxrcedds.dir/src/rmw_microros/timing.c.o[0m
[ 93%] [32mBuilding C object CMakeFiles/rmw_microxrcedds.dir/src/rmw_microros/discovery.c.o[0m
[ 95%] [32mBuilding C object CMakeFiles/rmw_microxrcedds.dir/src/rmw_client.c.o[0m
[ 97%] [32mBuilding C object CMakeFiles/rmw_microxrcedds.dir/src/memory.c.o[0m
[100%] [32m[1mLinking C shared library librmw_microxrcedds.so[0m
[100%] Built target rmw_microxrcedds
-- Install configuration: ""
-- Installing: /home/amadorjosephg/CA-Embedded-MiniProject/comet_bot_ws/install/rmw_microxrcedds/share/rmw_microxrcedds/environment/library_path.sh
-- Installing: /home/amadorjosephg/CA-Embedded-MiniProject/comet_bot_ws/install/rmw_microxrcedds/share/rmw_microxrcedds/environment/library_path.dsv
-- Installing: /home/amadorjosephg/CA-Embedded-MiniProject/comet_bot_ws/install/rmw_microxrcedds/share/ament_index/resource_index/rmw_typesupport_c/rmw_microxrcedds
-- Installing: /home/amadorjosephg/CA-Embedded-MiniProject/comet_bot_ws/install/rmw_microxrcedds/share/ament_index/resource_index/rmw_typesupport/rmw_microxrcedds
-- Installing: /home/amadorjosephg/CA-Embedded-MiniProject/comet_bot_ws/install/rmw_microxrcedds/share/ament_index/resource_index/package_run_dependencies/rmw_microxrcedds
-- Installing: /home/amadorjosephg/CA-Embedded-MiniProject/comet_bot_ws/install/rmw_microxrcedds/share/ament_index/resource_index/parent_prefix_path/rmw_microxrcedds
-- Installing: /home/amadorjosephg/CA-Embedded-MiniProject/comet_bot_ws/install/rmw_microxrcedds/share/rmw_microxrcedds/environment/ament_prefix_path.sh
-- Installing: /home/amadorjosephg/CA-Embedded-MiniProject/comet_bot_ws/install/rmw_microxrcedds/share/rmw_microxrcedds/environment/ament_prefix_path.dsv
-- Installing: /home/amadorjosephg/CA-Embedded-MiniProject/comet_bot_ws/install/rmw_microxrcedds/share/rmw_microxrcedds/environment/path.sh
-- Installing: /home/amadorjosephg/CA-Embedded-MiniProject/comet_bot_ws/install/rmw_microxrcedds/share/rmw_microxrcedds/environment/path.dsv
-- Installing: /home/amadorjosephg/CA-Embedded-MiniProject/comet_bot_ws/install/rmw_microxrcedds/share/rmw_microxrcedds/local_setup.bash
-- Installing: /home/amadorjosephg/CA-Embedded-MiniProject/comet_bot_ws/install/rmw_microxrcedds/share/rmw_microxrcedds/local_setup.sh
-- Installing: /home/amadorjosephg/CA-Embedded-MiniProject/comet_bot_ws/install/rmw_microxrcedds/share/rmw_microxrcedds/local_setup.zsh
-- Installing: /home/amadorjosephg/CA-Embedded-MiniProject/comet_bot_ws/install/rmw_microxrcedds/share/rmw_microxrcedds/local_setup.dsv
-- Installing: /home/amadorjosephg/CA-Embedded-MiniProject/comet_bot_ws/install/rmw_microxrcedds/share/rmw_microxrcedds/package.dsv
-- Installing: /home/amadorjosephg/CA-Embedded-MiniProject/comet_bot_ws/install/rmw_microxrcedds/share/ament_index/resource_index/packages/rmw_microxrcedds
-- Installing: /home/amadorjosephg/CA-Embedded-MiniProject/comet_bot_ws/install/rmw_microxrcedds/share/rmw_microxrcedds/cmake/ament_cmake_export_include_directories-extras.cmake
-- Installing: /home/amadorjosephg/CA-Embedded-MiniProject/comet_bot_ws/install/rmw_microxrcedds/share/rmw_microxrcedds/cmake/ament_cmake_export_libraries-extras.cmake
-- Installing: /home/amadorjosephg/CA-Embedded-MiniProject/comet_bot_ws/install/rmw_microxrcedds/share/rmw_microxrcedds/cmake/ament_cmake_export_dependencies-extras.cmake
-- Installing: /home/amadorjosephg/CA-Embedded-MiniProject/comet_bot_ws/install/rmw_microxrcedds/share/rmw_microxrcedds/cmake/rmw_microxrceddsConfig.cmake
-- Installing: /home/amadorjosephg/CA-Embedded-MiniProject/comet_bot_ws/install/rmw_microxrcedds/share/rmw_microxrcedds/cmake/rmw_microxrceddsConfig-version.cmake
-- Installing: /home/amadorjosephg/CA-Embedded-MiniProject/comet_bot_ws/install/rmw_microxrcedds/share/rmw_microxrcedds/package.xml
-- Up-to-date: /home/amadorjosephg/CA-Embedded-MiniProject/comet_bot_ws/install/rmw_microxrcedds/include
-- Installing: /home/amadorjosephg/CA-Embedded-MiniProject/comet_bot_ws/install/rmw_microxrcedds/include/rmw_microros
-- Installing: /home/amadorjosephg/CA-Embedded-MiniProject/comet_bot_ws/install/rmw_microxrcedds/include/rmw_microros/discovery.h
-- Installing: /home/amadorjosephg/CA-Embedded-MiniProject/comet_bot_ws/install/rmw_microxrcedds/include/rmw_microros/ping.h
-- Installing: /home/amadorjosephg/CA-Embedded-MiniProject/comet_bot_ws/install/rmw_microxrcedds/include/rmw_microros/rmw_microros.h
-- Installing: /home/amadorjosephg/CA-Embedded-MiniProject/comet_bot_ws/install/rmw_microxrcedds/include/rmw_microros/timing.h
-- Installing: /home/amadorjosephg/CA-Embedded-MiniProject/comet_bot_ws/install/rmw_microxrcedds/include/rmw_microros/time_sync.h
-- Installing: /home/amadorjosephg/CA-Embedded-MiniProject/comet_bot_ws/install/rmw_microxrcedds/include/rmw_microros/continous_serialization.h
-- Installing: /home/amadorjosephg/CA-Embedded-MiniProject/comet_bot_ws/install/rmw_microxrcedds/include/rmw_microros/custom_transport.h
-- Installing: /home/amadorjosephg/CA-Embedded-MiniProject/comet_bot_ws/install/rmw_microxrcedds/include/rmw_microros/init_options.h
-- Installing: /home/amadorjosephg/CA-Embedded-MiniProject/comet_bot_ws/install/rmw_microxrcedds/include/rmw_microros/error_handling.h
-- Installing: /home/amadorjosephg/CA-Embedded-MiniProject/comet_bot_ws/install/rmw_microxrcedds/include/rmw_microxrcedds_c
-- Installing: /home/amadorjosephg/CA-Embedded-MiniProject/comet_bot_ws/install/rmw_microxrcedds/include/rmw_microxrcedds_c/rmw_c_macros.h
-- Installing: /home/amadorjosephg/CA-Embedded-MiniProject/comet_bot_ws/install/rmw_microxrcedds/include/rmw_microxrcedds_c/config.h
-- Installing: /home/amadorjosephg/CA-Embedded-MiniProject/comet_bot_ws/install/rmw_microxrcedds/lib/librmw_microxrcedds.so
-- Set runtime path of "/home/amadorjosephg/CA-Embedded-MiniProject/comet_bot_ws/install/rmw_microxrcedds/lib/librmw_microxrcedds.so" to ""
