[0.735s] Invoking command in '/home/amadorjosephg/CA-Embedded-MiniProject/comet_bot_ws/build/stereo_msgs': AMENT_PREFIX_PATH=/home/amadorjosephg/CA-Embedded-MiniProject/comet_bot_ws/install/sensor_msgs:/home/amadorjosephg/CA-Embedded-MiniProject/comet_bot_ws/install/geometry_msgs:/home/amadorjosephg/CA-Embedded-MiniProject/comet_bot_ws/install/std_msgs:/home/amadorjosephg/CA-Embedded-MiniProject/comet_bot_ws/install/builtin_interfaces:${AMENT_PREFIX_PATH} CMAKE_PREFIX_PATH=/home/amadorjosephg/CA-Embedded-MiniProject/comet_bot_ws/install/sensor_msgs:/home/amadorjosephg/CA-Embedded-MiniProject/comet_bot_ws/install/geometry_msgs:/home/amadorjosephg/CA-Embedded-MiniProject/comet_bot_ws/install/std_msgs:/home/amadorjosephg/CA-Embedded-MiniProject/comet_bot_ws/install/builtin_interfaces:/home/amadorjosephg/CA-Embedded-MiniProject/comet_bot_ws/install/rosidl_typesupport_microxrcedds_cpp:/home/amadorjosephg/CA-Embedded-MiniProject/comet_bot_ws/install/rosidl_typesupport_microxrcedds_c:/home/amadorjosephg/CA-Embedded-MiniProject/comet_bot_ws/install/microcdr:/home/amadorjosephg/CA-Embedded-MiniProject/comet_bot_ws/install/micro_ros_setup:/home/amadorjosephg/CA-Embedded-MiniProject/comet_bot_ws/install/micro_ros_agent:/home/amadorjosephg/CA-Embedded-MiniProject/comet_bot_ws/install/micro_ros_msgs:/home/amadorjosephg/CA-Embedded-MiniProject/comet_bot_ws/install/lunabot_control:/home/amadorjosephg/CA-Embedded-MiniProject/comet_bot_ws/install/jetson_topic_relay:/opt/ros/humble LD_LIBRARY_PATH=/home/amadorjosephg/CA-Embedded-MiniProject/comet_bot_ws/install/sensor_msgs/lib:/home/amadorjosephg/CA-Embedded-MiniProject/comet_bot_ws/install/geometry_msgs/lib:/home/amadorjosephg/CA-Embedded-MiniProject/comet_bot_ws/install/std_msgs/lib:/home/amadorjosephg/CA-Embedded-MiniProject/comet_bot_ws/install/builtin_interfaces/lib:${LD_LIBRARY_PATH} PYTHONPATH=/home/amadorjosephg/CA-Embedded-MiniProject/comet_bot_ws/install/sensor_msgs/local/lib/python3.10/dist-packages:/home/amadorjosephg/CA-Embedded-MiniProject/comet_bot_ws/install/geometry_msgs/local/lib/python3.10/dist-packages:/home/amadorjosephg/CA-Embedded-MiniProject/comet_bot_ws/install/std_msgs/local/lib/python3.10/dist-packages:/home/amadorjosephg/CA-Embedded-MiniProject/comet_bot_ws/install/builtin_interfaces/local/lib/python3.10/dist-packages:${PYTHONPATH} /usr/bin/cmake /home/amadorjosephg/CA-Embedded-MiniProject/comet_bot_ws/src/ros2/common_interfaces/stereo_msgs -DBUILD_TESTING=OFF -DBUILD_SHARED_LIBS=ON -DCMAKE_INSTALL_PREFIX=/home/amadorjosephg/CA-Embedded-MiniProject/comet_bot_ws/install/stereo_msgs
[0.821s] -- The C compiler identification is GNU 11.4.0
[0.901s] -- The CXX compiler identification is GNU 11.4.0
[0.915s] -- Detecting C compiler ABI info
[1.219s] -- Detecting C compiler ABI info - done
[1.231s] -- Check for working C compiler: /usr/bin/cc - skipped
[1.231s] -- Detecting C compile features
[1.232s] -- Detecting C compile features - done
[1.236s] -- Detecting CXX compiler ABI info
[1.677s] -- Detecting CXX compiler ABI info - done
[1.685s] -- Check for working CXX compiler: /usr/bin/c++ - skipped
[1.697s] -- Detecting CXX compile features
[1.697s] -- Detecting CXX compile features - done
[1.727s] -- Found ament_cmake: 1.3.9 (/opt/ros/humble/share/ament_cmake/cmake)
[1.905s] -- Found Python3: /usr/bin/python3 (found version "3.10.12") found components: Interpreter 
[2.050s] -- Found rosidl_default_generators: 1.2.0 (/opt/ros/humble/share/rosidl_default_generators/cmake)
[2.056s] -- Using all available rosidl_typesupport_c: rosidl_typesupport_microxrcedds_c;rosidl_typesupport_fastrtps_c;rosidl_typesupport_introspection_c
[2.137s] -- Found rosidl_adapter: 3.1.5 (/opt/ros/humble/share/rosidl_adapter/cmake)
[2.212s] -- Using all available rosidl_typesupport_cpp: rosidl_typesupport_microxrcedds_cpp;rosidl_typesupport_fastrtps_cpp;rosidl_typesupport_introspection_cpp
[2.265s] -- Found sensor_msgs: 4.2.4 (/home/amadorjosephg/CA-Embedded-MiniProject/comet_bot_ws/install/sensor_msgs/share/sensor_msgs/cmake)
[3.008s] -- Found ament_cmake_ros: 0.10.0 (/opt/ros/humble/share/ament_cmake_ros/cmake)
[3.468s] -- Using all available rosidl_typesupport_c: rosidl_typesupport_microxrcedds_c;rosidl_typesupport_fastrtps_c;rosidl_typesupport_introspection_c
[4.101s] -- Using all available rosidl_typesupport_cpp: rosidl_typesupport_microxrcedds_cpp;rosidl_typesupport_fastrtps_cpp;rosidl_typesupport_introspection_cpp
[4.191s] -- Found PythonInterp: /usr/bin/python3 (found suitable version "3.10.12", minimum required is "3.6") 
[4.192s] -- Found python_cmake_module: 0.10.0 (/opt/ros/humble/share/python_cmake_module/cmake)
[4.227s] -- Found PythonLibs: /usr/lib/x86_64-linux-gnu/libpython3.10.so (found suitable version "3.10.12", minimum required is "3.5") 
[4.227s] -- Using PYTHON_EXECUTABLE: /usr/bin/python3
[4.227s] -- Using PYTHON_INCLUDE_DIRS: /usr/include/python3.10
[4.227s] -- Using PYTHON_LIBRARIES: /usr/lib/x86_64-linux-gnu/libpython3.10.so
[4.300s] -- Found PythonExtra: .so  
[4.420s] -- Configuring done
[4.492s] -- Generating done
[4.496s] -- Build files have been written to: /home/amadorjosephg/CA-Embedded-MiniProject/comet_bot_ws/build/stereo_msgs
[4.543s] Invoked command in '/home/amadorjosephg/CA-Embedded-MiniProject/comet_bot_ws/build/stereo_msgs' returned '0': AMENT_PREFIX_PATH=/home/amadorjosephg/CA-Embedded-MiniProject/comet_bot_ws/install/sensor_msgs:/home/amadorjosephg/CA-Embedded-MiniProject/comet_bot_ws/install/geometry_msgs:/home/amadorjosephg/CA-Embedded-MiniProject/comet_bot_ws/install/std_msgs:/home/amadorjosephg/CA-Embedded-MiniProject/comet_bot_ws/install/builtin_interfaces:${AMENT_PREFIX_PATH} CMAKE_PREFIX_PATH=/home/amadorjosephg/CA-Embedded-MiniProject/comet_bot_ws/install/sensor_msgs:/home/amadorjosephg/CA-Embedded-MiniProject/comet_bot_ws/install/geometry_msgs:/home/amadorjosephg/CA-Embedded-MiniProject/comet_bot_ws/install/std_msgs:/home/amadorjosephg/CA-Embedded-MiniProject/comet_bot_ws/install/builtin_interfaces:/home/amadorjosephg/CA-Embedded-MiniProject/comet_bot_ws/install/rosidl_typesupport_microxrcedds_cpp:/home/amadorjosephg/CA-Embedded-MiniProject/comet_bot_ws/install/rosidl_typesupport_microxrcedds_c:/home/amadorjosephg/CA-Embedded-MiniProject/comet_bot_ws/install/microcdr:/home/amadorjosephg/CA-Embedded-MiniProject/comet_bot_ws/install/micro_ros_setup:/home/amadorjosephg/CA-Embedded-MiniProject/comet_bot_ws/install/micro_ros_agent:/home/amadorjosephg/CA-Embedded-MiniProject/comet_bot_ws/install/micro_ros_msgs:/home/amadorjosephg/CA-Embedded-MiniProject/comet_bot_ws/install/lunabot_control:/home/amadorjosephg/CA-Embedded-MiniProject/comet_bot_ws/install/jetson_topic_relay:/opt/ros/humble LD_LIBRARY_PATH=/home/amadorjosephg/CA-Embedded-MiniProject/comet_bot_ws/install/sensor_msgs/lib:/home/amadorjosephg/CA-Embedded-MiniProject/comet_bot_ws/install/geometry_msgs/lib:/home/amadorjosephg/CA-Embedded-MiniProject/comet_bot_ws/install/std_msgs/lib:/home/amadorjosephg/CA-Embedded-MiniProject/comet_bot_ws/install/builtin_interfaces/lib:${LD_LIBRARY_PATH} PYTHONPATH=/home/amadorjosephg/CA-Embedded-MiniProject/comet_bot_ws/install/sensor_msgs/local/lib/python3.10/dist-packages:/home/amadorjosephg/CA-Embedded-MiniProject/comet_bot_ws/install/geometry_msgs/local/lib/python3.10/dist-packages:/home/amadorjosephg/CA-Embedded-MiniProject/comet_bot_ws/install/std_msgs/local/lib/python3.10/dist-packages:/home/amadorjosephg/CA-Embedded-MiniProject/comet_bot_ws/install/builtin_interfaces/local/lib/python3.10/dist-packages:${PYTHONPATH} /usr/bin/cmake /home/amadorjosephg/CA-Embedded-MiniProject/comet_bot_ws/src/ros2/common_interfaces/stereo_msgs -DBUILD_TESTING=OFF -DBUILD_SHARED_LIBS=ON -DCMAKE_INSTALL_PREFIX=/home/amadorjosephg/CA-Embedded-MiniProject/comet_bot_ws/install/stereo_msgs
[4.543s] Invoking command in '/home/amadorjosephg/CA-Embedded-MiniProject/comet_bot_ws/build/stereo_msgs': AMENT_PREFIX_PATH=/home/amadorjosephg/CA-Embedded-MiniProject/comet_bot_ws/install/sensor_msgs:/home/amadorjosephg/CA-Embedded-MiniProject/comet_bot_ws/install/geometry_msgs:/home/amadorjosephg/CA-Embedded-MiniProject/comet_bot_ws/install/std_msgs:/home/amadorjosephg/CA-Embedded-MiniProject/comet_bot_ws/install/builtin_interfaces:${AMENT_PREFIX_PATH} CMAKE_PREFIX_PATH=/home/amadorjosephg/CA-Embedded-MiniProject/comet_bot_ws/install/sensor_msgs:/home/amadorjosephg/CA-Embedded-MiniProject/comet_bot_ws/install/geometry_msgs:/home/amadorjosephg/CA-Embedded-MiniProject/comet_bot_ws/install/std_msgs:/home/amadorjosephg/CA-Embedded-MiniProject/comet_bot_ws/install/builtin_interfaces:/home/amadorjosephg/CA-Embedded-MiniProject/comet_bot_ws/install/rosidl_typesupport_microxrcedds_cpp:/home/amadorjosephg/CA-Embedded-MiniProject/comet_bot_ws/install/rosidl_typesupport_microxrcedds_c:/home/amadorjosephg/CA-Embedded-MiniProject/comet_bot_ws/install/microcdr:/home/amadorjosephg/CA-Embedded-MiniProject/comet_bot_ws/install/micro_ros_setup:/home/amadorjosephg/CA-Embedded-MiniProject/comet_bot_ws/install/micro_ros_agent:/home/amadorjosephg/CA-Embedded-MiniProject/comet_bot_ws/install/micro_ros_msgs:/home/amadorjosephg/CA-Embedded-MiniProject/comet_bot_ws/install/lunabot_control:/home/amadorjosephg/CA-Embedded-MiniProject/comet_bot_ws/install/jetson_topic_relay:/opt/ros/humble LD_LIBRARY_PATH=/home/amadorjosephg/CA-Embedded-MiniProject/comet_bot_ws/install/sensor_msgs/lib:/home/amadorjosephg/CA-Embedded-MiniProject/comet_bot_ws/install/geometry_msgs/lib:/home/amadorjosephg/CA-Embedded-MiniProject/comet_bot_ws/install/std_msgs/lib:/home/amadorjosephg/CA-Embedded-MiniProject/comet_bot_ws/install/builtin_interfaces/lib:${LD_LIBRARY_PATH} PYTHONPATH=/home/amadorjosephg/CA-Embedded-MiniProject/comet_bot_ws/install/sensor_msgs/local/lib/python3.10/dist-packages:/home/amadorjosephg/CA-Embedded-MiniProject/comet_bot_ws/install/geometry_msgs/local/lib/python3.10/dist-packages:/home/amadorjosephg/CA-Embedded-MiniProject/comet_bot_ws/install/std_msgs/local/lib/python3.10/dist-packages:/home/amadorjosephg/CA-Embedded-MiniProject/comet_bot_ws/install/builtin_interfaces/local/lib/python3.10/dist-packages:${PYTHONPATH} /usr/bin/cmake --build /home/amadorjosephg/CA-Embedded-MiniProject/comet_bot_ws/build/stereo_msgs -- -j4 -l4
[4.609s] [  2%] [34m[1mGenerating C code for ROS interfaces[0m
[4.659s] [  2%] Built target ament_cmake_python_copy_stereo_msgs
[5.018s] [  5%] [34m[1mGenerating C++ code for ROS interfaces[0m
[5.391s] running egg_info
[5.393s] creating stereo_msgs.egg-info
[5.393s] writing stereo_msgs.egg-info/PKG-INFO
[5.394s] writing dependency_links to stereo_msgs.egg-info/dependency_links.txt
[5.394s] writing top-level names to stereo_msgs.egg-info/top_level.txt
[5.394s] writing manifest file 'stereo_msgs.egg-info/SOURCES.txt'
[5.397s] reading manifest file 'stereo_msgs.egg-info/SOURCES.txt'
[5.398s] writing manifest file 'stereo_msgs.egg-info/SOURCES.txt'
[5.465s] [  5%] Built target ament_cmake_python_build_stereo_msgs_egg
[5.481s] [  5%] Built target stereo_msgs__cpp
[5.510s] [  7%] [34m[1mGenerating C++ type support dispatch for ROS interfaces[0m
[5.612s] [ 10%] [34m[1mGenerating C++ type support for eProsima Fast-RTPS[0m
[5.624s] [ 12%] [34m[1mGenerating C++ type support for eProsima Micro XRCE-DDS[0m
[5.630s] [ 15%] [32mBuilding C object CMakeFiles/stereo_msgs__rosidl_generator_c.dir/rosidl_generator_c/stereo_msgs/msg/detail/disparity_image__functions.c.o[0m
[6.056s] [ 17%] [32mBuilding CXX object CMakeFiles/stereo_msgs__rosidl_typesupport_fastrtps_cpp.dir/rosidl_typesupport_fastrtps_cpp/stereo_msgs/msg/detail/dds_fastrtps/disparity_image__type_support.cpp.o[0m
[6.260s] [ 20%] [32mBuilding CXX object CMakeFiles/stereo_msgs__rosidl_typesupport_microxrcedds_cpp.dir/rosidl_typesupport_microxrcedds_cpp/stereo_msgs/msg/detail/microxrcedds/disparity_image__type_support_cpp.cpp.o[0m
[6.283s] [ 23%] [32m[1mLinking C shared library libstereo_msgs__rosidl_generator_c.so[0m
[6.335s] [ 25%] [32mBuilding CXX object CMakeFiles/stereo_msgs__rosidl_typesupport_cpp.dir/rosidl_typesupport_cpp/stereo_msgs/msg/disparity_image__type_support.cpp.o[0m
[6.632s] [ 28%] [32m[1mLinking CXX shared library libstereo_msgs__rosidl_typesupport_fastrtps_cpp.so[0m
[6.661s] [ 28%] Built target stereo_msgs__rosidl_generator_c
[6.677s] [ 30%] [34m[1mGenerating C++ introspection for ROS interfaces[0m
[6.766s] [ 33%] [32m[1mLinking CXX shared library libstereo_msgs__rosidl_typesupport_microxrcedds_cpp.so[0m
[6.861s] [ 35%] [32m[1mLinking CXX shared library libstereo_msgs__rosidl_typesupport_cpp.so[0m
[6.962s] [ 35%] Built target stereo_msgs__rosidl_typesupport_fastrtps_cpp
[6.970s] [ 35%] Built target stereo_msgs__rosidl_typesupport_microxrcedds_cpp
[6.979s] [ 38%] [34m[1mGenerating C type support for eProsima Micro XRCE-DDS[0m
[7.135s] [ 41%] [34m[1mGenerating C type support for eProsima Fast-RTPS[0m
[7.148s] [ 41%] Built target stereo_msgs__rosidl_typesupport_cpp
[7.193s] [ 43%] [34m[1mGenerating C introspection for ROS interfaces[0m
[7.456s] [ 46%] [32mBuilding CXX object CMakeFiles/stereo_msgs__rosidl_typesupport_introspection_cpp.dir/rosidl_typesupport_introspection_cpp/stereo_msgs/msg/detail/disparity_image__type_support.cpp.o[0m
[7.512s] [ 48%] [32mBuilding C object CMakeFiles/stereo_msgs__rosidl_typesupport_microxrcedds_c.dir/rosidl_typesupport_microxrcedds_c/stereo_msgs/msg/detail/microxrcedds/disparity_image__type_support_c.c.o[0m
[7.638s] [ 51%] [32mBuilding CXX object CMakeFiles/stereo_msgs__rosidl_typesupport_fastrtps_c.dir/rosidl_typesupport_fastrtps_c/stereo_msgs/msg/detail/disparity_image__type_support_c.cpp.o[0m
[7.769s] [ 53%] [32m[1mLinking C shared library libstereo_msgs__rosidl_typesupport_microxrcedds_c.so[0m
[7.853s] [ 53%] Built target stereo_msgs__rosidl_typesupport_microxrcedds_c
[7.877s] [ 56%] [34m[1mGenerating C type support dispatch for ROS interfaces[0m
[8.294s] [ 58%] [32mBuilding C object CMakeFiles/stereo_msgs__rosidl_typesupport_introspection_c.dir/rosidl_typesupport_introspection_c/stereo_msgs/msg/detail/disparity_image__type_support.c.o[0m
[8.315s] [ 61%] [32m[1mLinking CXX shared library libstereo_msgs__rosidl_typesupport_fastrtps_c.so[0m
[8.374s] [ 64%] [32m[1mLinking C shared library libstereo_msgs__rosidl_typesupport_introspection_c.so[0m
[8.533s] [ 64%] Built target stereo_msgs__rosidl_typesupport_fastrtps_c
[8.536s] [ 66%] [32mBuilding CXX object CMakeFiles/stereo_msgs__rosidl_typesupport_c.dir/rosidl_typesupport_c/stereo_msgs/msg/disparity_image__type_support.cpp.o[0m
[8.556s] [ 69%] [32m[1mLinking CXX shared library libstereo_msgs__rosidl_typesupport_introspection_cpp.so[0m
[8.617s] [ 69%] Built target stereo_msgs__rosidl_typesupport_introspection_c
[8.721s] [ 71%] [32m[1mLinking CXX shared library libstereo_msgs__rosidl_typesupport_c.so[0m
[8.790s] [ 71%] Built target stereo_msgs__rosidl_typesupport_c
[8.794s] [ 71%] Built target stereo_msgs__rosidl_typesupport_introspection_cpp
[9.181s] [ 71%] Built target stereo_msgs
[9.361s] [ 74%] [34m[1mGenerating Python code for ROS interfaces[0m
[10.169s] [ 74%] Built target stereo_msgs__py
[10.220s] [ 76%] [32mBuilding C object CMakeFiles/stereo_msgs__rosidl_generator_py.dir/rosidl_generator_py/stereo_msgs/msg/_disparity_image_s.c.o[0m
[10.369s] [ 79%] [32m[1mLinking C shared library rosidl_generator_py/stereo_msgs/libstereo_msgs__rosidl_generator_py.so[0m
[10.474s] [ 79%] Built target stereo_msgs__rosidl_generator_py
[10.610s] [ 82%] [32mBuilding C object CMakeFiles/stereo_msgs__rosidl_typesupport_introspection_c__pyext.dir/rosidl_generator_py/stereo_msgs/_stereo_msgs_s.ep.rosidl_typesupport_introspection_c.c.o[0m
[10.733s] [ 84%] [32mBuilding C object CMakeFiles/stereo_msgs__rosidl_typesupport_microxrcedds_c__pyext.dir/rosidl_generator_py/stereo_msgs/_stereo_msgs_s.ep.rosidl_typesupport_microxrcedds_c.c.o[0m
[10.759s] [ 87%] [32m[1mLinking C shared library rosidl_generator_py/stereo_msgs/stereo_msgs_s__rosidl_typesupport_introspection_c.cpython-310-x86_64-linux-gnu.so[0m
[10.861s] [ 89%] [32mBuilding C object CMakeFiles/stereo_msgs__rosidl_typesupport_fastrtps_c__pyext.dir/rosidl_generator_py/stereo_msgs/_stereo_msgs_s.ep.rosidl_typesupport_fastrtps_c.c.o[0m
[11.091s] [ 89%] Built target stereo_msgs__rosidl_typesupport_introspection_c__pyext
[11.115s] [ 92%] [32m[1mLinking C shared library rosidl_generator_py/stereo_msgs/stereo_msgs_s__rosidl_typesupport_microxrcedds_c.cpython-310-x86_64-linux-gnu.so[0m
[11.179s] [ 94%] [32m[1mLinking C shared library rosidl_generator_py/stereo_msgs/stereo_msgs_s__rosidl_typesupport_fastrtps_c.cpython-310-x86_64-linux-gnu.so[0m
[11.228s] [ 94%] Built target stereo_msgs__rosidl_typesupport_microxrcedds_c__pyext
[11.286s] [ 97%] [32mBuilding C object CMakeFiles/stereo_msgs__rosidl_typesupport_c__pyext.dir/rosidl_generator_py/stereo_msgs/_stereo_msgs_s.ep.rosidl_typesupport_c.c.o[0m
[11.349s] [ 97%] Built target stereo_msgs__rosidl_typesupport_fastrtps_c__pyext
[11.540s] [100%] [32m[1mLinking C shared library rosidl_generator_py/stereo_msgs/stereo_msgs_s__rosidl_typesupport_c.cpython-310-x86_64-linux-gnu.so[0m
[11.615s] [100%] Built target stereo_msgs__rosidl_typesupport_c__pyext
[11.633s] Invoked command in '/home/amadorjosephg/CA-Embedded-MiniProject/comet_bot_ws/build/stereo_msgs' returned '0': AMENT_PREFIX_PATH=/home/amadorjosephg/CA-Embedded-MiniProject/comet_bot_ws/install/sensor_msgs:/home/amadorjosephg/CA-Embedded-MiniProject/comet_bot_ws/install/geometry_msgs:/home/amadorjosephg/CA-Embedded-MiniProject/comet_bot_ws/install/std_msgs:/home/amadorjosephg/CA-Embedded-MiniProject/comet_bot_ws/install/builtin_interfaces:${AMENT_PREFIX_PATH} CMAKE_PREFIX_PATH=/home/amadorjosephg/CA-Embedded-MiniProject/comet_bot_ws/install/sensor_msgs:/home/amadorjosephg/CA-Embedded-MiniProject/comet_bot_ws/install/geometry_msgs:/home/amadorjosephg/CA-Embedded-MiniProject/comet_bot_ws/install/std_msgs:/home/amadorjosephg/CA-Embedded-MiniProject/comet_bot_ws/install/builtin_interfaces:/home/amadorjosephg/CA-Embedded-MiniProject/comet_bot_ws/install/rosidl_typesupport_microxrcedds_cpp:/home/amadorjosephg/CA-Embedded-MiniProject/comet_bot_ws/install/rosidl_typesupport_microxrcedds_c:/home/amadorjosephg/CA-Embedded-MiniProject/comet_bot_ws/install/microcdr:/home/amadorjosephg/CA-Embedded-MiniProject/comet_bot_ws/install/micro_ros_setup:/home/amadorjosephg/CA-Embedded-MiniProject/comet_bot_ws/install/micro_ros_agent:/home/amadorjosephg/CA-Embedded-MiniProject/comet_bot_ws/install/micro_ros_msgs:/home/amadorjosephg/CA-Embedded-MiniProject/comet_bot_ws/install/lunabot_control:/home/amadorjosephg/CA-Embedded-MiniProject/comet_bot_ws/install/jetson_topic_relay:/opt/ros/humble LD_LIBRARY_PATH=/home/amadorjosephg/CA-Embedded-MiniProject/comet_bot_ws/install/sensor_msgs/lib:/home/amadorjosephg/CA-Embedded-MiniProject/comet_bot_ws/install/geometry_msgs/lib:/home/amadorjosephg/CA-Embedded-MiniProject/comet_bot_ws/install/std_msgs/lib:/home/amadorjosephg/CA-Embedded-MiniProject/comet_bot_ws/install/builtin_interfaces/lib:${LD_LIBRARY_PATH} PYTHONPATH=/home/amadorjosephg/CA-Embedded-MiniProject/comet_bot_ws/install/sensor_msgs/local/lib/python3.10/dist-packages:/home/amadorjosephg/CA-Embedded-MiniProject/comet_bot_ws/install/geometry_msgs/local/lib/python3.10/dist-packages:/home/amadorjosephg/CA-Embedded-MiniProject/comet_bot_ws/install/std_msgs/local/lib/python3.10/dist-packages:/home/amadorjosephg/CA-Embedded-MiniProject/comet_bot_ws/install/builtin_interfaces/local/lib/python3.10/dist-packages:${PYTHONPATH} /usr/bin/cmake --build /home/amadorjosephg/CA-Embedded-MiniProject/comet_bot_ws/build/stereo_msgs -- -j4 -l4
[12.363s] Invoking command in '/home/amadorjosephg/CA-Embedded-MiniProject/comet_bot_ws/build/stereo_msgs': AMENT_PREFIX_PATH=/home/amadorjosephg/CA-Embedded-MiniProject/comet_bot_ws/install/sensor_msgs:/home/amadorjosephg/CA-Embedded-MiniProject/comet_bot_ws/install/geometry_msgs:/home/amadorjosephg/CA-Embedded-MiniProject/comet_bot_ws/install/std_msgs:/home/amadorjosephg/CA-Embedded-MiniProject/comet_bot_ws/install/builtin_interfaces:${AMENT_PREFIX_PATH} CMAKE_PREFIX_PATH=/home/amadorjosephg/CA-Embedded-MiniProject/comet_bot_ws/install/sensor_msgs:/home/amadorjosephg/CA-Embedded-MiniProject/comet_bot_ws/install/geometry_msgs:/home/amadorjosephg/CA-Embedded-MiniProject/comet_bot_ws/install/std_msgs:/home/amadorjosephg/CA-Embedded-MiniProject/comet_bot_ws/install/builtin_interfaces:/home/amadorjosephg/CA-Embedded-MiniProject/comet_bot_ws/install/rosidl_typesupport_microxrcedds_cpp:/home/amadorjosephg/CA-Embedded-MiniProject/comet_bot_ws/install/rosidl_typesupport_microxrcedds_c:/home/amadorjosephg/CA-Embedded-MiniProject/comet_bot_ws/install/microcdr:/home/amadorjosephg/CA-Embedded-MiniProject/comet_bot_ws/install/micro_ros_setup:/home/amadorjosephg/CA-Embedded-MiniProject/comet_bot_ws/install/micro_ros_agent:/home/amadorjosephg/CA-Embedded-MiniProject/comet_bot_ws/install/micro_ros_msgs:/home/amadorjosephg/CA-Embedded-MiniProject/comet_bot_ws/install/lunabot_control:/home/amadorjosephg/CA-Embedded-MiniProject/comet_bot_ws/install/jetson_topic_relay:/opt/ros/humble LD_LIBRARY_PATH=/home/amadorjosephg/CA-Embedded-MiniProject/comet_bot_ws/install/sensor_msgs/lib:/home/amadorjosephg/CA-Embedded-MiniProject/comet_bot_ws/install/geometry_msgs/lib:/home/amadorjosephg/CA-Embedded-MiniProject/comet_bot_ws/install/std_msgs/lib:/home/amadorjosephg/CA-Embedded-MiniProject/comet_bot_ws/install/builtin_interfaces/lib:${LD_LIBRARY_PATH} PYTHONPATH=/home/amadorjosephg/CA-Embedded-MiniProject/comet_bot_ws/install/sensor_msgs/local/lib/python3.10/dist-packages:/home/amadorjosephg/CA-Embedded-MiniProject/comet_bot_ws/install/geometry_msgs/local/lib/python3.10/dist-packages:/home/amadorjosephg/CA-Embedded-MiniProject/comet_bot_ws/install/std_msgs/local/lib/python3.10/dist-packages:/home/amadorjosephg/CA-Embedded-MiniProject/comet_bot_ws/install/builtin_interfaces/local/lib/python3.10/dist-packages:${PYTHONPATH} /usr/bin/cmake --install /home/amadorjosephg/CA-Embedded-MiniProject/comet_bot_ws/build/stereo_msgs
[12.382s] -- Install configuration: ""
[12.383s] -- Installing: /home/amadorjosephg/CA-Embedded-MiniProject/comet_bot_ws/install/stereo_msgs/share/ament_index/resource_index/rosidl_interfaces/stereo_msgs
[12.383s] -- Installing: /home/amadorjosephg/CA-Embedded-MiniProject/comet_bot_ws/install/stereo_msgs/include/stereo_msgs/stereo_msgs
[12.383s] -- Installing: /home/amadorjosephg/CA-Embedded-MiniProject/comet_bot_ws/install/stereo_msgs/include/stereo_msgs/stereo_msgs/msg
[12.384s] -- Installing: /home/amadorjosephg/CA-Embedded-MiniProject/comet_bot_ws/install/stereo_msgs/include/stereo_msgs/stereo_msgs/msg/rosidl_generator_c__visibility_control.h
[12.384s] -- Installing: /home/amadorjosephg/CA-Embedded-MiniProject/comet_bot_ws/install/stereo_msgs/include/stereo_msgs/stereo_msgs/msg/detail
[12.385s] -- Installing: /home/amadorjosephg/CA-Embedded-MiniProject/comet_bot_ws/install/stereo_msgs/include/stereo_msgs/stereo_msgs/msg/detail/disparity_image__functions.c
[12.385s] -- Installing: /home/amadorjosephg/CA-Embedded-MiniProject/comet_bot_ws/install/stereo_msgs/include/stereo_msgs/stereo_msgs/msg/detail/disparity_image__type_support.h
[12.386s] -- Installing: /home/amadorjosephg/CA-Embedded-MiniProject/comet_bot_ws/install/stereo_msgs/include/stereo_msgs/stereo_msgs/msg/detail/disparity_image__struct.h
[12.386s] -- Installing: /home/amadorjosephg/CA-Embedded-MiniProject/comet_bot_ws/install/stereo_msgs/include/stereo_msgs/stereo_msgs/msg/detail/disparity_image__functions.h
[12.387s] -- Installing: /home/amadorjosephg/CA-Embedded-MiniProject/comet_bot_ws/install/stereo_msgs/include/stereo_msgs/stereo_msgs/msg/disparity_image.h
[12.388s] -- Installing: /home/amadorjosephg/CA-Embedded-MiniProject/comet_bot_ws/install/stereo_msgs/share/stereo_msgs/environment/library_path.sh
[12.396s] -- Installing: /home/amadorjosephg/CA-Embedded-MiniProject/comet_bot_ws/install/stereo_msgs/share/stereo_msgs/environment/library_path.dsv
[12.400s] -- Installing: /home/amadorjosephg/CA-Embedded-MiniProject/comet_bot_ws/install/stereo_msgs/lib/libstereo_msgs__rosidl_generator_c.so
[12.401s] -- Set runtime path of "/home/amadorjosephg/CA-Embedded-MiniProject/comet_bot_ws/install/stereo_msgs/lib/libstereo_msgs__rosidl_generator_c.so" to ""
[12.401s] -- Up-to-date: /home/amadorjosephg/CA-Embedded-MiniProject/comet_bot_ws/install/stereo_msgs/include/stereo_msgs
[12.401s] -- Installing: /home/amadorjosephg/CA-Embedded-MiniProject/comet_bot_ws/install/stereo_msgs/include/stereo_msgs/msg
[12.401s] -- Installing: /home/amadorjosephg/CA-Embedded-MiniProject/comet_bot_ws/install/stereo_msgs/include/stereo_msgs/msg/detail
[12.402s] -- Installing: /home/amadorjosephg/CA-Embedded-MiniProject/comet_bot_ws/install/stereo_msgs/include/stereo_msgs/msg/detail/disparity_image__rosidl_typesupport_microxrcedds_c.h
[12.402s] -- Installing: /home/amadorjosephg/CA-Embedded-MiniProject/comet_bot_ws/install/stereo_msgs/include/stereo_msgs/msg/detail/microxrcedds
[12.402s] -- Installing: /home/amadorjosephg/CA-Embedded-MiniProject/comet_bot_ws/install/stereo_msgs/include/stereo_msgs/msg/rosidl_typesupport_microxrcedds_c__visibility_control.h
[12.402s] -- Installing: /home/amadorjosephg/CA-Embedded-MiniProject/comet_bot_ws/install/stereo_msgs/lib/libstereo_msgs__rosidl_typesupport_microxrcedds_c.so
[12.403s] -- Set runtime path of "/home/amadorjosephg/CA-Embedded-MiniProject/comet_bot_ws/install/stereo_msgs/lib/libstereo_msgs__rosidl_typesupport_microxrcedds_c.so" to ""
[12.403s] -- Up-to-date: /home/amadorjosephg/CA-Embedded-MiniProject/comet_bot_ws/install/stereo_msgs/include/stereo_msgs/stereo_msgs
[12.403s] -- Up-to-date: /home/amadorjosephg/CA-Embedded-MiniProject/comet_bot_ws/install/stereo_msgs/include/stereo_msgs/stereo_msgs/msg
[12.404s] -- Up-to-date: /home/amadorjosephg/CA-Embedded-MiniProject/comet_bot_ws/install/stereo_msgs/include/stereo_msgs/stereo_msgs/msg/detail
[12.404s] -- Installing: /home/amadorjosephg/CA-Embedded-MiniProject/comet_bot_ws/install/stereo_msgs/include/stereo_msgs/stereo_msgs/msg/detail/disparity_image__rosidl_typesupport_fastrtps_c.h
[12.404s] -- Installing: /home/amadorjosephg/CA-Embedded-MiniProject/comet_bot_ws/install/stereo_msgs/include/stereo_msgs/stereo_msgs/msg/rosidl_typesupport_fastrtps_c__visibility_control.h
[12.404s] -- Installing: /home/amadorjosephg/CA-Embedded-MiniProject/comet_bot_ws/install/stereo_msgs/lib/libstereo_msgs__rosidl_typesupport_fastrtps_c.so
[12.405s] -- Set runtime path of "/home/amadorjosephg/CA-Embedded-MiniProject/comet_bot_ws/install/stereo_msgs/lib/libstereo_msgs__rosidl_typesupport_fastrtps_c.so" to ""
[12.405s] -- Up-to-date: /home/amadorjosephg/CA-Embedded-MiniProject/comet_bot_ws/install/stereo_msgs/include/stereo_msgs/stereo_msgs
[12.405s] -- Up-to-date: /home/amadorjosephg/CA-Embedded-MiniProject/comet_bot_ws/install/stereo_msgs/include/stereo_msgs/stereo_msgs/msg
[12.406s] -- Installing: /home/amadorjosephg/CA-Embedded-MiniProject/comet_bot_ws/install/stereo_msgs/include/stereo_msgs/stereo_msgs/msg/rosidl_typesupport_introspection_c__visibility_control.h
[12.406s] -- Up-to-date: /home/amadorjosephg/CA-Embedded-MiniProject/comet_bot_ws/install/stereo_msgs/include/stereo_msgs/stereo_msgs/msg/detail
[12.407s] -- Installing: /home/amadorjosephg/CA-Embedded-MiniProject/comet_bot_ws/install/stereo_msgs/include/stereo_msgs/stereo_msgs/msg/detail/disparity_image__type_support.c
[12.407s] -- Installing: /home/amadorjosephg/CA-Embedded-MiniProject/comet_bot_ws/install/stereo_msgs/include/stereo_msgs/stereo_msgs/msg/detail/disparity_image__rosidl_typesupport_introspection_c.h
[12.407s] -- Installing: /home/amadorjosephg/CA-Embedded-MiniProject/comet_bot_ws/install/stereo_msgs/lib/libstereo_msgs__rosidl_typesupport_introspection_c.so
[12.408s] -- Set runtime path of "/home/amadorjosephg/CA-Embedded-MiniProject/comet_bot_ws/install/stereo_msgs/lib/libstereo_msgs__rosidl_typesupport_introspection_c.so" to ""
[12.409s] -- Installing: /home/amadorjosephg/CA-Embedded-MiniProject/comet_bot_ws/install/stereo_msgs/lib/libstereo_msgs__rosidl_typesupport_c.so
[12.410s] -- Set runtime path of "/home/amadorjosephg/CA-Embedded-MiniProject/comet_bot_ws/install/stereo_msgs/lib/libstereo_msgs__rosidl_typesupport_c.so" to ""
[12.410s] -- Up-to-date: /home/amadorjosephg/CA-Embedded-MiniProject/comet_bot_ws/install/stereo_msgs/include/stereo_msgs/stereo_msgs
[12.410s] -- Up-to-date: /home/amadorjosephg/CA-Embedded-MiniProject/comet_bot_ws/install/stereo_msgs/include/stereo_msgs/stereo_msgs/msg
[12.410s] -- Up-to-date: /home/amadorjosephg/CA-Embedded-MiniProject/comet_bot_ws/install/stereo_msgs/include/stereo_msgs/stereo_msgs/msg/detail
[12.410s] -- Installing: /home/amadorjosephg/CA-Embedded-MiniProject/comet_bot_ws/install/stereo_msgs/include/stereo_msgs/stereo_msgs/msg/detail/disparity_image__traits.hpp
[12.411s] -- Installing: /home/amadorjosephg/CA-Embedded-MiniProject/comet_bot_ws/install/stereo_msgs/include/stereo_msgs/stereo_msgs/msg/detail/disparity_image__builder.hpp
[12.411s] -- Installing: /home/amadorjosephg/CA-Embedded-MiniProject/comet_bot_ws/install/stereo_msgs/include/stereo_msgs/stereo_msgs/msg/detail/disparity_image__struct.hpp
[12.411s] -- Installing: /home/amadorjosephg/CA-Embedded-MiniProject/comet_bot_ws/install/stereo_msgs/include/stereo_msgs/stereo_msgs/msg/disparity_image.hpp
[12.412s] -- Up-to-date: /home/amadorjosephg/CA-Embedded-MiniProject/comet_bot_ws/install/stereo_msgs/include/stereo_msgs
[12.412s] -- Up-to-date: /home/amadorjosephg/CA-Embedded-MiniProject/comet_bot_ws/install/stereo_msgs/include/stereo_msgs/msg
[12.412s] -- Installing: /home/amadorjosephg/CA-Embedded-MiniProject/comet_bot_ws/install/stereo_msgs/include/stereo_msgs/msg/rosidl_typesupport_microxrcedds_cpp__visibility_control.h
[12.412s] -- Up-to-date: /home/amadorjosephg/CA-Embedded-MiniProject/comet_bot_ws/install/stereo_msgs/include/stereo_msgs/msg/detail
[12.412s] -- Installing: /home/amadorjosephg/CA-Embedded-MiniProject/comet_bot_ws/install/stereo_msgs/include/stereo_msgs/msg/detail/disparity_image__rosidl_typesupport_microxrcedds_cpp.hpp
[12.413s] -- Up-to-date: /home/amadorjosephg/CA-Embedded-MiniProject/comet_bot_ws/install/stereo_msgs/include/stereo_msgs/msg/detail/microxrcedds
[12.413s] -- Installing: /home/amadorjosephg/CA-Embedded-MiniProject/comet_bot_ws/install/stereo_msgs/include/stereo_msgs/msg/detail/microxrcedds/disparity_image__type_support_cpp.cpp
[12.413s] -- Installing: /home/amadorjosephg/CA-Embedded-MiniProject/comet_bot_ws/install/stereo_msgs/lib/libstereo_msgs__rosidl_typesupport_microxrcedds_cpp.so
[12.414s] -- Set runtime path of "/home/amadorjosephg/CA-Embedded-MiniProject/comet_bot_ws/install/stereo_msgs/lib/libstereo_msgs__rosidl_typesupport_microxrcedds_cpp.so" to ""
[12.414s] -- Up-to-date: /home/amadorjosephg/CA-Embedded-MiniProject/comet_bot_ws/install/stereo_msgs/include/stereo_msgs/stereo_msgs
[12.414s] -- Up-to-date: /home/amadorjosephg/CA-Embedded-MiniProject/comet_bot_ws/install/stereo_msgs/include/stereo_msgs/stereo_msgs/msg
[12.414s] -- Up-to-date: /home/amadorjosephg/CA-Embedded-MiniProject/comet_bot_ws/install/stereo_msgs/include/stereo_msgs/stereo_msgs/msg/detail
[12.415s] -- Installing: /home/amadorjosephg/CA-Embedded-MiniProject/comet_bot_ws/install/stereo_msgs/include/stereo_msgs/stereo_msgs/msg/detail/disparity_image__rosidl_typesupport_fastrtps_cpp.hpp
[12.415s] -- Installing: /home/amadorjosephg/CA-Embedded-MiniProject/comet_bot_ws/install/stereo_msgs/include/stereo_msgs/stereo_msgs/msg/detail/dds_fastrtps
[12.415s] -- Installing: /home/amadorjosephg/CA-Embedded-MiniProject/comet_bot_ws/install/stereo_msgs/include/stereo_msgs/stereo_msgs/msg/rosidl_typesupport_fastrtps_cpp__visibility_control.h
[12.415s] -- Installing: /home/amadorjosephg/CA-Embedded-MiniProject/comet_bot_ws/install/stereo_msgs/lib/libstereo_msgs__rosidl_typesupport_fastrtps_cpp.so
[12.416s] -- Set runtime path of "/home/amadorjosephg/CA-Embedded-MiniProject/comet_bot_ws/install/stereo_msgs/lib/libstereo_msgs__rosidl_typesupport_fastrtps_cpp.so" to ""
[12.416s] -- Up-to-date: /home/amadorjosephg/CA-Embedded-MiniProject/comet_bot_ws/install/stereo_msgs/include/stereo_msgs/stereo_msgs
[12.416s] -- Up-to-date: /home/amadorjosephg/CA-Embedded-MiniProject/comet_bot_ws/install/stereo_msgs/include/stereo_msgs/stereo_msgs/msg
[12.417s] -- Up-to-date: /home/amadorjosephg/CA-Embedded-MiniProject/comet_bot_ws/install/stereo_msgs/include/stereo_msgs/stereo_msgs/msg/detail
[12.417s] -- Installing: /home/amadorjosephg/CA-Embedded-MiniProject/comet_bot_ws/install/stereo_msgs/include/stereo_msgs/stereo_msgs/msg/detail/disparity_image__rosidl_typesupport_introspection_cpp.hpp
[12.417s] -- Installing: /home/amadorjosephg/CA-Embedded-MiniProject/comet_bot_ws/install/stereo_msgs/include/stereo_msgs/stereo_msgs/msg/detail/disparity_image__type_support.cpp
[12.418s] -- Installing: /home/amadorjosephg/CA-Embedded-MiniProject/comet_bot_ws/install/stereo_msgs/lib/libstereo_msgs__rosidl_typesupport_introspection_cpp.so
[12.419s] -- Set runtime path of "/home/amadorjosephg/CA-Embedded-MiniProject/comet_bot_ws/install/stereo_msgs/lib/libstereo_msgs__rosidl_typesupport_introspection_cpp.so" to ""
[12.419s] -- Installing: /home/amadorjosephg/CA-Embedded-MiniProject/comet_bot_ws/install/stereo_msgs/lib/libstereo_msgs__rosidl_typesupport_cpp.so
[12.426s] -- Set runtime path of "/home/amadorjosephg/CA-Embedded-MiniProject/comet_bot_ws/install/stereo_msgs/lib/libstereo_msgs__rosidl_typesupport_cpp.so" to ""
[12.426s] -- Installing: /home/amadorjosephg/CA-Embedded-MiniProject/comet_bot_ws/install/stereo_msgs/share/stereo_msgs/environment/pythonpath.sh
[12.426s] -- Installing: /home/amadorjosephg/CA-Embedded-MiniProject/comet_bot_ws/install/stereo_msgs/share/stereo_msgs/environment/pythonpath.dsv
[12.427s] -- Installing: /home/amadorjosephg/CA-Embedded-MiniProject/comet_bot_ws/install/stereo_msgs/local/lib/python3.10/dist-packages/stereo_msgs-4.2.4-py3.10.egg-info
[12.428s] -- Installing: /home/amadorjosephg/CA-Embedded-MiniProject/comet_bot_ws/install/stereo_msgs/local/lib/python3.10/dist-packages/stereo_msgs-4.2.4-py3.10.egg-info/PKG-INFO
[12.428s] -- Installing: /home/amadorjosephg/CA-Embedded-MiniProject/comet_bot_ws/install/stereo_msgs/local/lib/python3.10/dist-packages/stereo_msgs-4.2.4-py3.10.egg-info/dependency_links.txt
[12.428s] -- Installing: /home/amadorjosephg/CA-Embedded-MiniProject/comet_bot_ws/install/stereo_msgs/local/lib/python3.10/dist-packages/stereo_msgs-4.2.4-py3.10.egg-info/top_level.txt
[12.429s] -- Installing: /home/amadorjosephg/CA-Embedded-MiniProject/comet_bot_ws/install/stereo_msgs/local/lib/python3.10/dist-packages/stereo_msgs-4.2.4-py3.10.egg-info/SOURCES.txt
[12.429s] -- Installing: /home/amadorjosephg/CA-Embedded-MiniProject/comet_bot_ws/install/stereo_msgs/local/lib/python3.10/dist-packages/stereo_msgs
[12.429s] -- Installing: /home/amadorjosephg/CA-Embedded-MiniProject/comet_bot_ws/install/stereo_msgs/local/lib/python3.10/dist-packages/stereo_msgs/libstereo_msgs__rosidl_generator_py.so
[12.430s] -- Installing: /home/amadorjosephg/CA-Embedded-MiniProject/comet_bot_ws/install/stereo_msgs/local/lib/python3.10/dist-packages/stereo_msgs/_stereo_msgs_s.ep.rosidl_typesupport_introspection_c.c
[12.430s] -- Installing: /home/amadorjosephg/CA-Embedded-MiniProject/comet_bot_ws/install/stereo_msgs/local/lib/python3.10/dist-packages/stereo_msgs/_stereo_msgs_s.ep.rosidl_typesupport_microxrcedds_c.c
[12.430s] -- Installing: /home/amadorjosephg/CA-Embedded-MiniProject/comet_bot_ws/install/stereo_msgs/local/lib/python3.10/dist-packages/stereo_msgs/stereo_msgs_s__rosidl_typesupport_microxrcedds_c.cpython-310-x86_64-linux-gnu.so
[12.430s] -- Installing: /home/amadorjosephg/CA-Embedded-MiniProject/comet_bot_ws/install/stereo_msgs/local/lib/python3.10/dist-packages/stereo_msgs/_stereo_msgs_s.ep.rosidl_typesupport_c.c
[12.431s] -- Installing: /home/amadorjosephg/CA-Embedded-MiniProject/comet_bot_ws/install/stereo_msgs/local/lib/python3.10/dist-packages/stereo_msgs/_stereo_msgs_s.ep.rosidl_typesupport_fastrtps_c.c
[12.431s] -- Installing: /home/amadorjosephg/CA-Embedded-MiniProject/comet_bot_ws/install/stereo_msgs/local/lib/python3.10/dist-packages/stereo_msgs/__init__.py
[12.431s] -- Installing: /home/amadorjosephg/CA-Embedded-MiniProject/comet_bot_ws/install/stereo_msgs/local/lib/python3.10/dist-packages/stereo_msgs/stereo_msgs_s__rosidl_typesupport_fastrtps_c.cpython-310-x86_64-linux-gnu.so
[12.432s] -- Installing: /home/amadorjosephg/CA-Embedded-MiniProject/comet_bot_ws/install/stereo_msgs/local/lib/python3.10/dist-packages/stereo_msgs/msg
[12.432s] -- Installing: /home/amadorjosephg/CA-Embedded-MiniProject/comet_bot_ws/install/stereo_msgs/local/lib/python3.10/dist-packages/stereo_msgs/msg/_disparity_image.py
[12.432s] -- Installing: /home/amadorjosephg/CA-Embedded-MiniProject/comet_bot_ws/install/stereo_msgs/local/lib/python3.10/dist-packages/stereo_msgs/msg/__init__.py
[12.432s] -- Installing: /home/amadorjosephg/CA-Embedded-MiniProject/comet_bot_ws/install/stereo_msgs/local/lib/python3.10/dist-packages/stereo_msgs/msg/_disparity_image_s.c
[12.433s] -- Installing: /home/amadorjosephg/CA-Embedded-MiniProject/comet_bot_ws/install/stereo_msgs/local/lib/python3.10/dist-packages/stereo_msgs/stereo_msgs_s__rosidl_typesupport_c.cpython-310-x86_64-linux-gnu.so
[12.433s] -- Installing: /home/amadorjosephg/CA-Embedded-MiniProject/comet_bot_ws/install/stereo_msgs/local/lib/python3.10/dist-packages/stereo_msgs/stereo_msgs_s__rosidl_typesupport_introspection_c.cpython-310-x86_64-linux-gnu.so
[12.470s] Listing '/home/amadorjosephg/CA-Embedded-MiniProject/comet_bot_ws/install/stereo_msgs/local/lib/python3.10/dist-packages/stereo_msgs'...
[12.471s] Compiling '/home/amadorjosephg/CA-Embedded-MiniProject/comet_bot_ws/install/stereo_msgs/local/lib/python3.10/dist-packages/stereo_msgs/__init__.py'...
[12.471s] Listing '/home/amadorjosephg/CA-Embedded-MiniProject/comet_bot_ws/install/stereo_msgs/local/lib/python3.10/dist-packages/stereo_msgs/msg'...
[12.471s] Compiling '/home/amadorjosephg/CA-Embedded-MiniProject/comet_bot_ws/install/stereo_msgs/local/lib/python3.10/dist-packages/stereo_msgs/msg/__init__.py'...
[12.471s] Compiling '/home/amadorjosephg/CA-Embedded-MiniProject/comet_bot_ws/install/stereo_msgs/local/lib/python3.10/dist-packages/stereo_msgs/msg/_disparity_image.py'...
[12.476s] -- Installing: /home/amadorjosephg/CA-Embedded-MiniProject/comet_bot_ws/install/stereo_msgs/local/lib/python3.10/dist-packages/stereo_msgs/stereo_msgs_s__rosidl_typesupport_microxrcedds_c.cpython-310-x86_64-linux-gnu.so
[12.477s] -- Set runtime path of "/home/amadorjosephg/CA-Embedded-MiniProject/comet_bot_ws/install/stereo_msgs/local/lib/python3.10/dist-packages/stereo_msgs/stereo_msgs_s__rosidl_typesupport_microxrcedds_c.cpython-310-x86_64-linux-gnu.so" to ""
[12.477s] -- Installing: /home/amadorjosephg/CA-Embedded-MiniProject/comet_bot_ws/install/stereo_msgs/local/lib/python3.10/dist-packages/stereo_msgs/stereo_msgs_s__rosidl_typesupport_fastrtps_c.cpython-310-x86_64-linux-gnu.so
[12.478s] -- Set runtime path of "/home/amadorjosephg/CA-Embedded-MiniProject/comet_bot_ws/install/stereo_msgs/local/lib/python3.10/dist-packages/stereo_msgs/stereo_msgs_s__rosidl_typesupport_fastrtps_c.cpython-310-x86_64-linux-gnu.so" to ""
[12.478s] -- Installing: /home/amadorjosephg/CA-Embedded-MiniProject/comet_bot_ws/install/stereo_msgs/local/lib/python3.10/dist-packages/stereo_msgs/stereo_msgs_s__rosidl_typesupport_introspection_c.cpython-310-x86_64-linux-gnu.so
[12.479s] -- Set runtime path of "/home/amadorjosephg/CA-Embedded-MiniProject/comet_bot_ws/install/stereo_msgs/local/lib/python3.10/dist-packages/stereo_msgs/stereo_msgs_s__rosidl_typesupport_introspection_c.cpython-310-x86_64-linux-gnu.so" to ""
[12.479s] -- Installing: /home/amadorjosephg/CA-Embedded-MiniProject/comet_bot_ws/install/stereo_msgs/local/lib/python3.10/dist-packages/stereo_msgs/stereo_msgs_s__rosidl_typesupport_c.cpython-310-x86_64-linux-gnu.so
[12.480s] -- Set runtime path of "/home/amadorjosephg/CA-Embedded-MiniProject/comet_bot_ws/install/stereo_msgs/local/lib/python3.10/dist-packages/stereo_msgs/stereo_msgs_s__rosidl_typesupport_c.cpython-310-x86_64-linux-gnu.so" to ""
[12.480s] -- Installing: /home/amadorjosephg/CA-Embedded-MiniProject/comet_bot_ws/install/stereo_msgs/lib/libstereo_msgs__rosidl_generator_py.so
[12.481s] -- Set runtime path of "/home/amadorjosephg/CA-Embedded-MiniProject/comet_bot_ws/install/stereo_msgs/lib/libstereo_msgs__rosidl_generator_py.so" to ""
[12.481s] -- Installing: /home/amadorjosephg/CA-Embedded-MiniProject/comet_bot_ws/install/stereo_msgs/share/stereo_msgs/msg/DisparityImage.idl
[12.481s] -- Installing: /home/amadorjosephg/CA-Embedded-MiniProject/comet_bot_ws/install/stereo_msgs/share/stereo_msgs/msg/DisparityImage.msg
[12.482s] -- Installing: /home/amadorjosephg/CA-Embedded-MiniProject/comet_bot_ws/install/stereo_msgs/share/ament_index/resource_index/package_run_dependencies/stereo_msgs
[12.483s] -- Installing: /home/amadorjosephg/CA-Embedded-MiniProject/comet_bot_ws/install/stereo_msgs/share/ament_index/resource_index/parent_prefix_path/stereo_msgs
[12.484s] -- Installing: /home/amadorjosephg/CA-Embedded-MiniProject/comet_bot_ws/install/stereo_msgs/share/stereo_msgs/environment/ament_prefix_path.sh
[12.484s] -- Installing: /home/amadorjosephg/CA-Embedded-MiniProject/comet_bot_ws/install/stereo_msgs/share/stereo_msgs/environment/ament_prefix_path.dsv
[12.484s] -- Installing: /home/amadorjosephg/CA-Embedded-MiniProject/comet_bot_ws/install/stereo_msgs/share/stereo_msgs/environment/path.sh
[12.485s] -- Installing: /home/amadorjosephg/CA-Embedded-MiniProject/comet_bot_ws/install/stereo_msgs/share/stereo_msgs/environment/path.dsv
[12.485s] -- Installing: /home/amadorjosephg/CA-Embedded-MiniProject/comet_bot_ws/install/stereo_msgs/share/stereo_msgs/local_setup.bash
[12.485s] -- Installing: /home/amadorjosephg/CA-Embedded-MiniProject/comet_bot_ws/install/stereo_msgs/share/stereo_msgs/local_setup.sh
[12.485s] -- Installing: /home/amadorjosephg/CA-Embedded-MiniProject/comet_bot_ws/install/stereo_msgs/share/stereo_msgs/local_setup.zsh
[12.486s] -- Installing: /home/amadorjosephg/CA-Embedded-MiniProject/comet_bot_ws/install/stereo_msgs/share/stereo_msgs/local_setup.dsv
[12.486s] -- Installing: /home/amadorjosephg/CA-Embedded-MiniProject/comet_bot_ws/install/stereo_msgs/share/stereo_msgs/package.dsv
[12.487s] -- Installing: /home/amadorjosephg/CA-Embedded-MiniProject/comet_bot_ws/install/stereo_msgs/share/ament_index/resource_index/packages/stereo_msgs
[12.487s] -- Installing: /home/amadorjosephg/CA-Embedded-MiniProject/comet_bot_ws/install/stereo_msgs/share/stereo_msgs/cmake/export_stereo_msgs__rosidl_generator_cExport.cmake
[12.487s] -- Installing: /home/amadorjosephg/CA-Embedded-MiniProject/comet_bot_ws/install/stereo_msgs/share/stereo_msgs/cmake/export_stereo_msgs__rosidl_generator_cExport-noconfig.cmake
[12.488s] -- Installing: /home/amadorjosephg/CA-Embedded-MiniProject/comet_bot_ws/install/stereo_msgs/share/stereo_msgs/cmake/export_stereo_msgs__rosidl_typesupport_fastrtps_cExport.cmake
[12.488s] -- Installing: /home/amadorjosephg/CA-Embedded-MiniProject/comet_bot_ws/install/stereo_msgs/share/stereo_msgs/cmake/export_stereo_msgs__rosidl_typesupport_fastrtps_cExport-noconfig.cmake
[12.489s] -- Installing: /home/amadorjosephg/CA-Embedded-MiniProject/comet_bot_ws/install/stereo_msgs/share/stereo_msgs/cmake/stereo_msgs__rosidl_typesupport_introspection_cExport.cmake
[12.489s] -- Installing: /home/amadorjosephg/CA-Embedded-MiniProject/comet_bot_ws/install/stereo_msgs/share/stereo_msgs/cmake/stereo_msgs__rosidl_typesupport_introspection_cExport-noconfig.cmake
[12.489s] -- Installing: /home/amadorjosephg/CA-Embedded-MiniProject/comet_bot_ws/install/stereo_msgs/share/stereo_msgs/cmake/stereo_msgs__rosidl_typesupport_cExport.cmake
[12.490s] -- Installing: /home/amadorjosephg/CA-Embedded-MiniProject/comet_bot_ws/install/stereo_msgs/share/stereo_msgs/cmake/stereo_msgs__rosidl_typesupport_cExport-noconfig.cmake
[12.490s] -- Installing: /home/amadorjosephg/CA-Embedded-MiniProject/comet_bot_ws/install/stereo_msgs/share/stereo_msgs/cmake/export_stereo_msgs__rosidl_generator_cppExport.cmake
[12.491s] -- Installing: /home/amadorjosephg/CA-Embedded-MiniProject/comet_bot_ws/install/stereo_msgs/share/stereo_msgs/cmake/export_stereo_msgs__rosidl_typesupport_fastrtps_cppExport.cmake
[12.491s] -- Installing: /home/amadorjosephg/CA-Embedded-MiniProject/comet_bot_ws/install/stereo_msgs/share/stereo_msgs/cmake/export_stereo_msgs__rosidl_typesupport_fastrtps_cppExport-noconfig.cmake
[12.492s] -- Installing: /home/amadorjosephg/CA-Embedded-MiniProject/comet_bot_ws/install/stereo_msgs/share/stereo_msgs/cmake/stereo_msgs__rosidl_typesupport_introspection_cppExport.cmake
[12.495s] -- Installing: /home/amadorjosephg/CA-Embedded-MiniProject/comet_bot_ws/install/stereo_msgs/share/stereo_msgs/cmake/stereo_msgs__rosidl_typesupport_introspection_cppExport-noconfig.cmake
[12.495s] -- Installing: /home/amadorjosephg/CA-Embedded-MiniProject/comet_bot_ws/install/stereo_msgs/share/stereo_msgs/cmake/stereo_msgs__rosidl_typesupport_cppExport.cmake
[12.495s] -- Installing: /home/amadorjosephg/CA-Embedded-MiniProject/comet_bot_ws/install/stereo_msgs/share/stereo_msgs/cmake/stereo_msgs__rosidl_typesupport_cppExport-noconfig.cmake
[12.496s] -- Installing: /home/amadorjosephg/CA-Embedded-MiniProject/comet_bot_ws/install/stereo_msgs/share/stereo_msgs/cmake/export_stereo_msgs__rosidl_generator_pyExport.cmake
[12.496s] -- Installing: /home/amadorjosephg/CA-Embedded-MiniProject/comet_bot_ws/install/stereo_msgs/share/stereo_msgs/cmake/export_stereo_msgs__rosidl_generator_pyExport-noconfig.cmake
[12.496s] -- Installing: /home/amadorjosephg/CA-Embedded-MiniProject/comet_bot_ws/install/stereo_msgs/share/stereo_msgs/cmake/rosidl_cmake-extras.cmake
[12.497s] -- Installing: /home/amadorjosephg/CA-Embedded-MiniProject/comet_bot_ws/install/stereo_msgs/share/stereo_msgs/cmake/ament_cmake_export_dependencies-extras.cmake
[12.497s] -- Installing: /home/amadorjosephg/CA-Embedded-MiniProject/comet_bot_ws/install/stereo_msgs/share/stereo_msgs/cmake/ament_cmake_export_include_directories-extras.cmake
[12.497s] -- Installing: /home/amadorjosephg/CA-Embedded-MiniProject/comet_bot_ws/install/stereo_msgs/share/stereo_msgs/cmake/ament_cmake_export_libraries-extras.cmake
[12.498s] -- Installing: /home/amadorjosephg/CA-Embedded-MiniProject/comet_bot_ws/install/stereo_msgs/share/stereo_msgs/cmake/ament_cmake_export_targets-extras.cmake
[12.499s] -- Installing: /home/amadorjosephg/CA-Embedded-MiniProject/comet_bot_ws/install/stereo_msgs/share/stereo_msgs/cmake/rosidl_cmake_export_typesupport_targets-extras.cmake
[12.499s] -- Installing: /home/amadorjosephg/CA-Embedded-MiniProject/comet_bot_ws/install/stereo_msgs/share/stereo_msgs/cmake/rosidl_cmake_export_typesupport_libraries-extras.cmake
[12.499s] -- Installing: /home/amadorjosephg/CA-Embedded-MiniProject/comet_bot_ws/install/stereo_msgs/share/stereo_msgs/cmake/stereo_msgsConfig.cmake
[12.500s] -- Installing: /home/amadorjosephg/CA-Embedded-MiniProject/comet_bot_ws/install/stereo_msgs/share/stereo_msgs/cmake/stereo_msgsConfig-version.cmake
[12.500s] -- Installing: /home/amadorjosephg/CA-Embedded-MiniProject/comet_bot_ws/install/stereo_msgs/share/stereo_msgs/package.xml
[12.508s] Invoked command in '/home/amadorjosephg/CA-Embedded-MiniProject/comet_bot_ws/build/stereo_msgs' returned '0': AMENT_PREFIX_PATH=/home/amadorjosephg/CA-Embedded-MiniProject/comet_bot_ws/install/sensor_msgs:/home/amadorjosephg/CA-Embedded-MiniProject/comet_bot_ws/install/geometry_msgs:/home/amadorjosephg/CA-Embedded-MiniProject/comet_bot_ws/install/std_msgs:/home/amadorjosephg/CA-Embedded-MiniProject/comet_bot_ws/install/builtin_interfaces:${AMENT_PREFIX_PATH} CMAKE_PREFIX_PATH=/home/amadorjosephg/CA-Embedded-MiniProject/comet_bot_ws/install/sensor_msgs:/home/amadorjosephg/CA-Embedded-MiniProject/comet_bot_ws/install/geometry_msgs:/home/amadorjosephg/CA-Embedded-MiniProject/comet_bot_ws/install/std_msgs:/home/amadorjosephg/CA-Embedded-MiniProject/comet_bot_ws/install/builtin_interfaces:/home/amadorjosephg/CA-Embedded-MiniProject/comet_bot_ws/install/rosidl_typesupport_microxrcedds_cpp:/home/amadorjosephg/CA-Embedded-MiniProject/comet_bot_ws/install/rosidl_typesupport_microxrcedds_c:/home/amadorjosephg/CA-Embedded-MiniProject/comet_bot_ws/install/microcdr:/home/amadorjosephg/CA-Embedded-MiniProject/comet_bot_ws/install/micro_ros_setup:/home/amadorjosephg/CA-Embedded-MiniProject/comet_bot_ws/install/micro_ros_agent:/home/amadorjosephg/CA-Embedded-MiniProject/comet_bot_ws/install/micro_ros_msgs:/home/amadorjosephg/CA-Embedded-MiniProject/comet_bot_ws/install/lunabot_control:/home/amadorjosephg/CA-Embedded-MiniProject/comet_bot_ws/install/jetson_topic_relay:/opt/ros/humble LD_LIBRARY_PATH=/home/amadorjosephg/CA-Embedded-MiniProject/comet_bot_ws/install/sensor_msgs/lib:/home/amadorjosephg/CA-Embedded-MiniProject/comet_bot_ws/install/geometry_msgs/lib:/home/amadorjosephg/CA-Embedded-MiniProject/comet_bot_ws/install/std_msgs/lib:/home/amadorjosephg/CA-Embedded-MiniProject/comet_bot_ws/install/builtin_interfaces/lib:${LD_LIBRARY_PATH} PYTHONPATH=/home/amadorjosephg/CA-Embedded-MiniProject/comet_bot_ws/install/sensor_msgs/local/lib/python3.10/dist-packages:/home/amadorjosephg/CA-Embedded-MiniProject/comet_bot_ws/install/geometry_msgs/local/lib/python3.10/dist-packages:/home/amadorjosephg/CA-Embedded-MiniProject/comet_bot_ws/install/std_msgs/local/lib/python3.10/dist-packages:/home/amadorjosephg/CA-Embedded-MiniProject/comet_bot_ws/install/builtin_interfaces/local/lib/python3.10/dist-packages:${PYTHONPATH} /usr/bin/cmake --install /home/amadorjosephg/CA-Embedded-MiniProject/comet_bot_ws/build/stereo_msgs
