[0.240s] Invoking command in '/home/amadorjosephg/CA-Embedded-MiniProject/comet_bot_ws/build/action_msgs': AMENT_PREFIX_PATH=/home/amadorjosephg/CA-Embedded-MiniProject/comet_bot_ws/install/unique_identifier_msgs:/home/amadorjosephg/CA-Embedded-MiniProject/comet_bot_ws/install/builtin_interfaces:${AMENT_PREFIX_PATH} CMAKE_PREFIX_PATH=/home/amadorjosephg/CA-Embedded-MiniProject/comet_bot_ws/install/unique_identifier_msgs:/home/amadorjosephg/CA-Embedded-MiniProject/comet_bot_ws/install/builtin_interfaces:/home/amadorjosephg/CA-Embedded-MiniProject/comet_bot_ws/install/rosidl_typesupport_microxrcedds_cpp:/home/amadorjosephg/CA-Embedded-MiniProject/comet_bot_ws/install/rosidl_typesupport_microxrcedds_c:/home/amadorjosephg/CA-Embedded-MiniProject/comet_bot_ws/install/microcdr:/home/amadorjosephg/CA-Embedded-MiniProject/comet_bot_ws/install/micro_ros_setup:/home/amadorjosephg/CA-Embedded-MiniProject/comet_bot_ws/install/micro_ros_agent:/home/amadorjosephg/CA-Embedded-MiniProject/comet_bot_ws/install/micro_ros_msgs:/home/amadorjosephg/CA-Embedded-MiniProject/comet_bot_ws/install/lunabot_control:/home/amadorjosephg/CA-Embedded-MiniProject/comet_bot_ws/install/jetson_topic_relay:/opt/ros/humble LD_LIBRARY_PATH=/home/amadorjosephg/CA-Embedded-MiniProject/comet_bot_ws/install/unique_identifier_msgs/lib:/home/amadorjosephg/CA-Embedded-MiniProject/comet_bot_ws/install/builtin_interfaces/lib:${LD_LIBRARY_PATH} PYTHONPATH=/home/amadorjosephg/CA-Embedded-MiniProject/comet_bot_ws/install/unique_identifier_msgs/local/lib/python3.10/dist-packages:/home/amadorjosephg/CA-Embedded-MiniProject/comet_bot_ws/install/builtin_interfaces/local/lib/python3.10/dist-packages:${PYTHONPATH} /usr/bin/cmake /home/amadorjosephg/CA-Embedded-MiniProject/comet_bot_ws/src/ros2/rcl_interfaces/action_msgs -DBUILD_TESTING=OFF -DBUILD_SHARED_LIBS=ON -DCMAKE_INSTALL_PREFIX=/home/amadorjosephg/CA-Embedded-MiniProject/comet_bot_ws/install/action_msgs
[0.372s] -- The C compiler identification is GNU 11.4.0
[0.445s] -- The CXX compiler identification is GNU 11.4.0
[0.453s] -- Detecting C compiler ABI info
[0.543s] -- Detecting C compiler ABI info - done
[0.550s] -- Check for working C compiler: /usr/bin/cc - skipped
[0.550s] -- Detecting C compile features
[0.551s] -- Detecting C compile features - done
[0.554s] -- Detecting CXX compiler ABI info
[0.977s] -- Detecting CXX compiler ABI info - done
[0.984s] -- Check for working CXX compiler: /usr/bin/c++ - skipped
[0.984s] -- Detecting CXX compile features
[0.985s] -- Detecting CXX compile features - done
[0.989s] -- Found ament_cmake: 1.3.9 (/opt/ros/humble/share/ament_cmake/cmake)
[1.194s] -- Found Python3: /usr/bin/python3 (found version "3.10.12") found components: Interpreter 
[1.315s] -- Found builtin_interfaces: 1.2.1 (/home/amadorjosephg/CA-Embedded-MiniProject/comet_bot_ws/install/builtin_interfaces/share/builtin_interfaces/cmake)
[1.387s] -- Found rosidl_generator_c: 3.1.5 (/opt/ros/humble/share/rosidl_generator_c/cmake)
[1.395s] -- Found rosidl_adapter: 3.1.5 (/opt/ros/humble/share/rosidl_adapter/cmake)
[1.410s] -- Found rosidl_generator_cpp: 3.1.5 (/opt/ros/humble/share/rosidl_generator_cpp/cmake)
[1.434s] -- Using all available rosidl_typesupport_c: rosidl_typesupport_microxrcedds_c;rosidl_typesupport_fastrtps_c;rosidl_typesupport_introspection_c
[1.495s] -- Using all available rosidl_typesupport_cpp: rosidl_typesupport_microxrcedds_cpp;rosidl_typesupport_fastrtps_cpp;rosidl_typesupport_introspection_cpp
[1.558s] -- Found rosidl_default_generators: 1.2.0 (/opt/ros/humble/share/rosidl_default_generators/cmake)
[1.574s] -- Found unique_identifier_msgs: 2.2.1 (/home/amadorjosephg/CA-Embedded-MiniProject/comet_bot_ws/install/unique_identifier_msgs/share/unique_identifier_msgs/cmake)
[1.972s] -- Found ament_cmake_ros: 0.10.0 (/opt/ros/humble/share/ament_cmake_ros/cmake)
[2.484s] -- Using all available rosidl_typesupport_c: rosidl_typesupport_microxrcedds_c;rosidl_typesupport_fastrtps_c;rosidl_typesupport_introspection_c
[2.899s] -- Using all available rosidl_typesupport_cpp: rosidl_typesupport_microxrcedds_cpp;rosidl_typesupport_fastrtps_cpp;rosidl_typesupport_introspection_cpp
[2.951s] -- Found PythonInterp: /usr/bin/python3 (found suitable version "3.10.12", minimum required is "3.6") 
[2.955s] -- Found python_cmake_module: 0.10.0 (/opt/ros/humble/share/python_cmake_module/cmake)
[2.998s] -- Found PythonLibs: /usr/lib/x86_64-linux-gnu/libpython3.10.so (found suitable version "3.10.12", minimum required is "3.5") 
[2.998s] -- Using PYTHON_EXECUTABLE: /usr/bin/python3
[2.998s] -- Using PYTHON_INCLUDE_DIRS: /usr/include/python3.10
[2.998s] -- Using PYTHON_LIBRARIES: /usr/lib/x86_64-linux-gnu/libpython3.10.so
[3.041s] -- Found PythonExtra: .so  
[3.097s] -- Configuring done
[3.152s] -- Generating done
[3.161s] -- Build files have been written to: /home/amadorjosephg/CA-Embedded-MiniProject/comet_bot_ws/build/action_msgs
[3.186s] Invoked command in '/home/amadorjosephg/CA-Embedded-MiniProject/comet_bot_ws/build/action_msgs' returned '0': AMENT_PREFIX_PATH=/home/amadorjosephg/CA-Embedded-MiniProject/comet_bot_ws/install/unique_identifier_msgs:/home/amadorjosephg/CA-Embedded-MiniProject/comet_bot_ws/install/builtin_interfaces:${AMENT_PREFIX_PATH} CMAKE_PREFIX_PATH=/home/amadorjosephg/CA-Embedded-MiniProject/comet_bot_ws/install/unique_identifier_msgs:/home/amadorjosephg/CA-Embedded-MiniProject/comet_bot_ws/install/builtin_interfaces:/home/amadorjosephg/CA-Embedded-MiniProject/comet_bot_ws/install/rosidl_typesupport_microxrcedds_cpp:/home/amadorjosephg/CA-Embedded-MiniProject/comet_bot_ws/install/rosidl_typesupport_microxrcedds_c:/home/amadorjosephg/CA-Embedded-MiniProject/comet_bot_ws/install/microcdr:/home/amadorjosephg/CA-Embedded-MiniProject/comet_bot_ws/install/micro_ros_setup:/home/amadorjosephg/CA-Embedded-MiniProject/comet_bot_ws/install/micro_ros_agent:/home/amadorjosephg/CA-Embedded-MiniProject/comet_bot_ws/install/micro_ros_msgs:/home/amadorjosephg/CA-Embedded-MiniProject/comet_bot_ws/install/lunabot_control:/home/amadorjosephg/CA-Embedded-MiniProject/comet_bot_ws/install/jetson_topic_relay:/opt/ros/humble LD_LIBRARY_PATH=/home/amadorjosephg/CA-Embedded-MiniProject/comet_bot_ws/install/unique_identifier_msgs/lib:/home/amadorjosephg/CA-Embedded-MiniProject/comet_bot_ws/install/builtin_interfaces/lib:${LD_LIBRARY_PATH} PYTHONPATH=/home/amadorjosephg/CA-Embedded-MiniProject/comet_bot_ws/install/unique_identifier_msgs/local/lib/python3.10/dist-packages:/home/amadorjosephg/CA-Embedded-MiniProject/comet_bot_ws/install/builtin_interfaces/local/lib/python3.10/dist-packages:${PYTHONPATH} /usr/bin/cmake /home/amadorjosephg/CA-Embedded-MiniProject/comet_bot_ws/src/ros2/rcl_interfaces/action_msgs -DBUILD_TESTING=OFF -DBUILD_SHARED_LIBS=ON -DCMAKE_INSTALL_PREFIX=/home/amadorjosephg/CA-Embedded-MiniProject/comet_bot_ws/install/action_msgs
[3.186s] Invoking command in '/home/amadorjosephg/CA-Embedded-MiniProject/comet_bot_ws/build/action_msgs': AMENT_PREFIX_PATH=/home/amadorjosephg/CA-Embedded-MiniProject/comet_bot_ws/install/unique_identifier_msgs:/home/amadorjosephg/CA-Embedded-MiniProject/comet_bot_ws/install/builtin_interfaces:${AMENT_PREFIX_PATH} CMAKE_PREFIX_PATH=/home/amadorjosephg/CA-Embedded-MiniProject/comet_bot_ws/install/unique_identifier_msgs:/home/amadorjosephg/CA-Embedded-MiniProject/comet_bot_ws/install/builtin_interfaces:/home/amadorjosephg/CA-Embedded-MiniProject/comet_bot_ws/install/rosidl_typesupport_microxrcedds_cpp:/home/amadorjosephg/CA-Embedded-MiniProject/comet_bot_ws/install/rosidl_typesupport_microxrcedds_c:/home/amadorjosephg/CA-Embedded-MiniProject/comet_bot_ws/install/microcdr:/home/amadorjosephg/CA-Embedded-MiniProject/comet_bot_ws/install/micro_ros_setup:/home/amadorjosephg/CA-Embedded-MiniProject/comet_bot_ws/install/micro_ros_agent:/home/amadorjosephg/CA-Embedded-MiniProject/comet_bot_ws/install/micro_ros_msgs:/home/amadorjosephg/CA-Embedded-MiniProject/comet_bot_ws/install/lunabot_control:/home/amadorjosephg/CA-Embedded-MiniProject/comet_bot_ws/install/jetson_topic_relay:/opt/ros/humble LD_LIBRARY_PATH=/home/amadorjosephg/CA-Embedded-MiniProject/comet_bot_ws/install/unique_identifier_msgs/lib:/home/amadorjosephg/CA-Embedded-MiniProject/comet_bot_ws/install/builtin_interfaces/lib:${LD_LIBRARY_PATH} PYTHONPATH=/home/amadorjosephg/CA-Embedded-MiniProject/comet_bot_ws/install/unique_identifier_msgs/local/lib/python3.10/dist-packages:/home/amadorjosephg/CA-Embedded-MiniProject/comet_bot_ws/install/builtin_interfaces/local/lib/python3.10/dist-packages:${PYTHONPATH} /usr/bin/cmake --build /home/amadorjosephg/CA-Embedded-MiniProject/comet_bot_ws/build/action_msgs -- -j4 -l4
[3.296s] [  1%] [34m[1mGenerating C code for ROS interfaces[0m
[4.513s] [  2%] [32mBuilding C object CMakeFiles/action_msgs__rosidl_generator_c.dir/rosidl_generator_c/action_msgs/msg/detail/goal_info__functions.c.o[0m
[4.581s] [  4%] [32mBuilding C object CMakeFiles/action_msgs__rosidl_generator_c.dir/rosidl_generator_c/action_msgs/msg/detail/goal_status__functions.c.o[0m
[4.657s] [  5%] [32mBuilding C object CMakeFiles/action_msgs__rosidl_generator_c.dir/rosidl_generator_c/action_msgs/msg/detail/goal_status_array__functions.c.o[0m
[4.764s] [  7%] [32mBuilding C object CMakeFiles/action_msgs__rosidl_generator_c.dir/rosidl_generator_c/action_msgs/srv/detail/cancel_goal__functions.c.o[0m
[4.870s] [  8%] [32m[1mLinking C shared library libaction_msgs__rosidl_generator_c.so[0m
[4.935s] [  8%] Built target action_msgs__rosidl_generator_c
[4.985s] [  8%] Built target ament_cmake_python_copy_action_msgs
[5.000s] [ 10%] [34m[1mGenerating C type support for eProsima Micro XRCE-DDS[0m
[6.046s] [ 11%] [32mBuilding C object CMakeFiles/action_msgs__rosidl_typesupport_microxrcedds_c.dir/rosidl_typesupport_microxrcedds_c/action_msgs/msg/detail/microxrcedds/goal_info__type_support_c.c.o[0m
[6.138s] [ 13%] [32mBuilding C object CMakeFiles/action_msgs__rosidl_typesupport_microxrcedds_c.dir/rosidl_typesupport_microxrcedds_c/action_msgs/msg/detail/microxrcedds/goal_status__type_support_c.c.o[0m
[6.211s] [ 14%] [32mBuilding C object CMakeFiles/action_msgs__rosidl_typesupport_microxrcedds_c.dir/rosidl_typesupport_microxrcedds_c/action_msgs/msg/detail/microxrcedds/goal_status_array__type_support_c.c.o[0m
[6.281s] [ 15%] [32mBuilding C object CMakeFiles/action_msgs__rosidl_typesupport_microxrcedds_c.dir/rosidl_typesupport_microxrcedds_c/action_msgs/srv/detail/microxrcedds/cancel_goal__type_support_c.c.o[0m
[6.348s] [ 17%] [32m[1mLinking C shared library libaction_msgs__rosidl_typesupport_microxrcedds_c.so[0m
[6.488s] [ 17%] Built target action_msgs__rosidl_typesupport_microxrcedds_c
[6.508s] [ 18%] [34m[1mGenerating C introspection for ROS interfaces[0m
[7.504s] [ 20%] [32mBuilding C object CMakeFiles/action_msgs__rosidl_typesupport_introspection_c.dir/rosidl_typesupport_introspection_c/action_msgs/msg/detail/goal_info__type_support.c.o[0m
[7.571s] [ 21%] [32mBuilding C object CMakeFiles/action_msgs__rosidl_typesupport_introspection_c.dir/rosidl_typesupport_introspection_c/action_msgs/msg/detail/goal_status__type_support.c.o[0m
[7.636s] [ 23%] [32mBuilding C object CMakeFiles/action_msgs__rosidl_typesupport_introspection_c.dir/rosidl_typesupport_introspection_c/action_msgs/msg/detail/goal_status_array__type_support.c.o[0m
[7.706s] [ 24%] [32mBuilding C object CMakeFiles/action_msgs__rosidl_typesupport_introspection_c.dir/rosidl_typesupport_introspection_c/action_msgs/srv/detail/cancel_goal__type_support.c.o[0m
[7.767s] [ 26%] [32m[1mLinking C shared library libaction_msgs__rosidl_typesupport_introspection_c.so[0m
[7.853s] [ 26%] Built target action_msgs__rosidl_typesupport_introspection_c
[7.870s] [ 27%] [34m[1mGenerating C type support dispatch for ROS interfaces[0m
[8.499s] [ 28%] [32mBuilding CXX object CMakeFiles/action_msgs__rosidl_typesupport_c.dir/rosidl_typesupport_c/action_msgs/msg/goal_info__type_support.cpp.o[0m
[8.549s] [ 30%] [32mBuilding CXX object CMakeFiles/action_msgs__rosidl_typesupport_c.dir/rosidl_typesupport_c/action_msgs/msg/goal_status__type_support.cpp.o[0m
[8.652s] [ 31%] [32mBuilding CXX object CMakeFiles/action_msgs__rosidl_typesupport_c.dir/rosidl_typesupport_c/action_msgs/msg/goal_status_array__type_support.cpp.o[0m
[8.786s] [ 33%] [32mBuilding CXX object CMakeFiles/action_msgs__rosidl_typesupport_c.dir/rosidl_typesupport_c/action_msgs/srv/cancel_goal__type_support.cpp.o[0m
[8.829s] [ 34%] [32m[1mLinking CXX shared library libaction_msgs__rosidl_typesupport_c.so[0m
[8.916s] [ 34%] Built target action_msgs__rosidl_typesupport_c
[9.384s] running egg_info
[9.384s] creating action_msgs.egg-info
[9.385s] writing action_msgs.egg-info/PKG-INFO
[9.385s] writing dependency_links to action_msgs.egg-info/dependency_links.txt
[9.385s] writing top-level names to action_msgs.egg-info/top_level.txt
[9.385s] writing manifest file 'action_msgs.egg-info/SOURCES.txt'
[9.387s] reading manifest file 'action_msgs.egg-info/SOURCES.txt'
[9.388s] writing manifest file 'action_msgs.egg-info/SOURCES.txt'
[9.427s] [ 34%] Built target ament_cmake_python_build_action_msgs_egg
[9.462s] [ 36%] [34m[1mGenerating C type support for eProsima Fast-RTPS[0m
[10.321s] [ 37%] [32mBuilding CXX object CMakeFiles/action_msgs__rosidl_typesupport_fastrtps_c.dir/rosidl_typesupport_fastrtps_c/action_msgs/msg/detail/goal_info__type_support_c.cpp.o[0m
[10.806s] [ 39%] [32mBuilding CXX object CMakeFiles/action_msgs__rosidl_typesupport_fastrtps_c.dir/rosidl_typesupport_fastrtps_c/action_msgs/msg/detail/goal_status_array__type_support_c.cpp.o[0m
[11.197s] [ 40%] [32mBuilding CXX object CMakeFiles/action_msgs__rosidl_typesupport_fastrtps_c.dir/rosidl_typesupport_fastrtps_c/action_msgs/srv/detail/cancel_goal__type_support_c.cpp.o[0m
[11.623s] [ 42%] [32mBuilding CXX object CMakeFiles/action_msgs__rosidl_typesupport_fastrtps_c.dir/rosidl_typesupport_fastrtps_c/action_msgs/msg/detail/goal_status__type_support_c.cpp.o[0m
[12.015s] [ 43%] [32m[1mLinking CXX shared library libaction_msgs__rosidl_typesupport_fastrtps_c.so[0m
[12.159s] [ 43%] Built target action_msgs__rosidl_typesupport_fastrtps_c
[12.193s] [ 44%] [34m[1mGenerating C++ code for ROS interfaces[0m
[13.422s] [ 44%] Built target action_msgs__cpp
[13.440s] [ 46%] [34m[1mGenerating C++ type support for eProsima Fast-RTPS[0m
[14.270s] [ 47%] [32mBuilding CXX object CMakeFiles/action_msgs__rosidl_typesupport_fastrtps_cpp.dir/rosidl_typesupport_fastrtps_cpp/action_msgs/msg/detail/dds_fastrtps/goal_info__type_support.cpp.o[0m
[14.827s] [ 49%] [32mBuilding CXX object CMakeFiles/action_msgs__rosidl_typesupport_fastrtps_cpp.dir/rosidl_typesupport_fastrtps_cpp/action_msgs/msg/detail/dds_fastrtps/goal_status__type_support.cpp.o[0m
[15.262s] [ 50%] [32mBuilding CXX object CMakeFiles/action_msgs__rosidl_typesupport_fastrtps_cpp.dir/rosidl_typesupport_fastrtps_cpp/action_msgs/msg/detail/dds_fastrtps/goal_status_array__type_support.cpp.o[0m
[15.779s] [ 52%] [32mBuilding CXX object CMakeFiles/action_msgs__rosidl_typesupport_fastrtps_cpp.dir/rosidl_typesupport_fastrtps_cpp/action_msgs/srv/detail/dds_fastrtps/cancel_goal__type_support.cpp.o[0m
[16.304s] [ 53%] [32m[1mLinking CXX shared library libaction_msgs__rosidl_typesupport_fastrtps_cpp.so[0m
[16.452s] [ 53%] Built target action_msgs__rosidl_typesupport_fastrtps_cpp
[16.470s] [ 55%] [34m[1mGenerating C++ type support dispatch for ROS interfaces[0m
[17.158s] [ 56%] [32mBuilding CXX object CMakeFiles/action_msgs__rosidl_typesupport_cpp.dir/rosidl_typesupport_cpp/action_msgs/msg/goal_info__type_support.cpp.o[0m
[17.494s] [ 57%] [32mBuilding CXX object CMakeFiles/action_msgs__rosidl_typesupport_cpp.dir/rosidl_typesupport_cpp/action_msgs/msg/goal_status__type_support.cpp.o[0m
[17.888s] [ 59%] [32mBuilding CXX object CMakeFiles/action_msgs__rosidl_typesupport_cpp.dir/rosidl_typesupport_cpp/action_msgs/msg/goal_status_array__type_support.cpp.o[0m
[18.309s] [ 60%] [32mBuilding CXX object CMakeFiles/action_msgs__rosidl_typesupport_cpp.dir/rosidl_typesupport_cpp/action_msgs/srv/cancel_goal__type_support.cpp.o[0m
[18.727s] [ 62%] [32m[1mLinking CXX shared library libaction_msgs__rosidl_typesupport_cpp.so[0m
[18.886s] [ 62%] Built target action_msgs__rosidl_typesupport_cpp
[18.926s] [ 63%] [34m[1mGenerating C++ introspection for ROS interfaces[0m
[19.674s] [ 65%] [32mBuilding CXX object CMakeFiles/action_msgs__rosidl_typesupport_introspection_cpp.dir/rosidl_typesupport_introspection_cpp/action_msgs/msg/detail/goal_info__type_support.cpp.o[0m
[20.123s] [ 66%] [32mBuilding CXX object CMakeFiles/action_msgs__rosidl_typesupport_introspection_cpp.dir/rosidl_typesupport_introspection_cpp/action_msgs/msg/detail/goal_status_array__type_support.cpp.o[0m
[20.532s] [ 68%] [32mBuilding CXX object CMakeFiles/action_msgs__rosidl_typesupport_introspection_cpp.dir/rosidl_typesupport_introspection_cpp/action_msgs/srv/detail/cancel_goal__type_support.cpp.o[0m
[21.071s] [ 69%] [32mBuilding CXX object CMakeFiles/action_msgs__rosidl_typesupport_introspection_cpp.dir/rosidl_typesupport_introspection_cpp/action_msgs/msg/detail/goal_status__type_support.cpp.o[0m
[21.701s] [ 71%] [32m[1mLinking CXX shared library libaction_msgs__rosidl_typesupport_introspection_cpp.so[0m
[21.799s] [ 71%] Built target action_msgs__rosidl_typesupport_introspection_cpp
[21.823s] [ 72%] [34m[1mGenerating C++ type support for eProsima Micro XRCE-DDS[0m
[22.559s] [ 73%] [32mBuilding CXX object CMakeFiles/action_msgs__rosidl_typesupport_microxrcedds_cpp.dir/rosidl_typesupport_microxrcedds_cpp/action_msgs/msg/detail/microxrcedds/goal_info__type_support_cpp.cpp.o[0m
[22.995s] [ 75%] [32mBuilding CXX object CMakeFiles/action_msgs__rosidl_typesupport_microxrcedds_cpp.dir/rosidl_typesupport_microxrcedds_cpp/action_msgs/srv/detail/microxrcedds/cancel_goal__type_support_cpp.cpp.o[0m
[23.427s] [ 76%] [32mBuilding CXX object CMakeFiles/action_msgs__rosidl_typesupport_microxrcedds_cpp.dir/rosidl_typesupport_microxrcedds_cpp/action_msgs/msg/detail/microxrcedds/goal_status_array__type_support_cpp.cpp.o[0m
[23.815s] [ 78%] [32mBuilding CXX object CMakeFiles/action_msgs__rosidl_typesupport_microxrcedds_cpp.dir/rosidl_typesupport_microxrcedds_cpp/action_msgs/msg/detail/microxrcedds/goal_status__type_support_cpp.cpp.o[0m
[24.305s] [ 79%] [32m[1mLinking CXX shared library libaction_msgs__rosidl_typesupport_microxrcedds_cpp.so[0m
[24.460s] [ 79%] Built target action_msgs__rosidl_typesupport_microxrcedds_cpp
[24.631s] [ 79%] Built target action_msgs
[24.697s] [ 81%] [34m[1mGenerating Python code for ROS interfaces[0m
[26.227s] [ 81%] Built target action_msgs__py
[26.258s] [ 82%] [32mBuilding C object CMakeFiles/action_msgs__rosidl_generator_py.dir/rosidl_generator_py/action_msgs/msg/_goal_info_s.c.o[0m
[26.657s] [ 84%] [32mBuilding C object CMakeFiles/action_msgs__rosidl_generator_py.dir/rosidl_generator_py/action_msgs/srv/_cancel_goal_s.c.o[0m
[26.905s] [ 85%] [32mBuilding C object CMakeFiles/action_msgs__rosidl_generator_py.dir/rosidl_generator_py/action_msgs/msg/_goal_status_array_s.c.o[0m
[27.019s] [ 86%] [32mBuilding C object CMakeFiles/action_msgs__rosidl_generator_py.dir/rosidl_generator_py/action_msgs/msg/_goal_status_s.c.o[0m
[27.151s] [ 88%] [32m[1mLinking C shared library rosidl_generator_py/action_msgs/libaction_msgs__rosidl_generator_py.so[0m
[27.257s] [ 88%] Built target action_msgs__rosidl_generator_py
[27.331s] [ 89%] [32mBuilding C object CMakeFiles/action_msgs__rosidl_typesupport_microxrcedds_c__pyext.dir/rosidl_generator_py/action_msgs/_action_msgs_s.ep.rosidl_typesupport_microxrcedds_c.c.o[0m
[27.461s] [ 91%] [32m[1mLinking C shared library rosidl_generator_py/action_msgs/action_msgs_s__rosidl_typesupport_microxrcedds_c.cpython-310-x86_64-linux-gnu.so[0m
[27.521s] [ 91%] Built target action_msgs__rosidl_typesupport_microxrcedds_c__pyext
[27.561s] [ 92%] [32mBuilding C object CMakeFiles/action_msgs__rosidl_typesupport_c__pyext.dir/rosidl_generator_py/action_msgs/_action_msgs_s.ep.rosidl_typesupport_c.c.o[0m
[27.732s] [ 94%] [32m[1mLinking C shared library rosidl_generator_py/action_msgs/action_msgs_s__rosidl_typesupport_c.cpython-310-x86_64-linux-gnu.so[0m
[27.794s] [ 94%] Built target action_msgs__rosidl_typesupport_c__pyext
[27.834s] [ 95%] [32mBuilding C object CMakeFiles/action_msgs__rosidl_typesupport_introspection_c__pyext.dir/rosidl_generator_py/action_msgs/_action_msgs_s.ep.rosidl_typesupport_introspection_c.c.o[0m
[28.001s] [ 97%] [32m[1mLinking C shared library rosidl_generator_py/action_msgs/action_msgs_s__rosidl_typesupport_introspection_c.cpython-310-x86_64-linux-gnu.so[0m
[28.177s] [ 97%] Built target action_msgs__rosidl_typesupport_introspection_c__pyext
[28.220s] [ 98%] [32mBuilding C object CMakeFiles/action_msgs__rosidl_typesupport_fastrtps_c__pyext.dir/rosidl_generator_py/action_msgs/_action_msgs_s.ep.rosidl_typesupport_fastrtps_c.c.o[0m
[28.392s] [100%] [32m[1mLinking C shared library rosidl_generator_py/action_msgs/action_msgs_s__rosidl_typesupport_fastrtps_c.cpython-310-x86_64-linux-gnu.so[0m
[28.560s] [100%] Built target action_msgs__rosidl_typesupport_fastrtps_c__pyext
[28.585s] Invoked command in '/home/amadorjosephg/CA-Embedded-MiniProject/comet_bot_ws/build/action_msgs' returned '0': AMENT_PREFIX_PATH=/home/amadorjosephg/CA-Embedded-MiniProject/comet_bot_ws/install/unique_identifier_msgs:/home/amadorjosephg/CA-Embedded-MiniProject/comet_bot_ws/install/builtin_interfaces:${AMENT_PREFIX_PATH} CMAKE_PREFIX_PATH=/home/amadorjosephg/CA-Embedded-MiniProject/comet_bot_ws/install/unique_identifier_msgs:/home/amadorjosephg/CA-Embedded-MiniProject/comet_bot_ws/install/builtin_interfaces:/home/amadorjosephg/CA-Embedded-MiniProject/comet_bot_ws/install/rosidl_typesupport_microxrcedds_cpp:/home/amadorjosephg/CA-Embedded-MiniProject/comet_bot_ws/install/rosidl_typesupport_microxrcedds_c:/home/amadorjosephg/CA-Embedded-MiniProject/comet_bot_ws/install/microcdr:/home/amadorjosephg/CA-Embedded-MiniProject/comet_bot_ws/install/micro_ros_setup:/home/amadorjosephg/CA-Embedded-MiniProject/comet_bot_ws/install/micro_ros_agent:/home/amadorjosephg/CA-Embedded-MiniProject/comet_bot_ws/install/micro_ros_msgs:/home/amadorjosephg/CA-Embedded-MiniProject/comet_bot_ws/install/lunabot_control:/home/amadorjosephg/CA-Embedded-MiniProject/comet_bot_ws/install/jetson_topic_relay:/opt/ros/humble LD_LIBRARY_PATH=/home/amadorjosephg/CA-Embedded-MiniProject/comet_bot_ws/install/unique_identifier_msgs/lib:/home/amadorjosephg/CA-Embedded-MiniProject/comet_bot_ws/install/builtin_interfaces/lib:${LD_LIBRARY_PATH} PYTHONPATH=/home/amadorjosephg/CA-Embedded-MiniProject/comet_bot_ws/install/unique_identifier_msgs/local/lib/python3.10/dist-packages:/home/amadorjosephg/CA-Embedded-MiniProject/comet_bot_ws/install/builtin_interfaces/local/lib/python3.10/dist-packages:${PYTHONPATH} /usr/bin/cmake --build /home/amadorjosephg/CA-Embedded-MiniProject/comet_bot_ws/build/action_msgs -- -j4 -l4
[29.054s] Invoking command in '/home/amadorjosephg/CA-Embedded-MiniProject/comet_bot_ws/build/action_msgs': AMENT_PREFIX_PATH=/home/amadorjosephg/CA-Embedded-MiniProject/comet_bot_ws/install/unique_identifier_msgs:/home/amadorjosephg/CA-Embedded-MiniProject/comet_bot_ws/install/builtin_interfaces:${AMENT_PREFIX_PATH} CMAKE_PREFIX_PATH=/home/amadorjosephg/CA-Embedded-MiniProject/comet_bot_ws/install/unique_identifier_msgs:/home/amadorjosephg/CA-Embedded-MiniProject/comet_bot_ws/install/builtin_interfaces:/home/amadorjosephg/CA-Embedded-MiniProject/comet_bot_ws/install/rosidl_typesupport_microxrcedds_cpp:/home/amadorjosephg/CA-Embedded-MiniProject/comet_bot_ws/install/rosidl_typesupport_microxrcedds_c:/home/amadorjosephg/CA-Embedded-MiniProject/comet_bot_ws/install/microcdr:/home/amadorjosephg/CA-Embedded-MiniProject/comet_bot_ws/install/micro_ros_setup:/home/amadorjosephg/CA-Embedded-MiniProject/comet_bot_ws/install/micro_ros_agent:/home/amadorjosephg/CA-Embedded-MiniProject/comet_bot_ws/install/micro_ros_msgs:/home/amadorjosephg/CA-Embedded-MiniProject/comet_bot_ws/install/lunabot_control:/home/amadorjosephg/CA-Embedded-MiniProject/comet_bot_ws/install/jetson_topic_relay:/opt/ros/humble LD_LIBRARY_PATH=/home/amadorjosephg/CA-Embedded-MiniProject/comet_bot_ws/install/unique_identifier_msgs/lib:/home/amadorjosephg/CA-Embedded-MiniProject/comet_bot_ws/install/builtin_interfaces/lib:${LD_LIBRARY_PATH} PYTHONPATH=/home/amadorjosephg/CA-Embedded-MiniProject/comet_bot_ws/install/unique_identifier_msgs/local/lib/python3.10/dist-packages:/home/amadorjosephg/CA-Embedded-MiniProject/comet_bot_ws/install/builtin_interfaces/local/lib/python3.10/dist-packages:${PYTHONPATH} /usr/bin/cmake --install /home/amadorjosephg/CA-Embedded-MiniProject/comet_bot_ws/build/action_msgs
[29.118s] -- Install configuration: ""
[29.118s] -- Installing: /home/amadorjosephg/CA-Embedded-MiniProject/comet_bot_ws/install/action_msgs/share/ament_index/resource_index/rosidl_interfaces/action_msgs
[29.118s] -- Installing: /home/amadorjosephg/CA-Embedded-MiniProject/comet_bot_ws/install/action_msgs/include/action_msgs/action_msgs
[29.118s] -- Installing: /home/amadorjosephg/CA-Embedded-MiniProject/comet_bot_ws/install/action_msgs/include/action_msgs/action_msgs/srv
[29.118s] -- Installing: /home/amadorjosephg/CA-Embedded-MiniProject/comet_bot_ws/install/action_msgs/include/action_msgs/action_msgs/srv/cancel_goal.h
[29.118s] -- Installing: /home/amadorjosephg/CA-Embedded-MiniProject/comet_bot_ws/install/action_msgs/include/action_msgs/action_msgs/srv/detail
[29.118s] -- Installing: /home/amadorjosephg/CA-Embedded-MiniProject/comet_bot_ws/install/action_msgs/include/action_msgs/action_msgs/srv/detail/cancel_goal__type_support.h
[29.118s] -- Installing: /home/amadorjosephg/CA-Embedded-MiniProject/comet_bot_ws/install/action_msgs/include/action_msgs/action_msgs/srv/detail/cancel_goal__functions.c
[29.118s] -- Installing: /home/amadorjosephg/CA-Embedded-MiniProject/comet_bot_ws/install/action_msgs/include/action_msgs/action_msgs/srv/detail/cancel_goal__functions.h
[29.119s] -- Installing: /home/amadorjosephg/CA-Embedded-MiniProject/comet_bot_ws/install/action_msgs/include/action_msgs/action_msgs/srv/detail/cancel_goal__struct.h
[29.119s] -- Installing: /home/amadorjosephg/CA-Embedded-MiniProject/comet_bot_ws/install/action_msgs/include/action_msgs/action_msgs/msg
[29.119s] -- Installing: /home/amadorjosephg/CA-Embedded-MiniProject/comet_bot_ws/install/action_msgs/include/action_msgs/action_msgs/msg/goal_status.h
[29.119s] -- Installing: /home/amadorjosephg/CA-Embedded-MiniProject/comet_bot_ws/install/action_msgs/include/action_msgs/action_msgs/msg/goal_info.h
[29.119s] -- Installing: /home/amadorjosephg/CA-Embedded-MiniProject/comet_bot_ws/install/action_msgs/include/action_msgs/action_msgs/msg/rosidl_generator_c__visibility_control.h
[29.119s] -- Installing: /home/amadorjosephg/CA-Embedded-MiniProject/comet_bot_ws/install/action_msgs/include/action_msgs/action_msgs/msg/goal_status_array.h
[29.119s] -- Installing: /home/amadorjosephg/CA-Embedded-MiniProject/comet_bot_ws/install/action_msgs/include/action_msgs/action_msgs/msg/detail
[29.119s] -- Installing: /home/amadorjosephg/CA-Embedded-MiniProject/comet_bot_ws/install/action_msgs/include/action_msgs/action_msgs/msg/detail/goal_info__type_support.h
[29.119s] -- Installing: /home/amadorjosephg/CA-Embedded-MiniProject/comet_bot_ws/install/action_msgs/include/action_msgs/action_msgs/msg/detail/goal_status__functions.c
[29.119s] -- Installing: /home/amadorjosephg/CA-Embedded-MiniProject/comet_bot_ws/install/action_msgs/include/action_msgs/action_msgs/msg/detail/goal_status_array__struct.h
[29.119s] -- Installing: /home/amadorjosephg/CA-Embedded-MiniProject/comet_bot_ws/install/action_msgs/include/action_msgs/action_msgs/msg/detail/goal_status__type_support.h
[29.120s] -- Installing: /home/amadorjosephg/CA-Embedded-MiniProject/comet_bot_ws/install/action_msgs/include/action_msgs/action_msgs/msg/detail/goal_info__functions.h
[29.120s] -- Installing: /home/amadorjosephg/CA-Embedded-MiniProject/comet_bot_ws/install/action_msgs/include/action_msgs/action_msgs/msg/detail/goal_info__struct.h
[29.121s] -- Installing: /home/amadorjosephg/CA-Embedded-MiniProject/comet_bot_ws/install/action_msgs/include/action_msgs/action_msgs/msg/detail/goal_status_array__functions.c
[29.121s] -- Installing: /home/amadorjosephg/CA-Embedded-MiniProject/comet_bot_ws/install/action_msgs/include/action_msgs/action_msgs/msg/detail/goal_status__struct.h
[29.122s] -- Installing: /home/amadorjosephg/CA-Embedded-MiniProject/comet_bot_ws/install/action_msgs/include/action_msgs/action_msgs/msg/detail/goal_status_array__functions.h
[29.122s] -- Installing: /home/amadorjosephg/CA-Embedded-MiniProject/comet_bot_ws/install/action_msgs/include/action_msgs/action_msgs/msg/detail/goal_status_array__type_support.h
[29.122s] -- Installing: /home/amadorjosephg/CA-Embedded-MiniProject/comet_bot_ws/install/action_msgs/include/action_msgs/action_msgs/msg/detail/goal_status__functions.h
[29.122s] -- Installing: /home/amadorjosephg/CA-Embedded-MiniProject/comet_bot_ws/install/action_msgs/include/action_msgs/action_msgs/msg/detail/goal_info__functions.c
[29.123s] -- Installing: /home/amadorjosephg/CA-Embedded-MiniProject/comet_bot_ws/install/action_msgs/share/action_msgs/environment/library_path.sh
[29.123s] -- Installing: /home/amadorjosephg/CA-Embedded-MiniProject/comet_bot_ws/install/action_msgs/share/action_msgs/environment/library_path.dsv
[29.124s] -- Installing: /home/amadorjosephg/CA-Embedded-MiniProject/comet_bot_ws/install/action_msgs/lib/libaction_msgs__rosidl_generator_c.so
[29.124s] -- Set runtime path of "/home/amadorjosephg/CA-Embedded-MiniProject/comet_bot_ws/install/action_msgs/lib/libaction_msgs__rosidl_generator_c.so" to ""
[29.125s] -- Up-to-date: /home/amadorjosephg/CA-Embedded-MiniProject/comet_bot_ws/install/action_msgs/include/action_msgs/action_msgs
[29.125s] -- Up-to-date: /home/amadorjosephg/CA-Embedded-MiniProject/comet_bot_ws/install/action_msgs/include/action_msgs/action_msgs/srv
[29.125s] -- Up-to-date: /home/amadorjosephg/CA-Embedded-MiniProject/comet_bot_ws/install/action_msgs/include/action_msgs/action_msgs/srv/detail
[29.125s] -- Installing: /home/amadorjosephg/CA-Embedded-MiniProject/comet_bot_ws/install/action_msgs/include/action_msgs/action_msgs/srv/detail/cancel_goal__rosidl_typesupport_fastrtps_c.h
[29.125s] -- Up-to-date: /home/amadorjosephg/CA-Embedded-MiniProject/comet_bot_ws/install/action_msgs/include/action_msgs/action_msgs/msg
[29.126s] -- Up-to-date: /home/amadorjosephg/CA-Embedded-MiniProject/comet_bot_ws/install/action_msgs/include/action_msgs/action_msgs/msg/detail
[29.126s] -- Installing: /home/amadorjosephg/CA-Embedded-MiniProject/comet_bot_ws/install/action_msgs/include/action_msgs/action_msgs/msg/detail/goal_info__rosidl_typesupport_fastrtps_c.h
[29.126s] -- Installing: /home/amadorjosephg/CA-Embedded-MiniProject/comet_bot_ws/install/action_msgs/include/action_msgs/action_msgs/msg/detail/goal_status__rosidl_typesupport_fastrtps_c.h
[29.126s] -- Installing: /home/amadorjosephg/CA-Embedded-MiniProject/comet_bot_ws/install/action_msgs/include/action_msgs/action_msgs/msg/detail/goal_status_array__rosidl_typesupport_fastrtps_c.h
[29.127s] -- Installing: /home/amadorjosephg/CA-Embedded-MiniProject/comet_bot_ws/install/action_msgs/include/action_msgs/action_msgs/msg/rosidl_typesupport_fastrtps_c__visibility_control.h
[29.127s] -- Installing: /home/amadorjosephg/CA-Embedded-MiniProject/comet_bot_ws/install/action_msgs/lib/libaction_msgs__rosidl_typesupport_fastrtps_c.so
[29.128s] -- Set runtime path of "/home/amadorjosephg/CA-Embedded-MiniProject/comet_bot_ws/install/action_msgs/lib/libaction_msgs__rosidl_typesupport_fastrtps_c.so" to ""
[29.128s] -- Up-to-date: /home/amadorjosephg/CA-Embedded-MiniProject/comet_bot_ws/install/action_msgs/include/action_msgs/action_msgs
[29.128s] -- Up-to-date: /home/amadorjosephg/CA-Embedded-MiniProject/comet_bot_ws/install/action_msgs/include/action_msgs/action_msgs/srv
[29.128s] -- Up-to-date: /home/amadorjosephg/CA-Embedded-MiniProject/comet_bot_ws/install/action_msgs/include/action_msgs/action_msgs/srv/detail
[29.129s] -- Installing: /home/amadorjosephg/CA-Embedded-MiniProject/comet_bot_ws/install/action_msgs/include/action_msgs/action_msgs/srv/detail/cancel_goal__traits.hpp
[29.129s] -- Installing: /home/amadorjosephg/CA-Embedded-MiniProject/comet_bot_ws/install/action_msgs/include/action_msgs/action_msgs/srv/detail/cancel_goal__struct.hpp
[29.129s] -- Installing: /home/amadorjosephg/CA-Embedded-MiniProject/comet_bot_ws/install/action_msgs/include/action_msgs/action_msgs/srv/detail/cancel_goal__builder.hpp
[29.130s] -- Installing: /home/amadorjosephg/CA-Embedded-MiniProject/comet_bot_ws/install/action_msgs/include/action_msgs/action_msgs/srv/cancel_goal.hpp
[29.130s] -- Up-to-date: /home/amadorjosephg/CA-Embedded-MiniProject/comet_bot_ws/install/action_msgs/include/action_msgs/action_msgs/msg
[29.130s] -- Installing: /home/amadorjosephg/CA-Embedded-MiniProject/comet_bot_ws/install/action_msgs/include/action_msgs/action_msgs/msg/goal_info.hpp
[29.130s] -- Installing: /home/amadorjosephg/CA-Embedded-MiniProject/comet_bot_ws/install/action_msgs/include/action_msgs/action_msgs/msg/goal_status_array.hpp
[29.131s] -- Up-to-date: /home/amadorjosephg/CA-Embedded-MiniProject/comet_bot_ws/install/action_msgs/include/action_msgs/action_msgs/msg/detail
[29.131s] -- Installing: /home/amadorjosephg/CA-Embedded-MiniProject/comet_bot_ws/install/action_msgs/include/action_msgs/action_msgs/msg/detail/goal_info__struct.hpp
[29.131s] -- Installing: /home/amadorjosephg/CA-Embedded-MiniProject/comet_bot_ws/install/action_msgs/include/action_msgs/action_msgs/msg/detail/goal_status_array__traits.hpp
[29.131s] -- Installing: /home/amadorjosephg/CA-Embedded-MiniProject/comet_bot_ws/install/action_msgs/include/action_msgs/action_msgs/msg/detail/goal_info__traits.hpp
[29.131s] -- Installing: /home/amadorjosephg/CA-Embedded-MiniProject/comet_bot_ws/install/action_msgs/include/action_msgs/action_msgs/msg/detail/goal_status__builder.hpp
[29.132s] -- Installing: /home/amadorjosephg/CA-Embedded-MiniProject/comet_bot_ws/install/action_msgs/include/action_msgs/action_msgs/msg/detail/goal_status_array__builder.hpp
[29.132s] -- Installing: /home/amadorjosephg/CA-Embedded-MiniProject/comet_bot_ws/install/action_msgs/include/action_msgs/action_msgs/msg/detail/goal_status_array__struct.hpp
[29.132s] -- Installing: /home/amadorjosephg/CA-Embedded-MiniProject/comet_bot_ws/install/action_msgs/include/action_msgs/action_msgs/msg/detail/goal_status__struct.hpp
[29.133s] -- Installing: /home/amadorjosephg/CA-Embedded-MiniProject/comet_bot_ws/install/action_msgs/include/action_msgs/action_msgs/msg/detail/goal_status__traits.hpp
[29.133s] -- Installing: /home/amadorjosephg/CA-Embedded-MiniProject/comet_bot_ws/install/action_msgs/include/action_msgs/action_msgs/msg/detail/goal_info__builder.hpp
[29.133s] -- Installing: /home/amadorjosephg/CA-Embedded-MiniProject/comet_bot_ws/install/action_msgs/include/action_msgs/action_msgs/msg/goal_status.hpp
[29.133s] -- Up-to-date: /home/amadorjosephg/CA-Embedded-MiniProject/comet_bot_ws/install/action_msgs/include/action_msgs/action_msgs
[29.134s] -- Up-to-date: /home/amadorjosephg/CA-Embedded-MiniProject/comet_bot_ws/install/action_msgs/include/action_msgs/action_msgs/srv
[29.134s] -- Up-to-date: /home/amadorjosephg/CA-Embedded-MiniProject/comet_bot_ws/install/action_msgs/include/action_msgs/action_msgs/srv/detail
[29.134s] -- Installing: /home/amadorjosephg/CA-Embedded-MiniProject/comet_bot_ws/install/action_msgs/include/action_msgs/action_msgs/srv/detail/cancel_goal__rosidl_typesupport_fastrtps_cpp.hpp
[29.135s] -- Installing: /home/amadorjosephg/CA-Embedded-MiniProject/comet_bot_ws/install/action_msgs/include/action_msgs/action_msgs/srv/detail/dds_fastrtps
[29.135s] -- Up-to-date: /home/amadorjosephg/CA-Embedded-MiniProject/comet_bot_ws/install/action_msgs/include/action_msgs/action_msgs/msg
[29.135s] -- Up-to-date: /home/amadorjosephg/CA-Embedded-MiniProject/comet_bot_ws/install/action_msgs/include/action_msgs/action_msgs/msg/detail
[29.135s] -- Installing: /home/amadorjosephg/CA-Embedded-MiniProject/comet_bot_ws/install/action_msgs/include/action_msgs/action_msgs/msg/detail/goal_status_array__rosidl_typesupport_fastrtps_cpp.hpp
[29.135s] -- Installing: /home/amadorjosephg/CA-Embedded-MiniProject/comet_bot_ws/install/action_msgs/include/action_msgs/action_msgs/msg/detail/goal_status__rosidl_typesupport_fastrtps_cpp.hpp
[29.136s] -- Installing: /home/amadorjosephg/CA-Embedded-MiniProject/comet_bot_ws/install/action_msgs/include/action_msgs/action_msgs/msg/detail/goal_info__rosidl_typesupport_fastrtps_cpp.hpp
[29.136s] -- Installing: /home/amadorjosephg/CA-Embedded-MiniProject/comet_bot_ws/install/action_msgs/include/action_msgs/action_msgs/msg/detail/dds_fastrtps
[29.136s] -- Installing: /home/amadorjosephg/CA-Embedded-MiniProject/comet_bot_ws/install/action_msgs/include/action_msgs/action_msgs/msg/rosidl_typesupport_fastrtps_cpp__visibility_control.h
[29.137s] -- Installing: /home/amadorjosephg/CA-Embedded-MiniProject/comet_bot_ws/install/action_msgs/lib/libaction_msgs__rosidl_typesupport_fastrtps_cpp.so
[29.137s] -- Set runtime path of "/home/amadorjosephg/CA-Embedded-MiniProject/comet_bot_ws/install/action_msgs/lib/libaction_msgs__rosidl_typesupport_fastrtps_cpp.so" to ""
[29.137s] -- Up-to-date: /home/amadorjosephg/CA-Embedded-MiniProject/comet_bot_ws/install/action_msgs/include/action_msgs
[29.138s] -- Installing: /home/amadorjosephg/CA-Embedded-MiniProject/comet_bot_ws/install/action_msgs/include/action_msgs/srv
[29.138s] -- Installing: /home/amadorjosephg/CA-Embedded-MiniProject/comet_bot_ws/install/action_msgs/include/action_msgs/srv/detail
[29.138s] -- Installing: /home/amadorjosephg/CA-Embedded-MiniProject/comet_bot_ws/install/action_msgs/include/action_msgs/srv/detail/microxrcedds
[29.138s] -- Installing: /home/amadorjosephg/CA-Embedded-MiniProject/comet_bot_ws/install/action_msgs/include/action_msgs/srv/detail/cancel_goal__rosidl_typesupport_microxrcedds_c.h
[29.139s] -- Installing: /home/amadorjosephg/CA-Embedded-MiniProject/comet_bot_ws/install/action_msgs/include/action_msgs/msg
[29.139s] -- Installing: /home/amadorjosephg/CA-Embedded-MiniProject/comet_bot_ws/install/action_msgs/include/action_msgs/msg/detail
[29.139s] -- Installing: /home/amadorjosephg/CA-Embedded-MiniProject/comet_bot_ws/install/action_msgs/include/action_msgs/msg/detail/goal_status_array__rosidl_typesupport_microxrcedds_c.h
[29.139s] -- Installing: /home/amadorjosephg/CA-Embedded-MiniProject/comet_bot_ws/install/action_msgs/include/action_msgs/msg/detail/goal_info__rosidl_typesupport_microxrcedds_c.h
[29.140s] -- Installing: /home/amadorjosephg/CA-Embedded-MiniProject/comet_bot_ws/install/action_msgs/include/action_msgs/msg/detail/microxrcedds
[29.140s] -- Installing: /home/amadorjosephg/CA-Embedded-MiniProject/comet_bot_ws/install/action_msgs/include/action_msgs/msg/detail/goal_status__rosidl_typesupport_microxrcedds_c.h
[29.140s] -- Installing: /home/amadorjosephg/CA-Embedded-MiniProject/comet_bot_ws/install/action_msgs/include/action_msgs/msg/rosidl_typesupport_microxrcedds_c__visibility_control.h
[29.140s] -- Installing: /home/amadorjosephg/CA-Embedded-MiniProject/comet_bot_ws/install/action_msgs/lib/libaction_msgs__rosidl_typesupport_microxrcedds_c.so
[29.141s] -- Set runtime path of "/home/amadorjosephg/CA-Embedded-MiniProject/comet_bot_ws/install/action_msgs/lib/libaction_msgs__rosidl_typesupport_microxrcedds_c.so" to ""
[29.141s] -- Up-to-date: /home/amadorjosephg/CA-Embedded-MiniProject/comet_bot_ws/install/action_msgs/include/action_msgs/action_msgs
[29.141s] -- Up-to-date: /home/amadorjosephg/CA-Embedded-MiniProject/comet_bot_ws/install/action_msgs/include/action_msgs/action_msgs/srv
[29.141s] -- Up-to-date: /home/amadorjosephg/CA-Embedded-MiniProject/comet_bot_ws/install/action_msgs/include/action_msgs/action_msgs/srv/detail
[29.142s] -- Installing: /home/amadorjosephg/CA-Embedded-MiniProject/comet_bot_ws/install/action_msgs/include/action_msgs/action_msgs/srv/detail/cancel_goal__type_support.c
[29.142s] -- Installing: /home/amadorjosephg/CA-Embedded-MiniProject/comet_bot_ws/install/action_msgs/include/action_msgs/action_msgs/srv/detail/cancel_goal__rosidl_typesupport_introspection_c.h
[29.142s] -- Up-to-date: /home/amadorjosephg/CA-Embedded-MiniProject/comet_bot_ws/install/action_msgs/include/action_msgs/action_msgs/msg
[29.142s] -- Installing: /home/amadorjosephg/CA-Embedded-MiniProject/comet_bot_ws/install/action_msgs/include/action_msgs/action_msgs/msg/rosidl_typesupport_introspection_c__visibility_control.h
[29.143s] -- Up-to-date: /home/amadorjosephg/CA-Embedded-MiniProject/comet_bot_ws/install/action_msgs/include/action_msgs/action_msgs/msg/detail
[29.143s] -- Installing: /home/amadorjosephg/CA-Embedded-MiniProject/comet_bot_ws/install/action_msgs/include/action_msgs/action_msgs/msg/detail/goal_status_array__rosidl_typesupport_introspection_c.h
[29.143s] -- Installing: /home/amadorjosephg/CA-Embedded-MiniProject/comet_bot_ws/install/action_msgs/include/action_msgs/action_msgs/msg/detail/goal_info__rosidl_typesupport_introspection_c.h
[29.143s] -- Installing: /home/amadorjosephg/CA-Embedded-MiniProject/comet_bot_ws/install/action_msgs/include/action_msgs/action_msgs/msg/detail/goal_status_array__type_support.c
[29.144s] -- Installing: /home/amadorjosephg/CA-Embedded-MiniProject/comet_bot_ws/install/action_msgs/include/action_msgs/action_msgs/msg/detail/goal_status__type_support.c
[29.144s] -- Installing: /home/amadorjosephg/CA-Embedded-MiniProject/comet_bot_ws/install/action_msgs/include/action_msgs/action_msgs/msg/detail/goal_info__type_support.c
[29.144s] -- Installing: /home/amadorjosephg/CA-Embedded-MiniProject/comet_bot_ws/install/action_msgs/include/action_msgs/action_msgs/msg/detail/goal_status__rosidl_typesupport_introspection_c.h
[29.145s] -- Installing: /home/amadorjosephg/CA-Embedded-MiniProject/comet_bot_ws/install/action_msgs/lib/libaction_msgs__rosidl_typesupport_introspection_c.so
[29.145s] -- Set runtime path of "/home/amadorjosephg/CA-Embedded-MiniProject/comet_bot_ws/install/action_msgs/lib/libaction_msgs__rosidl_typesupport_introspection_c.so" to ""
[29.145s] -- Installing: /home/amadorjosephg/CA-Embedded-MiniProject/comet_bot_ws/install/action_msgs/lib/libaction_msgs__rosidl_typesupport_c.so
[29.146s] -- Set runtime path of "/home/amadorjosephg/CA-Embedded-MiniProject/comet_bot_ws/install/action_msgs/lib/libaction_msgs__rosidl_typesupport_c.so" to ""
[29.146s] -- Up-to-date: /home/amadorjosephg/CA-Embedded-MiniProject/comet_bot_ws/install/action_msgs/include/action_msgs
[29.146s] -- Up-to-date: /home/amadorjosephg/CA-Embedded-MiniProject/comet_bot_ws/install/action_msgs/include/action_msgs/srv
[29.147s] -- Up-to-date: /home/amadorjosephg/CA-Embedded-MiniProject/comet_bot_ws/install/action_msgs/include/action_msgs/srv/detail
[29.147s] -- Installing: /home/amadorjosephg/CA-Embedded-MiniProject/comet_bot_ws/install/action_msgs/include/action_msgs/srv/detail/cancel_goal__rosidl_typesupport_microxrcedds_cpp.hpp
[29.147s] -- Up-to-date: /home/amadorjosephg/CA-Embedded-MiniProject/comet_bot_ws/install/action_msgs/include/action_msgs/srv/detail/microxrcedds
[29.147s] -- Installing: /home/amadorjosephg/CA-Embedded-MiniProject/comet_bot_ws/install/action_msgs/include/action_msgs/srv/detail/microxrcedds/cancel_goal__type_support_cpp.cpp
[29.147s] -- Up-to-date: /home/amadorjosephg/CA-Embedded-MiniProject/comet_bot_ws/install/action_msgs/include/action_msgs/msg
[29.148s] -- Installing: /home/amadorjosephg/CA-Embedded-MiniProject/comet_bot_ws/install/action_msgs/include/action_msgs/msg/rosidl_typesupport_microxrcedds_cpp__visibility_control.h
[29.148s] -- Up-to-date: /home/amadorjosephg/CA-Embedded-MiniProject/comet_bot_ws/install/action_msgs/include/action_msgs/msg/detail
[29.148s] -- Installing: /home/amadorjosephg/CA-Embedded-MiniProject/comet_bot_ws/install/action_msgs/include/action_msgs/msg/detail/goal_info__rosidl_typesupport_microxrcedds_cpp.hpp
[29.148s] -- Installing: /home/amadorjosephg/CA-Embedded-MiniProject/comet_bot_ws/install/action_msgs/include/action_msgs/msg/detail/goal_status_array__rosidl_typesupport_microxrcedds_cpp.hpp
[29.149s] -- Installing: /home/amadorjosephg/CA-Embedded-MiniProject/comet_bot_ws/install/action_msgs/include/action_msgs/msg/detail/goal_status__rosidl_typesupport_microxrcedds_cpp.hpp
[29.149s] -- Up-to-date: /home/amadorjosephg/CA-Embedded-MiniProject/comet_bot_ws/install/action_msgs/include/action_msgs/msg/detail/microxrcedds
[29.149s] -- Installing: /home/amadorjosephg/CA-Embedded-MiniProject/comet_bot_ws/install/action_msgs/include/action_msgs/msg/detail/microxrcedds/goal_status__type_support_cpp.cpp
[29.149s] -- Installing: /home/amadorjosephg/CA-Embedded-MiniProject/comet_bot_ws/install/action_msgs/include/action_msgs/msg/detail/microxrcedds/goal_status_array__type_support_cpp.cpp
[29.150s] -- Installing: /home/amadorjosephg/CA-Embedded-MiniProject/comet_bot_ws/install/action_msgs/include/action_msgs/msg/detail/microxrcedds/goal_info__type_support_cpp.cpp
[29.150s] -- Installing: /home/amadorjosephg/CA-Embedded-MiniProject/comet_bot_ws/install/action_msgs/lib/libaction_msgs__rosidl_typesupport_microxrcedds_cpp.so
[29.151s] -- Set runtime path of "/home/amadorjosephg/CA-Embedded-MiniProject/comet_bot_ws/install/action_msgs/lib/libaction_msgs__rosidl_typesupport_microxrcedds_cpp.so" to ""
[29.151s] -- Up-to-date: /home/amadorjosephg/CA-Embedded-MiniProject/comet_bot_ws/install/action_msgs/include/action_msgs/action_msgs
[29.151s] -- Up-to-date: /home/amadorjosephg/CA-Embedded-MiniProject/comet_bot_ws/install/action_msgs/include/action_msgs/action_msgs/srv
[29.151s] -- Up-to-date: /home/amadorjosephg/CA-Embedded-MiniProject/comet_bot_ws/install/action_msgs/include/action_msgs/action_msgs/srv/detail
[29.151s] -- Installing: /home/amadorjosephg/CA-Embedded-MiniProject/comet_bot_ws/install/action_msgs/include/action_msgs/action_msgs/srv/detail/cancel_goal__type_support.cpp
[29.152s] -- Installing: /home/amadorjosephg/CA-Embedded-MiniProject/comet_bot_ws/install/action_msgs/include/action_msgs/action_msgs/srv/detail/cancel_goal__rosidl_typesupport_introspection_cpp.hpp
[29.152s] -- Up-to-date: /home/amadorjosephg/CA-Embedded-MiniProject/comet_bot_ws/install/action_msgs/include/action_msgs/action_msgs/msg
[29.152s] -- Up-to-date: /home/amadorjosephg/CA-Embedded-MiniProject/comet_bot_ws/install/action_msgs/include/action_msgs/action_msgs/msg/detail
[29.152s] -- Installing: /home/amadorjosephg/CA-Embedded-MiniProject/comet_bot_ws/install/action_msgs/include/action_msgs/action_msgs/msg/detail/goal_status__type_support.cpp
[29.152s] -- Installing: /home/amadorjosephg/CA-Embedded-MiniProject/comet_bot_ws/install/action_msgs/include/action_msgs/action_msgs/msg/detail/goal_info__rosidl_typesupport_introspection_cpp.hpp
[29.153s] -- Installing: /home/amadorjosephg/CA-Embedded-MiniProject/comet_bot_ws/install/action_msgs/include/action_msgs/action_msgs/msg/detail/goal_status_array__rosidl_typesupport_introspection_cpp.hpp
[29.153s] -- Installing: /home/amadorjosephg/CA-Embedded-MiniProject/comet_bot_ws/install/action_msgs/include/action_msgs/action_msgs/msg/detail/goal_status__rosidl_typesupport_introspection_cpp.hpp
[29.153s] -- Installing: /home/amadorjosephg/CA-Embedded-MiniProject/comet_bot_ws/install/action_msgs/include/action_msgs/action_msgs/msg/detail/goal_info__type_support.cpp
[29.154s] -- Installing: /home/amadorjosephg/CA-Embedded-MiniProject/comet_bot_ws/install/action_msgs/include/action_msgs/action_msgs/msg/detail/goal_status_array__type_support.cpp
[29.154s] -- Installing: /home/amadorjosephg/CA-Embedded-MiniProject/comet_bot_ws/install/action_msgs/lib/libaction_msgs__rosidl_typesupport_introspection_cpp.so
[29.154s] -- Set runtime path of "/home/amadorjosephg/CA-Embedded-MiniProject/comet_bot_ws/install/action_msgs/lib/libaction_msgs__rosidl_typesupport_introspection_cpp.so" to ""
[29.155s] -- Installing: /home/amadorjosephg/CA-Embedded-MiniProject/comet_bot_ws/install/action_msgs/lib/libaction_msgs__rosidl_typesupport_cpp.so
[29.155s] -- Set runtime path of "/home/amadorjosephg/CA-Embedded-MiniProject/comet_bot_ws/install/action_msgs/lib/libaction_msgs__rosidl_typesupport_cpp.so" to ""
[29.155s] -- Installing: /home/amadorjosephg/CA-Embedded-MiniProject/comet_bot_ws/install/action_msgs/share/action_msgs/environment/pythonpath.sh
[29.156s] -- Installing: /home/amadorjosephg/CA-Embedded-MiniProject/comet_bot_ws/install/action_msgs/share/action_msgs/environment/pythonpath.dsv
[29.156s] -- Installing: /home/amadorjosephg/CA-Embedded-MiniProject/comet_bot_ws/install/action_msgs/local/lib/python3.10/dist-packages/action_msgs-1.2.1-py3.10.egg-info
[29.156s] -- Installing: /home/amadorjosephg/CA-Embedded-MiniProject/comet_bot_ws/install/action_msgs/local/lib/python3.10/dist-packages/action_msgs-1.2.1-py3.10.egg-info/PKG-INFO
[29.157s] -- Installing: /home/amadorjosephg/CA-Embedded-MiniProject/comet_bot_ws/install/action_msgs/local/lib/python3.10/dist-packages/action_msgs-1.2.1-py3.10.egg-info/dependency_links.txt
[29.157s] -- Installing: /home/amadorjosephg/CA-Embedded-MiniProject/comet_bot_ws/install/action_msgs/local/lib/python3.10/dist-packages/action_msgs-1.2.1-py3.10.egg-info/top_level.txt
[29.157s] -- Installing: /home/amadorjosephg/CA-Embedded-MiniProject/comet_bot_ws/install/action_msgs/local/lib/python3.10/dist-packages/action_msgs-1.2.1-py3.10.egg-info/SOURCES.txt
[29.157s] -- Installing: /home/amadorjosephg/CA-Embedded-MiniProject/comet_bot_ws/install/action_msgs/local/lib/python3.10/dist-packages/action_msgs
[29.158s] -- Installing: /home/amadorjosephg/CA-Embedded-MiniProject/comet_bot_ws/install/action_msgs/local/lib/python3.10/dist-packages/action_msgs/_action_msgs_s.ep.rosidl_typesupport_fastrtps_c.c
[29.158s] -- Installing: /home/amadorjosephg/CA-Embedded-MiniProject/comet_bot_ws/install/action_msgs/local/lib/python3.10/dist-packages/action_msgs/_action_msgs_s.ep.rosidl_typesupport_microxrcedds_c.c
[29.158s] -- Installing: /home/amadorjosephg/CA-Embedded-MiniProject/comet_bot_ws/install/action_msgs/local/lib/python3.10/dist-packages/action_msgs/__init__.py
[29.159s] -- Installing: /home/amadorjosephg/CA-Embedded-MiniProject/comet_bot_ws/install/action_msgs/local/lib/python3.10/dist-packages/action_msgs/action_msgs_s__rosidl_typesupport_microxrcedds_c.cpython-310-x86_64-linux-gnu.so
[29.159s] -- Installing: /home/amadorjosephg/CA-Embedded-MiniProject/comet_bot_ws/install/action_msgs/local/lib/python3.10/dist-packages/action_msgs/action_msgs_s__rosidl_typesupport_fastrtps_c.cpython-310-x86_64-linux-gnu.so
[29.159s] -- Installing: /home/amadorjosephg/CA-Embedded-MiniProject/comet_bot_ws/install/action_msgs/local/lib/python3.10/dist-packages/action_msgs/_action_msgs_s.ep.rosidl_typesupport_c.c
[29.160s] -- Installing: /home/amadorjosephg/CA-Embedded-MiniProject/comet_bot_ws/install/action_msgs/local/lib/python3.10/dist-packages/action_msgs/srv
[29.160s] -- Installing: /home/amadorjosephg/CA-Embedded-MiniProject/comet_bot_ws/install/action_msgs/local/lib/python3.10/dist-packages/action_msgs/srv/_cancel_goal.py
[29.160s] -- Installing: /home/amadorjosephg/CA-Embedded-MiniProject/comet_bot_ws/install/action_msgs/local/lib/python3.10/dist-packages/action_msgs/srv/_cancel_goal_s.c
[29.161s] -- Installing: /home/amadorjosephg/CA-Embedded-MiniProject/comet_bot_ws/install/action_msgs/local/lib/python3.10/dist-packages/action_msgs/srv/__init__.py
[29.161s] -- Installing: /home/amadorjosephg/CA-Embedded-MiniProject/comet_bot_ws/install/action_msgs/local/lib/python3.10/dist-packages/action_msgs/_action_msgs_s.ep.rosidl_typesupport_introspection_c.c
[29.161s] -- Installing: /home/amadorjosephg/CA-Embedded-MiniProject/comet_bot_ws/install/action_msgs/local/lib/python3.10/dist-packages/action_msgs/action_msgs_s__rosidl_typesupport_introspection_c.cpython-310-x86_64-linux-gnu.so
[29.161s] -- Installing: /home/amadorjosephg/CA-Embedded-MiniProject/comet_bot_ws/install/action_msgs/local/lib/python3.10/dist-packages/action_msgs/msg
[29.162s] -- Installing: /home/amadorjosephg/CA-Embedded-MiniProject/comet_bot_ws/install/action_msgs/local/lib/python3.10/dist-packages/action_msgs/msg/_goal_status.py
[29.162s] -- Installing: /home/amadorjosephg/CA-Embedded-MiniProject/comet_bot_ws/install/action_msgs/local/lib/python3.10/dist-packages/action_msgs/msg/_goal_status_array.py
[29.162s] -- Installing: /home/amadorjosephg/CA-Embedded-MiniProject/comet_bot_ws/install/action_msgs/local/lib/python3.10/dist-packages/action_msgs/msg/_goal_info_s.c
[29.163s] -- Installing: /home/amadorjosephg/CA-Embedded-MiniProject/comet_bot_ws/install/action_msgs/local/lib/python3.10/dist-packages/action_msgs/msg/__init__.py
[29.163s] -- Installing: /home/amadorjosephg/CA-Embedded-MiniProject/comet_bot_ws/install/action_msgs/local/lib/python3.10/dist-packages/action_msgs/msg/_goal_status_array_s.c
[29.163s] -- Installing: /home/amadorjosephg/CA-Embedded-MiniProject/comet_bot_ws/install/action_msgs/local/lib/python3.10/dist-packages/action_msgs/msg/_goal_info.py
[29.163s] -- Installing: /home/amadorjosephg/CA-Embedded-MiniProject/comet_bot_ws/install/action_msgs/local/lib/python3.10/dist-packages/action_msgs/msg/_goal_status_s.c
[29.164s] -- Installing: /home/amadorjosephg/CA-Embedded-MiniProject/comet_bot_ws/install/action_msgs/local/lib/python3.10/dist-packages/action_msgs/libaction_msgs__rosidl_generator_py.so
[29.164s] -- Installing: /home/amadorjosephg/CA-Embedded-MiniProject/comet_bot_ws/install/action_msgs/local/lib/python3.10/dist-packages/action_msgs/action_msgs_s__rosidl_typesupport_c.cpython-310-x86_64-linux-gnu.so
[29.221s] Listing '/home/amadorjosephg/CA-Embedded-MiniProject/comet_bot_ws/install/action_msgs/local/lib/python3.10/dist-packages/action_msgs'...
[29.222s] Compiling '/home/amadorjosephg/CA-Embedded-MiniProject/comet_bot_ws/install/action_msgs/local/lib/python3.10/dist-packages/action_msgs/__init__.py'...
[29.222s] Listing '/home/amadorjosephg/CA-Embedded-MiniProject/comet_bot_ws/install/action_msgs/local/lib/python3.10/dist-packages/action_msgs/msg'...
[29.222s] Compiling '/home/amadorjosephg/CA-Embedded-MiniProject/comet_bot_ws/install/action_msgs/local/lib/python3.10/dist-packages/action_msgs/msg/__init__.py'...
[29.222s] Compiling '/home/amadorjosephg/CA-Embedded-MiniProject/comet_bot_ws/install/action_msgs/local/lib/python3.10/dist-packages/action_msgs/msg/_goal_info.py'...
[29.222s] Compiling '/home/amadorjosephg/CA-Embedded-MiniProject/comet_bot_ws/install/action_msgs/local/lib/python3.10/dist-packages/action_msgs/msg/_goal_status.py'...
[29.222s] Compiling '/home/amadorjosephg/CA-Embedded-MiniProject/comet_bot_ws/install/action_msgs/local/lib/python3.10/dist-packages/action_msgs/msg/_goal_status_array.py'...
[29.227s] Listing '/home/amadorjosephg/CA-Embedded-MiniProject/comet_bot_ws/install/action_msgs/local/lib/python3.10/dist-packages/action_msgs/srv'...
[29.227s] Compiling '/home/amadorjosephg/CA-Embedded-MiniProject/comet_bot_ws/install/action_msgs/local/lib/python3.10/dist-packages/action_msgs/srv/__init__.py'...
[29.227s] Compiling '/home/amadorjosephg/CA-Embedded-MiniProject/comet_bot_ws/install/action_msgs/local/lib/python3.10/dist-packages/action_msgs/srv/_cancel_goal.py'...
[29.238s] -- Installing: /home/amadorjosephg/CA-Embedded-MiniProject/comet_bot_ws/install/action_msgs/local/lib/python3.10/dist-packages/action_msgs/action_msgs_s__rosidl_typesupport_microxrcedds_c.cpython-310-x86_64-linux-gnu.so
[29.238s] -- Set runtime path of "/home/amadorjosephg/CA-Embedded-MiniProject/comet_bot_ws/install/action_msgs/local/lib/python3.10/dist-packages/action_msgs/action_msgs_s__rosidl_typesupport_microxrcedds_c.cpython-310-x86_64-linux-gnu.so" to ""
[29.239s] -- Installing: /home/amadorjosephg/CA-Embedded-MiniProject/comet_bot_ws/install/action_msgs/local/lib/python3.10/dist-packages/action_msgs/action_msgs_s__rosidl_typesupport_fastrtps_c.cpython-310-x86_64-linux-gnu.so
[29.239s] -- Set runtime path of "/home/amadorjosephg/CA-Embedded-MiniProject/comet_bot_ws/install/action_msgs/local/lib/python3.10/dist-packages/action_msgs/action_msgs_s__rosidl_typesupport_fastrtps_c.cpython-310-x86_64-linux-gnu.so" to ""
[29.239s] -- Installing: /home/amadorjosephg/CA-Embedded-MiniProject/comet_bot_ws/install/action_msgs/local/lib/python3.10/dist-packages/action_msgs/action_msgs_s__rosidl_typesupport_introspection_c.cpython-310-x86_64-linux-gnu.so
[29.239s] -- Set runtime path of "/home/amadorjosephg/CA-Embedded-MiniProject/comet_bot_ws/install/action_msgs/local/lib/python3.10/dist-packages/action_msgs/action_msgs_s__rosidl_typesupport_introspection_c.cpython-310-x86_64-linux-gnu.so" to ""
[29.240s] -- Installing: /home/amadorjosephg/CA-Embedded-MiniProject/comet_bot_ws/install/action_msgs/local/lib/python3.10/dist-packages/action_msgs/action_msgs_s__rosidl_typesupport_c.cpython-310-x86_64-linux-gnu.so
[29.240s] -- Set runtime path of "/home/amadorjosephg/CA-Embedded-MiniProject/comet_bot_ws/install/action_msgs/local/lib/python3.10/dist-packages/action_msgs/action_msgs_s__rosidl_typesupport_c.cpython-310-x86_64-linux-gnu.so" to ""
[29.240s] -- Installing: /home/amadorjosephg/CA-Embedded-MiniProject/comet_bot_ws/install/action_msgs/lib/libaction_msgs__rosidl_generator_py.so
[29.241s] -- Set runtime path of "/home/amadorjosephg/CA-Embedded-MiniProject/comet_bot_ws/install/action_msgs/lib/libaction_msgs__rosidl_generator_py.so" to ""
[29.241s] -- Installing: /home/amadorjosephg/CA-Embedded-MiniProject/comet_bot_ws/install/action_msgs/share/action_msgs/msg/GoalInfo.idl
[29.241s] -- Installing: /home/amadorjosephg/CA-Embedded-MiniProject/comet_bot_ws/install/action_msgs/share/action_msgs/msg/GoalStatus.idl
[29.242s] -- Installing: /home/amadorjosephg/CA-Embedded-MiniProject/comet_bot_ws/install/action_msgs/share/action_msgs/msg/GoalStatusArray.idl
[29.242s] -- Installing: /home/amadorjosephg/CA-Embedded-MiniProject/comet_bot_ws/install/action_msgs/share/action_msgs/srv/CancelGoal.idl
[29.242s] -- Installing: /home/amadorjosephg/CA-Embedded-MiniProject/comet_bot_ws/install/action_msgs/share/action_msgs/msg/GoalInfo.msg
[29.243s] -- Installing: /home/amadorjosephg/CA-Embedded-MiniProject/comet_bot_ws/install/action_msgs/share/action_msgs/msg/GoalStatus.msg
[29.243s] -- Installing: /home/amadorjosephg/CA-Embedded-MiniProject/comet_bot_ws/install/action_msgs/share/action_msgs/msg/GoalStatusArray.msg
[29.243s] -- Installing: /home/amadorjosephg/CA-Embedded-MiniProject/comet_bot_ws/install/action_msgs/share/action_msgs/srv/CancelGoal.srv
[29.244s] -- Installing: /home/amadorjosephg/CA-Embedded-MiniProject/comet_bot_ws/install/action_msgs/share/action_msgs/srv/CancelGoal_Request.msg
[29.244s] -- Installing: /home/amadorjosephg/CA-Embedded-MiniProject/comet_bot_ws/install/action_msgs/share/action_msgs/srv/CancelGoal_Response.msg
[29.244s] -- Installing: /home/amadorjosephg/CA-Embedded-MiniProject/comet_bot_ws/install/action_msgs/share/ament_index/resource_index/package_run_dependencies/action_msgs
[29.245s] -- Installing: /home/amadorjosephg/CA-Embedded-MiniProject/comet_bot_ws/install/action_msgs/share/ament_index/resource_index/parent_prefix_path/action_msgs
[29.245s] -- Installing: /home/amadorjosephg/CA-Embedded-MiniProject/comet_bot_ws/install/action_msgs/share/action_msgs/environment/ament_prefix_path.sh
[29.245s] -- Installing: /home/amadorjosephg/CA-Embedded-MiniProject/comet_bot_ws/install/action_msgs/share/action_msgs/environment/ament_prefix_path.dsv
[29.245s] -- Installing: /home/amadorjosephg/CA-Embedded-MiniProject/comet_bot_ws/install/action_msgs/share/action_msgs/environment/path.sh
[29.246s] -- Installing: /home/amadorjosephg/CA-Embedded-MiniProject/comet_bot_ws/install/action_msgs/share/action_msgs/environment/path.dsv
[29.246s] -- Installing: /home/amadorjosephg/CA-Embedded-MiniProject/comet_bot_ws/install/action_msgs/share/action_msgs/local_setup.bash
[29.246s] -- Installing: /home/amadorjosephg/CA-Embedded-MiniProject/comet_bot_ws/install/action_msgs/share/action_msgs/local_setup.sh
[29.247s] -- Installing: /home/amadorjosephg/CA-Embedded-MiniProject/comet_bot_ws/install/action_msgs/share/action_msgs/local_setup.zsh
[29.247s] -- Installing: /home/amadorjosephg/CA-Embedded-MiniProject/comet_bot_ws/install/action_msgs/share/action_msgs/local_setup.dsv
[29.247s] -- Installing: /home/amadorjosephg/CA-Embedded-MiniProject/comet_bot_ws/install/action_msgs/share/action_msgs/package.dsv
[29.247s] -- Installing: /home/amadorjosephg/CA-Embedded-MiniProject/comet_bot_ws/install/action_msgs/share/ament_index/resource_index/packages/action_msgs
[29.248s] -- Installing: /home/amadorjosephg/CA-Embedded-MiniProject/comet_bot_ws/install/action_msgs/share/action_msgs/cmake/export_action_msgs__rosidl_generator_cExport.cmake
[29.248s] -- Installing: /home/amadorjosephg/CA-Embedded-MiniProject/comet_bot_ws/install/action_msgs/share/action_msgs/cmake/export_action_msgs__rosidl_generator_cExport-noconfig.cmake
[29.248s] -- Installing: /home/amadorjosephg/CA-Embedded-MiniProject/comet_bot_ws/install/action_msgs/share/action_msgs/cmake/export_action_msgs__rosidl_typesupport_fastrtps_cExport.cmake
[29.249s] -- Installing: /home/amadorjosephg/CA-Embedded-MiniProject/comet_bot_ws/install/action_msgs/share/action_msgs/cmake/export_action_msgs__rosidl_typesupport_fastrtps_cExport-noconfig.cmake
[29.249s] -- Installing: /home/amadorjosephg/CA-Embedded-MiniProject/comet_bot_ws/install/action_msgs/share/action_msgs/cmake/export_action_msgs__rosidl_generator_cppExport.cmake
[29.249s] -- Installing: /home/amadorjosephg/CA-Embedded-MiniProject/comet_bot_ws/install/action_msgs/share/action_msgs/cmake/export_action_msgs__rosidl_typesupport_fastrtps_cppExport.cmake
[29.250s] -- Installing: /home/amadorjosephg/CA-Embedded-MiniProject/comet_bot_ws/install/action_msgs/share/action_msgs/cmake/export_action_msgs__rosidl_typesupport_fastrtps_cppExport-noconfig.cmake
[29.251s] -- Installing: /home/amadorjosephg/CA-Embedded-MiniProject/comet_bot_ws/install/action_msgs/share/action_msgs/cmake/action_msgs__rosidl_typesupport_introspection_cExport.cmake
[29.251s] -- Installing: /home/amadorjosephg/CA-Embedded-MiniProject/comet_bot_ws/install/action_msgs/share/action_msgs/cmake/action_msgs__rosidl_typesupport_introspection_cExport-noconfig.cmake
[29.253s] -- Installing: /home/amadorjosephg/CA-Embedded-MiniProject/comet_bot_ws/install/action_msgs/share/action_msgs/cmake/action_msgs__rosidl_typesupport_cExport.cmake
[29.253s] -- Installing: /home/amadorjosephg/CA-Embedded-MiniProject/comet_bot_ws/install/action_msgs/share/action_msgs/cmake/action_msgs__rosidl_typesupport_cExport-noconfig.cmake
[29.253s] -- Installing: /home/amadorjosephg/CA-Embedded-MiniProject/comet_bot_ws/install/action_msgs/share/action_msgs/cmake/action_msgs__rosidl_typesupport_introspection_cppExport.cmake
[29.254s] -- Installing: /home/amadorjosephg/CA-Embedded-MiniProject/comet_bot_ws/install/action_msgs/share/action_msgs/cmake/action_msgs__rosidl_typesupport_introspection_cppExport-noconfig.cmake
[29.254s] -- Installing: /home/amadorjosephg/CA-Embedded-MiniProject/comet_bot_ws/install/action_msgs/share/action_msgs/cmake/action_msgs__rosidl_typesupport_cppExport.cmake
[29.254s] -- Installing: /home/amadorjosephg/CA-Embedded-MiniProject/comet_bot_ws/install/action_msgs/share/action_msgs/cmake/action_msgs__rosidl_typesupport_cppExport-noconfig.cmake
[29.257s] -- Installing: /home/amadorjosephg/CA-Embedded-MiniProject/comet_bot_ws/install/action_msgs/share/action_msgs/cmake/export_action_msgs__rosidl_generator_pyExport.cmake
[29.258s] -- Installing: /home/amadorjosephg/CA-Embedded-MiniProject/comet_bot_ws/install/action_msgs/share/action_msgs/cmake/export_action_msgs__rosidl_generator_pyExport-noconfig.cmake
[29.258s] -- Installing: /home/amadorjosephg/CA-Embedded-MiniProject/comet_bot_ws/install/action_msgs/share/action_msgs/cmake/rosidl_cmake-extras.cmake
[29.259s] -- Installing: /home/amadorjosephg/CA-Embedded-MiniProject/comet_bot_ws/install/action_msgs/share/action_msgs/cmake/ament_cmake_export_dependencies-extras.cmake
[29.259s] -- Installing: /home/amadorjosephg/CA-Embedded-MiniProject/comet_bot_ws/install/action_msgs/share/action_msgs/cmake/ament_cmake_export_include_directories-extras.cmake
[29.259s] -- Installing: /home/amadorjosephg/CA-Embedded-MiniProject/comet_bot_ws/install/action_msgs/share/action_msgs/cmake/ament_cmake_export_libraries-extras.cmake
[29.260s] -- Installing: /home/amadorjosephg/CA-Embedded-MiniProject/comet_bot_ws/install/action_msgs/share/action_msgs/cmake/ament_cmake_export_targets-extras.cmake
[29.260s] -- Installing: /home/amadorjosephg/CA-Embedded-MiniProject/comet_bot_ws/install/action_msgs/share/action_msgs/cmake/rosidl_cmake_export_typesupport_targets-extras.cmake
[29.261s] -- Installing: /home/amadorjosephg/CA-Embedded-MiniProject/comet_bot_ws/install/action_msgs/share/action_msgs/cmake/rosidl_cmake_export_typesupport_libraries-extras.cmake
[29.261s] -- Installing: /home/amadorjosephg/CA-Embedded-MiniProject/comet_bot_ws/install/action_msgs/share/action_msgs/cmake/action_msgsConfig.cmake
[29.261s] -- Installing: /home/amadorjosephg/CA-Embedded-MiniProject/comet_bot_ws/install/action_msgs/share/action_msgs/cmake/action_msgsConfig-version.cmake
[29.262s] -- Installing: /home/amadorjosephg/CA-Embedded-MiniProject/comet_bot_ws/install/action_msgs/share/action_msgs/package.xml
[29.272s] Invoked command in '/home/amadorjosephg/CA-Embedded-MiniProject/comet_bot_ws/build/action_msgs' returned '0': AMENT_PREFIX_PATH=/home/amadorjosephg/CA-Embedded-MiniProject/comet_bot_ws/install/unique_identifier_msgs:/home/amadorjosephg/CA-Embedded-MiniProject/comet_bot_ws/install/builtin_interfaces:${AMENT_PREFIX_PATH} CMAKE_PREFIX_PATH=/home/amadorjosephg/CA-Embedded-MiniProject/comet_bot_ws/install/unique_identifier_msgs:/home/amadorjosephg/CA-Embedded-MiniProject/comet_bot_ws/install/builtin_interfaces:/home/amadorjosephg/CA-Embedded-MiniProject/comet_bot_ws/install/rosidl_typesupport_microxrcedds_cpp:/home/amadorjosephg/CA-Embedded-MiniProject/comet_bot_ws/install/rosidl_typesupport_microxrcedds_c:/home/amadorjosephg/CA-Embedded-MiniProject/comet_bot_ws/install/microcdr:/home/amadorjosephg/CA-Embedded-MiniProject/comet_bot_ws/install/micro_ros_setup:/home/amadorjosephg/CA-Embedded-MiniProject/comet_bot_ws/install/micro_ros_agent:/home/amadorjosephg/CA-Embedded-MiniProject/comet_bot_ws/install/micro_ros_msgs:/home/amadorjosephg/CA-Embedded-MiniProject/comet_bot_ws/install/lunabot_control:/home/amadorjosephg/CA-Embedded-MiniProject/comet_bot_ws/install/jetson_topic_relay:/opt/ros/humble LD_LIBRARY_PATH=/home/amadorjosephg/CA-Embedded-MiniProject/comet_bot_ws/install/unique_identifier_msgs/lib:/home/amadorjosephg/CA-Embedded-MiniProject/comet_bot_ws/install/builtin_interfaces/lib:${LD_LIBRARY_PATH} PYTHONPATH=/home/amadorjosephg/CA-Embedded-MiniProject/comet_bot_ws/install/unique_identifier_msgs/local/lib/python3.10/dist-packages:/home/amadorjosephg/CA-Embedded-MiniProject/comet_bot_ws/install/builtin_interfaces/local/lib/python3.10/dist-packages:${PYTHONPATH} /usr/bin/cmake --install /home/amadorjosephg/CA-Embedded-MiniProject/comet_bot_ws/build/action_msgs
