[0.454s] Invoking command in '/home/amadorjosephg/CA-Embedded-MiniProject/cometbot_ws/build/cometbot_control': PYTHONPATH=/home/amadorjosephg/CA-Embedded-MiniProject/cometbot_ws/build/cometbot_control/prefix_override:/usr/lib/python3/dist-packages/colcon_core/task/python/colcon_distutils_commands:/home/amadorjosephg/CA-Embedded-MiniProject/cometbot_ws/install/cometbot_control/lib/python3.10/site-packages:${PYTHONPATH} /usr/bin/python3 -W ignore:setup.py install is deprecated setup.py develop --editable --build-directory /home/amadorjosephg/CA-Embedded-MiniProject/cometbot_ws/build/cometbot_control/build --no-deps symlink_data --force
[0.656s] running develop
[0.657s] /usr/lib/python3/dist-packages/setuptools/command/easy_install.py:158: EasyInstallDeprecationWarning: easy_install command is deprecated. Use build and pip and other standards-based tools.
[0.657s]   warnings.warn(
[0.781s] running egg_info
[0.781s] writing cometbot_control.egg-info/PKG-INFO
[0.781s] writing dependency_links to cometbot_control.egg-info/dependency_links.txt
[0.781s] writing entry points to cometbot_control.egg-info/entry_points.txt
[0.782s] writing requirements to cometbot_control.egg-info/requires.txt
[0.782s] writing top-level names to cometbot_control.egg-info/top_level.txt
[0.783s] reading manifest file 'cometbot_control.egg-info/SOURCES.txt'
[0.783s] writing manifest file 'cometbot_control.egg-info/SOURCES.txt'
[0.784s] running build_ext
[0.785s] Creating /home/amadorjosephg/CA-Embedded-MiniProject/cometbot_ws/install/cometbot_control/lib/python3.10/site-packages/cometbot-control.egg-link (link to .)
[0.785s] Installing teleop_publisher script to /home/amadorjosephg/CA-Embedded-MiniProject/cometbot_ws/install/cometbot_control/lib/cometbot_control
[0.785s] 
[0.785s] Installed /home/amadorjosephg/CA-Embedded-MiniProject/cometbot_ws/build/cometbot_control
[0.785s] running symlink_data
[0.786s] symbolically linking /home/amadorjosephg/CA-Embedded-MiniProject/cometbot_ws/build/cometbot_control/resource/cometbot_control -> /home/amadorjosephg/CA-Embedded-MiniProject/cometbot_ws/install/cometbot_control/share/ament_index/resource_index/packages
[0.786s] symbolically linking /home/amadorjosephg/CA-Embedded-MiniProject/cometbot_ws/build/cometbot_control/package.xml -> /home/amadorjosephg/CA-Embedded-MiniProject/cometbot_ws/install/cometbot_control/share/cometbot_control
[0.804s] Invoked command in '/home/amadorjosephg/CA-Embedded-MiniProject/cometbot_ws/build/cometbot_control' returned '0': PYTHONPATH=/home/amadorjosephg/CA-Embedded-MiniProject/cometbot_ws/build/cometbot_control/prefix_override:/usr/lib/python3/dist-packages/colcon_core/task/python/colcon_distutils_commands:/home/amadorjosephg/CA-Embedded-MiniProject/cometbot_ws/install/cometbot_control/lib/python3.10/site-packages:${PYTHONPATH} /usr/bin/python3 -W ignore:setup.py install is deprecated setup.py develop --editable --build-directory /home/amadorjosephg/CA-Embedded-MiniProject/cometbot_ws/build/cometbot_control/build --no-deps symlink_data --force
