[0.043s] Invoking command in '/home/amadorjosephg/CA-Embedded-MiniProject/comet_bot_ws/build/complex_msgs': AMENT_PREFIX_PATH=/home/amadorjosephg/CA-Embedded-MiniProject/comet_bot_ws/install/builtin_interfaces:${AMENT_PREFIX_PATH} CMAKE_PREFIX_PATH=/home/amadorjosephg/CA-Embedded-MiniProject/comet_bot_ws/install/builtin_interfaces:/home/amadorjosephg/CA-Embedded-MiniProject/comet_bot_ws/install/rosidl_typesupport_microxrcedds_cpp:/home/amadorjosephg/CA-Embedded-MiniProject/comet_bot_ws/install/rosidl_typesupport_microxrcedds_c:/home/amadorjosephg/CA-Embedded-MiniProject/comet_bot_ws/install/microcdr:/home/amadorjosephg/CA-Embedded-MiniProject/comet_bot_ws/install/micro_ros_setup:/home/amadorjosephg/CA-Embedded-MiniProject/comet_bot_ws/install/micro_ros_agent:/home/amadorjosephg/CA-Embedded-MiniProject/comet_bot_ws/install/micro_ros_msgs:/home/amadorjosephg/CA-Embedded-MiniProject/comet_bot_ws/install/lunabot_control:/home/amadorjosephg/CA-Embedded-MiniProject/comet_bot_ws/install/jetson_topic_relay:/opt/ros/humble LD_LIBRARY_PATH=/home/amadorjosephg/CA-Embedded-MiniProject/comet_bot_ws/install/builtin_interfaces/lib:${LD_LIBRARY_PATH} PYTHONPATH=/home/amadorjosephg/CA-Embedded-MiniProject/comet_bot_ws/install/builtin_interfaces/local/lib/python3.10/dist-packages:${PYTHONPATH} /usr/bin/cmake /home/amadorjosephg/CA-Embedded-MiniProject/comet_bot_ws/src/uros/micro-ROS-demos/messages/complex_msg -DBUILD_TESTING=OFF -DBUILD_SHARED_LIBS=ON -DCMAKE_INSTALL_PREFIX=/home/amadorjosephg/CA-Embedded-MiniProject/comet_bot_ws/install/complex_msgs
[0.119s] -- The C compiler identification is GNU 11.4.0
[0.183s] -- The CXX compiler identification is GNU 11.4.0
[0.191s] -- Detecting C compiler ABI info
[0.305s] -- Detecting C compiler ABI info - done
[0.305s] -- Check for working C compiler: /usr/bin/cc - skipped
[0.306s] -- Detecting C compile features
[0.306s] -- Detecting C compile features - done
[0.375s] -- Detecting CXX compiler ABI info
[0.532s] -- Detecting CXX compiler ABI info - done
[0.540s] -- Check for working CXX compiler: /usr/bin/c++ - skipped
[0.540s] -- Detecting CXX compile features
[0.541s] -- Detecting CXX compile features - done
[0.544s] -- Found ament_cmake: 1.3.9 (/opt/ros/humble/share/ament_cmake/cmake)
[0.720s] -- Found Python3: /usr/bin/python3 (found version "3.10.12") found components: Interpreter 
[0.809s] -- Found builtin_interfaces: 1.2.1 (/home/amadorjosephg/CA-Embedded-MiniProject/comet_bot_ws/install/builtin_interfaces/share/builtin_interfaces/cmake)
[0.850s] -- Found rosidl_generator_c: 3.1.5 (/opt/ros/humble/share/rosidl_generator_c/cmake)
[0.857s] -- Found rosidl_adapter: 3.1.5 (/opt/ros/humble/share/rosidl_adapter/cmake)
[0.867s] -- Found rosidl_generator_cpp: 3.1.5 (/opt/ros/humble/share/rosidl_generator_cpp/cmake)
[0.882s] -- Using all available rosidl_typesupport_c: rosidl_typesupport_microxrcedds_c;rosidl_typesupport_fastrtps_c;rosidl_typesupport_introspection_c
[0.911s] -- Using all available rosidl_typesupport_cpp: rosidl_typesupport_microxrcedds_cpp;rosidl_typesupport_fastrtps_cpp;rosidl_typesupport_introspection_cpp
[0.940s] -- Found rosidl_default_generators: 1.2.0 (/opt/ros/humble/share/rosidl_default_generators/cmake)
[1.218s] -- Found ament_cmake_ros: 0.10.0 (/opt/ros/humble/share/ament_cmake_ros/cmake)
[1.767s] -- Using all available rosidl_typesupport_c: rosidl_typesupport_microxrcedds_c;rosidl_typesupport_fastrtps_c;rosidl_typesupport_introspection_c
[2.011s] -- Using all available rosidl_typesupport_cpp: rosidl_typesupport_microxrcedds_cpp;rosidl_typesupport_fastrtps_cpp;rosidl_typesupport_introspection_cpp
[2.036s] -- Found PythonInterp: /usr/bin/python3 (found suitable version "3.10.12", minimum required is "3.6") 
[2.042s] -- Found python_cmake_module: 0.10.0 (/opt/ros/humble/share/python_cmake_module/cmake)
[2.082s] -- Found PythonLibs: /usr/lib/x86_64-linux-gnu/libpython3.10.so (found suitable version "3.10.12", minimum required is "3.5") 
[2.083s] -- Using PYTHON_EXECUTABLE: /usr/bin/python3
[2.083s] -- Using PYTHON_INCLUDE_DIRS: /usr/include/python3.10
[2.084s] -- Using PYTHON_LIBRARIES: /usr/lib/x86_64-linux-gnu/libpython3.10.so
[2.141s] -- Found PythonExtra: .so  
[2.266s] -- Configuring done
[2.326s] -- Generating done
[2.336s] -- Build files have been written to: /home/amadorjosephg/CA-Embedded-MiniProject/comet_bot_ws/build/complex_msgs
[2.353s] Invoked command in '/home/amadorjosephg/CA-Embedded-MiniProject/comet_bot_ws/build/complex_msgs' returned '0': AMENT_PREFIX_PATH=/home/amadorjosephg/CA-Embedded-MiniProject/comet_bot_ws/install/builtin_interfaces:${AMENT_PREFIX_PATH} CMAKE_PREFIX_PATH=/home/amadorjosephg/CA-Embedded-MiniProject/comet_bot_ws/install/builtin_interfaces:/home/amadorjosephg/CA-Embedded-MiniProject/comet_bot_ws/install/rosidl_typesupport_microxrcedds_cpp:/home/amadorjosephg/CA-Embedded-MiniProject/comet_bot_ws/install/rosidl_typesupport_microxrcedds_c:/home/amadorjosephg/CA-Embedded-MiniProject/comet_bot_ws/install/microcdr:/home/amadorjosephg/CA-Embedded-MiniProject/comet_bot_ws/install/micro_ros_setup:/home/amadorjosephg/CA-Embedded-MiniProject/comet_bot_ws/install/micro_ros_agent:/home/amadorjosephg/CA-Embedded-MiniProject/comet_bot_ws/install/micro_ros_msgs:/home/amadorjosephg/CA-Embedded-MiniProject/comet_bot_ws/install/lunabot_control:/home/amadorjosephg/CA-Embedded-MiniProject/comet_bot_ws/install/jetson_topic_relay:/opt/ros/humble LD_LIBRARY_PATH=/home/amadorjosephg/CA-Embedded-MiniProject/comet_bot_ws/install/builtin_interfaces/lib:${LD_LIBRARY_PATH} PYTHONPATH=/home/amadorjosephg/CA-Embedded-MiniProject/comet_bot_ws/install/builtin_interfaces/local/lib/python3.10/dist-packages:${PYTHONPATH} /usr/bin/cmake /home/amadorjosephg/CA-Embedded-MiniProject/comet_bot_ws/src/uros/micro-ROS-demos/messages/complex_msg -DBUILD_TESTING=OFF -DBUILD_SHARED_LIBS=ON -DCMAKE_INSTALL_PREFIX=/home/amadorjosephg/CA-Embedded-MiniProject/comet_bot_ws/install/complex_msgs
[2.353s] Invoking command in '/home/amadorjosephg/CA-Embedded-MiniProject/comet_bot_ws/build/complex_msgs': AMENT_PREFIX_PATH=/home/amadorjosephg/CA-Embedded-MiniProject/comet_bot_ws/install/builtin_interfaces:${AMENT_PREFIX_PATH} CMAKE_PREFIX_PATH=/home/amadorjosephg/CA-Embedded-MiniProject/comet_bot_ws/install/builtin_interfaces:/home/amadorjosephg/CA-Embedded-MiniProject/comet_bot_ws/install/rosidl_typesupport_microxrcedds_cpp:/home/amadorjosephg/CA-Embedded-MiniProject/comet_bot_ws/install/rosidl_typesupport_microxrcedds_c:/home/amadorjosephg/CA-Embedded-MiniProject/comet_bot_ws/install/microcdr:/home/amadorjosephg/CA-Embedded-MiniProject/comet_bot_ws/install/micro_ros_setup:/home/amadorjosephg/CA-Embedded-MiniProject/comet_bot_ws/install/micro_ros_agent:/home/amadorjosephg/CA-Embedded-MiniProject/comet_bot_ws/install/micro_ros_msgs:/home/amadorjosephg/CA-Embedded-MiniProject/comet_bot_ws/install/lunabot_control:/home/amadorjosephg/CA-Embedded-MiniProject/comet_bot_ws/install/jetson_topic_relay:/opt/ros/humble LD_LIBRARY_PATH=/home/amadorjosephg/CA-Embedded-MiniProject/comet_bot_ws/install/builtin_interfaces/lib:${LD_LIBRARY_PATH} PYTHONPATH=/home/amadorjosephg/CA-Embedded-MiniProject/comet_bot_ws/install/builtin_interfaces/local/lib/python3.10/dist-packages:${PYTHONPATH} /usr/bin/cmake --build /home/amadorjosephg/CA-Embedded-MiniProject/comet_bot_ws/build/complex_msgs -- -j4 -l4
[2.517s] [  2%] [34m[1mGenerating C++ code for ROS interfaces[0m
[2.972s] [  2%] Built target complex_msgs__cpp
[3.122s] [  2%] Built target ament_cmake_python_copy_complex_msgs
[3.142s] [  4%] [34m[1mGenerating C++ type support for eProsima Fast-RTPS[0m
[3.554s] [  6%] [32mBuilding CXX object CMakeFiles/complex_msgs__rosidl_typesupport_fastrtps_cpp.dir/rosidl_typesupport_fastrtps_cpp/complex_msgs/msg/detail/dds_fastrtps/multi_string_test__type_support.cpp.o[0m
[3.927s] [  8%] [32mBuilding CXX object CMakeFiles/complex_msgs__rosidl_typesupport_fastrtps_cpp.dir/rosidl_typesupport_fastrtps_cpp/complex_msgs/msg/detail/dds_fastrtps/nested_msg_test__type_support.cpp.o[0m
[4.447s] [ 10%] [32m[1mLinking CXX shared library libcomplex_msgs__rosidl_typesupport_fastrtps_cpp.so[0m
[4.536s] [ 10%] Built target complex_msgs__rosidl_typesupport_fastrtps_cpp
[4.555s] [ 12%] [34m[1mGenerating C++ type support for eProsima Micro XRCE-DDS[0m
[4.924s] [ 14%] [32mBuilding CXX object CMakeFiles/complex_msgs__rosidl_typesupport_microxrcedds_cpp.dir/rosidl_typesupport_microxrcedds_cpp/complex_msgs/msg/detail/microxrcedds/multi_string_test__type_support_cpp.cpp.o[0m
[5.295s] [ 16%] [32mBuilding CXX object CMakeFiles/complex_msgs__rosidl_typesupport_microxrcedds_cpp.dir/rosidl_typesupport_microxrcedds_cpp/complex_msgs/msg/detail/microxrcedds/nested_msg_test__type_support_cpp.cpp.o[0m
[5.830s] [ 18%] [32m[1mLinking CXX shared library libcomplex_msgs__rosidl_typesupport_microxrcedds_cpp.so[0m
[6.009s] [ 18%] Built target complex_msgs__rosidl_typesupport_microxrcedds_cpp
[6.032s] [ 20%] [34m[1mGenerating C++ introspection for ROS interfaces[0m
[6.364s] [ 22%] [32mBuilding CXX object CMakeFiles/complex_msgs__rosidl_typesupport_introspection_cpp.dir/rosidl_typesupport_introspection_cpp/complex_msgs/msg/detail/multi_string_test__type_support.cpp.o[0m
[6.817s] [ 24%] [32mBuilding CXX object CMakeFiles/complex_msgs__rosidl_typesupport_introspection_cpp.dir/rosidl_typesupport_introspection_cpp/complex_msgs/msg/detail/nested_msg_test__type_support.cpp.o[0m
[7.153s] [ 26%] [32m[1mLinking CXX shared library libcomplex_msgs__rosidl_typesupport_introspection_cpp.so[0m
[7.287s] [ 26%] Built target complex_msgs__rosidl_typesupport_introspection_cpp
[7.615s] running egg_info
[7.616s] creating complex_msgs.egg-info
[7.617s] writing complex_msgs.egg-info/PKG-INFO
[7.617s] writing dependency_links to complex_msgs.egg-info/dependency_links.txt
[7.618s] writing top-level names to complex_msgs.egg-info/top_level.txt
[7.618s] writing manifest file 'complex_msgs.egg-info/SOURCES.txt'
[7.621s] reading manifest file 'complex_msgs.egg-info/SOURCES.txt'
[7.622s] writing manifest file 'complex_msgs.egg-info/SOURCES.txt'
[7.658s] [ 26%] Built target ament_cmake_python_build_complex_msgs_egg
[7.673s] [ 28%] [34m[1mGenerating C++ type support dispatch for ROS interfaces[0m
[8.001s] [ 30%] [32mBuilding CXX object CMakeFiles/complex_msgs__rosidl_typesupport_cpp.dir/rosidl_typesupport_cpp/complex_msgs/msg/multi_string_test__type_support.cpp.o[0m
[8.278s] [ 32%] [32mBuilding CXX object CMakeFiles/complex_msgs__rosidl_typesupport_cpp.dir/rosidl_typesupport_cpp/complex_msgs/msg/nested_msg_test__type_support.cpp.o[0m
[8.544s] [ 34%] [32m[1mLinking CXX shared library libcomplex_msgs__rosidl_typesupport_cpp.so[0m
[8.601s] [ 34%] Built target complex_msgs__rosidl_typesupport_cpp
[8.622s] [ 36%] [34m[1mGenerating C code for ROS interfaces[0m
[9.177s] [ 38%] [32mBuilding C object CMakeFiles/complex_msgs__rosidl_generator_c.dir/rosidl_generator_c/complex_msgs/msg/detail/multi_string_test__functions.c.o[0m
[9.242s] [ 40%] [32mBuilding C object CMakeFiles/complex_msgs__rosidl_generator_c.dir/rosidl_generator_c/complex_msgs/msg/detail/nested_msg_test__functions.c.o[0m
[9.394s] [ 42%] [32m[1mLinking C shared library libcomplex_msgs__rosidl_generator_c.so[0m
[9.475s] [ 42%] Built target complex_msgs__rosidl_generator_c
[9.519s] [ 44%] [34m[1mGenerating C type support for eProsima Fast-RTPS[0m
[9.972s] [ 46%] [32mBuilding CXX object CMakeFiles/complex_msgs__rosidl_typesupport_fastrtps_c.dir/rosidl_typesupport_fastrtps_c/complex_msgs/msg/detail/multi_string_test__type_support_c.cpp.o[0m
[10.493s] [ 48%] [32mBuilding CXX object CMakeFiles/complex_msgs__rosidl_typesupport_fastrtps_c.dir/rosidl_typesupport_fastrtps_c/complex_msgs/msg/detail/nested_msg_test__type_support_c.cpp.o[0m
[11.039s] [ 51%] [32m[1mLinking CXX shared library libcomplex_msgs__rosidl_typesupport_fastrtps_c.so[0m
[11.154s] [ 51%] Built target complex_msgs__rosidl_typesupport_fastrtps_c
[11.169s] [ 53%] [34m[1mGenerating C type support dispatch for ROS interfaces[0m
[11.607s] [ 55%] [32mBuilding CXX object CMakeFiles/complex_msgs__rosidl_typesupport_c.dir/rosidl_typesupport_c/complex_msgs/msg/multi_string_test__type_support.cpp.o[0m
[11.672s] [ 57%] [32mBuilding CXX object CMakeFiles/complex_msgs__rosidl_typesupport_c.dir/rosidl_typesupport_c/complex_msgs/msg/nested_msg_test__type_support.cpp.o[0m
[11.832s] [ 59%] [32m[1mLinking CXX shared library libcomplex_msgs__rosidl_typesupport_c.so[0m
[11.954s] [ 59%] Built target complex_msgs__rosidl_typesupport_c
[11.971s] [ 61%] [34m[1mGenerating C introspection for ROS interfaces[0m
[12.352s] [ 63%] [32mBuilding C object CMakeFiles/complex_msgs__rosidl_typesupport_introspection_c.dir/rosidl_typesupport_introspection_c/complex_msgs/msg/detail/multi_string_test__type_support.c.o[0m
[12.409s] [ 65%] [32mBuilding C object CMakeFiles/complex_msgs__rosidl_typesupport_introspection_c.dir/rosidl_typesupport_introspection_c/complex_msgs/msg/detail/nested_msg_test__type_support.c.o[0m
[12.450s] [ 67%] [32m[1mLinking C shared library libcomplex_msgs__rosidl_typesupport_introspection_c.so[0m
[12.582s] [ 67%] Built target complex_msgs__rosidl_typesupport_introspection_c
[12.602s] [ 69%] [34m[1mGenerating C type support for eProsima Micro XRCE-DDS[0m
[12.946s] [ 71%] [32mBuilding C object CMakeFiles/complex_msgs__rosidl_typesupport_microxrcedds_c.dir/rosidl_typesupport_microxrcedds_c/complex_msgs/msg/detail/microxrcedds/multi_string_test__type_support_c.c.o[0m
[13.098s] [ 73%] [32mBuilding C object CMakeFiles/complex_msgs__rosidl_typesupport_microxrcedds_c.dir/rosidl_typesupport_microxrcedds_c/complex_msgs/msg/detail/microxrcedds/nested_msg_test__type_support_c.c.o[0m
[13.189s] [ 75%] [32m[1mLinking C shared library libcomplex_msgs__rosidl_typesupport_microxrcedds_c.so[0m
[13.263s] [ 75%] Built target complex_msgs__rosidl_typesupport_microxrcedds_c
[13.295s] [ 75%] Built target complex_msgs
[13.358s] [ 77%] [34m[1mGenerating Python code for ROS interfaces[0m
[13.901s] [ 77%] Built target complex_msgs__py
[13.974s] [ 79%] [32mBuilding C object CMakeFiles/complex_msgs__rosidl_generator_py.dir/rosidl_generator_py/complex_msgs/msg/_multi_string_test_s.c.o[0m
[14.085s] [ 81%] [32mBuilding C object CMakeFiles/complex_msgs__rosidl_generator_py.dir/rosidl_generator_py/complex_msgs/msg/_nested_msg_test_s.c.o[0m
[14.253s] [ 83%] [32m[1mLinking C shared library rosidl_generator_py/complex_msgs/libcomplex_msgs__rosidl_generator_py.so[0m
[14.322s] [ 83%] Built target complex_msgs__rosidl_generator_py
[14.357s] [ 85%] [32mBuilding C object CMakeFiles/complex_msgs__rosidl_typesupport_microxrcedds_c__pyext.dir/rosidl_generator_py/complex_msgs/_complex_msgs_s.ep.rosidl_typesupport_microxrcedds_c.c.o[0m
[14.493s] [ 87%] [32m[1mLinking C shared library rosidl_generator_py/complex_msgs/complex_msgs_s__rosidl_typesupport_microxrcedds_c.cpython-310-x86_64-linux-gnu.so[0m
[14.567s] [ 87%] Built target complex_msgs__rosidl_typesupport_microxrcedds_c__pyext
[14.596s] [ 89%] [32mBuilding C object CMakeFiles/complex_msgs__rosidl_typesupport_c__pyext.dir/rosidl_generator_py/complex_msgs/_complex_msgs_s.ep.rosidl_typesupport_c.c.o[0m
[14.709s] [ 91%] [32m[1mLinking C shared library rosidl_generator_py/complex_msgs/complex_msgs_s__rosidl_typesupport_c.cpython-310-x86_64-linux-gnu.so[0m
[14.843s] [ 91%] Built target complex_msgs__rosidl_typesupport_c__pyext
[14.874s] [ 93%] [32mBuilding C object CMakeFiles/complex_msgs__rosidl_typesupport_introspection_c__pyext.dir/rosidl_generator_py/complex_msgs/_complex_msgs_s.ep.rosidl_typesupport_introspection_c.c.o[0m
[15.114s] [ 95%] [32m[1mLinking C shared library rosidl_generator_py/complex_msgs/complex_msgs_s__rosidl_typesupport_introspection_c.cpython-310-x86_64-linux-gnu.so[0m
[15.300s] [ 95%] Built target complex_msgs__rosidl_typesupport_introspection_c__pyext
[15.336s] [ 97%] [32mBuilding C object CMakeFiles/complex_msgs__rosidl_typesupport_fastrtps_c__pyext.dir/rosidl_generator_py/complex_msgs/_complex_msgs_s.ep.rosidl_typesupport_fastrtps_c.c.o[0m
[15.501s] [100%] [32m[1mLinking C shared library rosidl_generator_py/complex_msgs/complex_msgs_s__rosidl_typesupport_fastrtps_c.cpython-310-x86_64-linux-gnu.so[0m
[15.598s] [100%] Built target complex_msgs__rosidl_typesupport_fastrtps_c__pyext
[15.623s] Invoked command in '/home/amadorjosephg/CA-Embedded-MiniProject/comet_bot_ws/build/complex_msgs' returned '0': AMENT_PREFIX_PATH=/home/amadorjosephg/CA-Embedded-MiniProject/comet_bot_ws/install/builtin_interfaces:${AMENT_PREFIX_PATH} CMAKE_PREFIX_PATH=/home/amadorjosephg/CA-Embedded-MiniProject/comet_bot_ws/install/builtin_interfaces:/home/amadorjosephg/CA-Embedded-MiniProject/comet_bot_ws/install/rosidl_typesupport_microxrcedds_cpp:/home/amadorjosephg/CA-Embedded-MiniProject/comet_bot_ws/install/rosidl_typesupport_microxrcedds_c:/home/amadorjosephg/CA-Embedded-MiniProject/comet_bot_ws/install/microcdr:/home/amadorjosephg/CA-Embedded-MiniProject/comet_bot_ws/install/micro_ros_setup:/home/amadorjosephg/CA-Embedded-MiniProject/comet_bot_ws/install/micro_ros_agent:/home/amadorjosephg/CA-Embedded-MiniProject/comet_bot_ws/install/micro_ros_msgs:/home/amadorjosephg/CA-Embedded-MiniProject/comet_bot_ws/install/lunabot_control:/home/amadorjosephg/CA-Embedded-MiniProject/comet_bot_ws/install/jetson_topic_relay:/opt/ros/humble LD_LIBRARY_PATH=/home/amadorjosephg/CA-Embedded-MiniProject/comet_bot_ws/install/builtin_interfaces/lib:${LD_LIBRARY_PATH} PYTHONPATH=/home/amadorjosephg/CA-Embedded-MiniProject/comet_bot_ws/install/builtin_interfaces/local/lib/python3.10/dist-packages:${PYTHONPATH} /usr/bin/cmake --build /home/amadorjosephg/CA-Embedded-MiniProject/comet_bot_ws/build/complex_msgs -- -j4 -l4
[16.171s] Invoking command in '/home/amadorjosephg/CA-Embedded-MiniProject/comet_bot_ws/build/complex_msgs': AMENT_PREFIX_PATH=/home/amadorjosephg/CA-Embedded-MiniProject/comet_bot_ws/install/builtin_interfaces:${AMENT_PREFIX_PATH} CMAKE_PREFIX_PATH=/home/amadorjosephg/CA-Embedded-MiniProject/comet_bot_ws/install/builtin_interfaces:/home/amadorjosephg/CA-Embedded-MiniProject/comet_bot_ws/install/rosidl_typesupport_microxrcedds_cpp:/home/amadorjosephg/CA-Embedded-MiniProject/comet_bot_ws/install/rosidl_typesupport_microxrcedds_c:/home/amadorjosephg/CA-Embedded-MiniProject/comet_bot_ws/install/microcdr:/home/amadorjosephg/CA-Embedded-MiniProject/comet_bot_ws/install/micro_ros_setup:/home/amadorjosephg/CA-Embedded-MiniProject/comet_bot_ws/install/micro_ros_agent:/home/amadorjosephg/CA-Embedded-MiniProject/comet_bot_ws/install/micro_ros_msgs:/home/amadorjosephg/CA-Embedded-MiniProject/comet_bot_ws/install/lunabot_control:/home/amadorjosephg/CA-Embedded-MiniProject/comet_bot_ws/install/jetson_topic_relay:/opt/ros/humble LD_LIBRARY_PATH=/home/amadorjosephg/CA-Embedded-MiniProject/comet_bot_ws/install/builtin_interfaces/lib:${LD_LIBRARY_PATH} PYTHONPATH=/home/amadorjosephg/CA-Embedded-MiniProject/comet_bot_ws/install/builtin_interfaces/local/lib/python3.10/dist-packages:${PYTHONPATH} /usr/bin/cmake --install /home/amadorjosephg/CA-Embedded-MiniProject/comet_bot_ws/build/complex_msgs
[16.187s] -- Install configuration: ""
[16.187s] -- Installing: /home/amadorjosephg/CA-Embedded-MiniProject/comet_bot_ws/install/complex_msgs/share/ament_index/resource_index/rosidl_interfaces/complex_msgs
[16.189s] -- Installing: /home/amadorjosephg/CA-Embedded-MiniProject/comet_bot_ws/install/complex_msgs/include/complex_msgs/complex_msgs
[16.189s] -- Installing: /home/amadorjosephg/CA-Embedded-MiniProject/comet_bot_ws/install/complex_msgs/include/complex_msgs/complex_msgs/msg
[16.189s] -- Installing: /home/amadorjosephg/CA-Embedded-MiniProject/comet_bot_ws/install/complex_msgs/include/complex_msgs/complex_msgs/msg/rosidl_generator_c__visibility_control.h
[16.190s] -- Installing: /home/amadorjosephg/CA-Embedded-MiniProject/comet_bot_ws/install/complex_msgs/include/complex_msgs/complex_msgs/msg/multi_string_test.h
[16.190s] -- Installing: /home/amadorjosephg/CA-Embedded-MiniProject/comet_bot_ws/install/complex_msgs/include/complex_msgs/complex_msgs/msg/detail
[16.191s] -- Installing: /home/amadorjosephg/CA-Embedded-MiniProject/comet_bot_ws/install/complex_msgs/include/complex_msgs/complex_msgs/msg/detail/nested_msg_test__struct.h
[16.191s] -- Installing: /home/amadorjosephg/CA-Embedded-MiniProject/comet_bot_ws/install/complex_msgs/include/complex_msgs/complex_msgs/msg/detail/nested_msg_test__type_support.h
[16.191s] -- Installing: /home/amadorjosephg/CA-Embedded-MiniProject/comet_bot_ws/install/complex_msgs/include/complex_msgs/complex_msgs/msg/detail/multi_string_test__type_support.h
[16.192s] -- Installing: /home/amadorjosephg/CA-Embedded-MiniProject/comet_bot_ws/install/complex_msgs/include/complex_msgs/complex_msgs/msg/detail/multi_string_test__functions.c
[16.192s] -- Installing: /home/amadorjosephg/CA-Embedded-MiniProject/comet_bot_ws/install/complex_msgs/include/complex_msgs/complex_msgs/msg/detail/multi_string_test__functions.h
[16.192s] -- Installing: /home/amadorjosephg/CA-Embedded-MiniProject/comet_bot_ws/install/complex_msgs/include/complex_msgs/complex_msgs/msg/detail/nested_msg_test__functions.c
[16.193s] -- Installing: /home/amadorjosephg/CA-Embedded-MiniProject/comet_bot_ws/install/complex_msgs/include/complex_msgs/complex_msgs/msg/detail/multi_string_test__struct.h
[16.193s] -- Installing: /home/amadorjosephg/CA-Embedded-MiniProject/comet_bot_ws/install/complex_msgs/include/complex_msgs/complex_msgs/msg/detail/nested_msg_test__functions.h
[16.194s] -- Installing: /home/amadorjosephg/CA-Embedded-MiniProject/comet_bot_ws/install/complex_msgs/include/complex_msgs/complex_msgs/msg/nested_msg_test.h
[16.194s] -- Installing: /home/amadorjosephg/CA-Embedded-MiniProject/comet_bot_ws/install/complex_msgs/share/complex_msgs/environment/library_path.sh
[16.194s] -- Installing: /home/amadorjosephg/CA-Embedded-MiniProject/comet_bot_ws/install/complex_msgs/share/complex_msgs/environment/library_path.dsv
[16.195s] -- Installing: /home/amadorjosephg/CA-Embedded-MiniProject/comet_bot_ws/install/complex_msgs/lib/libcomplex_msgs__rosidl_generator_c.so
[16.196s] -- Set runtime path of "/home/amadorjosephg/CA-Embedded-MiniProject/comet_bot_ws/install/complex_msgs/lib/libcomplex_msgs__rosidl_generator_c.so" to ""
[16.196s] -- Up-to-date: /home/amadorjosephg/CA-Embedded-MiniProject/comet_bot_ws/install/complex_msgs/include/complex_msgs/complex_msgs
[16.196s] -- Up-to-date: /home/amadorjosephg/CA-Embedded-MiniProject/comet_bot_ws/install/complex_msgs/include/complex_msgs/complex_msgs/msg
[16.196s] -- Up-to-date: /home/amadorjosephg/CA-Embedded-MiniProject/comet_bot_ws/install/complex_msgs/include/complex_msgs/complex_msgs/msg/detail
[16.197s] -- Installing: /home/amadorjosephg/CA-Embedded-MiniProject/comet_bot_ws/install/complex_msgs/include/complex_msgs/complex_msgs/msg/detail/nested_msg_test__rosidl_typesupport_fastrtps_c.h
[16.197s] -- Installing: /home/amadorjosephg/CA-Embedded-MiniProject/comet_bot_ws/install/complex_msgs/include/complex_msgs/complex_msgs/msg/detail/multi_string_test__rosidl_typesupport_fastrtps_c.h
[16.197s] -- Installing: /home/amadorjosephg/CA-Embedded-MiniProject/comet_bot_ws/install/complex_msgs/include/complex_msgs/complex_msgs/msg/rosidl_typesupport_fastrtps_c__visibility_control.h
[16.198s] -- Installing: /home/amadorjosephg/CA-Embedded-MiniProject/comet_bot_ws/install/complex_msgs/lib/libcomplex_msgs__rosidl_typesupport_fastrtps_c.so
[16.199s] -- Set runtime path of "/home/amadorjosephg/CA-Embedded-MiniProject/comet_bot_ws/install/complex_msgs/lib/libcomplex_msgs__rosidl_typesupport_fastrtps_c.so" to ""
[16.199s] -- Up-to-date: /home/amadorjosephg/CA-Embedded-MiniProject/comet_bot_ws/install/complex_msgs/include/complex_msgs/complex_msgs
[16.199s] -- Up-to-date: /home/amadorjosephg/CA-Embedded-MiniProject/comet_bot_ws/install/complex_msgs/include/complex_msgs/complex_msgs/msg
[16.199s] -- Installing: /home/amadorjosephg/CA-Embedded-MiniProject/comet_bot_ws/install/complex_msgs/include/complex_msgs/complex_msgs/msg/nested_msg_test.hpp
[16.200s] -- Up-to-date: /home/amadorjosephg/CA-Embedded-MiniProject/comet_bot_ws/install/complex_msgs/include/complex_msgs/complex_msgs/msg/detail
[16.200s] -- Installing: /home/amadorjosephg/CA-Embedded-MiniProject/comet_bot_ws/install/complex_msgs/include/complex_msgs/complex_msgs/msg/detail/multi_string_test__struct.hpp
[16.200s] -- Installing: /home/amadorjosephg/CA-Embedded-MiniProject/comet_bot_ws/install/complex_msgs/include/complex_msgs/complex_msgs/msg/detail/nested_msg_test__traits.hpp
[16.201s] -- Installing: /home/amadorjosephg/CA-Embedded-MiniProject/comet_bot_ws/install/complex_msgs/include/complex_msgs/complex_msgs/msg/detail/multi_string_test__builder.hpp
[16.201s] -- Installing: /home/amadorjosephg/CA-Embedded-MiniProject/comet_bot_ws/install/complex_msgs/include/complex_msgs/complex_msgs/msg/detail/nested_msg_test__builder.hpp
[16.201s] -- Installing: /home/amadorjosephg/CA-Embedded-MiniProject/comet_bot_ws/install/complex_msgs/include/complex_msgs/complex_msgs/msg/detail/nested_msg_test__struct.hpp
[16.202s] -- Installing: /home/amadorjosephg/CA-Embedded-MiniProject/comet_bot_ws/install/complex_msgs/include/complex_msgs/complex_msgs/msg/detail/multi_string_test__traits.hpp
[16.202s] -- Installing: /home/amadorjosephg/CA-Embedded-MiniProject/comet_bot_ws/install/complex_msgs/include/complex_msgs/complex_msgs/msg/multi_string_test.hpp
[16.203s] -- Up-to-date: /home/amadorjosephg/CA-Embedded-MiniProject/comet_bot_ws/install/complex_msgs/include/complex_msgs/complex_msgs
[16.203s] -- Up-to-date: /home/amadorjosephg/CA-Embedded-MiniProject/comet_bot_ws/install/complex_msgs/include/complex_msgs/complex_msgs/msg
[16.203s] -- Up-to-date: /home/amadorjosephg/CA-Embedded-MiniProject/comet_bot_ws/install/complex_msgs/include/complex_msgs/complex_msgs/msg/detail
[16.203s] -- Installing: /home/amadorjosephg/CA-Embedded-MiniProject/comet_bot_ws/install/complex_msgs/include/complex_msgs/complex_msgs/msg/detail/nested_msg_test__rosidl_typesupport_fastrtps_cpp.hpp
[16.204s] -- Installing: /home/amadorjosephg/CA-Embedded-MiniProject/comet_bot_ws/install/complex_msgs/include/complex_msgs/complex_msgs/msg/detail/multi_string_test__rosidl_typesupport_fastrtps_cpp.hpp
[16.204s] -- Installing: /home/amadorjosephg/CA-Embedded-MiniProject/comet_bot_ws/install/complex_msgs/include/complex_msgs/complex_msgs/msg/detail/dds_fastrtps
[16.204s] -- Installing: /home/amadorjosephg/CA-Embedded-MiniProject/comet_bot_ws/install/complex_msgs/include/complex_msgs/complex_msgs/msg/rosidl_typesupport_fastrtps_cpp__visibility_control.h
[16.205s] -- Installing: /home/amadorjosephg/CA-Embedded-MiniProject/comet_bot_ws/install/complex_msgs/lib/libcomplex_msgs__rosidl_typesupport_fastrtps_cpp.so
[16.205s] -- Set runtime path of "/home/amadorjosephg/CA-Embedded-MiniProject/comet_bot_ws/install/complex_msgs/lib/libcomplex_msgs__rosidl_typesupport_fastrtps_cpp.so" to ""
[16.206s] -- Up-to-date: /home/amadorjosephg/CA-Embedded-MiniProject/comet_bot_ws/install/complex_msgs/include/complex_msgs
[16.206s] -- Installing: /home/amadorjosephg/CA-Embedded-MiniProject/comet_bot_ws/install/complex_msgs/include/complex_msgs/msg
[16.206s] -- Installing: /home/amadorjosephg/CA-Embedded-MiniProject/comet_bot_ws/install/complex_msgs/include/complex_msgs/msg/detail
[16.206s] -- Installing: /home/amadorjosephg/CA-Embedded-MiniProject/comet_bot_ws/install/complex_msgs/include/complex_msgs/msg/detail/nested_msg_test__rosidl_typesupport_microxrcedds_c.h
[16.207s] -- Installing: /home/amadorjosephg/CA-Embedded-MiniProject/comet_bot_ws/install/complex_msgs/include/complex_msgs/msg/detail/multi_string_test__rosidl_typesupport_microxrcedds_c.h
[16.207s] -- Installing: /home/amadorjosephg/CA-Embedded-MiniProject/comet_bot_ws/install/complex_msgs/include/complex_msgs/msg/detail/microxrcedds
[16.207s] -- Installing: /home/amadorjosephg/CA-Embedded-MiniProject/comet_bot_ws/install/complex_msgs/include/complex_msgs/msg/rosidl_typesupport_microxrcedds_c__visibility_control.h
[16.208s] -- Installing: /home/amadorjosephg/CA-Embedded-MiniProject/comet_bot_ws/install/complex_msgs/lib/libcomplex_msgs__rosidl_typesupport_microxrcedds_c.so
[16.208s] -- Set runtime path of "/home/amadorjosephg/CA-Embedded-MiniProject/comet_bot_ws/install/complex_msgs/lib/libcomplex_msgs__rosidl_typesupport_microxrcedds_c.so" to ""
[16.209s] -- Up-to-date: /home/amadorjosephg/CA-Embedded-MiniProject/comet_bot_ws/install/complex_msgs/include/complex_msgs/complex_msgs
[16.209s] -- Up-to-date: /home/amadorjosephg/CA-Embedded-MiniProject/comet_bot_ws/install/complex_msgs/include/complex_msgs/complex_msgs/msg
[16.209s] -- Installing: /home/amadorjosephg/CA-Embedded-MiniProject/comet_bot_ws/install/complex_msgs/include/complex_msgs/complex_msgs/msg/rosidl_typesupport_introspection_c__visibility_control.h
[16.210s] -- Up-to-date: /home/amadorjosephg/CA-Embedded-MiniProject/comet_bot_ws/install/complex_msgs/include/complex_msgs/complex_msgs/msg/detail
[16.210s] -- Installing: /home/amadorjosephg/CA-Embedded-MiniProject/comet_bot_ws/install/complex_msgs/include/complex_msgs/complex_msgs/msg/detail/nested_msg_test__type_support.c
[16.210s] -- Installing: /home/amadorjosephg/CA-Embedded-MiniProject/comet_bot_ws/install/complex_msgs/include/complex_msgs/complex_msgs/msg/detail/nested_msg_test__rosidl_typesupport_introspection_c.h
[16.211s] -- Installing: /home/amadorjosephg/CA-Embedded-MiniProject/comet_bot_ws/install/complex_msgs/include/complex_msgs/complex_msgs/msg/detail/multi_string_test__type_support.c
[16.211s] -- Installing: /home/amadorjosephg/CA-Embedded-MiniProject/comet_bot_ws/install/complex_msgs/include/complex_msgs/complex_msgs/msg/detail/multi_string_test__rosidl_typesupport_introspection_c.h
[16.212s] -- Installing: /home/amadorjosephg/CA-Embedded-MiniProject/comet_bot_ws/install/complex_msgs/lib/libcomplex_msgs__rosidl_typesupport_introspection_c.so
[16.212s] -- Set runtime path of "/home/amadorjosephg/CA-Embedded-MiniProject/comet_bot_ws/install/complex_msgs/lib/libcomplex_msgs__rosidl_typesupport_introspection_c.so" to ""
[16.213s] -- Installing: /home/amadorjosephg/CA-Embedded-MiniProject/comet_bot_ws/install/complex_msgs/lib/libcomplex_msgs__rosidl_typesupport_c.so
[16.213s] -- Set runtime path of "/home/amadorjosephg/CA-Embedded-MiniProject/comet_bot_ws/install/complex_msgs/lib/libcomplex_msgs__rosidl_typesupport_c.so" to ""
[16.213s] -- Up-to-date: /home/amadorjosephg/CA-Embedded-MiniProject/comet_bot_ws/install/complex_msgs/include/complex_msgs
[16.213s] -- Up-to-date: /home/amadorjosephg/CA-Embedded-MiniProject/comet_bot_ws/install/complex_msgs/include/complex_msgs/msg
[16.214s] -- Installing: /home/amadorjosephg/CA-Embedded-MiniProject/comet_bot_ws/install/complex_msgs/include/complex_msgs/msg/rosidl_typesupport_microxrcedds_cpp__visibility_control.h
[16.214s] -- Up-to-date: /home/amadorjosephg/CA-Embedded-MiniProject/comet_bot_ws/install/complex_msgs/include/complex_msgs/msg/detail
[16.214s] -- Installing: /home/amadorjosephg/CA-Embedded-MiniProject/comet_bot_ws/install/complex_msgs/include/complex_msgs/msg/detail/nested_msg_test__rosidl_typesupport_microxrcedds_cpp.hpp
[16.214s] -- Installing: /home/amadorjosephg/CA-Embedded-MiniProject/comet_bot_ws/install/complex_msgs/include/complex_msgs/msg/detail/multi_string_test__rosidl_typesupport_microxrcedds_cpp.hpp
[16.215s] -- Up-to-date: /home/amadorjosephg/CA-Embedded-MiniProject/comet_bot_ws/install/complex_msgs/include/complex_msgs/msg/detail/microxrcedds
[16.215s] -- Installing: /home/amadorjosephg/CA-Embedded-MiniProject/comet_bot_ws/install/complex_msgs/include/complex_msgs/msg/detail/microxrcedds/multi_string_test__type_support_cpp.cpp
[16.215s] -- Installing: /home/amadorjosephg/CA-Embedded-MiniProject/comet_bot_ws/install/complex_msgs/include/complex_msgs/msg/detail/microxrcedds/nested_msg_test__type_support_cpp.cpp
[16.215s] -- Installing: /home/amadorjosephg/CA-Embedded-MiniProject/comet_bot_ws/install/complex_msgs/lib/libcomplex_msgs__rosidl_typesupport_microxrcedds_cpp.so
[16.216s] -- Set runtime path of "/home/amadorjosephg/CA-Embedded-MiniProject/comet_bot_ws/install/complex_msgs/lib/libcomplex_msgs__rosidl_typesupport_microxrcedds_cpp.so" to ""
[16.216s] -- Up-to-date: /home/amadorjosephg/CA-Embedded-MiniProject/comet_bot_ws/install/complex_msgs/include/complex_msgs/complex_msgs
[16.216s] -- Up-to-date: /home/amadorjosephg/CA-Embedded-MiniProject/comet_bot_ws/install/complex_msgs/include/complex_msgs/complex_msgs/msg
[16.216s] -- Up-to-date: /home/amadorjosephg/CA-Embedded-MiniProject/comet_bot_ws/install/complex_msgs/include/complex_msgs/complex_msgs/msg/detail
[16.217s] -- Installing: /home/amadorjosephg/CA-Embedded-MiniProject/comet_bot_ws/install/complex_msgs/include/complex_msgs/complex_msgs/msg/detail/multi_string_test__type_support.cpp
[16.217s] -- Installing: /home/amadorjosephg/CA-Embedded-MiniProject/comet_bot_ws/install/complex_msgs/include/complex_msgs/complex_msgs/msg/detail/multi_string_test__rosidl_typesupport_introspection_cpp.hpp
[16.217s] -- Installing: /home/amadorjosephg/CA-Embedded-MiniProject/comet_bot_ws/install/complex_msgs/include/complex_msgs/complex_msgs/msg/detail/nested_msg_test__rosidl_typesupport_introspection_cpp.hpp
[16.217s] -- Installing: /home/amadorjosephg/CA-Embedded-MiniProject/comet_bot_ws/install/complex_msgs/include/complex_msgs/complex_msgs/msg/detail/nested_msg_test__type_support.cpp
[16.218s] -- Installing: /home/amadorjosephg/CA-Embedded-MiniProject/comet_bot_ws/install/complex_msgs/lib/libcomplex_msgs__rosidl_typesupport_introspection_cpp.so
[16.218s] -- Set runtime path of "/home/amadorjosephg/CA-Embedded-MiniProject/comet_bot_ws/install/complex_msgs/lib/libcomplex_msgs__rosidl_typesupport_introspection_cpp.so" to ""
[16.218s] -- Installing: /home/amadorjosephg/CA-Embedded-MiniProject/comet_bot_ws/install/complex_msgs/lib/libcomplex_msgs__rosidl_typesupport_cpp.so
[16.219s] -- Set runtime path of "/home/amadorjosephg/CA-Embedded-MiniProject/comet_bot_ws/install/complex_msgs/lib/libcomplex_msgs__rosidl_typesupport_cpp.so" to ""
[16.219s] -- Installing: /home/amadorjosephg/CA-Embedded-MiniProject/comet_bot_ws/install/complex_msgs/share/complex_msgs/environment/pythonpath.sh
[16.219s] -- Installing: /home/amadorjosephg/CA-Embedded-MiniProject/comet_bot_ws/install/complex_msgs/share/complex_msgs/environment/pythonpath.dsv
[16.220s] -- Installing: /home/amadorjosephg/CA-Embedded-MiniProject/comet_bot_ws/install/complex_msgs/local/lib/python3.10/dist-packages/complex_msgs-3.0.2-py3.10.egg-info
[16.220s] -- Installing: /home/amadorjosephg/CA-Embedded-MiniProject/comet_bot_ws/install/complex_msgs/local/lib/python3.10/dist-packages/complex_msgs-3.0.2-py3.10.egg-info/PKG-INFO
[16.220s] -- Installing: /home/amadorjosephg/CA-Embedded-MiniProject/comet_bot_ws/install/complex_msgs/local/lib/python3.10/dist-packages/complex_msgs-3.0.2-py3.10.egg-info/dependency_links.txt
[16.221s] -- Installing: /home/amadorjosephg/CA-Embedded-MiniProject/comet_bot_ws/install/complex_msgs/local/lib/python3.10/dist-packages/complex_msgs-3.0.2-py3.10.egg-info/top_level.txt
[16.221s] -- Installing: /home/amadorjosephg/CA-Embedded-MiniProject/comet_bot_ws/install/complex_msgs/local/lib/python3.10/dist-packages/complex_msgs-3.0.2-py3.10.egg-info/SOURCES.txt
[16.221s] -- Installing: /home/amadorjosephg/CA-Embedded-MiniProject/comet_bot_ws/install/complex_msgs/local/lib/python3.10/dist-packages/complex_msgs
[16.222s] -- Installing: /home/amadorjosephg/CA-Embedded-MiniProject/comet_bot_ws/install/complex_msgs/local/lib/python3.10/dist-packages/complex_msgs/complex_msgs_s__rosidl_typesupport_c.cpython-310-x86_64-linux-gnu.so
[16.222s] -- Installing: /home/amadorjosephg/CA-Embedded-MiniProject/comet_bot_ws/install/complex_msgs/local/lib/python3.10/dist-packages/complex_msgs/complex_msgs_s__rosidl_typesupport_introspection_c.cpython-310-x86_64-linux-gnu.so
[16.222s] -- Installing: /home/amadorjosephg/CA-Embedded-MiniProject/comet_bot_ws/install/complex_msgs/local/lib/python3.10/dist-packages/complex_msgs/_complex_msgs_s.ep.rosidl_typesupport_microxrcedds_c.c
[16.223s] -- Installing: /home/amadorjosephg/CA-Embedded-MiniProject/comet_bot_ws/install/complex_msgs/local/lib/python3.10/dist-packages/complex_msgs/complex_msgs_s__rosidl_typesupport_fastrtps_c.cpython-310-x86_64-linux-gnu.so
[16.223s] -- Installing: /home/amadorjosephg/CA-Embedded-MiniProject/comet_bot_ws/install/complex_msgs/local/lib/python3.10/dist-packages/complex_msgs/libcomplex_msgs__rosidl_generator_py.so
[16.223s] -- Installing: /home/amadorjosephg/CA-Embedded-MiniProject/comet_bot_ws/install/complex_msgs/local/lib/python3.10/dist-packages/complex_msgs/__init__.py
[16.223s] -- Installing: /home/amadorjosephg/CA-Embedded-MiniProject/comet_bot_ws/install/complex_msgs/local/lib/python3.10/dist-packages/complex_msgs/complex_msgs_s__rosidl_typesupport_microxrcedds_c.cpython-310-x86_64-linux-gnu.so
[16.224s] -- Installing: /home/amadorjosephg/CA-Embedded-MiniProject/comet_bot_ws/install/complex_msgs/local/lib/python3.10/dist-packages/complex_msgs/_complex_msgs_s.ep.rosidl_typesupport_c.c
[16.224s] -- Installing: /home/amadorjosephg/CA-Embedded-MiniProject/comet_bot_ws/install/complex_msgs/local/lib/python3.10/dist-packages/complex_msgs/msg
[16.224s] -- Installing: /home/amadorjosephg/CA-Embedded-MiniProject/comet_bot_ws/install/complex_msgs/local/lib/python3.10/dist-packages/complex_msgs/msg/_multi_string_test_s.c
[16.225s] -- Installing: /home/amadorjosephg/CA-Embedded-MiniProject/comet_bot_ws/install/complex_msgs/local/lib/python3.10/dist-packages/complex_msgs/msg/__init__.py
[16.225s] -- Installing: /home/amadorjosephg/CA-Embedded-MiniProject/comet_bot_ws/install/complex_msgs/local/lib/python3.10/dist-packages/complex_msgs/msg/_multi_string_test.py
[16.225s] -- Installing: /home/amadorjosephg/CA-Embedded-MiniProject/comet_bot_ws/install/complex_msgs/local/lib/python3.10/dist-packages/complex_msgs/msg/_nested_msg_test.py
[16.225s] -- Installing: /home/amadorjosephg/CA-Embedded-MiniProject/comet_bot_ws/install/complex_msgs/local/lib/python3.10/dist-packages/complex_msgs/msg/_nested_msg_test_s.c
[16.226s] -- Installing: /home/amadorjosephg/CA-Embedded-MiniProject/comet_bot_ws/install/complex_msgs/local/lib/python3.10/dist-packages/complex_msgs/_complex_msgs_s.ep.rosidl_typesupport_introspection_c.c
[16.226s] -- Installing: /home/amadorjosephg/CA-Embedded-MiniProject/comet_bot_ws/install/complex_msgs/local/lib/python3.10/dist-packages/complex_msgs/_complex_msgs_s.ep.rosidl_typesupport_fastrtps_c.c
[16.266s] Listing '/home/amadorjosephg/CA-Embedded-MiniProject/comet_bot_ws/install/complex_msgs/local/lib/python3.10/dist-packages/complex_msgs'...
[16.266s] Compiling '/home/amadorjosephg/CA-Embedded-MiniProject/comet_bot_ws/install/complex_msgs/local/lib/python3.10/dist-packages/complex_msgs/__init__.py'...
[16.266s] Listing '/home/amadorjosephg/CA-Embedded-MiniProject/comet_bot_ws/install/complex_msgs/local/lib/python3.10/dist-packages/complex_msgs/msg'...
[16.266s] Compiling '/home/amadorjosephg/CA-Embedded-MiniProject/comet_bot_ws/install/complex_msgs/local/lib/python3.10/dist-packages/complex_msgs/msg/__init__.py'...
[16.266s] Compiling '/home/amadorjosephg/CA-Embedded-MiniProject/comet_bot_ws/install/complex_msgs/local/lib/python3.10/dist-packages/complex_msgs/msg/_multi_string_test.py'...
[16.266s] Compiling '/home/amadorjosephg/CA-Embedded-MiniProject/comet_bot_ws/install/complex_msgs/local/lib/python3.10/dist-packages/complex_msgs/msg/_nested_msg_test.py'...
[16.270s] -- Installing: /home/amadorjosephg/CA-Embedded-MiniProject/comet_bot_ws/install/complex_msgs/local/lib/python3.10/dist-packages/complex_msgs/complex_msgs_s__rosidl_typesupport_microxrcedds_c.cpython-310-x86_64-linux-gnu.so
[16.270s] -- Set runtime path of "/home/amadorjosephg/CA-Embedded-MiniProject/comet_bot_ws/install/complex_msgs/local/lib/python3.10/dist-packages/complex_msgs/complex_msgs_s__rosidl_typesupport_microxrcedds_c.cpython-310-x86_64-linux-gnu.so" to ""
[16.271s] -- Installing: /home/amadorjosephg/CA-Embedded-MiniProject/comet_bot_ws/install/complex_msgs/local/lib/python3.10/dist-packages/complex_msgs/complex_msgs_s__rosidl_typesupport_fastrtps_c.cpython-310-x86_64-linux-gnu.so
[16.271s] -- Set runtime path of "/home/amadorjosephg/CA-Embedded-MiniProject/comet_bot_ws/install/complex_msgs/local/lib/python3.10/dist-packages/complex_msgs/complex_msgs_s__rosidl_typesupport_fastrtps_c.cpython-310-x86_64-linux-gnu.so" to ""
[16.271s] -- Installing: /home/amadorjosephg/CA-Embedded-MiniProject/comet_bot_ws/install/complex_msgs/local/lib/python3.10/dist-packages/complex_msgs/complex_msgs_s__rosidl_typesupport_introspection_c.cpython-310-x86_64-linux-gnu.so
[16.272s] -- Set runtime path of "/home/amadorjosephg/CA-Embedded-MiniProject/comet_bot_ws/install/complex_msgs/local/lib/python3.10/dist-packages/complex_msgs/complex_msgs_s__rosidl_typesupport_introspection_c.cpython-310-x86_64-linux-gnu.so" to ""
[16.272s] -- Installing: /home/amadorjosephg/CA-Embedded-MiniProject/comet_bot_ws/install/complex_msgs/local/lib/python3.10/dist-packages/complex_msgs/complex_msgs_s__rosidl_typesupport_c.cpython-310-x86_64-linux-gnu.so
[16.273s] -- Set runtime path of "/home/amadorjosephg/CA-Embedded-MiniProject/comet_bot_ws/install/complex_msgs/local/lib/python3.10/dist-packages/complex_msgs/complex_msgs_s__rosidl_typesupport_c.cpython-310-x86_64-linux-gnu.so" to ""
[16.273s] -- Installing: /home/amadorjosephg/CA-Embedded-MiniProject/comet_bot_ws/install/complex_msgs/lib/libcomplex_msgs__rosidl_generator_py.so
[16.274s] -- Set runtime path of "/home/amadorjosephg/CA-Embedded-MiniProject/comet_bot_ws/install/complex_msgs/lib/libcomplex_msgs__rosidl_generator_py.so" to ""
[16.274s] -- Installing: /home/amadorjosephg/CA-Embedded-MiniProject/comet_bot_ws/install/complex_msgs/share/complex_msgs/msg/MultiStringTest.idl
[16.275s] -- Installing: /home/amadorjosephg/CA-Embedded-MiniProject/comet_bot_ws/install/complex_msgs/share/complex_msgs/msg/NestedMsgTest.idl
[16.275s] -- Installing: /home/amadorjosephg/CA-Embedded-MiniProject/comet_bot_ws/install/complex_msgs/share/complex_msgs/msg/MultiStringTest.msg
[16.275s] -- Installing: /home/amadorjosephg/CA-Embedded-MiniProject/comet_bot_ws/install/complex_msgs/share/complex_msgs/msg/NestedMsgTest.msg
[16.276s] -- Installing: /home/amadorjosephg/CA-Embedded-MiniProject/comet_bot_ws/install/complex_msgs/share/ament_index/resource_index/package_run_dependencies/complex_msgs
[16.276s] -- Installing: /home/amadorjosephg/CA-Embedded-MiniProject/comet_bot_ws/install/complex_msgs/share/ament_index/resource_index/parent_prefix_path/complex_msgs
[16.277s] -- Installing: /home/amadorjosephg/CA-Embedded-MiniProject/comet_bot_ws/install/complex_msgs/share/complex_msgs/environment/ament_prefix_path.sh
[16.277s] -- Installing: /home/amadorjosephg/CA-Embedded-MiniProject/comet_bot_ws/install/complex_msgs/share/complex_msgs/environment/ament_prefix_path.dsv
[16.278s] -- Installing: /home/amadorjosephg/CA-Embedded-MiniProject/comet_bot_ws/install/complex_msgs/share/complex_msgs/environment/path.sh
[16.278s] -- Installing: /home/amadorjosephg/CA-Embedded-MiniProject/comet_bot_ws/install/complex_msgs/share/complex_msgs/environment/path.dsv
[16.278s] -- Installing: /home/amadorjosephg/CA-Embedded-MiniProject/comet_bot_ws/install/complex_msgs/share/complex_msgs/local_setup.bash
[16.279s] -- Installing: /home/amadorjosephg/CA-Embedded-MiniProject/comet_bot_ws/install/complex_msgs/share/complex_msgs/local_setup.sh
[16.279s] -- Installing: /home/amadorjosephg/CA-Embedded-MiniProject/comet_bot_ws/install/complex_msgs/share/complex_msgs/local_setup.zsh
[16.280s] -- Installing: /home/amadorjosephg/CA-Embedded-MiniProject/comet_bot_ws/install/complex_msgs/share/complex_msgs/local_setup.dsv
[16.280s] -- Installing: /home/amadorjosephg/CA-Embedded-MiniProject/comet_bot_ws/install/complex_msgs/share/complex_msgs/package.dsv
[16.281s] -- Installing: /home/amadorjosephg/CA-Embedded-MiniProject/comet_bot_ws/install/complex_msgs/share/ament_index/resource_index/packages/complex_msgs
[16.282s] -- Installing: /home/amadorjosephg/CA-Embedded-MiniProject/comet_bot_ws/install/complex_msgs/share/complex_msgs/cmake/export_complex_msgs__rosidl_generator_cExport.cmake
[16.282s] -- Installing: /home/amadorjosephg/CA-Embedded-MiniProject/comet_bot_ws/install/complex_msgs/share/complex_msgs/cmake/export_complex_msgs__rosidl_generator_cExport-noconfig.cmake
[16.282s] -- Installing: /home/amadorjosephg/CA-Embedded-MiniProject/comet_bot_ws/install/complex_msgs/share/complex_msgs/cmake/export_complex_msgs__rosidl_typesupport_fastrtps_cExport.cmake
[16.283s] -- Installing: /home/amadorjosephg/CA-Embedded-MiniProject/comet_bot_ws/install/complex_msgs/share/complex_msgs/cmake/export_complex_msgs__rosidl_typesupport_fastrtps_cExport-noconfig.cmake
[16.283s] -- Installing: /home/amadorjosephg/CA-Embedded-MiniProject/comet_bot_ws/install/complex_msgs/share/complex_msgs/cmake/export_complex_msgs__rosidl_generator_cppExport.cmake
[16.284s] -- Installing: /home/amadorjosephg/CA-Embedded-MiniProject/comet_bot_ws/install/complex_msgs/share/complex_msgs/cmake/export_complex_msgs__rosidl_typesupport_fastrtps_cppExport.cmake
[16.284s] -- Installing: /home/amadorjosephg/CA-Embedded-MiniProject/comet_bot_ws/install/complex_msgs/share/complex_msgs/cmake/export_complex_msgs__rosidl_typesupport_fastrtps_cppExport-noconfig.cmake
[16.284s] -- Installing: /home/amadorjosephg/CA-Embedded-MiniProject/comet_bot_ws/install/complex_msgs/share/complex_msgs/cmake/complex_msgs__rosidl_typesupport_introspection_cExport.cmake
[16.285s] -- Installing: /home/amadorjosephg/CA-Embedded-MiniProject/comet_bot_ws/install/complex_msgs/share/complex_msgs/cmake/complex_msgs__rosidl_typesupport_introspection_cExport-noconfig.cmake
[16.286s] -- Installing: /home/amadorjosephg/CA-Embedded-MiniProject/comet_bot_ws/install/complex_msgs/share/complex_msgs/cmake/complex_msgs__rosidl_typesupport_cExport.cmake
[16.286s] -- Installing: /home/amadorjosephg/CA-Embedded-MiniProject/comet_bot_ws/install/complex_msgs/share/complex_msgs/cmake/complex_msgs__rosidl_typesupport_cExport-noconfig.cmake
[16.287s] -- Installing: /home/amadorjosephg/CA-Embedded-MiniProject/comet_bot_ws/install/complex_msgs/share/complex_msgs/cmake/complex_msgs__rosidl_typesupport_introspection_cppExport.cmake
[16.287s] -- Installing: /home/amadorjosephg/CA-Embedded-MiniProject/comet_bot_ws/install/complex_msgs/share/complex_msgs/cmake/complex_msgs__rosidl_typesupport_introspection_cppExport-noconfig.cmake
[16.287s] -- Installing: /home/amadorjosephg/CA-Embedded-MiniProject/comet_bot_ws/install/complex_msgs/share/complex_msgs/cmake/complex_msgs__rosidl_typesupport_cppExport.cmake
[16.291s] -- Installing: /home/amadorjosephg/CA-Embedded-MiniProject/comet_bot_ws/install/complex_msgs/share/complex_msgs/cmake/complex_msgs__rosidl_typesupport_cppExport-noconfig.cmake
[16.291s] -- Installing: /home/amadorjosephg/CA-Embedded-MiniProject/comet_bot_ws/install/complex_msgs/share/complex_msgs/cmake/export_complex_msgs__rosidl_generator_pyExport.cmake
[16.291s] -- Installing: /home/amadorjosephg/CA-Embedded-MiniProject/comet_bot_ws/install/complex_msgs/share/complex_msgs/cmake/export_complex_msgs__rosidl_generator_pyExport-noconfig.cmake
[16.292s] -- Installing: /home/amadorjosephg/CA-Embedded-MiniProject/comet_bot_ws/install/complex_msgs/share/complex_msgs/cmake/rosidl_cmake-extras.cmake
[16.292s] -- Installing: /home/amadorjosephg/CA-Embedded-MiniProject/comet_bot_ws/install/complex_msgs/share/complex_msgs/cmake/ament_cmake_export_dependencies-extras.cmake
[16.292s] -- Installing: /home/amadorjosephg/CA-Embedded-MiniProject/comet_bot_ws/install/complex_msgs/share/complex_msgs/cmake/ament_cmake_export_include_directories-extras.cmake
[16.293s] -- Installing: /home/amadorjosephg/CA-Embedded-MiniProject/comet_bot_ws/install/complex_msgs/share/complex_msgs/cmake/ament_cmake_export_libraries-extras.cmake
[16.293s] -- Installing: /home/amadorjosephg/CA-Embedded-MiniProject/comet_bot_ws/install/complex_msgs/share/complex_msgs/cmake/ament_cmake_export_targets-extras.cmake
[16.293s] -- Installing: /home/amadorjosephg/CA-Embedded-MiniProject/comet_bot_ws/install/complex_msgs/share/complex_msgs/cmake/rosidl_cmake_export_typesupport_targets-extras.cmake
[16.293s] -- Installing: /home/amadorjosephg/CA-Embedded-MiniProject/comet_bot_ws/install/complex_msgs/share/complex_msgs/cmake/rosidl_cmake_export_typesupport_libraries-extras.cmake
[16.294s] -- Installing: /home/amadorjosephg/CA-Embedded-MiniProject/comet_bot_ws/install/complex_msgs/share/complex_msgs/cmake/complex_msgsConfig.cmake
[16.294s] -- Installing: /home/amadorjosephg/CA-Embedded-MiniProject/comet_bot_ws/install/complex_msgs/share/complex_msgs/cmake/complex_msgsConfig-version.cmake
[16.294s] -- Installing: /home/amadorjosephg/CA-Embedded-MiniProject/comet_bot_ws/install/complex_msgs/share/complex_msgs/package.xml
[16.303s] Invoked command in '/home/amadorjosephg/CA-Embedded-MiniProject/comet_bot_ws/build/complex_msgs' returned '0': AMENT_PREFIX_PATH=/home/amadorjosephg/CA-Embedded-MiniProject/comet_bot_ws/install/builtin_interfaces:${AMENT_PREFIX_PATH} CMAKE_PREFIX_PATH=/home/amadorjosephg/CA-Embedded-MiniProject/comet_bot_ws/install/builtin_interfaces:/home/amadorjosephg/CA-Embedded-MiniProject/comet_bot_ws/install/rosidl_typesupport_microxrcedds_cpp:/home/amadorjosephg/CA-Embedded-MiniProject/comet_bot_ws/install/rosidl_typesupport_microxrcedds_c:/home/amadorjosephg/CA-Embedded-MiniProject/comet_bot_ws/install/microcdr:/home/amadorjosephg/CA-Embedded-MiniProject/comet_bot_ws/install/micro_ros_setup:/home/amadorjosephg/CA-Embedded-MiniProject/comet_bot_ws/install/micro_ros_agent:/home/amadorjosephg/CA-Embedded-MiniProject/comet_bot_ws/install/micro_ros_msgs:/home/amadorjosephg/CA-Embedded-MiniProject/comet_bot_ws/install/lunabot_control:/home/amadorjosephg/CA-Embedded-MiniProject/comet_bot_ws/install/jetson_topic_relay:/opt/ros/humble LD_LIBRARY_PATH=/home/amadorjosephg/CA-Embedded-MiniProject/comet_bot_ws/install/builtin_interfaces/lib:${LD_LIBRARY_PATH} PYTHONPATH=/home/amadorjosephg/CA-Embedded-MiniProject/comet_bot_ws/install/builtin_interfaces/local/lib/python3.10/dist-packages:${PYTHONPATH} /usr/bin/cmake --install /home/amadorjosephg/CA-Embedded-MiniProject/comet_bot_ws/build/complex_msgs
