-- The C compiler identification is GNU 11.4.0
-- The CXX compiler identification is GNU 11.4.0
-- Detecting C compiler ABI info
-- Detecting C compiler ABI info - done
-- Check for working C compiler: /usr/bin/cc - skipped
-- Detecting C compile features
-- Detecting C compile features - done
-- Detecting CXX compiler ABI info
-- Detecting CXX compiler ABI info - done
-- Check for working CXX compiler: /usr/bin/c++ - skipped
-- Detecting CXX compile features
-- Detecting CXX compile features - done
-- Found ament_cmake: 1.3.9 (/opt/ros/humble/share/ament_cmake/cmake)
-- Found Python3: /usr/bin/python3 (found version "3.10.12") found components: Interpreter 
-- Found rosidl_default_generators: 1.2.0 (/opt/ros/humble/share/rosidl_default_generators/cmake)
-- Using all available rosidl_typesupport_c: rosidl_typesupport_microxrcedds_c;rosidl_typesupport_fastrtps_c;rosidl_typesupport_introspection_c
-- Found rosidl_adapter: 3.1.5 (/opt/ros/humble/share/rosidl_adapter/cmake)
-- Using all available rosidl_typesupport_cpp: rosidl_typesupport_microxrcedds_cpp;rosidl_typesupport_fastrtps_cpp;rosidl_typesupport_introspection_cpp
-- Found ament_cmake_ros: 0.10.0 (/opt/ros/humble/share/ament_cmake_ros/cmake)
-- Using all available rosidl_typesupport_c: rosidl_typesupport_microxrcedds_c;rosidl_typesupport_fastrtps_c;rosidl_typesupport_introspection_c
-- Using all available rosidl_typesupport_cpp: rosidl_typesupport_microxrcedds_cpp;rosidl_typesupport_fastrtps_cpp;rosidl_typesupport_introspection_cpp
-- Found PythonInterp: /usr/bin/python3 (found suitable version "3.10.12", minimum required is "3.6") 
-- Found python_cmake_module: 0.10.0 (/opt/ros/humble/share/python_cmake_module/cmake)
-- Found PythonLibs: /usr/lib/x86_64-linux-gnu/libpython3.10.so (found suitable version "3.10.12", minimum required is "3.5") 
-- Using PYTHON_EXECUTABLE: /usr/bin/python3
-- Using PYTHON_INCLUDE_DIRS: /usr/include/python3.10
-- Using PYTHON_LIBRARIES: /usr/lib/x86_64-linux-gnu/libpython3.10.so
-- Found PythonExtra: .so  
-- Configuring done
-- Generating done
-- Build files have been written to: /home/amadorjosephg/CA-Embedded-MiniProject/comet_bot_ws/build/lifecycle_msgs
[  0%] [34m[1mGenerating C++ code for ROS interfaces[0m
[  0%] Built target lifecycle_msgs__cpp
[  0%] Built target ament_cmake_python_copy_lifecycle_msgs
[  1%] [34m[1mGenerating C++ type support for eProsima Micro XRCE-DDS[0m
[  2%] [32mBuilding CXX object CMakeFiles/lifecycle_msgs__rosidl_typesupport_microxrcedds_cpp.dir/rosidl_typesupport_microxrcedds_cpp/lifecycle_msgs/msg/detail/microxrcedds/state__type_support_cpp.cpp.o[0m
[  3%] [32mBuilding CXX object CMakeFiles/lifecycle_msgs__rosidl_typesupport_microxrcedds_cpp.dir/rosidl_typesupport_microxrcedds_cpp/lifecycle_msgs/msg/detail/microxrcedds/transition__type_support_cpp.cpp.o[0m
[  4%] [32mBuilding CXX object CMakeFiles/lifecycle_msgs__rosidl_typesupport_microxrcedds_cpp.dir/rosidl_typesupport_microxrcedds_cpp/lifecycle_msgs/msg/detail/microxrcedds/transition_description__type_support_cpp.cpp.o[0m
[  5%] [32mBuilding CXX object CMakeFiles/lifecycle_msgs__rosidl_typesupport_microxrcedds_cpp.dir/rosidl_typesupport_microxrcedds_cpp/lifecycle_msgs/msg/detail/microxrcedds/transition_event__type_support_cpp.cpp.o[0m
[  6%] [32mBuilding CXX object CMakeFiles/lifecycle_msgs__rosidl_typesupport_microxrcedds_cpp.dir/rosidl_typesupport_microxrcedds_cpp/lifecycle_msgs/srv/detail/microxrcedds/change_state__type_support_cpp.cpp.o[0m
[  7%] [32mBuilding CXX object CMakeFiles/lifecycle_msgs__rosidl_typesupport_microxrcedds_cpp.dir/rosidl_typesupport_microxrcedds_cpp/lifecycle_msgs/srv/detail/microxrcedds/get_available_states__type_support_cpp.cpp.o[0m
[  8%] [32mBuilding CXX object CMakeFiles/lifecycle_msgs__rosidl_typesupport_microxrcedds_cpp.dir/rosidl_typesupport_microxrcedds_cpp/lifecycle_msgs/srv/detail/microxrcedds/get_available_transitions__type_support_cpp.cpp.o[0m
[  9%] [32mBuilding CXX object CMakeFiles/lifecycle_msgs__rosidl_typesupport_microxrcedds_cpp.dir/rosidl_typesupport_microxrcedds_cpp/lifecycle_msgs/srv/detail/microxrcedds/get_state__type_support_cpp.cpp.o[0m
[ 10%] [32m[1mLinking CXX shared library liblifecycle_msgs__rosidl_typesupport_microxrcedds_cpp.so[0m
[ 10%] Built target lifecycle_msgs__rosidl_typesupport_microxrcedds_cpp
[ 11%] [34m[1mGenerating C++ type support for eProsima Fast-RTPS[0m
[ 12%] [32mBuilding CXX object CMakeFiles/lifecycle_msgs__rosidl_typesupport_fastrtps_cpp.dir/rosidl_typesupport_fastrtps_cpp/lifecycle_msgs/msg/detail/dds_fastrtps/state__type_support.cpp.o[0m
[ 13%] [32mBuilding CXX object CMakeFiles/lifecycle_msgs__rosidl_typesupport_fastrtps_cpp.dir/rosidl_typesupport_fastrtps_cpp/lifecycle_msgs/msg/detail/dds_fastrtps/transition__type_support.cpp.o[0m
[ 14%] [32mBuilding CXX object CMakeFiles/lifecycle_msgs__rosidl_typesupport_fastrtps_cpp.dir/rosidl_typesupport_fastrtps_cpp/lifecycle_msgs/msg/detail/dds_fastrtps/transition_description__type_support.cpp.o[0m
[ 15%] [32mBuilding CXX object CMakeFiles/lifecycle_msgs__rosidl_typesupport_fastrtps_cpp.dir/rosidl_typesupport_fastrtps_cpp/lifecycle_msgs/msg/detail/dds_fastrtps/transition_event__type_support.cpp.o[0m
[ 15%] [32mBuilding CXX object CMakeFiles/lifecycle_msgs__rosidl_typesupport_fastrtps_cpp.dir/rosidl_typesupport_fastrtps_cpp/lifecycle_msgs/srv/detail/dds_fastrtps/change_state__type_support.cpp.o[0m
[ 16%] [32mBuilding CXX object CMakeFiles/lifecycle_msgs__rosidl_typesupport_fastrtps_cpp.dir/rosidl_typesupport_fastrtps_cpp/lifecycle_msgs/srv/detail/dds_fastrtps/get_available_states__type_support.cpp.o[0m
[ 17%] [32mBuilding CXX object CMakeFiles/lifecycle_msgs__rosidl_typesupport_fastrtps_cpp.dir/rosidl_typesupport_fastrtps_cpp/lifecycle_msgs/srv/detail/dds_fastrtps/get_available_transitions__type_support.cpp.o[0m
[ 18%] [32mBuilding CXX object CMakeFiles/lifecycle_msgs__rosidl_typesupport_fastrtps_cpp.dir/rosidl_typesupport_fastrtps_cpp/lifecycle_msgs/srv/detail/dds_fastrtps/get_state__type_support.cpp.o[0m
[ 19%] [32m[1mLinking CXX shared library liblifecycle_msgs__rosidl_typesupport_fastrtps_cpp.so[0m
[ 19%] Built target lifecycle_msgs__rosidl_typesupport_fastrtps_cpp
[ 20%] [34m[1mGenerating C++ introspection for ROS interfaces[0m
[ 21%] [32mBuilding CXX object CMakeFiles/lifecycle_msgs__rosidl_typesupport_introspection_cpp.dir/rosidl_typesupport_introspection_cpp/lifecycle_msgs/msg/detail/state__type_support.cpp.o[0m
[ 22%] [32mBuilding CXX object CMakeFiles/lifecycle_msgs__rosidl_typesupport_introspection_cpp.dir/rosidl_typesupport_introspection_cpp/lifecycle_msgs/msg/detail/transition__type_support.cpp.o[0m
[ 23%] [32mBuilding CXX object CMakeFiles/lifecycle_msgs__rosidl_typesupport_introspection_cpp.dir/rosidl_typesupport_introspection_cpp/lifecycle_msgs/msg/detail/transition_description__type_support.cpp.o[0m
[ 24%] [32mBuilding CXX object CMakeFiles/lifecycle_msgs__rosidl_typesupport_introspection_cpp.dir/rosidl_typesupport_introspection_cpp/lifecycle_msgs/msg/detail/transition_event__type_support.cpp.o[0m
[ 25%] [32mBuilding CXX object CMakeFiles/lifecycle_msgs__rosidl_typesupport_introspection_cpp.dir/rosidl_typesupport_introspection_cpp/lifecycle_msgs/srv/detail/change_state__type_support.cpp.o[0m
[ 26%] [32mBuilding CXX object CMakeFiles/lifecycle_msgs__rosidl_typesupport_introspection_cpp.dir/rosidl_typesupport_introspection_cpp/lifecycle_msgs/srv/detail/get_available_states__type_support.cpp.o[0m
[ 26%] [32mBuilding CXX object CMakeFiles/lifecycle_msgs__rosidl_typesupport_introspection_cpp.dir/rosidl_typesupport_introspection_cpp/lifecycle_msgs/srv/detail/get_available_transitions__type_support.cpp.o[0m
[ 27%] [32mBuilding CXX object CMakeFiles/lifecycle_msgs__rosidl_typesupport_introspection_cpp.dir/rosidl_typesupport_introspection_cpp/lifecycle_msgs/srv/detail/get_state__type_support.cpp.o[0m
[ 28%] [32m[1mLinking CXX shared library liblifecycle_msgs__rosidl_typesupport_introspection_cpp.so[0m
[ 28%] Built target lifecycle_msgs__rosidl_typesupport_introspection_cpp
running egg_info
creating lifecycle_msgs.egg-info
writing lifecycle_msgs.egg-info/PKG-INFO
writing dependency_links to lifecycle_msgs.egg-info/dependency_links.txt
writing top-level names to lifecycle_msgs.egg-info/top_level.txt
writing manifest file 'lifecycle_msgs.egg-info/SOURCES.txt'
reading manifest file 'lifecycle_msgs.egg-info/SOURCES.txt'
writing manifest file 'lifecycle_msgs.egg-info/SOURCES.txt'
[ 28%] Built target ament_cmake_python_build_lifecycle_msgs_egg
[ 29%] [34m[1mGenerating C++ type support dispatch for ROS interfaces[0m
[ 30%] [32mBuilding CXX object CMakeFiles/lifecycle_msgs__rosidl_typesupport_cpp.dir/rosidl_typesupport_cpp/lifecycle_msgs/msg/state__type_support.cpp.o[0m
[ 30%] [32mBuilding CXX object CMakeFiles/lifecycle_msgs__rosidl_typesupport_cpp.dir/rosidl_typesupport_cpp/lifecycle_msgs/msg/transition_description__type_support.cpp.o[0m
[ 31%] [32mBuilding CXX object CMakeFiles/lifecycle_msgs__rosidl_typesupport_cpp.dir/rosidl_typesupport_cpp/lifecycle_msgs/msg/transition_event__type_support.cpp.o[0m
[ 32%] [32mBuilding CXX object CMakeFiles/lifecycle_msgs__rosidl_typesupport_cpp.dir/rosidl_typesupport_cpp/lifecycle_msgs/srv/change_state__type_support.cpp.o[0m
[ 33%] [32mBuilding CXX object CMakeFiles/lifecycle_msgs__rosidl_typesupport_cpp.dir/rosidl_typesupport_cpp/lifecycle_msgs/srv/get_available_states__type_support.cpp.o[0m
[ 34%] [32mBuilding CXX object CMakeFiles/lifecycle_msgs__rosidl_typesupport_cpp.dir/rosidl_typesupport_cpp/lifecycle_msgs/srv/get_available_transitions__type_support.cpp.o[0m
[ 35%] [32mBuilding CXX object CMakeFiles/lifecycle_msgs__rosidl_typesupport_cpp.dir/rosidl_typesupport_cpp/lifecycle_msgs/srv/get_state__type_support.cpp.o[0m
[ 36%] [32mBuilding CXX object CMakeFiles/lifecycle_msgs__rosidl_typesupport_cpp.dir/rosidl_typesupport_cpp/lifecycle_msgs/msg/transition__type_support.cpp.o[0m
[ 37%] [32m[1mLinking CXX shared library liblifecycle_msgs__rosidl_typesupport_cpp.so[0m
[ 37%] Built target lifecycle_msgs__rosidl_typesupport_cpp
[ 38%] [34m[1mGenerating C code for ROS interfaces[0m
[ 39%] [32mBuilding C object CMakeFiles/lifecycle_msgs__rosidl_generator_c.dir/rosidl_generator_c/lifecycle_msgs/msg/detail/state__functions.c.o[0m
[ 40%] [32mBuilding C object CMakeFiles/lifecycle_msgs__rosidl_generator_c.dir/rosidl_generator_c/lifecycle_msgs/msg/detail/transition_event__functions.c.o[0m
[ 41%] [32mBuilding C object CMakeFiles/lifecycle_msgs__rosidl_generator_c.dir/rosidl_generator_c/lifecycle_msgs/srv/detail/change_state__functions.c.o[0m
[ 42%] [32mBuilding C object CMakeFiles/lifecycle_msgs__rosidl_generator_c.dir/rosidl_generator_c/lifecycle_msgs/srv/detail/get_available_states__functions.c.o[0m
[ 43%] [32mBuilding C object CMakeFiles/lifecycle_msgs__rosidl_generator_c.dir/rosidl_generator_c/lifecycle_msgs/srv/detail/get_available_transitions__functions.c.o[0m
[ 44%] [32mBuilding C object CMakeFiles/lifecycle_msgs__rosidl_generator_c.dir/rosidl_generator_c/lifecycle_msgs/srv/detail/get_state__functions.c.o[0m
[ 45%] [32mBuilding C object CMakeFiles/lifecycle_msgs__rosidl_generator_c.dir/rosidl_generator_c/lifecycle_msgs/msg/detail/transition_description__functions.c.o[0m
[ 46%] [32mBuilding C object CMakeFiles/lifecycle_msgs__rosidl_generator_c.dir/rosidl_generator_c/lifecycle_msgs/msg/detail/transition__functions.c.o[0m
[ 47%] [32m[1mLinking C shared library liblifecycle_msgs__rosidl_generator_c.so[0m
[ 47%] Built target lifecycle_msgs__rosidl_generator_c
[ 48%] [34m[1mGenerating C type support for eProsima Micro XRCE-DDS[0m
[ 49%] [32mBuilding C object CMakeFiles/lifecycle_msgs__rosidl_typesupport_microxrcedds_c.dir/rosidl_typesupport_microxrcedds_c/lifecycle_msgs/msg/detail/microxrcedds/state__type_support_c.c.o[0m
[ 50%] [32mBuilding C object CMakeFiles/lifecycle_msgs__rosidl_typesupport_microxrcedds_c.dir/rosidl_typesupport_microxrcedds_c/lifecycle_msgs/msg/detail/microxrcedds/transition__type_support_c.c.o[0m
[ 51%] [32mBuilding C object CMakeFiles/lifecycle_msgs__rosidl_typesupport_microxrcedds_c.dir/rosidl_typesupport_microxrcedds_c/lifecycle_msgs/msg/detail/microxrcedds/transition_description__type_support_c.c.o[0m
[ 52%] [32mBuilding C object CMakeFiles/lifecycle_msgs__rosidl_typesupport_microxrcedds_c.dir/rosidl_typesupport_microxrcedds_c/lifecycle_msgs/msg/detail/microxrcedds/transition_event__type_support_c.c.o[0m
[ 53%] [32mBuilding C object CMakeFiles/lifecycle_msgs__rosidl_typesupport_microxrcedds_c.dir/rosidl_typesupport_microxrcedds_c/lifecycle_msgs/srv/detail/microxrcedds/change_state__type_support_c.c.o[0m
[ 54%] [32mBuilding C object CMakeFiles/lifecycle_msgs__rosidl_typesupport_microxrcedds_c.dir/rosidl_typesupport_microxrcedds_c/lifecycle_msgs/srv/detail/microxrcedds/get_available_states__type_support_c.c.o[0m
[ 55%] [32mBuilding C object CMakeFiles/lifecycle_msgs__rosidl_typesupport_microxrcedds_c.dir/rosidl_typesupport_microxrcedds_c/lifecycle_msgs/srv/detail/microxrcedds/get_available_transitions__type_support_c.c.o[0m
[ 56%] [32mBuilding C object CMakeFiles/lifecycle_msgs__rosidl_typesupport_microxrcedds_c.dir/rosidl_typesupport_microxrcedds_c/lifecycle_msgs/srv/detail/microxrcedds/get_state__type_support_c.c.o[0m
[ 56%] [32m[1mLinking C shared library liblifecycle_msgs__rosidl_typesupport_microxrcedds_c.so[0m
[ 56%] Built target lifecycle_msgs__rosidl_typesupport_microxrcedds_c
[ 57%] [34m[1mGenerating C type support dispatch for ROS interfaces[0m
[ 58%] [32mBuilding CXX object CMakeFiles/lifecycle_msgs__rosidl_typesupport_c.dir/rosidl_typesupport_c/lifecycle_msgs/msg/state__type_support.cpp.o[0m
[ 59%] [32mBuilding CXX object CMakeFiles/lifecycle_msgs__rosidl_typesupport_c.dir/rosidl_typesupport_c/lifecycle_msgs/msg/transition__type_support.cpp.o[0m
[ 59%] [32mBuilding CXX object CMakeFiles/lifecycle_msgs__rosidl_typesupport_c.dir/rosidl_typesupport_c/lifecycle_msgs/msg/transition_description__type_support.cpp.o[0m
[ 60%] [32mBuilding CXX object CMakeFiles/lifecycle_msgs__rosidl_typesupport_c.dir/rosidl_typesupport_c/lifecycle_msgs/msg/transition_event__type_support.cpp.o[0m
[ 61%] [32mBuilding CXX object CMakeFiles/lifecycle_msgs__rosidl_typesupport_c.dir/rosidl_typesupport_c/lifecycle_msgs/srv/change_state__type_support.cpp.o[0m
[ 62%] [32mBuilding CXX object CMakeFiles/lifecycle_msgs__rosidl_typesupport_c.dir/rosidl_typesupport_c/lifecycle_msgs/srv/get_available_states__type_support.cpp.o[0m
[ 63%] [32mBuilding CXX object CMakeFiles/lifecycle_msgs__rosidl_typesupport_c.dir/rosidl_typesupport_c/lifecycle_msgs/srv/get_available_transitions__type_support.cpp.o[0m
[ 64%] [32mBuilding CXX object CMakeFiles/lifecycle_msgs__rosidl_typesupport_c.dir/rosidl_typesupport_c/lifecycle_msgs/srv/get_state__type_support.cpp.o[0m
[ 65%] [32m[1mLinking CXX shared library liblifecycle_msgs__rosidl_typesupport_c.so[0m
[ 65%] Built target lifecycle_msgs__rosidl_typesupport_c
[ 66%] [34m[1mGenerating C introspection for ROS interfaces[0m
[ 67%] [32mBuilding C object CMakeFiles/lifecycle_msgs__rosidl_typesupport_introspection_c.dir/rosidl_typesupport_introspection_c/lifecycle_msgs/msg/detail/state__type_support.c.o[0m
[ 68%] [32mBuilding C object CMakeFiles/lifecycle_msgs__rosidl_typesupport_introspection_c.dir/rosidl_typesupport_introspection_c/lifecycle_msgs/msg/detail/transition_description__type_support.c.o[0m
[ 69%] [32mBuilding C object CMakeFiles/lifecycle_msgs__rosidl_typesupport_introspection_c.dir/rosidl_typesupport_introspection_c/lifecycle_msgs/msg/detail/transition_event__type_support.c.o[0m
[ 70%] [32mBuilding C object CMakeFiles/lifecycle_msgs__rosidl_typesupport_introspection_c.dir/rosidl_typesupport_introspection_c/lifecycle_msgs/srv/detail/change_state__type_support.c.o[0m
[ 71%] [32mBuilding C object CMakeFiles/lifecycle_msgs__rosidl_typesupport_introspection_c.dir/rosidl_typesupport_introspection_c/lifecycle_msgs/srv/detail/get_available_states__type_support.c.o[0m
[ 71%] [32mBuilding C object CMakeFiles/lifecycle_msgs__rosidl_typesupport_introspection_c.dir/rosidl_typesupport_introspection_c/lifecycle_msgs/srv/detail/get_available_transitions__type_support.c.o[0m
[ 72%] [32mBuilding C object CMakeFiles/lifecycle_msgs__rosidl_typesupport_introspection_c.dir/rosidl_typesupport_introspection_c/lifecycle_msgs/srv/detail/get_state__type_support.c.o[0m
[ 73%] [32mBuilding C object CMakeFiles/lifecycle_msgs__rosidl_typesupport_introspection_c.dir/rosidl_typesupport_introspection_c/lifecycle_msgs/msg/detail/transition__type_support.c.o[0m
[ 74%] [32m[1mLinking C shared library liblifecycle_msgs__rosidl_typesupport_introspection_c.so[0m
[ 74%] Built target lifecycle_msgs__rosidl_typesupport_introspection_c
[ 75%] [34m[1mGenerating C type support for eProsima Fast-RTPS[0m
[ 76%] [32mBuilding CXX object CMakeFiles/lifecycle_msgs__rosidl_typesupport_fastrtps_c.dir/rosidl_typesupport_fastrtps_c/lifecycle_msgs/msg/detail/state__type_support_c.cpp.o[0m
[ 77%] [32mBuilding CXX object CMakeFiles/lifecycle_msgs__rosidl_typesupport_fastrtps_c.dir/rosidl_typesupport_fastrtps_c/lifecycle_msgs/msg/detail/transition_event__type_support_c.cpp.o[0m
[ 77%] [32mBuilding CXX object CMakeFiles/lifecycle_msgs__rosidl_typesupport_fastrtps_c.dir/rosidl_typesupport_fastrtps_c/lifecycle_msgs/srv/detail/change_state__type_support_c.cpp.o[0m
[ 78%] [32mBuilding CXX object CMakeFiles/lifecycle_msgs__rosidl_typesupport_fastrtps_c.dir/rosidl_typesupport_fastrtps_c/lifecycle_msgs/srv/detail/get_available_states__type_support_c.cpp.o[0m
[ 79%] [32mBuilding CXX object CMakeFiles/lifecycle_msgs__rosidl_typesupport_fastrtps_c.dir/rosidl_typesupport_fastrtps_c/lifecycle_msgs/srv/detail/get_available_transitions__type_support_c.cpp.o[0m
[ 80%] [32mBuilding CXX object CMakeFiles/lifecycle_msgs__rosidl_typesupport_fastrtps_c.dir/rosidl_typesupport_fastrtps_c/lifecycle_msgs/srv/detail/get_state__type_support_c.cpp.o[0m
[ 81%] [32mBuilding CXX object CMakeFiles/lifecycle_msgs__rosidl_typesupport_fastrtps_c.dir/rosidl_typesupport_fastrtps_c/lifecycle_msgs/msg/detail/transition_description__type_support_c.cpp.o[0m
[ 82%] [32mBuilding CXX object CMakeFiles/lifecycle_msgs__rosidl_typesupport_fastrtps_c.dir/rosidl_typesupport_fastrtps_c/lifecycle_msgs/msg/detail/transition__type_support_c.cpp.o[0m
[ 83%] [32m[1mLinking CXX shared library liblifecycle_msgs__rosidl_typesupport_fastrtps_c.so[0m
[ 83%] Built target lifecycle_msgs__rosidl_typesupport_fastrtps_c
[ 83%] Built target lifecycle_msgs
[ 84%] [34m[1mGenerating Python code for ROS interfaces[0m
[ 84%] Built target lifecycle_msgs__py
[ 84%] [32mBuilding C object CMakeFiles/lifecycle_msgs__rosidl_generator_py.dir/rosidl_generator_py/lifecycle_msgs/msg/_state_s.c.o[0m
[ 85%] [32mBuilding C object CMakeFiles/lifecycle_msgs__rosidl_generator_py.dir/rosidl_generator_py/lifecycle_msgs/msg/_transition_event_s.c.o[0m
[ 86%] [32mBuilding C object CMakeFiles/lifecycle_msgs__rosidl_generator_py.dir/rosidl_generator_py/lifecycle_msgs/srv/_change_state_s.c.o[0m
[ 87%] [32mBuilding C object CMakeFiles/lifecycle_msgs__rosidl_generator_py.dir/rosidl_generator_py/lifecycle_msgs/srv/_get_available_states_s.c.o[0m
[ 88%] [32mBuilding C object CMakeFiles/lifecycle_msgs__rosidl_generator_py.dir/rosidl_generator_py/lifecycle_msgs/srv/_get_available_transitions_s.c.o[0m
[ 89%] [32mBuilding C object CMakeFiles/lifecycle_msgs__rosidl_generator_py.dir/rosidl_generator_py/lifecycle_msgs/srv/_get_state_s.c.o[0m
[ 90%] [32mBuilding C object CMakeFiles/lifecycle_msgs__rosidl_generator_py.dir/rosidl_generator_py/lifecycle_msgs/msg/_transition_description_s.c.o[0m
[ 91%] [32mBuilding C object CMakeFiles/lifecycle_msgs__rosidl_generator_py.dir/rosidl_generator_py/lifecycle_msgs/msg/_transition_s.c.o[0m
[ 92%] [32m[1mLinking C shared library rosidl_generator_py/lifecycle_msgs/liblifecycle_msgs__rosidl_generator_py.so[0m
[ 92%] Built target lifecycle_msgs__rosidl_generator_py
[ 93%] [32mBuilding C object CMakeFiles/lifecycle_msgs__rosidl_typesupport_microxrcedds_c__pyext.dir/rosidl_generator_py/lifecycle_msgs/_lifecycle_msgs_s.ep.rosidl_typesupport_microxrcedds_c.c.o[0m
[ 94%] [32m[1mLinking C shared library rosidl_generator_py/lifecycle_msgs/lifecycle_msgs_s__rosidl_typesupport_microxrcedds_c.cpython-310-x86_64-linux-gnu.so[0m
[ 94%] Built target lifecycle_msgs__rosidl_typesupport_microxrcedds_c__pyext
[ 95%] [32mBuilding C object CMakeFiles/lifecycle_msgs__rosidl_typesupport_c__pyext.dir/rosidl_generator_py/lifecycle_msgs/_lifecycle_msgs_s.ep.rosidl_typesupport_c.c.o[0m
[ 96%] [32m[1mLinking C shared library rosidl_generator_py/lifecycle_msgs/lifecycle_msgs_s__rosidl_typesupport_c.cpython-310-x86_64-linux-gnu.so[0m
[ 96%] Built target lifecycle_msgs__rosidl_typesupport_c__pyext
[ 97%] [32mBuilding C object CMakeFiles/lifecycle_msgs__rosidl_typesupport_introspection_c__pyext.dir/rosidl_generator_py/lifecycle_msgs/_lifecycle_msgs_s.ep.rosidl_typesupport_introspection_c.c.o[0m
[ 98%] [32m[1mLinking C shared library rosidl_generator_py/lifecycle_msgs/lifecycle_msgs_s__rosidl_typesupport_introspection_c.cpython-310-x86_64-linux-gnu.so[0m
[ 98%] Built target lifecycle_msgs__rosidl_typesupport_introspection_c__pyext
[ 99%] [32mBuilding C object CMakeFiles/lifecycle_msgs__rosidl_typesupport_fastrtps_c__pyext.dir/rosidl_generator_py/lifecycle_msgs/_lifecycle_msgs_s.ep.rosidl_typesupport_fastrtps_c.c.o[0m
[100%] [32m[1mLinking C shared library rosidl_generator_py/lifecycle_msgs/lifecycle_msgs_s__rosidl_typesupport_fastrtps_c.cpython-310-x86_64-linux-gnu.so[0m
[100%] Built target lifecycle_msgs__rosidl_typesupport_fastrtps_c__pyext
-- Install configuration: ""
-- Installing: /home/amadorjosephg/CA-Embedded-MiniProject/comet_bot_ws/install/lifecycle_msgs/share/ament_index/resource_index/rosidl_interfaces/lifecycle_msgs
-- Installing: /home/amadorjosephg/CA-Embedded-MiniProject/comet_bot_ws/install/lifecycle_msgs/include/lifecycle_msgs/lifecycle_msgs
-- Installing: /home/amadorjosephg/CA-Embedded-MiniProject/comet_bot_ws/install/lifecycle_msgs/include/lifecycle_msgs/lifecycle_msgs/srv
-- Installing: /home/amadorjosephg/CA-Embedded-MiniProject/comet_bot_ws/install/lifecycle_msgs/include/lifecycle_msgs/lifecycle_msgs/srv/change_state.h
-- Installing: /home/amadorjosephg/CA-Embedded-MiniProject/comet_bot_ws/install/lifecycle_msgs/include/lifecycle_msgs/lifecycle_msgs/srv/get_available_states.h
-- Installing: /home/amadorjosephg/CA-Embedded-MiniProject/comet_bot_ws/install/lifecycle_msgs/include/lifecycle_msgs/lifecycle_msgs/srv/detail
-- Installing: /home/amadorjosephg/CA-Embedded-MiniProject/comet_bot_ws/install/lifecycle_msgs/include/lifecycle_msgs/lifecycle_msgs/srv/detail/get_available_transitions__functions.c
-- Installing: /home/amadorjosephg/CA-Embedded-MiniProject/comet_bot_ws/install/lifecycle_msgs/include/lifecycle_msgs/lifecycle_msgs/srv/detail/change_state__functions.h
-- Installing: /home/amadorjosephg/CA-Embedded-MiniProject/comet_bot_ws/install/lifecycle_msgs/include/lifecycle_msgs/lifecycle_msgs/srv/detail/get_available_transitions__type_support.h
-- Installing: /home/amadorjosephg/CA-Embedded-MiniProject/comet_bot_ws/install/lifecycle_msgs/include/lifecycle_msgs/lifecycle_msgs/srv/detail/change_state__type_support.h
-- Installing: /home/amadorjosephg/CA-Embedded-MiniProject/comet_bot_ws/install/lifecycle_msgs/include/lifecycle_msgs/lifecycle_msgs/srv/detail/get_state__type_support.h
-- Installing: /home/amadorjosephg/CA-Embedded-MiniProject/comet_bot_ws/install/lifecycle_msgs/include/lifecycle_msgs/lifecycle_msgs/srv/detail/change_state__struct.h
-- Installing: /home/amadorjosephg/CA-Embedded-MiniProject/comet_bot_ws/install/lifecycle_msgs/include/lifecycle_msgs/lifecycle_msgs/srv/detail/change_state__functions.c
-- Installing: /home/amadorjosephg/CA-Embedded-MiniProject/comet_bot_ws/install/lifecycle_msgs/include/lifecycle_msgs/lifecycle_msgs/srv/detail/get_available_transitions__struct.h
-- Installing: /home/amadorjosephg/CA-Embedded-MiniProject/comet_bot_ws/install/lifecycle_msgs/include/lifecycle_msgs/lifecycle_msgs/srv/detail/get_state__functions.h
-- Installing: /home/amadorjosephg/CA-Embedded-MiniProject/comet_bot_ws/install/lifecycle_msgs/include/lifecycle_msgs/lifecycle_msgs/srv/detail/get_available_states__functions.c
-- Installing: /home/amadorjosephg/CA-Embedded-MiniProject/comet_bot_ws/install/lifecycle_msgs/include/lifecycle_msgs/lifecycle_msgs/srv/detail/get_available_states__functions.h
-- Installing: /home/amadorjosephg/CA-Embedded-MiniProject/comet_bot_ws/install/lifecycle_msgs/include/lifecycle_msgs/lifecycle_msgs/srv/detail/get_available_states__struct.h
-- Installing: /home/amadorjosephg/CA-Embedded-MiniProject/comet_bot_ws/install/lifecycle_msgs/include/lifecycle_msgs/lifecycle_msgs/srv/detail/get_state__struct.h
-- Installing: /home/amadorjosephg/CA-Embedded-MiniProject/comet_bot_ws/install/lifecycle_msgs/include/lifecycle_msgs/lifecycle_msgs/srv/detail/get_available_transitions__functions.h
-- Installing: /home/amadorjosephg/CA-Embedded-MiniProject/comet_bot_ws/install/lifecycle_msgs/include/lifecycle_msgs/lifecycle_msgs/srv/detail/get_state__functions.c
-- Installing: /home/amadorjosephg/CA-Embedded-MiniProject/comet_bot_ws/install/lifecycle_msgs/include/lifecycle_msgs/lifecycle_msgs/srv/detail/get_available_states__type_support.h
-- Installing: /home/amadorjosephg/CA-Embedded-MiniProject/comet_bot_ws/install/lifecycle_msgs/include/lifecycle_msgs/lifecycle_msgs/srv/get_state.h
-- Installing: /home/amadorjosephg/CA-Embedded-MiniProject/comet_bot_ws/install/lifecycle_msgs/include/lifecycle_msgs/lifecycle_msgs/srv/get_available_transitions.h
-- Installing: /home/amadorjosephg/CA-Embedded-MiniProject/comet_bot_ws/install/lifecycle_msgs/include/lifecycle_msgs/lifecycle_msgs/msg
-- Installing: /home/amadorjosephg/CA-Embedded-MiniProject/comet_bot_ws/install/lifecycle_msgs/include/lifecycle_msgs/lifecycle_msgs/msg/transition.h
-- Installing: /home/amadorjosephg/CA-Embedded-MiniProject/comet_bot_ws/install/lifecycle_msgs/include/lifecycle_msgs/lifecycle_msgs/msg/rosidl_generator_c__visibility_control.h
-- Installing: /home/amadorjosephg/CA-Embedded-MiniProject/comet_bot_ws/install/lifecycle_msgs/include/lifecycle_msgs/lifecycle_msgs/msg/state.h
-- Installing: /home/amadorjosephg/CA-Embedded-MiniProject/comet_bot_ws/install/lifecycle_msgs/include/lifecycle_msgs/lifecycle_msgs/msg/detail
-- Installing: /home/amadorjosephg/CA-Embedded-MiniProject/comet_bot_ws/install/lifecycle_msgs/include/lifecycle_msgs/lifecycle_msgs/msg/detail/transition__functions.c
-- Installing: /home/amadorjosephg/CA-Embedded-MiniProject/comet_bot_ws/install/lifecycle_msgs/include/lifecycle_msgs/lifecycle_msgs/msg/detail/transition_event__struct.h
-- Installing: /home/amadorjosephg/CA-Embedded-MiniProject/comet_bot_ws/install/lifecycle_msgs/include/lifecycle_msgs/lifecycle_msgs/msg/detail/transition_event__type_support.h
-- Installing: /home/amadorjosephg/CA-Embedded-MiniProject/comet_bot_ws/install/lifecycle_msgs/include/lifecycle_msgs/lifecycle_msgs/msg/detail/state__functions.h
-- Installing: /home/amadorjosephg/CA-Embedded-MiniProject/comet_bot_ws/install/lifecycle_msgs/include/lifecycle_msgs/lifecycle_msgs/msg/detail/transition__struct.h
-- Installing: /home/amadorjosephg/CA-Embedded-MiniProject/comet_bot_ws/install/lifecycle_msgs/include/lifecycle_msgs/lifecycle_msgs/msg/detail/transition_event__functions.c
-- Installing: /home/amadorjosephg/CA-Embedded-MiniProject/comet_bot_ws/install/lifecycle_msgs/include/lifecycle_msgs/lifecycle_msgs/msg/detail/transition_description__functions.c
-- Installing: /home/amadorjosephg/CA-Embedded-MiniProject/comet_bot_ws/install/lifecycle_msgs/include/lifecycle_msgs/lifecycle_msgs/msg/detail/transition_event__functions.h
-- Installing: /home/amadorjosephg/CA-Embedded-MiniProject/comet_bot_ws/install/lifecycle_msgs/include/lifecycle_msgs/lifecycle_msgs/msg/detail/transition__type_support.h
-- Installing: /home/amadorjosephg/CA-Embedded-MiniProject/comet_bot_ws/install/lifecycle_msgs/include/lifecycle_msgs/lifecycle_msgs/msg/detail/state__type_support.h
-- Installing: /home/amadorjosephg/CA-Embedded-MiniProject/comet_bot_ws/install/lifecycle_msgs/include/lifecycle_msgs/lifecycle_msgs/msg/detail/transition_description__functions.h
-- Installing: /home/amadorjosephg/CA-Embedded-MiniProject/comet_bot_ws/install/lifecycle_msgs/include/lifecycle_msgs/lifecycle_msgs/msg/detail/state__functions.c
-- Installing: /home/amadorjosephg/CA-Embedded-MiniProject/comet_bot_ws/install/lifecycle_msgs/include/lifecycle_msgs/lifecycle_msgs/msg/detail/transition_description__type_support.h
-- Installing: /home/amadorjosephg/CA-Embedded-MiniProject/comet_bot_ws/install/lifecycle_msgs/include/lifecycle_msgs/lifecycle_msgs/msg/detail/transition_description__struct.h
-- Installing: /home/amadorjosephg/CA-Embedded-MiniProject/comet_bot_ws/install/lifecycle_msgs/include/lifecycle_msgs/lifecycle_msgs/msg/detail/state__struct.h
-- Installing: /home/amadorjosephg/CA-Embedded-MiniProject/comet_bot_ws/install/lifecycle_msgs/include/lifecycle_msgs/lifecycle_msgs/msg/detail/transition__functions.h
-- Installing: /home/amadorjosephg/CA-Embedded-MiniProject/comet_bot_ws/install/lifecycle_msgs/include/lifecycle_msgs/lifecycle_msgs/msg/transition_event.h
-- Installing: /home/amadorjosephg/CA-Embedded-MiniProject/comet_bot_ws/install/lifecycle_msgs/include/lifecycle_msgs/lifecycle_msgs/msg/transition_description.h
-- Installing: /home/amadorjosephg/CA-Embedded-MiniProject/comet_bot_ws/install/lifecycle_msgs/share/lifecycle_msgs/environment/library_path.sh
-- Installing: /home/amadorjosephg/CA-Embedded-MiniProject/comet_bot_ws/install/lifecycle_msgs/share/lifecycle_msgs/environment/library_path.dsv
-- Installing: /home/amadorjosephg/CA-Embedded-MiniProject/comet_bot_ws/install/lifecycle_msgs/lib/liblifecycle_msgs__rosidl_generator_c.so
-- Set runtime path of "/home/amadorjosephg/CA-Embedded-MiniProject/comet_bot_ws/install/lifecycle_msgs/lib/liblifecycle_msgs__rosidl_generator_c.so" to ""
-- Up-to-date: /home/amadorjosephg/CA-Embedded-MiniProject/comet_bot_ws/install/lifecycle_msgs/include/lifecycle_msgs
-- Installing: /home/amadorjosephg/CA-Embedded-MiniProject/comet_bot_ws/install/lifecycle_msgs/include/lifecycle_msgs/srv
-- Installing: /home/amadorjosephg/CA-Embedded-MiniProject/comet_bot_ws/install/lifecycle_msgs/include/lifecycle_msgs/srv/detail
-- Installing: /home/amadorjosephg/CA-Embedded-MiniProject/comet_bot_ws/install/lifecycle_msgs/include/lifecycle_msgs/srv/detail/get_state__rosidl_typesupport_microxrcedds_c.h
-- Installing: /home/amadorjosephg/CA-Embedded-MiniProject/comet_bot_ws/install/lifecycle_msgs/include/lifecycle_msgs/srv/detail/change_state__rosidl_typesupport_microxrcedds_c.h
-- Installing: /home/amadorjosephg/CA-Embedded-MiniProject/comet_bot_ws/install/lifecycle_msgs/include/lifecycle_msgs/srv/detail/get_available_states__rosidl_typesupport_microxrcedds_c.h
-- Installing: /home/amadorjosephg/CA-Embedded-MiniProject/comet_bot_ws/install/lifecycle_msgs/include/lifecycle_msgs/srv/detail/get_available_transitions__rosidl_typesupport_microxrcedds_c.h
-- Installing: /home/amadorjosephg/CA-Embedded-MiniProject/comet_bot_ws/install/lifecycle_msgs/include/lifecycle_msgs/srv/detail/microxrcedds
-- Installing: /home/amadorjosephg/CA-Embedded-MiniProject/comet_bot_ws/install/lifecycle_msgs/include/lifecycle_msgs/msg
-- Installing: /home/amadorjosephg/CA-Embedded-MiniProject/comet_bot_ws/install/lifecycle_msgs/include/lifecycle_msgs/msg/detail
-- Installing: /home/amadorjosephg/CA-Embedded-MiniProject/comet_bot_ws/install/lifecycle_msgs/include/lifecycle_msgs/msg/detail/state__rosidl_typesupport_microxrcedds_c.h
-- Installing: /home/amadorjosephg/CA-Embedded-MiniProject/comet_bot_ws/install/lifecycle_msgs/include/lifecycle_msgs/msg/detail/transition_description__rosidl_typesupport_microxrcedds_c.h
-- Installing: /home/amadorjosephg/CA-Embedded-MiniProject/comet_bot_ws/install/lifecycle_msgs/include/lifecycle_msgs/msg/detail/transition__rosidl_typesupport_microxrcedds_c.h
-- Installing: /home/amadorjosephg/CA-Embedded-MiniProject/comet_bot_ws/install/lifecycle_msgs/include/lifecycle_msgs/msg/detail/microxrcedds
-- Installing: /home/amadorjosephg/CA-Embedded-MiniProject/comet_bot_ws/install/lifecycle_msgs/include/lifecycle_msgs/msg/detail/transition_event__rosidl_typesupport_microxrcedds_c.h
-- Installing: /home/amadorjosephg/CA-Embedded-MiniProject/comet_bot_ws/install/lifecycle_msgs/include/lifecycle_msgs/msg/rosidl_typesupport_microxrcedds_c__visibility_control.h
-- Installing: /home/amadorjosephg/CA-Embedded-MiniProject/comet_bot_ws/install/lifecycle_msgs/lib/liblifecycle_msgs__rosidl_typesupport_microxrcedds_c.so
-- Set runtime path of "/home/amadorjosephg/CA-Embedded-MiniProject/comet_bot_ws/install/lifecycle_msgs/lib/liblifecycle_msgs__rosidl_typesupport_microxrcedds_c.so" to ""
-- Up-to-date: /home/amadorjosephg/CA-Embedded-MiniProject/comet_bot_ws/install/lifecycle_msgs/include/lifecycle_msgs/lifecycle_msgs
-- Up-to-date: /home/amadorjosephg/CA-Embedded-MiniProject/comet_bot_ws/install/lifecycle_msgs/include/lifecycle_msgs/lifecycle_msgs/srv
-- Up-to-date: /home/amadorjosephg/CA-Embedded-MiniProject/comet_bot_ws/install/lifecycle_msgs/include/lifecycle_msgs/lifecycle_msgs/srv/detail
-- Installing: /home/amadorjosephg/CA-Embedded-MiniProject/comet_bot_ws/install/lifecycle_msgs/include/lifecycle_msgs/lifecycle_msgs/srv/detail/get_state__rosidl_typesupport_fastrtps_c.h
-- Installing: /home/amadorjosephg/CA-Embedded-MiniProject/comet_bot_ws/install/lifecycle_msgs/include/lifecycle_msgs/lifecycle_msgs/srv/detail/get_available_transitions__rosidl_typesupport_fastrtps_c.h
-- Installing: /home/amadorjosephg/CA-Embedded-MiniProject/comet_bot_ws/install/lifecycle_msgs/include/lifecycle_msgs/lifecycle_msgs/srv/detail/get_available_states__rosidl_typesupport_fastrtps_c.h
-- Installing: /home/amadorjosephg/CA-Embedded-MiniProject/comet_bot_ws/install/lifecycle_msgs/include/lifecycle_msgs/lifecycle_msgs/srv/detail/change_state__rosidl_typesupport_fastrtps_c.h
-- Up-to-date: /home/amadorjosephg/CA-Embedded-MiniProject/comet_bot_ws/install/lifecycle_msgs/include/lifecycle_msgs/lifecycle_msgs/msg
-- Up-to-date: /home/amadorjosephg/CA-Embedded-MiniProject/comet_bot_ws/install/lifecycle_msgs/include/lifecycle_msgs/lifecycle_msgs/msg/detail
-- Installing: /home/amadorjosephg/CA-Embedded-MiniProject/comet_bot_ws/install/lifecycle_msgs/include/lifecycle_msgs/lifecycle_msgs/msg/detail/transition_event__rosidl_typesupport_fastrtps_c.h
-- Installing: /home/amadorjosephg/CA-Embedded-MiniProject/comet_bot_ws/install/lifecycle_msgs/include/lifecycle_msgs/lifecycle_msgs/msg/detail/state__rosidl_typesupport_fastrtps_c.h
-- Installing: /home/amadorjosephg/CA-Embedded-MiniProject/comet_bot_ws/install/lifecycle_msgs/include/lifecycle_msgs/lifecycle_msgs/msg/detail/transition__rosidl_typesupport_fastrtps_c.h
-- Installing: /home/amadorjosephg/CA-Embedded-MiniProject/comet_bot_ws/install/lifecycle_msgs/include/lifecycle_msgs/lifecycle_msgs/msg/detail/transition_description__rosidl_typesupport_fastrtps_c.h
-- Installing: /home/amadorjosephg/CA-Embedded-MiniProject/comet_bot_ws/install/lifecycle_msgs/include/lifecycle_msgs/lifecycle_msgs/msg/rosidl_typesupport_fastrtps_c__visibility_control.h
-- Installing: /home/amadorjosephg/CA-Embedded-MiniProject/comet_bot_ws/install/lifecycle_msgs/lib/liblifecycle_msgs__rosidl_typesupport_fastrtps_c.so
-- Set runtime path of "/home/amadorjosephg/CA-Embedded-MiniProject/comet_bot_ws/install/lifecycle_msgs/lib/liblifecycle_msgs__rosidl_typesupport_fastrtps_c.so" to ""
-- Up-to-date: /home/amadorjosephg/CA-Embedded-MiniProject/comet_bot_ws/install/lifecycle_msgs/include/lifecycle_msgs/lifecycle_msgs
-- Up-to-date: /home/amadorjosephg/CA-Embedded-MiniProject/comet_bot_ws/install/lifecycle_msgs/include/lifecycle_msgs/lifecycle_msgs/srv
-- Up-to-date: /home/amadorjosephg/CA-Embedded-MiniProject/comet_bot_ws/install/lifecycle_msgs/include/lifecycle_msgs/lifecycle_msgs/srv/detail
-- Installing: /home/amadorjosephg/CA-Embedded-MiniProject/comet_bot_ws/install/lifecycle_msgs/include/lifecycle_msgs/lifecycle_msgs/srv/detail/get_available_states__type_support.c
-- Installing: /home/amadorjosephg/CA-Embedded-MiniProject/comet_bot_ws/install/lifecycle_msgs/include/lifecycle_msgs/lifecycle_msgs/srv/detail/get_state__type_support.c
-- Installing: /home/amadorjosephg/CA-Embedded-MiniProject/comet_bot_ws/install/lifecycle_msgs/include/lifecycle_msgs/lifecycle_msgs/srv/detail/get_available_transitions__rosidl_typesupport_introspection_c.h
-- Installing: /home/amadorjosephg/CA-Embedded-MiniProject/comet_bot_ws/install/lifecycle_msgs/include/lifecycle_msgs/lifecycle_msgs/srv/detail/change_state__type_support.c
-- Installing: /home/amadorjosephg/CA-Embedded-MiniProject/comet_bot_ws/install/lifecycle_msgs/include/lifecycle_msgs/lifecycle_msgs/srv/detail/get_state__rosidl_typesupport_introspection_c.h
-- Installing: /home/amadorjosephg/CA-Embedded-MiniProject/comet_bot_ws/install/lifecycle_msgs/include/lifecycle_msgs/lifecycle_msgs/srv/detail/get_available_transitions__type_support.c
-- Installing: /home/amadorjosephg/CA-Embedded-MiniProject/comet_bot_ws/install/lifecycle_msgs/include/lifecycle_msgs/lifecycle_msgs/srv/detail/change_state__rosidl_typesupport_introspection_c.h
-- Installing: /home/amadorjosephg/CA-Embedded-MiniProject/comet_bot_ws/install/lifecycle_msgs/include/lifecycle_msgs/lifecycle_msgs/srv/detail/get_available_states__rosidl_typesupport_introspection_c.h
-- Up-to-date: /home/amadorjosephg/CA-Embedded-MiniProject/comet_bot_ws/install/lifecycle_msgs/include/lifecycle_msgs/lifecycle_msgs/msg
-- Installing: /home/amadorjosephg/CA-Embedded-MiniProject/comet_bot_ws/install/lifecycle_msgs/include/lifecycle_msgs/lifecycle_msgs/msg/rosidl_typesupport_introspection_c__visibility_control.h
-- Up-to-date: /home/amadorjosephg/CA-Embedded-MiniProject/comet_bot_ws/install/lifecycle_msgs/include/lifecycle_msgs/lifecycle_msgs/msg/detail
-- Installing: /home/amadorjosephg/CA-Embedded-MiniProject/comet_bot_ws/install/lifecycle_msgs/include/lifecycle_msgs/lifecycle_msgs/msg/detail/state__rosidl_typesupport_introspection_c.h
-- Installing: /home/amadorjosephg/CA-Embedded-MiniProject/comet_bot_ws/install/lifecycle_msgs/include/lifecycle_msgs/lifecycle_msgs/msg/detail/transition_event__type_support.c
-- Installing: /home/amadorjosephg/CA-Embedded-MiniProject/comet_bot_ws/install/lifecycle_msgs/include/lifecycle_msgs/lifecycle_msgs/msg/detail/transition_event__rosidl_typesupport_introspection_c.h
-- Installing: /home/amadorjosephg/CA-Embedded-MiniProject/comet_bot_ws/install/lifecycle_msgs/include/lifecycle_msgs/lifecycle_msgs/msg/detail/transition_description__rosidl_typesupport_introspection_c.h
-- Installing: /home/amadorjosephg/CA-Embedded-MiniProject/comet_bot_ws/install/lifecycle_msgs/include/lifecycle_msgs/lifecycle_msgs/msg/detail/transition_description__type_support.c
-- Installing: /home/amadorjosephg/CA-Embedded-MiniProject/comet_bot_ws/install/lifecycle_msgs/include/lifecycle_msgs/lifecycle_msgs/msg/detail/transition__rosidl_typesupport_introspection_c.h
-- Installing: /home/amadorjosephg/CA-Embedded-MiniProject/comet_bot_ws/install/lifecycle_msgs/include/lifecycle_msgs/lifecycle_msgs/msg/detail/transition__type_support.c
-- Installing: /home/amadorjosephg/CA-Embedded-MiniProject/comet_bot_ws/install/lifecycle_msgs/include/lifecycle_msgs/lifecycle_msgs/msg/detail/state__type_support.c
-- Installing: /home/amadorjosephg/CA-Embedded-MiniProject/comet_bot_ws/install/lifecycle_msgs/lib/liblifecycle_msgs__rosidl_typesupport_introspection_c.so
-- Set runtime path of "/home/amadorjosephg/CA-Embedded-MiniProject/comet_bot_ws/install/lifecycle_msgs/lib/liblifecycle_msgs__rosidl_typesupport_introspection_c.so" to ""
-- Installing: /home/amadorjosephg/CA-Embedded-MiniProject/comet_bot_ws/install/lifecycle_msgs/lib/liblifecycle_msgs__rosidl_typesupport_c.so
-- Set runtime path of "/home/amadorjosephg/CA-Embedded-MiniProject/comet_bot_ws/install/lifecycle_msgs/lib/liblifecycle_msgs__rosidl_typesupport_c.so" to ""
-- Up-to-date: /home/amadorjosephg/CA-Embedded-MiniProject/comet_bot_ws/install/lifecycle_msgs/include/lifecycle_msgs/lifecycle_msgs
-- Up-to-date: /home/amadorjosephg/CA-Embedded-MiniProject/comet_bot_ws/install/lifecycle_msgs/include/lifecycle_msgs/lifecycle_msgs/srv
-- Installing: /home/amadorjosephg/CA-Embedded-MiniProject/comet_bot_ws/install/lifecycle_msgs/include/lifecycle_msgs/lifecycle_msgs/srv/get_available_transitions.hpp
-- Installing: /home/amadorjosephg/CA-Embedded-MiniProject/comet_bot_ws/install/lifecycle_msgs/include/lifecycle_msgs/lifecycle_msgs/srv/get_state.hpp
-- Installing: /home/amadorjosephg/CA-Embedded-MiniProject/comet_bot_ws/install/lifecycle_msgs/include/lifecycle_msgs/lifecycle_msgs/srv/change_state.hpp
-- Up-to-date: /home/amadorjosephg/CA-Embedded-MiniProject/comet_bot_ws/install/lifecycle_msgs/include/lifecycle_msgs/lifecycle_msgs/srv/detail
-- Installing: /home/amadorjosephg/CA-Embedded-MiniProject/comet_bot_ws/install/lifecycle_msgs/include/lifecycle_msgs/lifecycle_msgs/srv/detail/get_available_states__builder.hpp
-- Installing: /home/amadorjosephg/CA-Embedded-MiniProject/comet_bot_ws/install/lifecycle_msgs/include/lifecycle_msgs/lifecycle_msgs/srv/detail/get_state__struct.hpp
-- Installing: /home/amadorjosephg/CA-Embedded-MiniProject/comet_bot_ws/install/lifecycle_msgs/include/lifecycle_msgs/lifecycle_msgs/srv/detail/change_state__traits.hpp
-- Installing: /home/amadorjosephg/CA-Embedded-MiniProject/comet_bot_ws/install/lifecycle_msgs/include/lifecycle_msgs/lifecycle_msgs/srv/detail/get_available_transitions__struct.hpp
-- Installing: /home/amadorjosephg/CA-Embedded-MiniProject/comet_bot_ws/install/lifecycle_msgs/include/lifecycle_msgs/lifecycle_msgs/srv/detail/get_available_states__traits.hpp
-- Installing: /home/amadorjosephg/CA-Embedded-MiniProject/comet_bot_ws/install/lifecycle_msgs/include/lifecycle_msgs/lifecycle_msgs/srv/detail/get_state__traits.hpp
-- Installing: /home/amadorjosephg/CA-Embedded-MiniProject/comet_bot_ws/install/lifecycle_msgs/include/lifecycle_msgs/lifecycle_msgs/srv/detail/get_available_transitions__traits.hpp
-- Installing: /home/amadorjosephg/CA-Embedded-MiniProject/comet_bot_ws/install/lifecycle_msgs/include/lifecycle_msgs/lifecycle_msgs/srv/detail/get_available_states__struct.hpp
-- Installing: /home/amadorjosephg/CA-Embedded-MiniProject/comet_bot_ws/install/lifecycle_msgs/include/lifecycle_msgs/lifecycle_msgs/srv/detail/change_state__builder.hpp
-- Installing: /home/amadorjosephg/CA-Embedded-MiniProject/comet_bot_ws/install/lifecycle_msgs/include/lifecycle_msgs/lifecycle_msgs/srv/detail/get_state__builder.hpp
-- Installing: /home/amadorjosephg/CA-Embedded-MiniProject/comet_bot_ws/install/lifecycle_msgs/include/lifecycle_msgs/lifecycle_msgs/srv/detail/get_available_transitions__builder.hpp
-- Installing: /home/amadorjosephg/CA-Embedded-MiniProject/comet_bot_ws/install/lifecycle_msgs/include/lifecycle_msgs/lifecycle_msgs/srv/detail/change_state__struct.hpp
-- Installing: /home/amadorjosephg/CA-Embedded-MiniProject/comet_bot_ws/install/lifecycle_msgs/include/lifecycle_msgs/lifecycle_msgs/srv/get_available_states.hpp
-- Up-to-date: /home/amadorjosephg/CA-Embedded-MiniProject/comet_bot_ws/install/lifecycle_msgs/include/lifecycle_msgs/lifecycle_msgs/msg
-- Installing: /home/amadorjosephg/CA-Embedded-MiniProject/comet_bot_ws/install/lifecycle_msgs/include/lifecycle_msgs/lifecycle_msgs/msg/transition_event.hpp
-- Installing: /home/amadorjosephg/CA-Embedded-MiniProject/comet_bot_ws/install/lifecycle_msgs/include/lifecycle_msgs/lifecycle_msgs/msg/transition.hpp
-- Up-to-date: /home/amadorjosephg/CA-Embedded-MiniProject/comet_bot_ws/install/lifecycle_msgs/include/lifecycle_msgs/lifecycle_msgs/msg/detail
-- Installing: /home/amadorjosephg/CA-Embedded-MiniProject/comet_bot_ws/install/lifecycle_msgs/include/lifecycle_msgs/lifecycle_msgs/msg/detail/transition__traits.hpp
-- Installing: /home/amadorjosephg/CA-Embedded-MiniProject/comet_bot_ws/install/lifecycle_msgs/include/lifecycle_msgs/lifecycle_msgs/msg/detail/transition__builder.hpp
-- Installing: /home/amadorjosephg/CA-Embedded-MiniProject/comet_bot_ws/install/lifecycle_msgs/include/lifecycle_msgs/lifecycle_msgs/msg/detail/transition_description__traits.hpp
-- Installing: /home/amadorjosephg/CA-Embedded-MiniProject/comet_bot_ws/install/lifecycle_msgs/include/lifecycle_msgs/lifecycle_msgs/msg/detail/state__traits.hpp
-- Installing: /home/amadorjosephg/CA-Embedded-MiniProject/comet_bot_ws/install/lifecycle_msgs/include/lifecycle_msgs/lifecycle_msgs/msg/detail/state__builder.hpp
-- Installing: /home/amadorjosephg/CA-Embedded-MiniProject/comet_bot_ws/install/lifecycle_msgs/include/lifecycle_msgs/lifecycle_msgs/msg/detail/state__struct.hpp
-- Installing: /home/amadorjosephg/CA-Embedded-MiniProject/comet_bot_ws/install/lifecycle_msgs/include/lifecycle_msgs/lifecycle_msgs/msg/detail/transition_event__traits.hpp
-- Installing: /home/amadorjosephg/CA-Embedded-MiniProject/comet_bot_ws/install/lifecycle_msgs/include/lifecycle_msgs/lifecycle_msgs/msg/detail/transition_description__struct.hpp
-- Installing: /home/amadorjosephg/CA-Embedded-MiniProject/comet_bot_ws/install/lifecycle_msgs/include/lifecycle_msgs/lifecycle_msgs/msg/detail/transition_description__builder.hpp
-- Installing: /home/amadorjosephg/CA-Embedded-MiniProject/comet_bot_ws/install/lifecycle_msgs/include/lifecycle_msgs/lifecycle_msgs/msg/detail/transition__struct.hpp
-- Installing: /home/amadorjosephg/CA-Embedded-MiniProject/comet_bot_ws/install/lifecycle_msgs/include/lifecycle_msgs/lifecycle_msgs/msg/detail/transition_event__struct.hpp
-- Installing: /home/amadorjosephg/CA-Embedded-MiniProject/comet_bot_ws/install/lifecycle_msgs/include/lifecycle_msgs/lifecycle_msgs/msg/detail/transition_event__builder.hpp
-- Installing: /home/amadorjosephg/CA-Embedded-MiniProject/comet_bot_ws/install/lifecycle_msgs/include/lifecycle_msgs/lifecycle_msgs/msg/state.hpp
-- Installing: /home/amadorjosephg/CA-Embedded-MiniProject/comet_bot_ws/install/lifecycle_msgs/include/lifecycle_msgs/lifecycle_msgs/msg/transition_description.hpp
-- Up-to-date: /home/amadorjosephg/CA-Embedded-MiniProject/comet_bot_ws/install/lifecycle_msgs/include/lifecycle_msgs
-- Up-to-date: /home/amadorjosephg/CA-Embedded-MiniProject/comet_bot_ws/install/lifecycle_msgs/include/lifecycle_msgs/srv
-- Up-to-date: /home/amadorjosephg/CA-Embedded-MiniProject/comet_bot_ws/install/lifecycle_msgs/include/lifecycle_msgs/srv/detail
-- Installing: /home/amadorjosephg/CA-Embedded-MiniProject/comet_bot_ws/install/lifecycle_msgs/include/lifecycle_msgs/srv/detail/get_available_transitions__rosidl_typesupport_microxrcedds_cpp.hpp
-- Installing: /home/amadorjosephg/CA-Embedded-MiniProject/comet_bot_ws/install/lifecycle_msgs/include/lifecycle_msgs/srv/detail/get_state__rosidl_typesupport_microxrcedds_cpp.hpp
-- Installing: /home/amadorjosephg/CA-Embedded-MiniProject/comet_bot_ws/install/lifecycle_msgs/include/lifecycle_msgs/srv/detail/change_state__rosidl_typesupport_microxrcedds_cpp.hpp
-- Installing: /home/amadorjosephg/CA-Embedded-MiniProject/comet_bot_ws/install/lifecycle_msgs/include/lifecycle_msgs/srv/detail/get_available_states__rosidl_typesupport_microxrcedds_cpp.hpp
-- Up-to-date: /home/amadorjosephg/CA-Embedded-MiniProject/comet_bot_ws/install/lifecycle_msgs/include/lifecycle_msgs/srv/detail/microxrcedds
-- Installing: /home/amadorjosephg/CA-Embedded-MiniProject/comet_bot_ws/install/lifecycle_msgs/include/lifecycle_msgs/srv/detail/microxrcedds/get_state__type_support_cpp.cpp
-- Installing: /home/amadorjosephg/CA-Embedded-MiniProject/comet_bot_ws/install/lifecycle_msgs/include/lifecycle_msgs/srv/detail/microxrcedds/get_available_transitions__type_support_cpp.cpp
-- Installing: /home/amadorjosephg/CA-Embedded-MiniProject/comet_bot_ws/install/lifecycle_msgs/include/lifecycle_msgs/srv/detail/microxrcedds/change_state__type_support_cpp.cpp
-- Installing: /home/amadorjosephg/CA-Embedded-MiniProject/comet_bot_ws/install/lifecycle_msgs/include/lifecycle_msgs/srv/detail/microxrcedds/get_available_states__type_support_cpp.cpp
-- Up-to-date: /home/amadorjosephg/CA-Embedded-MiniProject/comet_bot_ws/install/lifecycle_msgs/include/lifecycle_msgs/msg
-- Installing: /home/amadorjosephg/CA-Embedded-MiniProject/comet_bot_ws/install/lifecycle_msgs/include/lifecycle_msgs/msg/rosidl_typesupport_microxrcedds_cpp__visibility_control.h
-- Up-to-date: /home/amadorjosephg/CA-Embedded-MiniProject/comet_bot_ws/install/lifecycle_msgs/include/lifecycle_msgs/msg/detail
-- Installing: /home/amadorjosephg/CA-Embedded-MiniProject/comet_bot_ws/install/lifecycle_msgs/include/lifecycle_msgs/msg/detail/transition_event__rosidl_typesupport_microxrcedds_cpp.hpp
-- Up-to-date: /home/amadorjosephg/CA-Embedded-MiniProject/comet_bot_ws/install/lifecycle_msgs/include/lifecycle_msgs/msg/detail/microxrcedds
-- Installing: /home/amadorjosephg/CA-Embedded-MiniProject/comet_bot_ws/install/lifecycle_msgs/include/lifecycle_msgs/msg/detail/microxrcedds/state__type_support_cpp.cpp
-- Installing: /home/amadorjosephg/CA-Embedded-MiniProject/comet_bot_ws/install/lifecycle_msgs/include/lifecycle_msgs/msg/detail/microxrcedds/transition_description__type_support_cpp.cpp
-- Installing: /home/amadorjosephg/CA-Embedded-MiniProject/comet_bot_ws/install/lifecycle_msgs/include/lifecycle_msgs/msg/detail/microxrcedds/transition_event__type_support_cpp.cpp
-- Installing: /home/amadorjosephg/CA-Embedded-MiniProject/comet_bot_ws/install/lifecycle_msgs/include/lifecycle_msgs/msg/detail/microxrcedds/transition__type_support_cpp.cpp
-- Installing: /home/amadorjosephg/CA-Embedded-MiniProject/comet_bot_ws/install/lifecycle_msgs/include/lifecycle_msgs/msg/detail/state__rosidl_typesupport_microxrcedds_cpp.hpp
-- Installing: /home/amadorjosephg/CA-Embedded-MiniProject/comet_bot_ws/install/lifecycle_msgs/include/lifecycle_msgs/msg/detail/transition__rosidl_typesupport_microxrcedds_cpp.hpp
-- Installing: /home/amadorjosephg/CA-Embedded-MiniProject/comet_bot_ws/install/lifecycle_msgs/include/lifecycle_msgs/msg/detail/transition_description__rosidl_typesupport_microxrcedds_cpp.hpp
-- Installing: /home/amadorjosephg/CA-Embedded-MiniProject/comet_bot_ws/install/lifecycle_msgs/lib/liblifecycle_msgs__rosidl_typesupport_microxrcedds_cpp.so
-- Set runtime path of "/home/amadorjosephg/CA-Embedded-MiniProject/comet_bot_ws/install/lifecycle_msgs/lib/liblifecycle_msgs__rosidl_typesupport_microxrcedds_cpp.so" to ""
-- Up-to-date: /home/amadorjosephg/CA-Embedded-MiniProject/comet_bot_ws/install/lifecycle_msgs/include/lifecycle_msgs/lifecycle_msgs
-- Up-to-date: /home/amadorjosephg/CA-Embedded-MiniProject/comet_bot_ws/install/lifecycle_msgs/include/lifecycle_msgs/lifecycle_msgs/srv
-- Up-to-date: /home/amadorjosephg/CA-Embedded-MiniProject/comet_bot_ws/install/lifecycle_msgs/include/lifecycle_msgs/lifecycle_msgs/srv/detail
-- Installing: /home/amadorjosephg/CA-Embedded-MiniProject/comet_bot_ws/install/lifecycle_msgs/include/lifecycle_msgs/lifecycle_msgs/srv/detail/get_available_transitions__rosidl_typesupport_fastrtps_cpp.hpp
-- Installing: /home/amadorjosephg/CA-Embedded-MiniProject/comet_bot_ws/install/lifecycle_msgs/include/lifecycle_msgs/lifecycle_msgs/srv/detail/get_available_states__rosidl_typesupport_fastrtps_cpp.hpp
-- Installing: /home/amadorjosephg/CA-Embedded-MiniProject/comet_bot_ws/install/lifecycle_msgs/include/lifecycle_msgs/lifecycle_msgs/srv/detail/change_state__rosidl_typesupport_fastrtps_cpp.hpp
-- Installing: /home/amadorjosephg/CA-Embedded-MiniProject/comet_bot_ws/install/lifecycle_msgs/include/lifecycle_msgs/lifecycle_msgs/srv/detail/get_state__rosidl_typesupport_fastrtps_cpp.hpp
-- Installing: /home/amadorjosephg/CA-Embedded-MiniProject/comet_bot_ws/install/lifecycle_msgs/include/lifecycle_msgs/lifecycle_msgs/srv/detail/dds_fastrtps
-- Up-to-date: /home/amadorjosephg/CA-Embedded-MiniProject/comet_bot_ws/install/lifecycle_msgs/include/lifecycle_msgs/lifecycle_msgs/msg
-- Up-to-date: /home/amadorjosephg/CA-Embedded-MiniProject/comet_bot_ws/install/lifecycle_msgs/include/lifecycle_msgs/lifecycle_msgs/msg/detail
-- Installing: /home/amadorjosephg/CA-Embedded-MiniProject/comet_bot_ws/install/lifecycle_msgs/include/lifecycle_msgs/lifecycle_msgs/msg/detail/transition_event__rosidl_typesupport_fastrtps_cpp.hpp
-- Installing: /home/amadorjosephg/CA-Embedded-MiniProject/comet_bot_ws/install/lifecycle_msgs/include/lifecycle_msgs/lifecycle_msgs/msg/detail/transition_description__rosidl_typesupport_fastrtps_cpp.hpp
-- Installing: /home/amadorjosephg/CA-Embedded-MiniProject/comet_bot_ws/install/lifecycle_msgs/include/lifecycle_msgs/lifecycle_msgs/msg/detail/transition__rosidl_typesupport_fastrtps_cpp.hpp
-- Installing: /home/amadorjosephg/CA-Embedded-MiniProject/comet_bot_ws/install/lifecycle_msgs/include/lifecycle_msgs/lifecycle_msgs/msg/detail/state__rosidl_typesupport_fastrtps_cpp.hpp
-- Installing: /home/amadorjosephg/CA-Embedded-MiniProject/comet_bot_ws/install/lifecycle_msgs/include/lifecycle_msgs/lifecycle_msgs/msg/detail/dds_fastrtps
-- Installing: /home/amadorjosephg/CA-Embedded-MiniProject/comet_bot_ws/install/lifecycle_msgs/include/lifecycle_msgs/lifecycle_msgs/msg/rosidl_typesupport_fastrtps_cpp__visibility_control.h
-- Installing: /home/amadorjosephg/CA-Embedded-MiniProject/comet_bot_ws/install/lifecycle_msgs/lib/liblifecycle_msgs__rosidl_typesupport_fastrtps_cpp.so
-- Set runtime path of "/home/amadorjosephg/CA-Embedded-MiniProject/comet_bot_ws/install/lifecycle_msgs/lib/liblifecycle_msgs__rosidl_typesupport_fastrtps_cpp.so" to ""
-- Up-to-date: /home/amadorjosephg/CA-Embedded-MiniProject/comet_bot_ws/install/lifecycle_msgs/include/lifecycle_msgs/lifecycle_msgs
-- Up-to-date: /home/amadorjosephg/CA-Embedded-MiniProject/comet_bot_ws/install/lifecycle_msgs/include/lifecycle_msgs/lifecycle_msgs/srv
-- Up-to-date: /home/amadorjosephg/CA-Embedded-MiniProject/comet_bot_ws/install/lifecycle_msgs/include/lifecycle_msgs/lifecycle_msgs/srv/detail
-- Installing: /home/amadorjosephg/CA-Embedded-MiniProject/comet_bot_ws/install/lifecycle_msgs/include/lifecycle_msgs/lifecycle_msgs/srv/detail/change_state__rosidl_typesupport_introspection_cpp.hpp
-- Installing: /home/amadorjosephg/CA-Embedded-MiniProject/comet_bot_ws/install/lifecycle_msgs/include/lifecycle_msgs/lifecycle_msgs/srv/detail/get_state__type_support.cpp
-- Installing: /home/amadorjosephg/CA-Embedded-MiniProject/comet_bot_ws/install/lifecycle_msgs/include/lifecycle_msgs/lifecycle_msgs/srv/detail/change_state__type_support.cpp
-- Installing: /home/amadorjosephg/CA-Embedded-MiniProject/comet_bot_ws/install/lifecycle_msgs/include/lifecycle_msgs/lifecycle_msgs/srv/detail/get_available_states__rosidl_typesupport_introspection_cpp.hpp
-- Installing: /home/amadorjosephg/CA-Embedded-MiniProject/comet_bot_ws/install/lifecycle_msgs/include/lifecycle_msgs/lifecycle_msgs/srv/detail/get_available_transitions__rosidl_typesupport_introspection_cpp.hpp
-- Installing: /home/amadorjosephg/CA-Embedded-MiniProject/comet_bot_ws/install/lifecycle_msgs/include/lifecycle_msgs/lifecycle_msgs/srv/detail/get_available_transitions__type_support.cpp
-- Installing: /home/amadorjosephg/CA-Embedded-MiniProject/comet_bot_ws/install/lifecycle_msgs/include/lifecycle_msgs/lifecycle_msgs/srv/detail/get_state__rosidl_typesupport_introspection_cpp.hpp
-- Installing: /home/amadorjosephg/CA-Embedded-MiniProject/comet_bot_ws/install/lifecycle_msgs/include/lifecycle_msgs/lifecycle_msgs/srv/detail/get_available_states__type_support.cpp
-- Up-to-date: /home/amadorjosephg/CA-Embedded-MiniProject/comet_bot_ws/install/lifecycle_msgs/include/lifecycle_msgs/lifecycle_msgs/msg
-- Up-to-date: /home/amadorjosephg/CA-Embedded-MiniProject/comet_bot_ws/install/lifecycle_msgs/include/lifecycle_msgs/lifecycle_msgs/msg/detail
-- Installing: /home/amadorjosephg/CA-Embedded-MiniProject/comet_bot_ws/install/lifecycle_msgs/include/lifecycle_msgs/lifecycle_msgs/msg/detail/transition_description__rosidl_typesupport_introspection_cpp.hpp
-- Installing: /home/amadorjosephg/CA-Embedded-MiniProject/comet_bot_ws/install/lifecycle_msgs/include/lifecycle_msgs/lifecycle_msgs/msg/detail/transition_description__type_support.cpp
-- Installing: /home/amadorjosephg/CA-Embedded-MiniProject/comet_bot_ws/install/lifecycle_msgs/include/lifecycle_msgs/lifecycle_msgs/msg/detail/transition__type_support.cpp
-- Installing: /home/amadorjosephg/CA-Embedded-MiniProject/comet_bot_ws/install/lifecycle_msgs/include/lifecycle_msgs/lifecycle_msgs/msg/detail/transition__rosidl_typesupport_introspection_cpp.hpp
-- Installing: /home/amadorjosephg/CA-Embedded-MiniProject/comet_bot_ws/install/lifecycle_msgs/include/lifecycle_msgs/lifecycle_msgs/msg/detail/transition_event__type_support.cpp
-- Installing: /home/amadorjosephg/CA-Embedded-MiniProject/comet_bot_ws/install/lifecycle_msgs/include/lifecycle_msgs/lifecycle_msgs/msg/detail/state__type_support.cpp
-- Installing: /home/amadorjosephg/CA-Embedded-MiniProject/comet_bot_ws/install/lifecycle_msgs/include/lifecycle_msgs/lifecycle_msgs/msg/detail/state__rosidl_typesupport_introspection_cpp.hpp
-- Installing: /home/amadorjosephg/CA-Embedded-MiniProject/comet_bot_ws/install/lifecycle_msgs/include/lifecycle_msgs/lifecycle_msgs/msg/detail/transition_event__rosidl_typesupport_introspection_cpp.hpp
-- Installing: /home/amadorjosephg/CA-Embedded-MiniProject/comet_bot_ws/install/lifecycle_msgs/lib/liblifecycle_msgs__rosidl_typesupport_introspection_cpp.so
-- Set runtime path of "/home/amadorjosephg/CA-Embedded-MiniProject/comet_bot_ws/install/lifecycle_msgs/lib/liblifecycle_msgs__rosidl_typesupport_introspection_cpp.so" to ""
-- Installing: /home/amadorjosephg/CA-Embedded-MiniProject/comet_bot_ws/install/lifecycle_msgs/lib/liblifecycle_msgs__rosidl_typesupport_cpp.so
-- Set runtime path of "/home/amadorjosephg/CA-Embedded-MiniProject/comet_bot_ws/install/lifecycle_msgs/lib/liblifecycle_msgs__rosidl_typesupport_cpp.so" to ""
-- Installing: /home/amadorjosephg/CA-Embedded-MiniProject/comet_bot_ws/install/lifecycle_msgs/share/lifecycle_msgs/environment/pythonpath.sh
-- Installing: /home/amadorjosephg/CA-Embedded-MiniProject/comet_bot_ws/install/lifecycle_msgs/share/lifecycle_msgs/environment/pythonpath.dsv
-- Installing: /home/amadorjosephg/CA-Embedded-MiniProject/comet_bot_ws/install/lifecycle_msgs/local/lib/python3.10/dist-packages/lifecycle_msgs-1.2.1-py3.10.egg-info
-- Installing: /home/amadorjosephg/CA-Embedded-MiniProject/comet_bot_ws/install/lifecycle_msgs/local/lib/python3.10/dist-packages/lifecycle_msgs-1.2.1-py3.10.egg-info/PKG-INFO
-- Installing: /home/amadorjosephg/CA-Embedded-MiniProject/comet_bot_ws/install/lifecycle_msgs/local/lib/python3.10/dist-packages/lifecycle_msgs-1.2.1-py3.10.egg-info/dependency_links.txt
-- Installing: /home/amadorjosephg/CA-Embedded-MiniProject/comet_bot_ws/install/lifecycle_msgs/local/lib/python3.10/dist-packages/lifecycle_msgs-1.2.1-py3.10.egg-info/top_level.txt
-- Installing: /home/amadorjosephg/CA-Embedded-MiniProject/comet_bot_ws/install/lifecycle_msgs/local/lib/python3.10/dist-packages/lifecycle_msgs-1.2.1-py3.10.egg-info/SOURCES.txt
-- Installing: /home/amadorjosephg/CA-Embedded-MiniProject/comet_bot_ws/install/lifecycle_msgs/local/lib/python3.10/dist-packages/lifecycle_msgs
-- Installing: /home/amadorjosephg/CA-Embedded-MiniProject/comet_bot_ws/install/lifecycle_msgs/local/lib/python3.10/dist-packages/lifecycle_msgs/lifecycle_msgs_s__rosidl_typesupport_microxrcedds_c.cpython-310-x86_64-linux-gnu.so
-- Installing: /home/amadorjosephg/CA-Embedded-MiniProject/comet_bot_ws/install/lifecycle_msgs/local/lib/python3.10/dist-packages/lifecycle_msgs/lifecycle_msgs_s__rosidl_typesupport_c.cpython-310-x86_64-linux-gnu.so
-- Installing: /home/amadorjosephg/CA-Embedded-MiniProject/comet_bot_ws/install/lifecycle_msgs/local/lib/python3.10/dist-packages/lifecycle_msgs/__init__.py
-- Installing: /home/amadorjosephg/CA-Embedded-MiniProject/comet_bot_ws/install/lifecycle_msgs/local/lib/python3.10/dist-packages/lifecycle_msgs/lifecycle_msgs_s__rosidl_typesupport_fastrtps_c.cpython-310-x86_64-linux-gnu.so
-- Installing: /home/amadorjosephg/CA-Embedded-MiniProject/comet_bot_ws/install/lifecycle_msgs/local/lib/python3.10/dist-packages/lifecycle_msgs/srv
-- Installing: /home/amadorjosephg/CA-Embedded-MiniProject/comet_bot_ws/install/lifecycle_msgs/local/lib/python3.10/dist-packages/lifecycle_msgs/srv/_get_available_transitions.py
-- Installing: /home/amadorjosephg/CA-Embedded-MiniProject/comet_bot_ws/install/lifecycle_msgs/local/lib/python3.10/dist-packages/lifecycle_msgs/srv/_get_state.py
-- Installing: /home/amadorjosephg/CA-Embedded-MiniProject/comet_bot_ws/install/lifecycle_msgs/local/lib/python3.10/dist-packages/lifecycle_msgs/srv/_change_state_s.c
-- Installing: /home/amadorjosephg/CA-Embedded-MiniProject/comet_bot_ws/install/lifecycle_msgs/local/lib/python3.10/dist-packages/lifecycle_msgs/srv/_get_available_transitions_s.c
-- Installing: /home/amadorjosephg/CA-Embedded-MiniProject/comet_bot_ws/install/lifecycle_msgs/local/lib/python3.10/dist-packages/lifecycle_msgs/srv/__init__.py
-- Installing: /home/amadorjosephg/CA-Embedded-MiniProject/comet_bot_ws/install/lifecycle_msgs/local/lib/python3.10/dist-packages/lifecycle_msgs/srv/_get_available_states_s.c
-- Installing: /home/amadorjosephg/CA-Embedded-MiniProject/comet_bot_ws/install/lifecycle_msgs/local/lib/python3.10/dist-packages/lifecycle_msgs/srv/_get_state_s.c
-- Installing: /home/amadorjosephg/CA-Embedded-MiniProject/comet_bot_ws/install/lifecycle_msgs/local/lib/python3.10/dist-packages/lifecycle_msgs/srv/_change_state.py
-- Installing: /home/amadorjosephg/CA-Embedded-MiniProject/comet_bot_ws/install/lifecycle_msgs/local/lib/python3.10/dist-packages/lifecycle_msgs/srv/_get_available_states.py
-- Installing: /home/amadorjosephg/CA-Embedded-MiniProject/comet_bot_ws/install/lifecycle_msgs/local/lib/python3.10/dist-packages/lifecycle_msgs/_lifecycle_msgs_s.ep.rosidl_typesupport_fastrtps_c.c
-- Installing: /home/amadorjosephg/CA-Embedded-MiniProject/comet_bot_ws/install/lifecycle_msgs/local/lib/python3.10/dist-packages/lifecycle_msgs/msg
-- Installing: /home/amadorjosephg/CA-Embedded-MiniProject/comet_bot_ws/install/lifecycle_msgs/local/lib/python3.10/dist-packages/lifecycle_msgs/msg/_state.py
-- Installing: /home/amadorjosephg/CA-Embedded-MiniProject/comet_bot_ws/install/lifecycle_msgs/local/lib/python3.10/dist-packages/lifecycle_msgs/msg/__init__.py
-- Installing: /home/amadorjosephg/CA-Embedded-MiniProject/comet_bot_ws/install/lifecycle_msgs/local/lib/python3.10/dist-packages/lifecycle_msgs/msg/_transition_s.c
-- Installing: /home/amadorjosephg/CA-Embedded-MiniProject/comet_bot_ws/install/lifecycle_msgs/local/lib/python3.10/dist-packages/lifecycle_msgs/msg/_transition_event_s.c
-- Installing: /home/amadorjosephg/CA-Embedded-MiniProject/comet_bot_ws/install/lifecycle_msgs/local/lib/python3.10/dist-packages/lifecycle_msgs/msg/_transition.py
-- Installing: /home/amadorjosephg/CA-Embedded-MiniProject/comet_bot_ws/install/lifecycle_msgs/local/lib/python3.10/dist-packages/lifecycle_msgs/msg/_transition_event.py
-- Installing: /home/amadorjosephg/CA-Embedded-MiniProject/comet_bot_ws/install/lifecycle_msgs/local/lib/python3.10/dist-packages/lifecycle_msgs/msg/_transition_description.py
-- Installing: /home/amadorjosephg/CA-Embedded-MiniProject/comet_bot_ws/install/lifecycle_msgs/local/lib/python3.10/dist-packages/lifecycle_msgs/msg/_state_s.c
-- Installing: /home/amadorjosephg/CA-Embedded-MiniProject/comet_bot_ws/install/lifecycle_msgs/local/lib/python3.10/dist-packages/lifecycle_msgs/msg/_transition_description_s.c
-- Installing: /home/amadorjosephg/CA-Embedded-MiniProject/comet_bot_ws/install/lifecycle_msgs/local/lib/python3.10/dist-packages/lifecycle_msgs/lifecycle_msgs_s__rosidl_typesupport_introspection_c.cpython-310-x86_64-linux-gnu.so
-- Installing: /home/amadorjosephg/CA-Embedded-MiniProject/comet_bot_ws/install/lifecycle_msgs/local/lib/python3.10/dist-packages/lifecycle_msgs/liblifecycle_msgs__rosidl_generator_py.so
-- Installing: /home/amadorjosephg/CA-Embedded-MiniProject/comet_bot_ws/install/lifecycle_msgs/local/lib/python3.10/dist-packages/lifecycle_msgs/_lifecycle_msgs_s.ep.rosidl_typesupport_c.c
-- Installing: /home/amadorjosephg/CA-Embedded-MiniProject/comet_bot_ws/install/lifecycle_msgs/local/lib/python3.10/dist-packages/lifecycle_msgs/_lifecycle_msgs_s.ep.rosidl_typesupport_introspection_c.c
-- Installing: /home/amadorjosephg/CA-Embedded-MiniProject/comet_bot_ws/install/lifecycle_msgs/local/lib/python3.10/dist-packages/lifecycle_msgs/_lifecycle_msgs_s.ep.rosidl_typesupport_microxrcedds_c.c
Listing '/home/amadorjosephg/CA-Embedded-MiniProject/comet_bot_ws/install/lifecycle_msgs/local/lib/python3.10/dist-packages/lifecycle_msgs'...
Compiling '/home/amadorjosephg/CA-Embedded-MiniProject/comet_bot_ws/install/lifecycle_msgs/local/lib/python3.10/dist-packages/lifecycle_msgs/__init__.py'...
Listing '/home/amadorjosephg/CA-Embedded-MiniProject/comet_bot_ws/install/lifecycle_msgs/local/lib/python3.10/dist-packages/lifecycle_msgs/msg'...
Compiling '/home/amadorjosephg/CA-Embedded-MiniProject/comet_bot_ws/install/lifecycle_msgs/local/lib/python3.10/dist-packages/lifecycle_msgs/msg/__init__.py'...
Compiling '/home/amadorjosephg/CA-Embedded-MiniProject/comet_bot_ws/install/lifecycle_msgs/local/lib/python3.10/dist-packages/lifecycle_msgs/msg/_state.py'...
Compiling '/home/amadorjosephg/CA-Embedded-MiniProject/comet_bot_ws/install/lifecycle_msgs/local/lib/python3.10/dist-packages/lifecycle_msgs/msg/_transition.py'...
Compiling '/home/amadorjosephg/CA-Embedded-MiniProject/comet_bot_ws/install/lifecycle_msgs/local/lib/python3.10/dist-packages/lifecycle_msgs/msg/_transition_description.py'...
Compiling '/home/amadorjosephg/CA-Embedded-MiniProject/comet_bot_ws/install/lifecycle_msgs/local/lib/python3.10/dist-packages/lifecycle_msgs/msg/_transition_event.py'...
Listing '/home/amadorjosephg/CA-Embedded-MiniProject/comet_bot_ws/install/lifecycle_msgs/local/lib/python3.10/dist-packages/lifecycle_msgs/srv'...
Compiling '/home/amadorjosephg/CA-Embedded-MiniProject/comet_bot_ws/install/lifecycle_msgs/local/lib/python3.10/dist-packages/lifecycle_msgs/srv/__init__.py'...
Compiling '/home/amadorjosephg/CA-Embedded-MiniProject/comet_bot_ws/install/lifecycle_msgs/local/lib/python3.10/dist-packages/lifecycle_msgs/srv/_change_state.py'...
Compiling '/home/amadorjosephg/CA-Embedded-MiniProject/comet_bot_ws/install/lifecycle_msgs/local/lib/python3.10/dist-packages/lifecycle_msgs/srv/_get_available_states.py'...
Compiling '/home/amadorjosephg/CA-Embedded-MiniProject/comet_bot_ws/install/lifecycle_msgs/local/lib/python3.10/dist-packages/lifecycle_msgs/srv/_get_available_transitions.py'...
Compiling '/home/amadorjosephg/CA-Embedded-MiniProject/comet_bot_ws/install/lifecycle_msgs/local/lib/python3.10/dist-packages/lifecycle_msgs/srv/_get_state.py'...
-- Installing: /home/amadorjosephg/CA-Embedded-MiniProject/comet_bot_ws/install/lifecycle_msgs/local/lib/python3.10/dist-packages/lifecycle_msgs/lifecycle_msgs_s__rosidl_typesupport_microxrcedds_c.cpython-310-x86_64-linux-gnu.so
-- Set runtime path of "/home/amadorjosephg/CA-Embedded-MiniProject/comet_bot_ws/install/lifecycle_msgs/local/lib/python3.10/dist-packages/lifecycle_msgs/lifecycle_msgs_s__rosidl_typesupport_microxrcedds_c.cpython-310-x86_64-linux-gnu.so" to ""
-- Installing: /home/amadorjosephg/CA-Embedded-MiniProject/comet_bot_ws/install/lifecycle_msgs/local/lib/python3.10/dist-packages/lifecycle_msgs/lifecycle_msgs_s__rosidl_typesupport_fastrtps_c.cpython-310-x86_64-linux-gnu.so
-- Set runtime path of "/home/amadorjosephg/CA-Embedded-MiniProject/comet_bot_ws/install/lifecycle_msgs/local/lib/python3.10/dist-packages/lifecycle_msgs/lifecycle_msgs_s__rosidl_typesupport_fastrtps_c.cpython-310-x86_64-linux-gnu.so" to ""
-- Installing: /home/amadorjosephg/CA-Embedded-MiniProject/comet_bot_ws/install/lifecycle_msgs/local/lib/python3.10/dist-packages/lifecycle_msgs/lifecycle_msgs_s__rosidl_typesupport_introspection_c.cpython-310-x86_64-linux-gnu.so
-- Set runtime path of "/home/amadorjosephg/CA-Embedded-MiniProject/comet_bot_ws/install/lifecycle_msgs/local/lib/python3.10/dist-packages/lifecycle_msgs/lifecycle_msgs_s__rosidl_typesupport_introspection_c.cpython-310-x86_64-linux-gnu.so" to ""
-- Installing: /home/amadorjosephg/CA-Embedded-MiniProject/comet_bot_ws/install/lifecycle_msgs/local/lib/python3.10/dist-packages/lifecycle_msgs/lifecycle_msgs_s__rosidl_typesupport_c.cpython-310-x86_64-linux-gnu.so
-- Set runtime path of "/home/amadorjosephg/CA-Embedded-MiniProject/comet_bot_ws/install/lifecycle_msgs/local/lib/python3.10/dist-packages/lifecycle_msgs/lifecycle_msgs_s__rosidl_typesupport_c.cpython-310-x86_64-linux-gnu.so" to ""
-- Installing: /home/amadorjosephg/CA-Embedded-MiniProject/comet_bot_ws/install/lifecycle_msgs/lib/liblifecycle_msgs__rosidl_generator_py.so
-- Set runtime path of "/home/amadorjosephg/CA-Embedded-MiniProject/comet_bot_ws/install/lifecycle_msgs/lib/liblifecycle_msgs__rosidl_generator_py.so" to ""
-- Installing: /home/amadorjosephg/CA-Embedded-MiniProject/comet_bot_ws/install/lifecycle_msgs/share/lifecycle_msgs/msg/State.idl
-- Installing: /home/amadorjosephg/CA-Embedded-MiniProject/comet_bot_ws/install/lifecycle_msgs/share/lifecycle_msgs/msg/Transition.idl
-- Installing: /home/amadorjosephg/CA-Embedded-MiniProject/comet_bot_ws/install/lifecycle_msgs/share/lifecycle_msgs/msg/TransitionDescription.idl
-- Installing: /home/amadorjosephg/CA-Embedded-MiniProject/comet_bot_ws/install/lifecycle_msgs/share/lifecycle_msgs/msg/TransitionEvent.idl
-- Installing: /home/amadorjosephg/CA-Embedded-MiniProject/comet_bot_ws/install/lifecycle_msgs/share/lifecycle_msgs/srv/ChangeState.idl
-- Installing: /home/amadorjosephg/CA-Embedded-MiniProject/comet_bot_ws/install/lifecycle_msgs/share/lifecycle_msgs/srv/GetAvailableStates.idl
-- Installing: /home/amadorjosephg/CA-Embedded-MiniProject/comet_bot_ws/install/lifecycle_msgs/share/lifecycle_msgs/srv/GetAvailableTransitions.idl
-- Installing: /home/amadorjosephg/CA-Embedded-MiniProject/comet_bot_ws/install/lifecycle_msgs/share/lifecycle_msgs/srv/GetState.idl
-- Installing: /home/amadorjosephg/CA-Embedded-MiniProject/comet_bot_ws/install/lifecycle_msgs/share/lifecycle_msgs/msg/State.msg
-- Installing: /home/amadorjosephg/CA-Embedded-MiniProject/comet_bot_ws/install/lifecycle_msgs/share/lifecycle_msgs/msg/Transition.msg
-- Installing: /home/amadorjosephg/CA-Embedded-MiniProject/comet_bot_ws/install/lifecycle_msgs/share/lifecycle_msgs/msg/TransitionDescription.msg
-- Installing: /home/amadorjosephg/CA-Embedded-MiniProject/comet_bot_ws/install/lifecycle_msgs/share/lifecycle_msgs/msg/TransitionEvent.msg
-- Installing: /home/amadorjosephg/CA-Embedded-MiniProject/comet_bot_ws/install/lifecycle_msgs/share/lifecycle_msgs/srv/ChangeState.srv
-- Installing: /home/amadorjosephg/CA-Embedded-MiniProject/comet_bot_ws/install/lifecycle_msgs/share/lifecycle_msgs/srv/ChangeState_Request.msg
-- Installing: /home/amadorjosephg/CA-Embedded-MiniProject/comet_bot_ws/install/lifecycle_msgs/share/lifecycle_msgs/srv/ChangeState_Response.msg
-- Installing: /home/amadorjosephg/CA-Embedded-MiniProject/comet_bot_ws/install/lifecycle_msgs/share/lifecycle_msgs/srv/GetAvailableStates.srv
-- Installing: /home/amadorjosephg/CA-Embedded-MiniProject/comet_bot_ws/install/lifecycle_msgs/share/lifecycle_msgs/srv/GetAvailableStates_Request.msg
-- Installing: /home/amadorjosephg/CA-Embedded-MiniProject/comet_bot_ws/install/lifecycle_msgs/share/lifecycle_msgs/srv/GetAvailableStates_Response.msg
-- Installing: /home/amadorjosephg/CA-Embedded-MiniProject/comet_bot_ws/install/lifecycle_msgs/share/lifecycle_msgs/srv/GetAvailableTransitions.srv
-- Installing: /home/amadorjosephg/CA-Embedded-MiniProject/comet_bot_ws/install/lifecycle_msgs/share/lifecycle_msgs/srv/GetAvailableTransitions_Request.msg
-- Installing: /home/amadorjosephg/CA-Embedded-MiniProject/comet_bot_ws/install/lifecycle_msgs/share/lifecycle_msgs/srv/GetAvailableTransitions_Response.msg
-- Installing: /home/amadorjosephg/CA-Embedded-MiniProject/comet_bot_ws/install/lifecycle_msgs/share/lifecycle_msgs/srv/GetState.srv
-- Installing: /home/amadorjosephg/CA-Embedded-MiniProject/comet_bot_ws/install/lifecycle_msgs/share/lifecycle_msgs/srv/GetState_Request.msg
-- Installing: /home/amadorjosephg/CA-Embedded-MiniProject/comet_bot_ws/install/lifecycle_msgs/share/lifecycle_msgs/srv/GetState_Response.msg
-- Installing: /home/amadorjosephg/CA-Embedded-MiniProject/comet_bot_ws/install/lifecycle_msgs/share/ament_index/resource_index/package_run_dependencies/lifecycle_msgs
-- Installing: /home/amadorjosephg/CA-Embedded-MiniProject/comet_bot_ws/install/lifecycle_msgs/share/ament_index/resource_index/parent_prefix_path/lifecycle_msgs
-- Installing: /home/amadorjosephg/CA-Embedded-MiniProject/comet_bot_ws/install/lifecycle_msgs/share/lifecycle_msgs/environment/ament_prefix_path.sh
-- Installing: /home/amadorjosephg/CA-Embedded-MiniProject/comet_bot_ws/install/lifecycle_msgs/share/lifecycle_msgs/environment/ament_prefix_path.dsv
-- Installing: /home/amadorjosephg/CA-Embedded-MiniProject/comet_bot_ws/install/lifecycle_msgs/share/lifecycle_msgs/environment/path.sh
-- Installing: /home/amadorjosephg/CA-Embedded-MiniProject/comet_bot_ws/install/lifecycle_msgs/share/lifecycle_msgs/environment/path.dsv
-- Installing: /home/amadorjosephg/CA-Embedded-MiniProject/comet_bot_ws/install/lifecycle_msgs/share/lifecycle_msgs/local_setup.bash
-- Installing: /home/amadorjosephg/CA-Embedded-MiniProject/comet_bot_ws/install/lifecycle_msgs/share/lifecycle_msgs/local_setup.sh
-- Installing: /home/amadorjosephg/CA-Embedded-MiniProject/comet_bot_ws/install/lifecycle_msgs/share/lifecycle_msgs/local_setup.zsh
-- Installing: /home/amadorjosephg/CA-Embedded-MiniProject/comet_bot_ws/install/lifecycle_msgs/share/lifecycle_msgs/local_setup.dsv
-- Installing: /home/amadorjosephg/CA-Embedded-MiniProject/comet_bot_ws/install/lifecycle_msgs/share/lifecycle_msgs/package.dsv
-- Installing: /home/amadorjosephg/CA-Embedded-MiniProject/comet_bot_ws/install/lifecycle_msgs/share/ament_index/resource_index/packages/lifecycle_msgs
-- Installing: /home/amadorjosephg/CA-Embedded-MiniProject/comet_bot_ws/install/lifecycle_msgs/share/lifecycle_msgs/cmake/export_lifecycle_msgs__rosidl_generator_cExport.cmake
-- Installing: /home/amadorjosephg/CA-Embedded-MiniProject/comet_bot_ws/install/lifecycle_msgs/share/lifecycle_msgs/cmake/export_lifecycle_msgs__rosidl_generator_cExport-noconfig.cmake
-- Installing: /home/amadorjosephg/CA-Embedded-MiniProject/comet_bot_ws/install/lifecycle_msgs/share/lifecycle_msgs/cmake/export_lifecycle_msgs__rosidl_typesupport_fastrtps_cExport.cmake
-- Installing: /home/amadorjosephg/CA-Embedded-MiniProject/comet_bot_ws/install/lifecycle_msgs/share/lifecycle_msgs/cmake/export_lifecycle_msgs__rosidl_typesupport_fastrtps_cExport-noconfig.cmake
-- Installing: /home/amadorjosephg/CA-Embedded-MiniProject/comet_bot_ws/install/lifecycle_msgs/share/lifecycle_msgs/cmake/lifecycle_msgs__rosidl_typesupport_introspection_cExport.cmake
-- Installing: /home/amadorjosephg/CA-Embedded-MiniProject/comet_bot_ws/install/lifecycle_msgs/share/lifecycle_msgs/cmake/lifecycle_msgs__rosidl_typesupport_introspection_cExport-noconfig.cmake
-- Installing: /home/amadorjosephg/CA-Embedded-MiniProject/comet_bot_ws/install/lifecycle_msgs/share/lifecycle_msgs/cmake/lifecycle_msgs__rosidl_typesupport_cExport.cmake
-- Installing: /home/amadorjosephg/CA-Embedded-MiniProject/comet_bot_ws/install/lifecycle_msgs/share/lifecycle_msgs/cmake/lifecycle_msgs__rosidl_typesupport_cExport-noconfig.cmake
-- Installing: /home/amadorjosephg/CA-Embedded-MiniProject/comet_bot_ws/install/lifecycle_msgs/share/lifecycle_msgs/cmake/export_lifecycle_msgs__rosidl_generator_cppExport.cmake
-- Installing: /home/amadorjosephg/CA-Embedded-MiniProject/comet_bot_ws/install/lifecycle_msgs/share/lifecycle_msgs/cmake/export_lifecycle_msgs__rosidl_typesupport_fastrtps_cppExport.cmake
-- Installing: /home/amadorjosephg/CA-Embedded-MiniProject/comet_bot_ws/install/lifecycle_msgs/share/lifecycle_msgs/cmake/export_lifecycle_msgs__rosidl_typesupport_fastrtps_cppExport-noconfig.cmake
-- Installing: /home/amadorjosephg/CA-Embedded-MiniProject/comet_bot_ws/install/lifecycle_msgs/share/lifecycle_msgs/cmake/lifecycle_msgs__rosidl_typesupport_introspection_cppExport.cmake
-- Installing: /home/amadorjosephg/CA-Embedded-MiniProject/comet_bot_ws/install/lifecycle_msgs/share/lifecycle_msgs/cmake/lifecycle_msgs__rosidl_typesupport_introspection_cppExport-noconfig.cmake
-- Installing: /home/amadorjosephg/CA-Embedded-MiniProject/comet_bot_ws/install/lifecycle_msgs/share/lifecycle_msgs/cmake/lifecycle_msgs__rosidl_typesupport_cppExport.cmake
-- Installing: /home/amadorjosephg/CA-Embedded-MiniProject/comet_bot_ws/install/lifecycle_msgs/share/lifecycle_msgs/cmake/lifecycle_msgs__rosidl_typesupport_cppExport-noconfig.cmake
-- Installing: /home/amadorjosephg/CA-Embedded-MiniProject/comet_bot_ws/install/lifecycle_msgs/share/lifecycle_msgs/cmake/export_lifecycle_msgs__rosidl_generator_pyExport.cmake
-- Installing: /home/amadorjosephg/CA-Embedded-MiniProject/comet_bot_ws/install/lifecycle_msgs/share/lifecycle_msgs/cmake/export_lifecycle_msgs__rosidl_generator_pyExport-noconfig.cmake
-- Installing: /home/amadorjosephg/CA-Embedded-MiniProject/comet_bot_ws/install/lifecycle_msgs/share/lifecycle_msgs/cmake/rosidl_cmake-extras.cmake
-- Installing: /home/amadorjosephg/CA-Embedded-MiniProject/comet_bot_ws/install/lifecycle_msgs/share/lifecycle_msgs/cmake/ament_cmake_export_include_directories-extras.cmake
-- Installing: /home/amadorjosephg/CA-Embedded-MiniProject/comet_bot_ws/install/lifecycle_msgs/share/lifecycle_msgs/cmake/ament_cmake_export_libraries-extras.cmake
-- Installing: /home/amadorjosephg/CA-Embedded-MiniProject/comet_bot_ws/install/lifecycle_msgs/share/lifecycle_msgs/cmake/ament_cmake_export_targets-extras.cmake
-- Installing: /home/amadorjosephg/CA-Embedded-MiniProject/comet_bot_ws/install/lifecycle_msgs/share/lifecycle_msgs/cmake/rosidl_cmake_export_typesupport_targets-extras.cmake
-- Installing: /home/amadorjosephg/CA-Embedded-MiniProject/comet_bot_ws/install/lifecycle_msgs/share/lifecycle_msgs/cmake/ament_cmake_export_dependencies-extras.cmake
-- Installing: /home/amadorjosephg/CA-Embedded-MiniProject/comet_bot_ws/install/lifecycle_msgs/share/lifecycle_msgs/cmake/rosidl_cmake_export_typesupport_libraries-extras.cmake
-- Installing: /home/amadorjosephg/CA-Embedded-MiniProject/comet_bot_ws/install/lifecycle_msgs/share/lifecycle_msgs/cmake/lifecycle_msgsConfig.cmake
-- Installing: /home/amadorjosephg/CA-Embedded-MiniProject/comet_bot_ws/install/lifecycle_msgs/share/lifecycle_msgs/cmake/lifecycle_msgsConfig-version.cmake
-- Installing: /home/amadorjosephg/CA-Embedded-MiniProject/comet_bot_ws/install/lifecycle_msgs/share/lifecycle_msgs/package.xml
