[0.577s] Invoking command in '/home/amadorjosephg/comet_bot_ws/src/lunabot_control': PYTHONPATH=/home/amadorjosephg/comet_bot_ws/build/lunabot_control/prefix_override:/usr/lib/python3/dist-packages/colcon_core/task/python/colcon_distutils_commands:/home/amadorjosephg/comet_bot_ws/install/lunabot_control/lib/python3.10/site-packages:${PYTHONPATH} /usr/bin/python3 -W ignore:setup.py install is deprecated setup.py egg_info --egg-base ../../build/lunabot_control build --build-base /home/amadorjosephg/comet_bot_ws/build/lunabot_control/build install --record /home/amadorjosephg/comet_bot_ws/build/lunabot_control/install.log --single-version-externally-managed install_data
[0.819s] running egg_info
[0.820s] writing ../../build/lunabot_control/lunabot_control.egg-info/PKG-INFO
[0.821s] writing dependency_links to ../../build/lunabot_control/lunabot_control.egg-info/dependency_links.txt
[0.821s] writing entry points to ../../build/lunabot_control/lunabot_control.egg-info/entry_points.txt
[0.821s] writing requirements to ../../build/lunabot_control/lunabot_control.egg-info/requires.txt
[0.821s] writing top-level names to ../../build/lunabot_control/lunabot_control.egg-info/top_level.txt
[0.822s] reading manifest file '../../build/lunabot_control/lunabot_control.egg-info/SOURCES.txt'
[0.823s] adding license file 'LICENSE'
[0.823s] writing manifest file '../../build/lunabot_control/lunabot_control.egg-info/SOURCES.txt'
[0.824s] running build
[0.824s] running build_py
[0.824s] running install
[0.825s] running install_lib
[0.826s] running install_data
[0.826s] copying package.xml -> /home/amadorjosephg/comet_bot_ws/install/lunabot_control/share/lunabot_control
[0.826s] running install_egg_info
[0.827s] removing '/home/amadorjosephg/comet_bot_ws/install/lunabot_control/lib/python3.10/site-packages/lunabot_control-0.0.0-py3.10.egg-info' (and everything under it)
[0.828s] Copying ../../build/lunabot_control/lunabot_control.egg-info to /home/amadorjosephg/comet_bot_ws/install/lunabot_control/lib/python3.10/site-packages/lunabot_control-0.0.0-py3.10.egg-info
[0.828s] running install_scripts
[0.844s] writing list of installed files to '/home/amadorjosephg/comet_bot_ws/build/lunabot_control/install.log'
[0.871s] Invoked command in '/home/amadorjosephg/comet_bot_ws/src/lunabot_control' returned '0': PYTHONPATH=/home/amadorjosephg/comet_bot_ws/build/lunabot_control/prefix_override:/usr/lib/python3/dist-packages/colcon_core/task/python/colcon_distutils_commands:/home/amadorjosephg/comet_bot_ws/install/lunabot_control/lib/python3.10/site-packages:${PYTHONPATH} /usr/bin/python3 -W ignore:setup.py install is deprecated setup.py egg_info --egg-base ../../build/lunabot_control build --build-base /home/amadorjosephg/comet_bot_ws/build/lunabot_control/build install --record /home/amadorjosephg/comet_bot_ws/build/lunabot_control/install.log --single-version-externally-managed install_data
