-- The C compiler identification is GNU 11.4.0
-- The CXX compiler identification is GNU 11.4.0
-- Detecting C compiler ABI info
-- Detecting C compiler ABI info - done
-- Check for working C compiler: /usr/bin/cc - skipped
-- Detecting C compile features
-- Detecting C compile features - done
-- Detecting CXX compiler ABI info
-- Detecting CXX compiler ABI info - done
-- Check for working CXX compiler: /usr/bin/c++ - skipped
-- Detecting CXX compile features
-- Detecting CXX compile features - done
-- Found ament_cmake: 1.3.9 (/opt/ros/humble/share/ament_cmake/cmake)
-- Found Python3: /usr/bin/python3 (found version "3.10.12") found components: Interpreter 
-- Found rcl: 5.3.8 (/opt/ros/humble/share/rcl/cmake)
-- Found rosidl_generator_c: 3.1.5 (/opt/ros/humble/share/rosidl_generator_c/cmake)
-- Found rosidl_adapter: 3.1.5 (/opt/ros/humble/share/rosidl_adapter/cmake)
-- Found rosidl_generator_cpp: 3.1.5 (/opt/ros/humble/share/rosidl_generator_cpp/cmake)
-- Using all available rosidl_typesupport_c: rosidl_typesupport_microxrcedds_c;rosidl_typesupport_fastrtps_c;rosidl_typesupport_introspection_c
-- Using all available rosidl_typesupport_cpp: rosidl_typesupport_microxrcedds_cpp;rosidl_typesupport_fastrtps_cpp;rosidl_typesupport_introspection_cpp
-- Found rmw_implementation_cmake: 6.1.2 (/opt/ros/humble/share/rmw_implementation_cmake/cmake)
-- Found rmw_fastrtps_cpp: 6.2.6 (/opt/ros/humble/share/rmw_fastrtps_cpp/cmake)
-- Found OpenSSL: /usr/lib/x86_64-linux-gnu/libcrypto.so (found version "3.0.2")  
-- Found FastRTPS: /opt/ros/humble/include  
-- Using RMW implementation 'rmw_fastrtps_cpp' as default
-- Looking for pthread.h
-- Looking for pthread.h - found
-- Performing Test CMAKE_HAVE_LIBC_PTHREAD
-- Performing Test CMAKE_HAVE_LIBC_PTHREAD - Success
-- Found Threads: TRUE  
-- Found rclc: 4.0.2 (/home/amadorjosephg/CA-Embedded-MiniProject/comet_bot_ws/install/rclc/share/rclc/cmake)
-- Configuring done
-- Generating done
-- Build files have been written to: /home/amadorjosephg/CA-Embedded-MiniProject/comet_bot_ws/build/rclc_parameter
/usr/bin/cmake -S/home/amadorjosephg/CA-Embedded-MiniProject/comet_bot_ws/src/uros/rclc/rclc_parameter -B/home/amadorjosephg/CA-Embedded-MiniProject/comet_bot_ws/build/rclc_parameter --check-build-system CMakeFiles/Makefile.cmake 0
/usr/bin/cmake -E cmake_progress_start /home/amadorjosephg/CA-Embedded-MiniProject/comet_bot_ws/build/rclc_parameter/CMakeFiles /home/amadorjosephg/CA-Embedded-MiniProject/comet_bot_ws/build/rclc_parameter//CMakeFiles/progress.marks
/usr/bin/gmake  -f CMakeFiles/Makefile2 all
gmake[1]: Entering directory '/home/amadorjosephg/CA-Embedded-MiniProject/comet_bot_ws/build/rclc_parameter'
/usr/bin/gmake  -f CMakeFiles/rclc_parameter.dir/build.make CMakeFiles/rclc_parameter.dir/depend
gmake[2]: Entering directory '/home/amadorjosephg/CA-Embedded-MiniProject/comet_bot_ws/build/rclc_parameter'
cd /home/amadorjosephg/CA-Embedded-MiniProject/comet_bot_ws/build/rclc_parameter && /usr/bin/cmake -E cmake_depends "Unix Makefiles" /home/amadorjosephg/CA-Embedded-MiniProject/comet_bot_ws/src/uros/rclc/rclc_parameter /home/amadorjosephg/CA-Embedded-MiniProject/comet_bot_ws/src/uros/rclc/rclc_parameter /home/amadorjosephg/CA-Embedded-MiniProject/comet_bot_ws/build/rclc_parameter /home/amadorjosephg/CA-Embedded-MiniProject/comet_bot_ws/build/rclc_parameter /home/amadorjosephg/CA-Embedded-MiniProject/comet_bot_ws/build/rclc_parameter/CMakeFiles/rclc_parameter.dir/DependInfo.cmake --color=
gmake[2]: Leaving directory '/home/amadorjosephg/CA-Embedded-MiniProject/comet_bot_ws/build/rclc_parameter'
/usr/bin/gmake  -f CMakeFiles/rclc_parameter.dir/build.make CMakeFiles/rclc_parameter.dir/build
gmake[2]: Entering directory '/home/amadorjosephg/CA-Embedded-MiniProject/comet_bot_ws/build/rclc_parameter'
[ 33%] [32mBuilding C object CMakeFiles/rclc_parameter.dir/src/rclc_parameter/parameter_server.c.o[0m
/usr/bin/cc -DDEFAULT_RMW_IMPLEMENTATION=rmw_fastrtps_cpp -DRCLC_PARAMETER_BUILDING_LIBRARY -DRCLC_PARAMETER_MAX_STRING_LENGTH=50 -DRCUTILS_ENABLE_FAULT_INJECTION -Drclc_parameter_EXPORTS -I/home/amadorjosephg/CA-Embedded-MiniProject/comet_bot_ws/src/uros/rclc/rclc_parameter/include -I/home/amadorjosephg/CA-Embedded-MiniProject/comet_bot_ws/src/uros/rclc/rclc_parameter/src -isystem /home/amadorjosephg/CA-Embedded-MiniProject/comet_bot_ws/install/rclc/include -isystem /home/amadorjosephg/CA-Embedded-MiniProject/comet_bot_ws/install/rcl_interfaces/include/rcl_interfaces -isystem /home/amadorjosephg/CA-Embedded-MiniProject/comet_bot_ws/install/builtin_interfaces/include/builtin_interfaces -isystem /opt/ros/humble/include/rcl -isystem /opt/ros/humble/include/rosidl_typesupport_interface -isystem /opt/ros/humble/include/rcutils -isystem /opt/ros/humble/include/rosidl_runtime_c -isystem /opt/ros/humble/include/fastcdr -isystem /opt/ros/humble/include/rosidl_runtime_cpp -isystem /opt/ros/humble/include/rosidl_typesupport_fastrtps_cpp -isystem /opt/ros/humble/include/rmw -isystem /opt/ros/humble/include/rosidl_typesupport_fastrtps_c -isystem /opt/ros/humble/include/rosidl_typesupport_introspection_c -isystem /opt/ros/humble/include/rosidl_typesupport_introspection_cpp -isystem /opt/ros/humble/include/rcl_logging_interface -isystem /opt/ros/humble/include/rcl_yaml_param_parser -isystem /opt/ros/humble/include/libyaml_vendor -isystem /opt/ros/humble/include/tracetools -isystem /opt/ros/humble/include/rcl_action -isystem /home/amadorjosephg/CA-Embedded-MiniProject/comet_bot_ws/install/action_msgs/include/action_msgs -isystem /home/amadorjosephg/CA-Embedded-MiniProject/comet_bot_ws/install/unique_identifier_msgs/include/unique_identifier_msgs -fPIC -Wall -Wextra -Wpedantic -std=gnu11 -MD -MT CMakeFiles/rclc_parameter.dir/src/rclc_parameter/parameter_server.c.o -MF CMakeFiles/rclc_parameter.dir/src/rclc_parameter/parameter_server.c.o.d -o CMakeFiles/rclc_parameter.dir/src/rclc_parameter/parameter_server.c.o -c /home/amadorjosephg/CA-Embedded-MiniProject/comet_bot_ws/src/uros/rclc/rclc_parameter/src/rclc_parameter/parameter_server.c
[ 66%] [32mBuilding C object CMakeFiles/rclc_parameter.dir/src/rclc_parameter/parameter_utils.c.o[0m
/usr/bin/cc -DDEFAULT_RMW_IMPLEMENTATION=rmw_fastrtps_cpp -DRCLC_PARAMETER_BUILDING_LIBRARY -DRCLC_PARAMETER_MAX_STRING_LENGTH=50 -DRCUTILS_ENABLE_FAULT_INJECTION -Drclc_parameter_EXPORTS -I/home/amadorjosephg/CA-Embedded-MiniProject/comet_bot_ws/src/uros/rclc/rclc_parameter/include -I/home/amadorjosephg/CA-Embedded-MiniProject/comet_bot_ws/src/uros/rclc/rclc_parameter/src -isystem /home/amadorjosephg/CA-Embedded-MiniProject/comet_bot_ws/install/rclc/include -isystem /home/amadorjosephg/CA-Embedded-MiniProject/comet_bot_ws/install/rcl_interfaces/include/rcl_interfaces -isystem /home/amadorjosephg/CA-Embedded-MiniProject/comet_bot_ws/install/builtin_interfaces/include/builtin_interfaces -isystem /opt/ros/humble/include/rcl -isystem /opt/ros/humble/include/rosidl_typesupport_interface -isystem /opt/ros/humble/include/rcutils -isystem /opt/ros/humble/include/rosidl_runtime_c -isystem /opt/ros/humble/include/fastcdr -isystem /opt/ros/humble/include/rosidl_runtime_cpp -isystem /opt/ros/humble/include/rosidl_typesupport_fastrtps_cpp -isystem /opt/ros/humble/include/rmw -isystem /opt/ros/humble/include/rosidl_typesupport_fastrtps_c -isystem /opt/ros/humble/include/rosidl_typesupport_introspection_c -isystem /opt/ros/humble/include/rosidl_typesupport_introspection_cpp -isystem /opt/ros/humble/include/rcl_logging_interface -isystem /opt/ros/humble/include/rcl_yaml_param_parser -isystem /opt/ros/humble/include/libyaml_vendor -isystem /opt/ros/humble/include/tracetools -isystem /opt/ros/humble/include/rcl_action -isystem /home/amadorjosephg/CA-Embedded-MiniProject/comet_bot_ws/install/action_msgs/include/action_msgs -isystem /home/amadorjosephg/CA-Embedded-MiniProject/comet_bot_ws/install/unique_identifier_msgs/include/unique_identifier_msgs -fPIC -Wall -Wextra -Wpedantic -std=gnu11 -MD -MT CMakeFiles/rclc_parameter.dir/src/rclc_parameter/parameter_utils.c.o -MF CMakeFiles/rclc_parameter.dir/src/rclc_parameter/parameter_utils.c.o.d -o CMakeFiles/rclc_parameter.dir/src/rclc_parameter/parameter_utils.c.o -c /home/amadorjosephg/CA-Embedded-MiniProject/comet_bot_ws/src/uros/rclc/rclc_parameter/src/rclc_parameter/parameter_utils.c
[100%] [32m[1mLinking C shared library librclc_parameter.so[0m
/usr/bin/cmake -E cmake_link_script CMakeFiles/rclc_parameter.dir/link.txt --verbose=1
/usr/bin/cc -fPIC -shared -Wl,-soname,librclc_parameter.so -o librclc_parameter.so CMakeFiles/rclc_parameter.dir/src/rclc_parameter/parameter_server.c.o CMakeFiles/rclc_parameter.dir/src/rclc_parameter/parameter_utils.c.o  -Wl,-rpath,/home/amadorjosephg/CA-Embedded-MiniProject/comet_bot_ws/install/rclc/lib:/home/amadorjosephg/CA-Embedded-MiniProject/comet_bot_ws/install/rcl_interfaces/lib:/home/amadorjosephg/CA-Embedded-MiniProject/comet_bot_ws/install/action_msgs/lib:/home/amadorjosephg/CA-Embedded-MiniProject/comet_bot_ws/install/builtin_interfaces/lib:/home/amadorjosephg/CA-Embedded-MiniProject/comet_bot_ws/install/unique_identifier_msgs/lib:/opt/ros/humble/lib: /home/amadorjosephg/CA-Embedded-MiniProject/comet_bot_ws/install/rclc/lib/librclc.so /opt/ros/humble/lib/librcl_action.so /opt/ros/humble/lib/librcl.so /home/amadorjosephg/CA-Embedded-MiniProject/comet_bot_ws/install/rcl_interfaces/lib/librcl_interfaces__rosidl_typesupport_fastrtps_c.so /home/amadorjosephg/CA-Embedded-MiniProject/comet_bot_ws/install/rcl_interfaces/lib/librcl_interfaces__rosidl_typesupport_introspection_c.so /home/amadorjosephg/CA-Embedded-MiniProject/comet_bot_ws/install/rcl_interfaces/lib/librcl_interfaces__rosidl_typesupport_fastrtps_cpp.so /home/amadorjosephg/CA-Embedded-MiniProject/comet_bot_ws/install/rcl_interfaces/lib/librcl_interfaces__rosidl_typesupport_introspection_cpp.so /home/amadorjosephg/CA-Embedded-MiniProject/comet_bot_ws/install/rcl_interfaces/lib/librcl_interfaces__rosidl_typesupport_cpp.so /home/amadorjosephg/CA-Embedded-MiniProject/comet_bot_ws/install/rcl_interfaces/lib/librcl_interfaces__rosidl_generator_py.so /home/amadorjosephg/CA-Embedded-MiniProject/comet_bot_ws/install/rcl_interfaces/lib/librcl_interfaces__rosidl_typesupport_c.so /home/amadorjosephg/CA-Embedded-MiniProject/comet_bot_ws/install/rcl_interfaces/lib/librcl_interfaces__rosidl_generator_c.so /opt/ros/humble/lib/librcl_yaml_param_parser.so /opt/ros/humble/lib/libyaml.so /opt/ros/humble/lib/librmw_implementation.so /opt/ros/humble/lib/librcl_logging_spdlog.so /opt/ros/humble/lib/librcl_logging_interface.so /opt/ros/humble/lib/libtracetools.so /home/amadorjosephg/CA-Embedded-MiniProject/comet_bot_ws/install/action_msgs/lib/libaction_msgs__rosidl_typesupport_fastrtps_c.so /home/amadorjosephg/CA-Embedded-MiniProject/comet_bot_ws/install/builtin_interfaces/lib/libbuiltin_interfaces__rosidl_typesupport_fastrtps_c.so /home/amadorjosephg/CA-Embedded-MiniProject/comet_bot_ws/install/unique_identifier_msgs/lib/libunique_identifier_msgs__rosidl_typesupport_fastrtps_c.so /opt/ros/humble/lib/librosidl_typesupport_fastrtps_c.so /home/amadorjosephg/CA-Embedded-MiniProject/comet_bot_ws/install/action_msgs/lib/libaction_msgs__rosidl_typesupport_fastrtps_cpp.so /home/amadorjosephg/CA-Embedded-MiniProject/comet_bot_ws/install/builtin_interfaces/lib/libbuiltin_interfaces__rosidl_typesupport_fastrtps_cpp.so /home/amadorjosephg/CA-Embedded-MiniProject/comet_bot_ws/install/unique_identifier_msgs/lib/libunique_identifier_msgs__rosidl_typesupport_fastrtps_cpp.so /opt/ros/humble/lib/librosidl_typesupport_fastrtps_cpp.so /opt/ros/humble/lib/librmw.so /opt/ros/humble/lib/libfastcdr.so.1.0.24 /home/amadorjosephg/CA-Embedded-MiniProject/comet_bot_ws/install/action_msgs/lib/libaction_msgs__rosidl_typesupport_introspection_c.so /home/amadorjosephg/CA-Embedded-MiniProject/comet_bot_ws/install/builtin_interfaces/lib/libbuiltin_interfaces__rosidl_typesupport_introspection_c.so /home/amadorjosephg/CA-Embedded-MiniProject/comet_bot_ws/install/unique_identifier_msgs/lib/libunique_identifier_msgs__rosidl_typesupport_introspection_c.so /home/amadorjosephg/CA-Embedded-MiniProject/comet_bot_ws/install/action_msgs/lib/libaction_msgs__rosidl_typesupport_introspection_cpp.so /home/amadorjosephg/CA-Embedded-MiniProject/comet_bot_ws/install/builtin_interfaces/lib/libbuiltin_interfaces__rosidl_typesupport_introspection_cpp.so /home/amadorjosephg/CA-Embedded-MiniProject/comet_bot_ws/install/unique_identifier_msgs/lib/libunique_identifier_msgs__rosidl_typesupport_introspection_cpp.so /opt/ros/humble/lib/librosidl_typesupport_introspection_cpp.so /opt/ros/humble/lib/librosidl_typesupport_introspection_c.so /home/amadorjosephg/CA-Embedded-MiniProject/comet_bot_ws/install/action_msgs/lib/libaction_msgs__rosidl_typesupport_cpp.so /home/amadorjosephg/CA-Embedded-MiniProject/comet_bot_ws/install/builtin_interfaces/lib/libbuiltin_interfaces__rosidl_typesupport_cpp.so /home/amadorjosephg/CA-Embedded-MiniProject/comet_bot_ws/install/unique_identifier_msgs/lib/libunique_identifier_msgs__rosidl_typesupport_cpp.so /home/amadorjosephg/CA-Embedded-MiniProject/comet_bot_ws/install/action_msgs/lib/libaction_msgs__rosidl_generator_py.so /home/amadorjosephg/CA-Embedded-MiniProject/comet_bot_ws/install/builtin_interfaces/lib/libbuiltin_interfaces__rosidl_generator_py.so /home/amadorjosephg/CA-Embedded-MiniProject/comet_bot_ws/install/action_msgs/lib/libaction_msgs__rosidl_typesupport_c.so /home/amadorjosephg/CA-Embedded-MiniProject/comet_bot_ws/install/builtin_interfaces/lib/libbuiltin_interfaces__rosidl_typesupport_c.so /home/amadorjosephg/CA-Embedded-MiniProject/comet_bot_ws/install/action_msgs/lib/libaction_msgs__rosidl_generator_c.so /home/amadorjosephg/CA-Embedded-MiniProject/comet_bot_ws/install/builtin_interfaces/lib/libbuiltin_interfaces__rosidl_generator_c.so /home/amadorjosephg/CA-Embedded-MiniProject/comet_bot_ws/install/unique_identifier_msgs/lib/libunique_identifier_msgs__rosidl_generator_py.so /usr/lib/x86_64-linux-gnu/libpython3.10.so /home/amadorjosephg/CA-Embedded-MiniProject/comet_bot_ws/install/unique_identifier_msgs/lib/libunique_identifier_msgs__rosidl_typesupport_c.so /home/amadorjosephg/CA-Embedded-MiniProject/comet_bot_ws/install/unique_identifier_msgs/lib/libunique_identifier_msgs__rosidl_generator_c.so /opt/ros/humble/lib/librosidl_runtime_c.so /opt/ros/humble/lib/librcutils.so -ldl -Wl,-rpath-link,/opt/ros/humble/lib 
gmake[2]: Leaving directory '/home/amadorjosephg/CA-Embedded-MiniProject/comet_bot_ws/build/rclc_parameter'
[100%] Built target rclc_parameter
gmake[1]: Leaving directory '/home/amadorjosephg/CA-Embedded-MiniProject/comet_bot_ws/build/rclc_parameter'
/usr/bin/cmake -E cmake_progress_start /home/amadorjosephg/CA-Embedded-MiniProject/comet_bot_ws/build/rclc_parameter/CMakeFiles 0
-- Install configuration: ""
-- Installing: /home/amadorjosephg/CA-Embedded-MiniProject/comet_bot_ws/install/rclc_parameter/lib/librclc_parameter.so
-- Set runtime path of "/home/amadorjosephg/CA-Embedded-MiniProject/comet_bot_ws/install/rclc_parameter/lib/librclc_parameter.so" to ""
-- Installing: /home/amadorjosephg/CA-Embedded-MiniProject/comet_bot_ws/install/rclc_parameter/include
-- Installing: /home/amadorjosephg/CA-Embedded-MiniProject/comet_bot_ws/install/rclc_parameter/include/rclc_parameter
-- Installing: /home/amadorjosephg/CA-Embedded-MiniProject/comet_bot_ws/install/rclc_parameter/include/rclc_parameter/rclc_parameter.h
-- Installing: /home/amadorjosephg/CA-Embedded-MiniProject/comet_bot_ws/install/rclc_parameter/include/rclc_parameter/visibility_control.h
-- Installing: /home/amadorjosephg/CA-Embedded-MiniProject/comet_bot_ws/install/rclc_parameter/share/rclc_parameter/environment/library_path.sh
-- Installing: /home/amadorjosephg/CA-Embedded-MiniProject/comet_bot_ws/install/rclc_parameter/share/rclc_parameter/environment/library_path.dsv
-- Installing: /home/amadorjosephg/CA-Embedded-MiniProject/comet_bot_ws/install/rclc_parameter/share/ament_index/resource_index/package_run_dependencies/rclc_parameter
-- Installing: /home/amadorjosephg/CA-Embedded-MiniProject/comet_bot_ws/install/rclc_parameter/share/ament_index/resource_index/parent_prefix_path/rclc_parameter
-- Installing: /home/amadorjosephg/CA-Embedded-MiniProject/comet_bot_ws/install/rclc_parameter/share/rclc_parameter/environment/ament_prefix_path.sh
-- Installing: /home/amadorjosephg/CA-Embedded-MiniProject/comet_bot_ws/install/rclc_parameter/share/rclc_parameter/environment/ament_prefix_path.dsv
-- Installing: /home/amadorjosephg/CA-Embedded-MiniProject/comet_bot_ws/install/rclc_parameter/share/rclc_parameter/environment/path.sh
-- Installing: /home/amadorjosephg/CA-Embedded-MiniProject/comet_bot_ws/install/rclc_parameter/share/rclc_parameter/environment/path.dsv
-- Installing: /home/amadorjosephg/CA-Embedded-MiniProject/comet_bot_ws/install/rclc_parameter/share/rclc_parameter/local_setup.bash
-- Installing: /home/amadorjosephg/CA-Embedded-MiniProject/comet_bot_ws/install/rclc_parameter/share/rclc_parameter/local_setup.sh
-- Installing: /home/amadorjosephg/CA-Embedded-MiniProject/comet_bot_ws/install/rclc_parameter/share/rclc_parameter/local_setup.zsh
-- Installing: /home/amadorjosephg/CA-Embedded-MiniProject/comet_bot_ws/install/rclc_parameter/share/rclc_parameter/local_setup.dsv
-- Installing: /home/amadorjosephg/CA-Embedded-MiniProject/comet_bot_ws/install/rclc_parameter/share/rclc_parameter/package.dsv
-- Installing: /home/amadorjosephg/CA-Embedded-MiniProject/comet_bot_ws/install/rclc_parameter/share/ament_index/resource_index/packages/rclc_parameter
-- Installing: /home/amadorjosephg/CA-Embedded-MiniProject/comet_bot_ws/install/rclc_parameter/share/rclc_parameter/cmake/rclc_parameterExport.cmake
-- Installing: /home/amadorjosephg/CA-Embedded-MiniProject/comet_bot_ws/install/rclc_parameter/share/rclc_parameter/cmake/rclc_parameterExport-noconfig.cmake
-- Installing: /home/amadorjosephg/CA-Embedded-MiniProject/comet_bot_ws/install/rclc_parameter/share/rclc_parameter/cmake/ament_cmake_export_include_directories-extras.cmake
-- Installing: /home/amadorjosephg/CA-Embedded-MiniProject/comet_bot_ws/install/rclc_parameter/share/rclc_parameter/cmake/ament_cmake_export_libraries-extras.cmake
-- Installing: /home/amadorjosephg/CA-Embedded-MiniProject/comet_bot_ws/install/rclc_parameter/share/rclc_parameter/cmake/ament_cmake_export_targets-extras.cmake
-- Installing: /home/amadorjosephg/CA-Embedded-MiniProject/comet_bot_ws/install/rclc_parameter/share/rclc_parameter/cmake/ament_cmake_export_dependencies-extras.cmake
-- Installing: /home/amadorjosephg/CA-Embedded-MiniProject/comet_bot_ws/install/rclc_parameter/share/rclc_parameter/cmake/rclc_parameterConfig.cmake
-- Installing: /home/amadorjosephg/CA-Embedded-MiniProject/comet_bot_ws/install/rclc_parameter/share/rclc_parameter/cmake/rclc_parameterConfig-version.cmake
-- Installing: /home/amadorjosephg/CA-Embedded-MiniProject/comet_bot_ws/install/rclc_parameter/share/rclc_parameter/package.xml
