[0.109s] DEBUG:colcon:Command line arguments: ['/usr/bin/colcon', 'build']
[0.109s] DEBUG:colcon:Parsed command line arguments: Namespace(log_base=None, log_level=None, verb_name='build', build_base='build', install_base='install', merge_install=False, symlink_install=False, test_result_base=None, continue_on_error=False, executor='parallel', parallel_workers=4, event_handlers=None, ignore_user_meta=False, metas=['./colcon.meta'], base_paths=['.'], packages_ignore=None, packages_ignore_regex=None, paths=None, packages_up_to=None, packages_up_to_regex=None, packages_above=None, packages_above_and_dependencies=None, packages_above_depth=None, packages_select_by_dep=None, packages_skip_by_dep=None, packages_skip_up_to=None, packages_select_build_failed=False, packages_skip_build_finished=False, packages_select_test_failures=False, packages_skip_test_passed=False, packages_select=None, packages_skip=None, packages_select_regex=None, packages_skip_regex=None, packages_start=None, packages_end=None, allow_overriding=[], cmake_args=None, cmake_target=None, cmake_target_skip_unavailable=False, cmake_clean_cache=False, cmake_clean_first=False, cmake_force_configure=False, ament_cmake_args=None, catkin_cmake_args=None, catkin_skip_building_tests=False, mixin_files=None, mixin=None, verb_parser=<colcon_mixin.mixin.mixin_argument.MixinArgumentDecorator object at 0x76c12493dc60>, verb_extension=<colcon_core.verb.build.BuildVerb object at 0x76c12493d000>, main=<bound method BuildVerb.main of <colcon_core.verb.build.BuildVerb object at 0x76c12493d000>>, mixin_verb=('build',))
[0.276s] Level 1:colcon.colcon_core.package_discovery:discover_packages(colcon_meta) check parameters
[0.276s] Level 1:colcon.colcon_core.package_discovery:discover_packages(recursive) check parameters
[0.277s] Level 1:colcon.colcon_core.package_discovery:discover_packages(ignore) check parameters
[0.277s] Level 1:colcon.colcon_core.package_discovery:discover_packages(path) check parameters
[0.278s] Level 1:colcon.colcon_core.package_discovery:discover_packages(colcon_meta) discover
[0.280s] Level 1:colcon.colcon_core.package_discovery:discover_packages(recursive) discover
[0.282s] INFO:colcon.colcon_core.package_discovery:Crawling recursively for packages in '/home/amadorjosephg/CA-Embedded-MiniProject/comet_bot_ws'
[0.282s] Level 1:colcon.colcon_core.package_identification:_identify(.) by extensions ['ignore', 'ignore_ament_install']
[0.282s] Level 1:colcon.colcon_core.package_identification:_identify(.) by extension 'ignore'
[0.282s] Level 1:colcon.colcon_core.package_identification:_identify(.) by extension 'ignore_ament_install'
[0.282s] Level 1:colcon.colcon_core.package_identification:_identify(.) by extensions ['colcon_pkg']
[0.283s] Level 1:colcon.colcon_core.package_identification:_identify(.) by extension 'colcon_pkg'
[0.283s] Level 1:colcon.colcon_core.package_identification:_identify(.) by extensions ['colcon_meta']
[0.283s] Level 1:colcon.colcon_core.package_identification:_identify(.) by extension 'colcon_meta'
[0.283s] Level 1:colcon.colcon_core.package_identification:_identify(.) by extensions ['ros']
[0.283s] Level 1:colcon.colcon_core.package_identification:_identify(.) by extension 'ros'
[0.295s] Level 1:colcon.colcon_core.package_identification:_identify(.) by extensions ['cmake', 'python']
[0.295s] Level 1:colcon.colcon_core.package_identification:_identify(.) by extension 'cmake'
[0.296s] Level 1:colcon.colcon_core.package_identification:_identify(.) by extension 'python'
[0.296s] Level 1:colcon.colcon_core.package_identification:_identify(.) by extensions ['python_setup_py']
[0.297s] Level 1:colcon.colcon_core.package_identification:_identify(.) by extension 'python_setup_py'
[0.297s] Level 1:colcon.colcon_core.package_identification:_identify(build) by extensions ['ignore', 'ignore_ament_install']
[0.298s] Level 1:colcon.colcon_core.package_identification:_identify(build) by extension 'ignore'
[0.298s] Level 1:colcon.colcon_core.package_identification:_identify(build) ignored
[0.299s] Level 1:colcon.colcon_core.package_identification:_identify(install) by extensions ['ignore', 'ignore_ament_install']
[0.299s] Level 1:colcon.colcon_core.package_identification:_identify(install) by extension 'ignore'
[0.299s] Level 1:colcon.colcon_core.package_identification:_identify(install) ignored
[0.301s] Level 1:colcon.colcon_core.package_identification:_identify(log) by extensions ['ignore', 'ignore_ament_install']
[0.301s] Level 1:colcon.colcon_core.package_identification:_identify(log) by extension 'ignore'
[0.302s] Level 1:colcon.colcon_core.package_identification:_identify(log) ignored
[0.302s] Level 1:colcon.colcon_core.package_identification:_identify(src) by extensions ['ignore', 'ignore_ament_install']
[0.302s] Level 1:colcon.colcon_core.package_identification:_identify(src) by extension 'ignore'
[0.302s] Level 1:colcon.colcon_core.package_identification:_identify(src) by extension 'ignore_ament_install'
[0.303s] Level 1:colcon.colcon_core.package_identification:_identify(src) by extensions ['colcon_pkg']
[0.303s] Level 1:colcon.colcon_core.package_identification:_identify(src) by extension 'colcon_pkg'
[0.303s] Level 1:colcon.colcon_core.package_identification:_identify(src) by extensions ['colcon_meta']
[0.303s] Level 1:colcon.colcon_core.package_identification:_identify(src) by extension 'colcon_meta'
[0.304s] Level 1:colcon.colcon_core.package_identification:_identify(src) by extensions ['ros']
[0.304s] Level 1:colcon.colcon_core.package_identification:_identify(src) by extension 'ros'
[0.304s] Level 1:colcon.colcon_core.package_identification:_identify(src) by extensions ['cmake', 'python']
[0.304s] Level 1:colcon.colcon_core.package_identification:_identify(src) by extension 'cmake'
[0.305s] Level 1:colcon.colcon_core.package_identification:_identify(src) by extension 'python'
[0.305s] Level 1:colcon.colcon_core.package_identification:_identify(src) by extensions ['python_setup_py']
[0.305s] Level 1:colcon.colcon_core.package_identification:_identify(src) by extension 'python_setup_py'
[0.305s] Level 1:colcon.colcon_core.package_identification:_identify(src/build) by extensions ['ignore', 'ignore_ament_install']
[0.306s] Level 1:colcon.colcon_core.package_identification:_identify(src/build) by extension 'ignore'
[0.306s] Level 1:colcon.colcon_core.package_identification:_identify(src/build) ignored
[0.306s] Level 1:colcon.colcon_core.package_identification:_identify(src/install) by extensions ['ignore', 'ignore_ament_install']
[0.307s] Level 1:colcon.colcon_core.package_identification:_identify(src/install) by extension 'ignore'
[0.307s] Level 1:colcon.colcon_core.package_identification:_identify(src/install) ignored
[0.307s] Level 1:colcon.colcon_core.package_identification:_identify(src/jetson_topic_relay) by extensions ['ignore', 'ignore_ament_install']
[0.308s] Level 1:colcon.colcon_core.package_identification:_identify(src/jetson_topic_relay) by extension 'ignore'
[0.309s] Level 1:colcon.colcon_core.package_identification:_identify(src/jetson_topic_relay) by extension 'ignore_ament_install'
[0.309s] Level 1:colcon.colcon_core.package_identification:_identify(src/jetson_topic_relay) by extensions ['colcon_pkg']
[0.309s] Level 1:colcon.colcon_core.package_identification:_identify(src/jetson_topic_relay) by extension 'colcon_pkg'
[0.309s] Level 1:colcon.colcon_core.package_identification:_identify(src/jetson_topic_relay) by extensions ['colcon_meta']
[0.309s] Level 1:colcon.colcon_core.package_identification:_identify(src/jetson_topic_relay) by extension 'colcon_meta'
[0.309s] Level 1:colcon.colcon_core.package_identification:_identify(src/jetson_topic_relay) by extensions ['ros']
[0.309s] Level 1:colcon.colcon_core.package_identification:_identify(src/jetson_topic_relay) by extension 'ros'
[0.312s] DEBUG:colcon.colcon_core.package_identification:Package 'src/jetson_topic_relay' with type 'ros.ament_python' and name 'jetson_topic_relay'
[0.313s] Level 1:colcon.colcon_core.package_identification:_identify(src/log) by extensions ['ignore', 'ignore_ament_install']
[0.313s] Level 1:colcon.colcon_core.package_identification:_identify(src/log) by extension 'ignore'
[0.313s] Level 1:colcon.colcon_core.package_identification:_identify(src/log) ignored
[0.313s] Level 1:colcon.colcon_core.package_identification:_identify(src/lunabot_control) by extensions ['ignore', 'ignore_ament_install']
[0.313s] Level 1:colcon.colcon_core.package_identification:_identify(src/lunabot_control) by extension 'ignore'
[0.313s] Level 1:colcon.colcon_core.package_identification:_identify(src/lunabot_control) by extension 'ignore_ament_install'
[0.313s] Level 1:colcon.colcon_core.package_identification:_identify(src/lunabot_control) by extensions ['colcon_pkg']
[0.313s] Level 1:colcon.colcon_core.package_identification:_identify(src/lunabot_control) by extension 'colcon_pkg'
[0.313s] Level 1:colcon.colcon_core.package_identification:_identify(src/lunabot_control) by extensions ['colcon_meta']
[0.313s] Level 1:colcon.colcon_core.package_identification:_identify(src/lunabot_control) by extension 'colcon_meta'
[0.313s] Level 1:colcon.colcon_core.package_identification:_identify(src/lunabot_control) by extensions ['ros']
[0.313s] Level 1:colcon.colcon_core.package_identification:_identify(src/lunabot_control) by extension 'ros'
[0.314s] DEBUG:colcon.colcon_core.package_identification:Package 'src/lunabot_control' with type 'ros.ament_python' and name 'lunabot_control'
[0.314s] Level 1:colcon.colcon_core.package_identification:_identify(src/micro_ros_setup) by extensions ['ignore', 'ignore_ament_install']
[0.314s] Level 1:colcon.colcon_core.package_identification:_identify(src/micro_ros_setup) by extension 'ignore'
[0.314s] Level 1:colcon.colcon_core.package_identification:_identify(src/micro_ros_setup) by extension 'ignore_ament_install'
[0.314s] Level 1:colcon.colcon_core.package_identification:_identify(src/micro_ros_setup) by extensions ['colcon_pkg']
[0.314s] Level 1:colcon.colcon_core.package_identification:_identify(src/micro_ros_setup) by extension 'colcon_pkg'
[0.314s] Level 1:colcon.colcon_core.package_identification:_identify(src/micro_ros_setup) by extensions ['colcon_meta']
[0.314s] Level 1:colcon.colcon_core.package_identification:_identify(src/micro_ros_setup) by extension 'colcon_meta'
[0.314s] Level 1:colcon.colcon_core.package_identification:_identify(src/micro_ros_setup) by extensions ['ros']
[0.314s] Level 1:colcon.colcon_core.package_identification:_identify(src/micro_ros_setup) by extension 'ros'
[0.315s] DEBUG:colcon.colcon_core.package_identification:Package 'src/micro_ros_setup' with type 'ros.ament_cmake' and name 'micro_ros_setup'
[0.316s] Level 1:colcon.colcon_core.package_discovery:discover_packages(recursive) using defaults
[0.316s] Level 1:colcon.colcon_core.package_discovery:discover_packages(ignore) discover
[0.316s] Level 1:colcon.colcon_core.package_discovery:discover_packages(ignore) using defaults
[0.316s] Level 1:colcon.colcon_core.package_discovery:discover_packages(path) discover
[0.316s] Level 1:colcon.colcon_core.package_discovery:discover_packages(path) using defaults
[0.336s] Level 1:colcon.colcon_core.package_discovery:discover_packages(prefix_path) check parameters
[0.337s] Level 1:colcon.colcon_core.package_discovery:discover_packages(prefix_path) discover
[0.339s] DEBUG:colcon.colcon_installed_package_information.package_discovery:Found 294 installed packages in /opt/ros/humble
[0.353s] Level 1:colcon.colcon_core.package_discovery:discover_packages(prefix_path) using defaults
[0.389s] Level 5:colcon.colcon_core.verb:set package 'jetson_topic_relay' build argument 'cmake_args' from command line to 'None'
[0.390s] Level 5:colcon.colcon_core.verb:set package 'jetson_topic_relay' build argument 'cmake_target' from command line to 'None'
[0.390s] Level 5:colcon.colcon_core.verb:set package 'jetson_topic_relay' build argument 'cmake_target_skip_unavailable' from command line to 'False'
[0.390s] Level 5:colcon.colcon_core.verb:set package 'jetson_topic_relay' build argument 'cmake_clean_cache' from command line to 'False'
[0.390s] Level 5:colcon.colcon_core.verb:set package 'jetson_topic_relay' build argument 'cmake_clean_first' from command line to 'False'
[0.391s] Level 5:colcon.colcon_core.verb:set package 'jetson_topic_relay' build argument 'cmake_force_configure' from command line to 'False'
[0.391s] Level 5:colcon.colcon_core.verb:set package 'jetson_topic_relay' build argument 'ament_cmake_args' from command line to 'None'
[0.391s] Level 5:colcon.colcon_core.verb:set package 'jetson_topic_relay' build argument 'catkin_cmake_args' from command line to 'None'
[0.391s] Level 5:colcon.colcon_core.verb:set package 'jetson_topic_relay' build argument 'catkin_skip_building_tests' from command line to 'False'
[0.391s] DEBUG:colcon.colcon_core.verb:Building package 'jetson_topic_relay' with the following arguments: {'ament_cmake_args': None, 'build_base': '/home/amadorjosephg/CA-Embedded-MiniProject/comet_bot_ws/build/jetson_topic_relay', 'catkin_cmake_args': None, 'catkin_skip_building_tests': False, 'cmake_args': None, 'cmake_clean_cache': False, 'cmake_clean_first': False, 'cmake_force_configure': False, 'cmake_target': None, 'cmake_target_skip_unavailable': False, 'install_base': '/home/amadorjosephg/CA-Embedded-MiniProject/comet_bot_ws/install/jetson_topic_relay', 'merge_install': False, 'path': '/home/amadorjosephg/CA-Embedded-MiniProject/comet_bot_ws/src/jetson_topic_relay', 'symlink_install': False, 'test_result_base': None}
[0.391s] Level 5:colcon.colcon_core.verb:set package 'lunabot_control' build argument 'cmake_args' from command line to 'None'
[0.391s] Level 5:colcon.colcon_core.verb:set package 'lunabot_control' build argument 'cmake_target' from command line to 'None'
[0.391s] Level 5:colcon.colcon_core.verb:set package 'lunabot_control' build argument 'cmake_target_skip_unavailable' from command line to 'False'
[0.391s] Level 5:colcon.colcon_core.verb:set package 'lunabot_control' build argument 'cmake_clean_cache' from command line to 'False'
[0.391s] Level 5:colcon.colcon_core.verb:set package 'lunabot_control' build argument 'cmake_clean_first' from command line to 'False'
[0.391s] Level 5:colcon.colcon_core.verb:set package 'lunabot_control' build argument 'cmake_force_configure' from command line to 'False'
[0.391s] Level 5:colcon.colcon_core.verb:set package 'lunabot_control' build argument 'ament_cmake_args' from command line to 'None'
[0.391s] Level 5:colcon.colcon_core.verb:set package 'lunabot_control' build argument 'catkin_cmake_args' from command line to 'None'
[0.391s] Level 5:colcon.colcon_core.verb:set package 'lunabot_control' build argument 'catkin_skip_building_tests' from command line to 'False'
[0.391s] DEBUG:colcon.colcon_core.verb:Building package 'lunabot_control' with the following arguments: {'ament_cmake_args': None, 'build_base': '/home/amadorjosephg/CA-Embedded-MiniProject/comet_bot_ws/build/lunabot_control', 'catkin_cmake_args': None, 'catkin_skip_building_tests': False, 'cmake_args': None, 'cmake_clean_cache': False, 'cmake_clean_first': False, 'cmake_force_configure': False, 'cmake_target': None, 'cmake_target_skip_unavailable': False, 'install_base': '/home/amadorjosephg/CA-Embedded-MiniProject/comet_bot_ws/install/lunabot_control', 'merge_install': False, 'path': '/home/amadorjosephg/CA-Embedded-MiniProject/comet_bot_ws/src/lunabot_control', 'symlink_install': False, 'test_result_base': None}
[0.392s] Level 5:colcon.colcon_core.verb:set package 'micro_ros_setup' build argument 'cmake_args' from command line to 'None'
[0.392s] Level 5:colcon.colcon_core.verb:set package 'micro_ros_setup' build argument 'cmake_target' from command line to 'None'
[0.392s] Level 5:colcon.colcon_core.verb:set package 'micro_ros_setup' build argument 'cmake_target_skip_unavailable' from command line to 'False'
[0.392s] Level 5:colcon.colcon_core.verb:set package 'micro_ros_setup' build argument 'cmake_clean_cache' from command line to 'False'
[0.392s] Level 5:colcon.colcon_core.verb:set package 'micro_ros_setup' build argument 'cmake_clean_first' from command line to 'False'
[0.392s] Level 5:colcon.colcon_core.verb:set package 'micro_ros_setup' build argument 'cmake_force_configure' from command line to 'False'
[0.392s] Level 5:colcon.colcon_core.verb:set package 'micro_ros_setup' build argument 'ament_cmake_args' from command line to 'None'
[0.392s] Level 5:colcon.colcon_core.verb:set package 'micro_ros_setup' build argument 'catkin_cmake_args' from command line to 'None'
[0.392s] Level 5:colcon.colcon_core.verb:set package 'micro_ros_setup' build argument 'catkin_skip_building_tests' from command line to 'False'
[0.392s] DEBUG:colcon.colcon_core.verb:Building package 'micro_ros_setup' with the following arguments: {'ament_cmake_args': None, 'build_base': '/home/amadorjosephg/CA-Embedded-MiniProject/comet_bot_ws/build/micro_ros_setup', 'catkin_cmake_args': None, 'catkin_skip_building_tests': False, 'cmake_args': None, 'cmake_clean_cache': False, 'cmake_clean_first': False, 'cmake_force_configure': False, 'cmake_target': None, 'cmake_target_skip_unavailable': False, 'install_base': '/home/amadorjosephg/CA-Embedded-MiniProject/comet_bot_ws/install/micro_ros_setup', 'merge_install': False, 'path': '/home/amadorjosephg/CA-Embedded-MiniProject/comet_bot_ws/src/micro_ros_setup', 'symlink_install': False, 'test_result_base': None}
[0.393s] INFO:colcon.colcon_core.executor:Executing jobs using 'parallel' executor
[0.396s] DEBUG:colcon.colcon_parallel_executor.executor.parallel:run_until_complete
[0.398s] INFO:colcon.colcon_ros.task.ament_python.build:Building ROS package in '/home/amadorjosephg/CA-Embedded-MiniProject/comet_bot_ws/src/jetson_topic_relay' with build type 'ament_python'
[0.398s] Level 1:colcon.colcon_core.shell:create_environment_hook('jetson_topic_relay', 'ament_prefix_path')
[0.399s] INFO:colcon.colcon_core.plugin_system:Skipping extension 'colcon_core.shell.bat': Not used on non-Windows systems
[0.400s] INFO:colcon.colcon_core.shell:Creating environment hook '/home/amadorjosephg/CA-Embedded-MiniProject/comet_bot_ws/install/jetson_topic_relay/share/jetson_topic_relay/hook/ament_prefix_path.ps1'
[0.401s] INFO:colcon.colcon_core.shell:Creating environment descriptor '/home/amadorjosephg/CA-Embedded-MiniProject/comet_bot_ws/install/jetson_topic_relay/share/jetson_topic_relay/hook/ament_prefix_path.dsv'
[0.402s] INFO:colcon.colcon_core.shell:Creating environment hook '/home/amadorjosephg/CA-Embedded-MiniProject/comet_bot_ws/install/jetson_topic_relay/share/jetson_topic_relay/hook/ament_prefix_path.sh'
[0.402s] INFO:colcon.colcon_core.shell:Skip shell extension 'powershell' for command environment: Not usable outside of PowerShell
[0.402s] DEBUG:colcon.colcon_core.shell:Skip shell extension 'dsv' for command environment
[0.407s] INFO:colcon.colcon_ros.task.ament_python.build:Building ROS package in '/home/amadorjosephg/CA-Embedded-MiniProject/comet_bot_ws/src/lunabot_control' with build type 'ament_python'
[0.407s] Level 1:colcon.colcon_core.shell:create_environment_hook('lunabot_control', 'ament_prefix_path')
[0.410s] INFO:colcon.colcon_core.shell:Creating environment hook '/home/amadorjosephg/CA-Embedded-MiniProject/comet_bot_ws/install/lunabot_control/share/lunabot_control/hook/ament_prefix_path.ps1'
[0.412s] INFO:colcon.colcon_core.shell:Creating environment descriptor '/home/amadorjosephg/CA-Embedded-MiniProject/comet_bot_ws/install/lunabot_control/share/lunabot_control/hook/ament_prefix_path.dsv'
[0.413s] INFO:colcon.colcon_core.shell:Creating environment hook '/home/amadorjosephg/CA-Embedded-MiniProject/comet_bot_ws/install/lunabot_control/share/lunabot_control/hook/ament_prefix_path.sh'
[0.413s] INFO:colcon.colcon_core.shell:Skip shell extension 'powershell' for command environment: Not usable outside of PowerShell
[0.413s] DEBUG:colcon.colcon_core.shell:Skip shell extension 'dsv' for command environment
[0.417s] INFO:colcon.colcon_ros.task.ament_cmake.build:Building ROS package in '/home/amadorjosephg/CA-Embedded-MiniProject/comet_bot_ws/src/micro_ros_setup' with build type 'ament_cmake'
[0.417s] INFO:colcon.colcon_cmake.task.cmake.build:Building CMake package in '/home/amadorjosephg/CA-Embedded-MiniProject/comet_bot_ws/src/micro_ros_setup'
[0.417s] INFO:colcon.colcon_core.shell:Skip shell extension 'powershell' for command environment: Not usable outside of PowerShell
[0.418s] DEBUG:colcon.colcon_core.shell:Skip shell extension 'dsv' for command environment
[0.689s] INFO:colcon.colcon_core.task.python.build:Building Python package in '/home/amadorjosephg/CA-Embedded-MiniProject/comet_bot_ws/src/jetson_topic_relay'
[0.690s] INFO:colcon.colcon_core.shell:Skip shell extension 'powershell' for command environment: Not usable outside of PowerShell
[0.690s] DEBUG:colcon.colcon_core.shell:Skip shell extension 'dsv' for command environment
[1.001s] INFO:colcon.colcon_core.task.python.build:Building Python package in '/home/amadorjosephg/CA-Embedded-MiniProject/comet_bot_ws/src/lunabot_control'
[1.002s] INFO:colcon.colcon_core.shell:Skip shell extension 'powershell' for command environment: Not usable outside of PowerShell
[1.002s] DEBUG:colcon.colcon_core.shell:Skip shell extension 'dsv' for command environment
[1.009s] DEBUG:colcon.colcon_core.event_handler.log_command:Invoking command in '/home/amadorjosephg/CA-Embedded-MiniProject/comet_bot_ws/build/micro_ros_setup': CMAKE_PREFIX_PATH=/opt/ros/humble /usr/bin/cmake /home/amadorjosephg/CA-Embedded-MiniProject/comet_bot_ws/src/micro_ros_setup -DCMAKE_INSTALL_PREFIX=/home/amadorjosephg/CA-Embedded-MiniProject/comet_bot_ws/install/micro_ros_setup
[1.510s] DEBUG:colcon.colcon_core.event_handler.log_command:Invoking command in '/home/amadorjosephg/CA-Embedded-MiniProject/comet_bot_ws/src/jetson_topic_relay': PYTHONPATH=/home/amadorjosephg/CA-Embedded-MiniProject/comet_bot_ws/build/jetson_topic_relay/prefix_override:/usr/lib/python3/dist-packages/colcon_core/task/python/colcon_distutils_commands:/home/amadorjosephg/CA-Embedded-MiniProject/comet_bot_ws/install/jetson_topic_relay/lib/python3.10/site-packages:${PYTHONPATH} /usr/bin/python3 -W ignore:setup.py install is deprecated setup.py egg_info --egg-base ../../build/jetson_topic_relay build --build-base /home/amadorjosephg/CA-Embedded-MiniProject/comet_bot_ws/build/jetson_topic_relay/build install --record /home/amadorjosephg/CA-Embedded-MiniProject/comet_bot_ws/build/jetson_topic_relay/install.log --single-version-externally-managed install_data
[1.558s] DEBUG:colcon.colcon_core.event_handler.log_command:Invoking command in '/home/amadorjosephg/CA-Embedded-MiniProject/comet_bot_ws/src/lunabot_control': PYTHONPATH=/home/amadorjosephg/CA-Embedded-MiniProject/comet_bot_ws/build/lunabot_control/prefix_override:/usr/lib/python3/dist-packages/colcon_core/task/python/colcon_distutils_commands:/home/amadorjosephg/CA-Embedded-MiniProject/comet_bot_ws/install/lunabot_control/lib/python3.10/site-packages:${PYTHONPATH} /usr/bin/python3 -W ignore:setup.py install is deprecated setup.py egg_info --egg-base ../../build/lunabot_control build --build-base /home/amadorjosephg/CA-Embedded-MiniProject/comet_bot_ws/build/lunabot_control/build install --record /home/amadorjosephg/CA-Embedded-MiniProject/comet_bot_ws/build/lunabot_control/install.log --single-version-externally-managed install_data
[1.701s] Level 1:colcon.colcon_core.environment:checking '/home/amadorjosephg/CA-Embedded-MiniProject/comet_bot_ws/install/jetson_topic_relay' for CMake module files
[1.702s] Level 1:colcon.colcon_core.environment:checking '/home/amadorjosephg/CA-Embedded-MiniProject/comet_bot_ws/install/jetson_topic_relay' for CMake config files
[1.703s] Level 1:colcon.colcon_core.environment:checking '/home/amadorjosephg/CA-Embedded-MiniProject/comet_bot_ws/install/jetson_topic_relay/lib'
[1.703s] Level 1:colcon.colcon_core.environment:checking '/home/amadorjosephg/CA-Embedded-MiniProject/comet_bot_ws/install/jetson_topic_relay/bin'
[1.703s] Level 1:colcon.colcon_core.environment:checking '/home/amadorjosephg/CA-Embedded-MiniProject/comet_bot_ws/install/jetson_topic_relay/lib/pkgconfig/jetson_topic_relay.pc'
[1.703s] Level 1:colcon.colcon_core.environment:checking '/home/amadorjosephg/CA-Embedded-MiniProject/comet_bot_ws/install/jetson_topic_relay/lib/python3.10/site-packages'
[1.703s] Level 1:colcon.colcon_core.shell:create_environment_hook('jetson_topic_relay', 'pythonpath')
[1.704s] INFO:colcon.colcon_core.shell:Creating environment hook '/home/amadorjosephg/CA-Embedded-MiniProject/comet_bot_ws/install/jetson_topic_relay/share/jetson_topic_relay/hook/pythonpath.ps1'
[1.705s] INFO:colcon.colcon_core.shell:Creating environment descriptor '/home/amadorjosephg/CA-Embedded-MiniProject/comet_bot_ws/install/jetson_topic_relay/share/jetson_topic_relay/hook/pythonpath.dsv'
[1.705s] INFO:colcon.colcon_core.shell:Creating environment hook '/home/amadorjosephg/CA-Embedded-MiniProject/comet_bot_ws/install/jetson_topic_relay/share/jetson_topic_relay/hook/pythonpath.sh'
[1.705s] Level 1:colcon.colcon_core.environment:checking '/home/amadorjosephg/CA-Embedded-MiniProject/comet_bot_ws/install/jetson_topic_relay/bin'
[1.707s] DEBUG:colcon.colcon_core.event_handler.log_command:Invoked command in '/home/amadorjosephg/CA-Embedded-MiniProject/comet_bot_ws/src/jetson_topic_relay' returned '0': PYTHONPATH=/home/amadorjosephg/CA-Embedded-MiniProject/comet_bot_ws/build/jetson_topic_relay/prefix_override:/usr/lib/python3/dist-packages/colcon_core/task/python/colcon_distutils_commands:/home/amadorjosephg/CA-Embedded-MiniProject/comet_bot_ws/install/jetson_topic_relay/lib/python3.10/site-packages:${PYTHONPATH} /usr/bin/python3 -W ignore:setup.py install is deprecated setup.py egg_info --egg-base ../../build/jetson_topic_relay build --build-base /home/amadorjosephg/CA-Embedded-MiniProject/comet_bot_ws/build/jetson_topic_relay/build install --record /home/amadorjosephg/CA-Embedded-MiniProject/comet_bot_ws/build/jetson_topic_relay/install.log --single-version-externally-managed install_data
[1.707s] Level 1:colcon.colcon_core.environment:create_environment_scripts_only(jetson_topic_relay)
[1.708s] INFO:colcon.colcon_core.shell:Creating package script '/home/amadorjosephg/CA-Embedded-MiniProject/comet_bot_ws/install/jetson_topic_relay/share/jetson_topic_relay/package.ps1'
[1.711s] INFO:colcon.colcon_core.shell:Creating package descriptor '/home/amadorjosephg/CA-Embedded-MiniProject/comet_bot_ws/install/jetson_topic_relay/share/jetson_topic_relay/package.dsv'
[1.719s] INFO:colcon.colcon_core.shell:Creating package script '/home/amadorjosephg/CA-Embedded-MiniProject/comet_bot_ws/install/jetson_topic_relay/share/jetson_topic_relay/package.sh'
[1.723s] INFO:colcon.colcon_core.shell:Creating package script '/home/amadorjosephg/CA-Embedded-MiniProject/comet_bot_ws/install/jetson_topic_relay/share/jetson_topic_relay/package.bash'
[1.726s] INFO:colcon.colcon_core.shell:Creating package script '/home/amadorjosephg/CA-Embedded-MiniProject/comet_bot_ws/install/jetson_topic_relay/share/jetson_topic_relay/package.zsh'
[1.728s] Level 1:colcon.colcon_core.environment:create_file_with_runtime_dependencies(/home/amadorjosephg/CA-Embedded-MiniProject/comet_bot_ws/install/jetson_topic_relay/share/colcon-core/packages/jetson_topic_relay)
[1.886s] Level 1:colcon.colcon_core.environment:checking '/home/amadorjosephg/CA-Embedded-MiniProject/comet_bot_ws/install/lunabot_control' for CMake module files
[1.886s] Level 1:colcon.colcon_core.environment:checking '/home/amadorjosephg/CA-Embedded-MiniProject/comet_bot_ws/install/lunabot_control' for CMake config files
[1.887s] Level 1:colcon.colcon_core.environment:checking '/home/amadorjosephg/CA-Embedded-MiniProject/comet_bot_ws/install/lunabot_control/lib'
[1.887s] Level 1:colcon.colcon_core.environment:checking '/home/amadorjosephg/CA-Embedded-MiniProject/comet_bot_ws/install/lunabot_control/bin'
[1.887s] Level 1:colcon.colcon_core.environment:checking '/home/amadorjosephg/CA-Embedded-MiniProject/comet_bot_ws/install/lunabot_control/lib/pkgconfig/lunabot_control.pc'
[1.887s] Level 1:colcon.colcon_core.environment:checking '/home/amadorjosephg/CA-Embedded-MiniProject/comet_bot_ws/install/lunabot_control/lib/python3.10/site-packages'
[1.887s] Level 1:colcon.colcon_core.shell:create_environment_hook('lunabot_control', 'pythonpath')
[1.887s] INFO:colcon.colcon_core.shell:Creating environment hook '/home/amadorjosephg/CA-Embedded-MiniProject/comet_bot_ws/install/lunabot_control/share/lunabot_control/hook/pythonpath.ps1'
[1.888s] INFO:colcon.colcon_core.shell:Creating environment descriptor '/home/amadorjosephg/CA-Embedded-MiniProject/comet_bot_ws/install/lunabot_control/share/lunabot_control/hook/pythonpath.dsv'
[1.888s] INFO:colcon.colcon_core.shell:Creating environment hook '/home/amadorjosephg/CA-Embedded-MiniProject/comet_bot_ws/install/lunabot_control/share/lunabot_control/hook/pythonpath.sh'
[1.889s] Level 1:colcon.colcon_core.environment:checking '/home/amadorjosephg/CA-Embedded-MiniProject/comet_bot_ws/install/lunabot_control/bin'
[1.889s] Level 1:colcon.colcon_core.environment:create_environment_scripts_only(lunabot_control)
[1.889s] INFO:colcon.colcon_core.shell:Creating package script '/home/amadorjosephg/CA-Embedded-MiniProject/comet_bot_ws/install/lunabot_control/share/lunabot_control/package.ps1'
[1.890s] INFO:colcon.colcon_core.shell:Creating package descriptor '/home/amadorjosephg/CA-Embedded-MiniProject/comet_bot_ws/install/lunabot_control/share/lunabot_control/package.dsv'
[1.891s] DEBUG:colcon.colcon_core.event_handler.log_command:Invoked command in '/home/amadorjosephg/CA-Embedded-MiniProject/comet_bot_ws/src/lunabot_control' returned '0': PYTHONPATH=/home/amadorjosephg/CA-Embedded-MiniProject/comet_bot_ws/build/lunabot_control/prefix_override:/usr/lib/python3/dist-packages/colcon_core/task/python/colcon_distutils_commands:/home/amadorjosephg/CA-Embedded-MiniProject/comet_bot_ws/install/lunabot_control/lib/python3.10/site-packages:${PYTHONPATH} /usr/bin/python3 -W ignore:setup.py install is deprecated setup.py egg_info --egg-base ../../build/lunabot_control build --build-base /home/amadorjosephg/CA-Embedded-MiniProject/comet_bot_ws/build/lunabot_control/build install --record /home/amadorjosephg/CA-Embedded-MiniProject/comet_bot_ws/build/lunabot_control/install.log --single-version-externally-managed install_data
[1.892s] INFO:colcon.colcon_core.shell:Creating package script '/home/amadorjosephg/CA-Embedded-MiniProject/comet_bot_ws/install/lunabot_control/share/lunabot_control/package.sh'
[1.893s] INFO:colcon.colcon_core.shell:Creating package script '/home/amadorjosephg/CA-Embedded-MiniProject/comet_bot_ws/install/lunabot_control/share/lunabot_control/package.bash'
[1.893s] INFO:colcon.colcon_core.shell:Creating package script '/home/amadorjosephg/CA-Embedded-MiniProject/comet_bot_ws/install/lunabot_control/share/lunabot_control/package.zsh'
[1.894s] Level 1:colcon.colcon_core.environment:create_file_with_runtime_dependencies(/home/amadorjosephg/CA-Embedded-MiniProject/comet_bot_ws/install/lunabot_control/share/colcon-core/packages/lunabot_control)
[3.703s] DEBUG:colcon.colcon_core.event_handler.log_command:Invoked command in '/home/amadorjosephg/CA-Embedded-MiniProject/comet_bot_ws/build/micro_ros_setup' returned '0': CMAKE_PREFIX_PATH=/opt/ros/humble /usr/bin/cmake /home/amadorjosephg/CA-Embedded-MiniProject/comet_bot_ws/src/micro_ros_setup -DCMAKE_INSTALL_PREFIX=/home/amadorjosephg/CA-Embedded-MiniProject/comet_bot_ws/install/micro_ros_setup
[3.705s] DEBUG:colcon.colcon_core.event_handler.log_command:Invoking command in '/home/amadorjosephg/CA-Embedded-MiniProject/comet_bot_ws/build/micro_ros_setup': CMAKE_PREFIX_PATH=/opt/ros/humble /usr/bin/cmake --build /home/amadorjosephg/CA-Embedded-MiniProject/comet_bot_ws/build/micro_ros_setup -- -j4 -l4
[3.770s] DEBUG:colcon.colcon_core.event_handler.log_command:Invoked command in '/home/amadorjosephg/CA-Embedded-MiniProject/comet_bot_ws/build/micro_ros_setup' returned '0': CMAKE_PREFIX_PATH=/opt/ros/humble /usr/bin/cmake --build /home/amadorjosephg/CA-Embedded-MiniProject/comet_bot_ws/build/micro_ros_setup -- -j4 -l4
[3.873s] DEBUG:colcon.colcon_core.event_handler.log_command:Invoking command in '/home/amadorjosephg/CA-Embedded-MiniProject/comet_bot_ws/build/micro_ros_setup': CMAKE_PREFIX_PATH=/opt/ros/humble /usr/bin/cmake --install /home/amadorjosephg/CA-Embedded-MiniProject/comet_bot_ws/build/micro_ros_setup
[3.956s] Level 1:colcon.colcon_core.environment:create_environment_scripts_only(micro_ros_setup)
[3.956s] Level 1:colcon.colcon_core.environment:checking '/home/amadorjosephg/CA-Embedded-MiniProject/comet_bot_ws/install/micro_ros_setup' for CMake module files
[3.957s] DEBUG:colcon.colcon_core.event_handler.log_command:Invoked command in '/home/amadorjosephg/CA-Embedded-MiniProject/comet_bot_ws/build/micro_ros_setup' returned '0': CMAKE_PREFIX_PATH=/opt/ros/humble /usr/bin/cmake --install /home/amadorjosephg/CA-Embedded-MiniProject/comet_bot_ws/build/micro_ros_setup
[3.958s] Level 1:colcon.colcon_core.environment:checking '/home/amadorjosephg/CA-Embedded-MiniProject/comet_bot_ws/install/micro_ros_setup' for CMake config files
[3.958s] Level 1:colcon.colcon_core.shell:create_environment_hook('micro_ros_setup', 'cmake_prefix_path')
[3.958s] INFO:colcon.colcon_core.shell:Creating environment hook '/home/amadorjosephg/CA-Embedded-MiniProject/comet_bot_ws/install/micro_ros_setup/share/micro_ros_setup/hook/cmake_prefix_path.ps1'
[3.958s] INFO:colcon.colcon_core.shell:Creating environment descriptor '/home/amadorjosephg/CA-Embedded-MiniProject/comet_bot_ws/install/micro_ros_setup/share/micro_ros_setup/hook/cmake_prefix_path.dsv'
[3.959s] INFO:colcon.colcon_core.shell:Creating environment hook '/home/amadorjosephg/CA-Embedded-MiniProject/comet_bot_ws/install/micro_ros_setup/share/micro_ros_setup/hook/cmake_prefix_path.sh'
[3.959s] Level 1:colcon.colcon_core.environment:checking '/home/amadorjosephg/CA-Embedded-MiniProject/comet_bot_ws/install/micro_ros_setup/lib'
[3.959s] Level 1:colcon.colcon_core.environment:checking '/home/amadorjosephg/CA-Embedded-MiniProject/comet_bot_ws/install/micro_ros_setup/bin'
[3.959s] Level 1:colcon.colcon_core.environment:checking '/home/amadorjosephg/CA-Embedded-MiniProject/comet_bot_ws/install/micro_ros_setup/lib/pkgconfig/micro_ros_setup.pc'
[3.959s] Level 1:colcon.colcon_core.environment:checking '/home/amadorjosephg/CA-Embedded-MiniProject/comet_bot_ws/install/micro_ros_setup/lib/python3.10/site-packages'
[3.959s] Level 1:colcon.colcon_core.environment:checking '/home/amadorjosephg/CA-Embedded-MiniProject/comet_bot_ws/install/micro_ros_setup/bin'
[3.960s] INFO:colcon.colcon_core.shell:Creating package script '/home/amadorjosephg/CA-Embedded-MiniProject/comet_bot_ws/install/micro_ros_setup/share/micro_ros_setup/package.ps1'
[3.960s] INFO:colcon.colcon_core.shell:Creating package descriptor '/home/amadorjosephg/CA-Embedded-MiniProject/comet_bot_ws/install/micro_ros_setup/share/micro_ros_setup/package.dsv'
[3.960s] INFO:colcon.colcon_core.shell:Creating package script '/home/amadorjosephg/CA-Embedded-MiniProject/comet_bot_ws/install/micro_ros_setup/share/micro_ros_setup/package.sh'
[3.961s] INFO:colcon.colcon_core.shell:Creating package script '/home/amadorjosephg/CA-Embedded-MiniProject/comet_bot_ws/install/micro_ros_setup/share/micro_ros_setup/package.bash'
[3.961s] INFO:colcon.colcon_core.shell:Creating package script '/home/amadorjosephg/CA-Embedded-MiniProject/comet_bot_ws/install/micro_ros_setup/share/micro_ros_setup/package.zsh'
[3.961s] Level 1:colcon.colcon_core.environment:create_file_with_runtime_dependencies(/home/amadorjosephg/CA-Embedded-MiniProject/comet_bot_ws/install/micro_ros_setup/share/colcon-core/packages/micro_ros_setup)
[4.002s] Level 1:colcon.colcon_core.environment:create_environment_scripts_only(micro_ros_setup)
[4.003s] Level 1:colcon.colcon_core.environment:checking '/home/amadorjosephg/CA-Embedded-MiniProject/comet_bot_ws/install/micro_ros_setup' for CMake module files
[4.003s] Level 1:colcon.colcon_core.environment:checking '/home/amadorjosephg/CA-Embedded-MiniProject/comet_bot_ws/install/micro_ros_setup' for CMake config files
[4.003s] Level 1:colcon.colcon_core.shell:create_environment_hook('micro_ros_setup', 'cmake_prefix_path')
[4.004s] INFO:colcon.colcon_core.shell:Creating environment hook '/home/amadorjosephg/CA-Embedded-MiniProject/comet_bot_ws/install/micro_ros_setup/share/micro_ros_setup/hook/cmake_prefix_path.ps1'
[4.004s] INFO:colcon.colcon_core.shell:Creating environment descriptor '/home/amadorjosephg/CA-Embedded-MiniProject/comet_bot_ws/install/micro_ros_setup/share/micro_ros_setup/hook/cmake_prefix_path.dsv'
[4.004s] INFO:colcon.colcon_core.shell:Creating environment hook '/home/amadorjosephg/CA-Embedded-MiniProject/comet_bot_ws/install/micro_ros_setup/share/micro_ros_setup/hook/cmake_prefix_path.sh'
[4.005s] Level 1:colcon.colcon_core.environment:checking '/home/amadorjosephg/CA-Embedded-MiniProject/comet_bot_ws/install/micro_ros_setup/lib'
[4.005s] Level 1:colcon.colcon_core.environment:checking '/home/amadorjosephg/CA-Embedded-MiniProject/comet_bot_ws/install/micro_ros_setup/bin'
[4.005s] Level 1:colcon.colcon_core.environment:checking '/home/amadorjosephg/CA-Embedded-MiniProject/comet_bot_ws/install/micro_ros_setup/lib/pkgconfig/micro_ros_setup.pc'
[4.005s] Level 1:colcon.colcon_core.environment:checking '/home/amadorjosephg/CA-Embedded-MiniProject/comet_bot_ws/install/micro_ros_setup/lib/python3.10/site-packages'
[4.005s] Level 1:colcon.colcon_core.environment:checking '/home/amadorjosephg/CA-Embedded-MiniProject/comet_bot_ws/install/micro_ros_setup/bin'
[4.006s] INFO:colcon.colcon_core.shell:Creating package script '/home/amadorjosephg/CA-Embedded-MiniProject/comet_bot_ws/install/micro_ros_setup/share/micro_ros_setup/package.ps1'
[4.006s] INFO:colcon.colcon_core.shell:Creating package descriptor '/home/amadorjosephg/CA-Embedded-MiniProject/comet_bot_ws/install/micro_ros_setup/share/micro_ros_setup/package.dsv'
[4.007s] INFO:colcon.colcon_core.shell:Creating package script '/home/amadorjosephg/CA-Embedded-MiniProject/comet_bot_ws/install/micro_ros_setup/share/micro_ros_setup/package.sh'
[4.007s] INFO:colcon.colcon_core.shell:Creating package script '/home/amadorjosephg/CA-Embedded-MiniProject/comet_bot_ws/install/micro_ros_setup/share/micro_ros_setup/package.bash'
[4.007s] INFO:colcon.colcon_core.shell:Creating package script '/home/amadorjosephg/CA-Embedded-MiniProject/comet_bot_ws/install/micro_ros_setup/share/micro_ros_setup/package.zsh'
[4.008s] Level 1:colcon.colcon_core.environment:create_file_with_runtime_dependencies(/home/amadorjosephg/CA-Embedded-MiniProject/comet_bot_ws/install/micro_ros_setup/share/colcon-core/packages/micro_ros_setup)
[4.009s] DEBUG:colcon.colcon_parallel_executor.executor.parallel:closing loop
[4.009s] DEBUG:colcon.colcon_parallel_executor.executor.parallel:loop closed
[4.009s] DEBUG:colcon.colcon_parallel_executor.executor.parallel:run_until_complete finished with '0'
[4.009s] DEBUG:colcon.colcon_core.event_reactor:joining thread
[4.019s] INFO:colcon.colcon_core.plugin_system:Skipping extension 'colcon_notification.desktop_notification.terminal_notifier': Not used on non-Darwin systems
[4.019s] INFO:colcon.colcon_core.plugin_system:Skipping extension 'colcon_notification.desktop_notification.win32': Not used on non-Windows systems
[4.019s] INFO:colcon.colcon_notification.desktop_notification:Sending desktop notification using 'notify2'
[4.049s] DEBUG:colcon.colcon_core.event_reactor:joined thread
[4.050s] INFO:colcon.colcon_core.shell:Creating prefix script '/home/amadorjosephg/CA-Embedded-MiniProject/comet_bot_ws/install/local_setup.ps1'
[4.051s] INFO:colcon.colcon_core.shell:Creating prefix util module '/home/amadorjosephg/CA-Embedded-MiniProject/comet_bot_ws/install/_local_setup_util_ps1.py'
[4.054s] INFO:colcon.colcon_core.shell:Creating prefix chain script '/home/amadorjosephg/CA-Embedded-MiniProject/comet_bot_ws/install/setup.ps1'
[4.055s] INFO:colcon.colcon_core.shell:Creating prefix script '/home/amadorjosephg/CA-Embedded-MiniProject/comet_bot_ws/install/local_setup.sh'
[4.056s] INFO:colcon.colcon_core.shell:Creating prefix util module '/home/amadorjosephg/CA-Embedded-MiniProject/comet_bot_ws/install/_local_setup_util_sh.py'
[4.057s] INFO:colcon.colcon_core.shell:Creating prefix chain script '/home/amadorjosephg/CA-Embedded-MiniProject/comet_bot_ws/install/setup.sh'
[4.058s] INFO:colcon.colcon_core.shell:Creating prefix script '/home/amadorjosephg/CA-Embedded-MiniProject/comet_bot_ws/install/local_setup.bash'
[4.059s] INFO:colcon.colcon_core.shell:Creating prefix chain script '/home/amadorjosephg/CA-Embedded-MiniProject/comet_bot_ws/install/setup.bash'
[4.060s] INFO:colcon.colcon_core.shell:Creating prefix script '/home/amadorjosephg/CA-Embedded-MiniProject/comet_bot_ws/install/local_setup.zsh'
[4.061s] INFO:colcon.colcon_core.shell:Creating prefix chain script '/home/amadorjosephg/CA-Embedded-MiniProject/comet_bot_ws/install/setup.zsh'
