running egg_info
creating ../../../../build/sensor_msgs_py/sensor_msgs_py.egg-info
writing ../../../../build/sensor_msgs_py/sensor_msgs_py.egg-info/PKG-INFO
writing dependency_links to ../../../../build/sensor_msgs_py/sensor_msgs_py.egg-info/dependency_links.txt
writing requirements to ../../../../build/sensor_msgs_py/sensor_msgs_py.egg-info/requires.txt
writing top-level names to ../../../../build/sensor_msgs_py/sensor_msgs_py.egg-info/top_level.txt
writing manifest file '../../../../build/sensor_msgs_py/sensor_msgs_py.egg-info/SOURCES.txt'
reading manifest file '../../../../build/sensor_msgs_py/sensor_msgs_py.egg-info/SOURCES.txt'
adding license file 'LICENSE'
writing manifest file '../../../../build/sensor_msgs_py/sensor_msgs_py.egg-info/SOURCES.txt'
running build
running build_py
creating /home/amadorjosephg/CA-Embedded-MiniProject/comet_bot_ws/build/sensor_msgs_py/build
creating /home/amadorjosephg/CA-Embedded-MiniProject/comet_bot_ws/build/sensor_msgs_py/build/lib
creating /home/amadorjosephg/CA-Embedded-MiniProject/comet_bot_ws/build/sensor_msgs_py/build/lib/sensor_msgs_py
copying sensor_msgs_py/point_cloud2.py -> /home/amadorjosephg/CA-Embedded-MiniProject/comet_bot_ws/build/sensor_msgs_py/build/lib/sensor_msgs_py
copying sensor_msgs_py/__init__.py -> /home/amadorjosephg/CA-Embedded-MiniProject/comet_bot_ws/build/sensor_msgs_py/build/lib/sensor_msgs_py
copying sensor_msgs_py/numpy_compat.py -> /home/amadorjosephg/CA-Embedded-MiniProject/comet_bot_ws/build/sensor_msgs_py/build/lib/sensor_msgs_py
running install
running install_lib
creating /home/amadorjosephg/CA-Embedded-MiniProject/comet_bot_ws/install/sensor_msgs_py/lib/python3.10/site-packages/sensor_msgs_py
copying /home/amadorjosephg/CA-Embedded-MiniProject/comet_bot_ws/build/sensor_msgs_py/build/lib/sensor_msgs_py/point_cloud2.py -> /home/amadorjosephg/CA-Embedded-MiniProject/comet_bot_ws/install/sensor_msgs_py/lib/python3.10/site-packages/sensor_msgs_py
copying /home/amadorjosephg/CA-Embedded-MiniProject/comet_bot_ws/build/sensor_msgs_py/build/lib/sensor_msgs_py/__init__.py -> /home/amadorjosephg/CA-Embedded-MiniProject/comet_bot_ws/install/sensor_msgs_py/lib/python3.10/site-packages/sensor_msgs_py
copying /home/amadorjosephg/CA-Embedded-MiniProject/comet_bot_ws/build/sensor_msgs_py/build/lib/sensor_msgs_py/numpy_compat.py -> /home/amadorjosephg/CA-Embedded-MiniProject/comet_bot_ws/install/sensor_msgs_py/lib/python3.10/site-packages/sensor_msgs_py
byte-compiling /home/amadorjosephg/CA-Embedded-MiniProject/comet_bot_ws/install/sensor_msgs_py/lib/python3.10/site-packages/sensor_msgs_py/point_cloud2.py to point_cloud2.cpython-310.pyc
byte-compiling /home/amadorjosephg/CA-Embedded-MiniProject/comet_bot_ws/install/sensor_msgs_py/lib/python3.10/site-packages/sensor_msgs_py/__init__.py to __init__.cpython-310.pyc
byte-compiling /home/amadorjosephg/CA-Embedded-MiniProject/comet_bot_ws/install/sensor_msgs_py/lib/python3.10/site-packages/sensor_msgs_py/numpy_compat.py to numpy_compat.cpython-310.pyc
running install_data
creating /home/amadorjosephg/CA-Embedded-MiniProject/comet_bot_ws/install/sensor_msgs_py/share/ament_index
creating /home/amadorjosephg/CA-Embedded-MiniProject/comet_bot_ws/install/sensor_msgs_py/share/ament_index/resource_index
creating /home/amadorjosephg/CA-Embedded-MiniProject/comet_bot_ws/install/sensor_msgs_py/share/ament_index/resource_index/packages
copying resource/sensor_msgs_py -> /home/amadorjosephg/CA-Embedded-MiniProject/comet_bot_ws/install/sensor_msgs_py/share/ament_index/resource_index/packages
copying package.xml -> /home/amadorjosephg/CA-Embedded-MiniProject/comet_bot_ws/install/sensor_msgs_py/share/sensor_msgs_py
running install_egg_info
Copying ../../../../build/sensor_msgs_py/sensor_msgs_py.egg-info to /home/amadorjosephg/CA-Embedded-MiniProject/comet_bot_ws/install/sensor_msgs_py/lib/python3.10/site-packages/sensor_msgs_py-4.2.4-py3.10.egg-info
running install_scripts
writing list of installed files to '/home/amadorjosephg/CA-Embedded-MiniProject/comet_bot_ws/build/sensor_msgs_py/install.log'
