[0.872s] Invoking command in '/home/amadorjosephg/CA-Embedded-MiniProject/comet_bot_ws/src/ros2/common_interfaces/sensor_msgs_py': AMENT_PREFIX_PATH=/home/amadorjosephg/CA-Embedded-MiniProject/comet_bot_ws/install/sensor_msgs:/home/amadorjosephg/CA-Embedded-MiniProject/comet_bot_ws/install/geometry_msgs:/home/amadorjosephg/CA-Embedded-MiniProject/comet_bot_ws/install/std_msgs:/home/amadorjosephg/CA-Embedded-MiniProject/comet_bot_ws/install/builtin_interfaces:${AMENT_PREFIX_PATH} CMAKE_PREFIX_PATH=/home/amadorjosephg/CA-Embedded-MiniProject/comet_bot_ws/install/sensor_msgs:/home/amadorjosephg/CA-Embedded-MiniProject/comet_bot_ws/install/geometry_msgs:/home/amadorjosephg/CA-Embedded-MiniProject/comet_bot_ws/install/std_msgs:/home/amadorjosephg/CA-Embedded-MiniProject/comet_bot_ws/install/builtin_interfaces:${CMAKE_PREFIX_PATH} LD_LIBRARY_PATH=/home/amadorjosephg/CA-Embedded-MiniProject/comet_bot_ws/install/sensor_msgs/lib:/home/amadorjosephg/CA-Embedded-MiniProject/comet_bot_ws/install/geometry_msgs/lib:/home/amadorjosephg/CA-Embedded-MiniProject/comet_bot_ws/install/std_msgs/lib:/home/amadorjosephg/CA-Embedded-MiniProject/comet_bot_ws/install/builtin_interfaces/lib:${LD_LIBRARY_PATH} PYTHONPATH=/home/amadorjosephg/CA-Embedded-MiniProject/comet_bot_ws/build/sensor_msgs_py/prefix_override:/usr/lib/python3/dist-packages/colcon_core/task/python/colcon_distutils_commands:/home/amadorjosephg/CA-Embedded-MiniProject/comet_bot_ws/install/sensor_msgs_py/lib/python3.10/site-packages:/home/amadorjosephg/CA-Embedded-MiniProject/comet_bot_ws/install/sensor_msgs/local/lib/python3.10/dist-packages:/home/amadorjosephg/CA-Embedded-MiniProject/comet_bot_ws/install/geometry_msgs/local/lib/python3.10/dist-packages:/home/amadorjosephg/CA-Embedded-MiniProject/comet_bot_ws/install/std_msgs/local/lib/python3.10/dist-packages:/home/amadorjosephg/CA-Embedded-MiniProject/comet_bot_ws/install/builtin_interfaces/local/lib/python3.10/dist-packages:${PYTHONPATH} /usr/bin/python3 -W ignore:setup.py install is deprecated setup.py egg_info --egg-base ../../../../build/sensor_msgs_py build --build-base /home/amadorjosephg/CA-Embedded-MiniProject/comet_bot_ws/build/sensor_msgs_py/build install --record /home/amadorjosephg/CA-Embedded-MiniProject/comet_bot_ws/build/sensor_msgs_py/install.log --single-version-externally-managed install_data
[1.195s] running egg_info
[1.196s] creating ../../../../build/sensor_msgs_py/sensor_msgs_py.egg-info
[1.196s] writing ../../../../build/sensor_msgs_py/sensor_msgs_py.egg-info/PKG-INFO
[1.197s] writing dependency_links to ../../../../build/sensor_msgs_py/sensor_msgs_py.egg-info/dependency_links.txt
[1.197s] writing requirements to ../../../../build/sensor_msgs_py/sensor_msgs_py.egg-info/requires.txt
[1.197s] writing top-level names to ../../../../build/sensor_msgs_py/sensor_msgs_py.egg-info/top_level.txt
[1.197s] writing manifest file '../../../../build/sensor_msgs_py/sensor_msgs_py.egg-info/SOURCES.txt'
[1.199s] reading manifest file '../../../../build/sensor_msgs_py/sensor_msgs_py.egg-info/SOURCES.txt'
[1.199s] adding license file 'LICENSE'
[1.200s] writing manifest file '../../../../build/sensor_msgs_py/sensor_msgs_py.egg-info/SOURCES.txt'
[1.200s] running build
[1.201s] running build_py
[1.201s] creating /home/amadorjosephg/CA-Embedded-MiniProject/comet_bot_ws/build/sensor_msgs_py/build
[1.201s] creating /home/amadorjosephg/CA-Embedded-MiniProject/comet_bot_ws/build/sensor_msgs_py/build/lib
[1.201s] creating /home/amadorjosephg/CA-Embedded-MiniProject/comet_bot_ws/build/sensor_msgs_py/build/lib/sensor_msgs_py
[1.201s] copying sensor_msgs_py/point_cloud2.py -> /home/amadorjosephg/CA-Embedded-MiniProject/comet_bot_ws/build/sensor_msgs_py/build/lib/sensor_msgs_py
[1.201s] copying sensor_msgs_py/__init__.py -> /home/amadorjosephg/CA-Embedded-MiniProject/comet_bot_ws/build/sensor_msgs_py/build/lib/sensor_msgs_py
[1.201s] copying sensor_msgs_py/numpy_compat.py -> /home/amadorjosephg/CA-Embedded-MiniProject/comet_bot_ws/build/sensor_msgs_py/build/lib/sensor_msgs_py
[1.202s] running install
[1.203s] running install_lib
[1.204s] creating /home/amadorjosephg/CA-Embedded-MiniProject/comet_bot_ws/install/sensor_msgs_py/lib/python3.10/site-packages/sensor_msgs_py
[1.204s] copying /home/amadorjosephg/CA-Embedded-MiniProject/comet_bot_ws/build/sensor_msgs_py/build/lib/sensor_msgs_py/point_cloud2.py -> /home/amadorjosephg/CA-Embedded-MiniProject/comet_bot_ws/install/sensor_msgs_py/lib/python3.10/site-packages/sensor_msgs_py
[1.204s] copying /home/amadorjosephg/CA-Embedded-MiniProject/comet_bot_ws/build/sensor_msgs_py/build/lib/sensor_msgs_py/__init__.py -> /home/amadorjosephg/CA-Embedded-MiniProject/comet_bot_ws/install/sensor_msgs_py/lib/python3.10/site-packages/sensor_msgs_py
[1.204s] copying /home/amadorjosephg/CA-Embedded-MiniProject/comet_bot_ws/build/sensor_msgs_py/build/lib/sensor_msgs_py/numpy_compat.py -> /home/amadorjosephg/CA-Embedded-MiniProject/comet_bot_ws/install/sensor_msgs_py/lib/python3.10/site-packages/sensor_msgs_py
[1.205s] byte-compiling /home/amadorjosephg/CA-Embedded-MiniProject/comet_bot_ws/install/sensor_msgs_py/lib/python3.10/site-packages/sensor_msgs_py/point_cloud2.py to point_cloud2.cpython-310.pyc
[1.206s] byte-compiling /home/amadorjosephg/CA-Embedded-MiniProject/comet_bot_ws/install/sensor_msgs_py/lib/python3.10/site-packages/sensor_msgs_py/__init__.py to __init__.cpython-310.pyc
[1.207s] byte-compiling /home/amadorjosephg/CA-Embedded-MiniProject/comet_bot_ws/install/sensor_msgs_py/lib/python3.10/site-packages/sensor_msgs_py/numpy_compat.py to numpy_compat.cpython-310.pyc
[1.207s] running install_data
[1.208s] creating /home/amadorjosephg/CA-Embedded-MiniProject/comet_bot_ws/install/sensor_msgs_py/share/ament_index
[1.208s] creating /home/amadorjosephg/CA-Embedded-MiniProject/comet_bot_ws/install/sensor_msgs_py/share/ament_index/resource_index
[1.208s] creating /home/amadorjosephg/CA-Embedded-MiniProject/comet_bot_ws/install/sensor_msgs_py/share/ament_index/resource_index/packages
[1.208s] copying resource/sensor_msgs_py -> /home/amadorjosephg/CA-Embedded-MiniProject/comet_bot_ws/install/sensor_msgs_py/share/ament_index/resource_index/packages
[1.208s] copying package.xml -> /home/amadorjosephg/CA-Embedded-MiniProject/comet_bot_ws/install/sensor_msgs_py/share/sensor_msgs_py
[1.208s] running install_egg_info
[1.210s] Copying ../../../../build/sensor_msgs_py/sensor_msgs_py.egg-info to /home/amadorjosephg/CA-Embedded-MiniProject/comet_bot_ws/install/sensor_msgs_py/lib/python3.10/site-packages/sensor_msgs_py-4.2.4-py3.10.egg-info
[1.210s] running install_scripts
[1.233s] writing list of installed files to '/home/amadorjosephg/CA-Embedded-MiniProject/comet_bot_ws/build/sensor_msgs_py/install.log'
[1.267s] Invoked command in '/home/amadorjosephg/CA-Embedded-MiniProject/comet_bot_ws/src/ros2/common_interfaces/sensor_msgs_py' returned '0': AMENT_PREFIX_PATH=/home/amadorjosephg/CA-Embedded-MiniProject/comet_bot_ws/install/sensor_msgs:/home/amadorjosephg/CA-Embedded-MiniProject/comet_bot_ws/install/geometry_msgs:/home/amadorjosephg/CA-Embedded-MiniProject/comet_bot_ws/install/std_msgs:/home/amadorjosephg/CA-Embedded-MiniProject/comet_bot_ws/install/builtin_interfaces:${AMENT_PREFIX_PATH} CMAKE_PREFIX_PATH=/home/amadorjosephg/CA-Embedded-MiniProject/comet_bot_ws/install/sensor_msgs:/home/amadorjosephg/CA-Embedded-MiniProject/comet_bot_ws/install/geometry_msgs:/home/amadorjosephg/CA-Embedded-MiniProject/comet_bot_ws/install/std_msgs:/home/amadorjosephg/CA-Embedded-MiniProject/comet_bot_ws/install/builtin_interfaces:${CMAKE_PREFIX_PATH} LD_LIBRARY_PATH=/home/amadorjosephg/CA-Embedded-MiniProject/comet_bot_ws/install/sensor_msgs/lib:/home/amadorjosephg/CA-Embedded-MiniProject/comet_bot_ws/install/geometry_msgs/lib:/home/amadorjosephg/CA-Embedded-MiniProject/comet_bot_ws/install/std_msgs/lib:/home/amadorjosephg/CA-Embedded-MiniProject/comet_bot_ws/install/builtin_interfaces/lib:${LD_LIBRARY_PATH} PYTHONPATH=/home/amadorjosephg/CA-Embedded-MiniProject/comet_bot_ws/build/sensor_msgs_py/prefix_override:/usr/lib/python3/dist-packages/colcon_core/task/python/colcon_distutils_commands:/home/amadorjosephg/CA-Embedded-MiniProject/comet_bot_ws/install/sensor_msgs_py/lib/python3.10/site-packages:/home/amadorjosephg/CA-Embedded-MiniProject/comet_bot_ws/install/sensor_msgs/local/lib/python3.10/dist-packages:/home/amadorjosephg/CA-Embedded-MiniProject/comet_bot_ws/install/geometry_msgs/local/lib/python3.10/dist-packages:/home/amadorjosephg/CA-Embedded-MiniProject/comet_bot_ws/install/std_msgs/local/lib/python3.10/dist-packages:/home/amadorjosephg/CA-Embedded-MiniProject/comet_bot_ws/install/builtin_interfaces/local/lib/python3.10/dist-packages:${PYTHONPATH} /usr/bin/python3 -W ignore:setup.py install is deprecated setup.py egg_info --egg-base ../../../../build/sensor_msgs_py build --build-base /home/amadorjosephg/CA-Embedded-MiniProject/comet_bot_ws/build/sensor_msgs_py/build install --record /home/amadorjosephg/CA-Embedded-MiniProject/comet_bot_ws/build/sensor_msgs_py/install.log --single-version-externally-managed install_data
