[0.785s] Invoking command in '/home/amadorjosephg/CA-Embedded-MiniProject/comet_bot_ws/src/lunabot_control': PYTHONPATH=/home/amadorjosephg/CA-Embedded-MiniProject/comet_bot_ws/build/lunabot_control/prefix_override:/usr/lib/python3/dist-packages/colcon_core/task/python/colcon_distutils_commands:/home/amadorjosephg/CA-Embedded-MiniProject/comet_bot_ws/install/lunabot_control/lib/python3.10/site-packages:${PYTHONPATH} /usr/bin/python3 -W ignore:setup.py install is deprecated setup.py egg_info --egg-base ../../build/lunabot_control build --build-base /home/amadorjosephg/CA-Embedded-MiniProject/comet_bot_ws/build/lunabot_control/build install --record /home/amadorjosephg/CA-Embedded-MiniProject/comet_bot_ws/build/lunabot_control/install.log --single-version-externally-managed install_data
[0.980s] running egg_info
[0.985s] writing ../../build/lunabot_control/lunabot_control.egg-info/PKG-INFO
[0.986s] writing dependency_links to ../../build/lunabot_control/lunabot_control.egg-info/dependency_links.txt
[0.986s] writing entry points to ../../build/lunabot_control/lunabot_control.egg-info/entry_points.txt
[0.986s] writing requirements to ../../build/lunabot_control/lunabot_control.egg-info/requires.txt
[0.986s] writing top-level names to ../../build/lunabot_control/lunabot_control.egg-info/top_level.txt
[0.988s] reading manifest file '../../build/lunabot_control/lunabot_control.egg-info/SOURCES.txt'
[0.988s] adding license file 'LICENSE'
[0.991s] writing manifest file '../../build/lunabot_control/lunabot_control.egg-info/SOURCES.txt'
[0.992s] running build
[0.992s] running build_py
[0.992s] running install
[0.992s] running install_lib
[0.994s] running install_data
[0.994s] running install_egg_info
[0.994s] removing '/home/amadorjosephg/CA-Embedded-MiniProject/comet_bot_ws/install/lunabot_control/lib/python3.10/site-packages/lunabot_control-0.0.1-py3.10.egg-info' (and everything under it)
[1.003s] Copying ../../build/lunabot_control/lunabot_control.egg-info to /home/amadorjosephg/CA-Embedded-MiniProject/comet_bot_ws/install/lunabot_control/lib/python3.10/site-packages/lunabot_control-0.0.1-py3.10.egg-info
[1.003s] running install_scripts
[1.012s] Installing teleop_publisher script to /home/amadorjosephg/CA-Embedded-MiniProject/comet_bot_ws/install/lunabot_control/lib/lunabot_control
[1.016s] writing list of installed files to '/home/amadorjosephg/CA-Embedded-MiniProject/comet_bot_ws/build/lunabot_control/install.log'
[1.040s] Invoked command in '/home/amadorjosephg/CA-Embedded-MiniProject/comet_bot_ws/src/lunabot_control' returned '0': PYTHONPATH=/home/amadorjosephg/CA-Embedded-MiniProject/comet_bot_ws/build/lunabot_control/prefix_override:/usr/lib/python3/dist-packages/colcon_core/task/python/colcon_distutils_commands:/home/amadorjosephg/CA-Embedded-MiniProject/comet_bot_ws/install/lunabot_control/lib/python3.10/site-packages:${PYTHONPATH} /usr/bin/python3 -W ignore:setup.py install is deprecated setup.py egg_info --egg-base ../../build/lunabot_control build --build-base /home/amadorjosephg/CA-Embedded-MiniProject/comet_bot_ws/build/lunabot_control/build install --record /home/amadorjosephg/CA-Embedded-MiniProject/comet_bot_ws/build/lunabot_control/install.log --single-version-externally-managed install_data
