-- Configuring done
-- Generating done
-- Build files have been written to: /home/amadorjosephg/CA-Embedded-MiniProject/comet_bot_ws/build/microcdr
[35m[1mConsolidate compiler generated dependencies of target microcdr[0m
[ 16%] [32mBuilding C object CMakeFiles/microcdr.dir/src/c/types/basic.c.o[0m
[ 33%] [32mBuilding C object CMakeFiles/microcdr.dir/src/c/common.c.o[0m
[ 50%] [32mBuilding C object CMakeFiles/microcdr.dir/src/c/types/string.c.o[0m
[ 66%] [32mBuilding C object CMakeFiles/microcdr.dir/src/c/types/array.c.o[0m
[ 83%] [32mBuilding C object CMakeFiles/microcdr.dir/src/c/types/sequence.c.o[0m
[100%] [32m[1mLinking C shared library libmicrocdr.so[0m
[100%] Built target microcdr
-- Install configuration: "Release"
-- Installing: /home/amadorjosephg/CA-Embedded-MiniProject/comet_bot_ws/install/microcdr/lib/libmicrocdr.so.2.0.1
-- Up-to-date: /home/amadorjosephg/CA-Embedded-MiniProject/comet_bot_ws/install/microcdr/lib/libmicrocdr.so.2.0
-- Up-to-date: /home/amadorjosephg/CA-Embedded-MiniProject/comet_bot_ws/install/microcdr/lib/libmicrocdr.so
-- Up-to-date: /home/amadorjosephg/CA-Embedded-MiniProject/comet_bot_ws/install/microcdr/include/ucdr
-- Installing: /home/amadorjosephg/CA-Embedded-MiniProject/comet_bot_ws/install/microcdr/include/ucdr/microcdr.h
-- Installing: /home/amadorjosephg/CA-Embedded-MiniProject/comet_bot_ws/install/microcdr/include/ucdr/visibility.h
-- Installing: /home/amadorjosephg/CA-Embedded-MiniProject/comet_bot_ws/install/microcdr/include/ucdr/config.h
-- Installing: /home/amadorjosephg/CA-Embedded-MiniProject/comet_bot_ws/install/microcdr/share/microcdr/cmake/microcdrTargets.cmake
-- Installing: /home/amadorjosephg/CA-Embedded-MiniProject/comet_bot_ws/install/microcdr/share/microcdr/cmake/microcdrTargets-release.cmake
-- Installing: /home/amadorjosephg/CA-Embedded-MiniProject/comet_bot_ws/install/microcdr/share/microcdr/cmake/microcdrConfig.cmake
-- Installing: /home/amadorjosephg/CA-Embedded-MiniProject/comet_bot_ws/install/microcdr/share/microcdr/cmake/microcdrConfigVersion.cmake
