[0.080s] Invoking command in '/home/amadorjosephg/CA-Embedded-MiniProject/comet_bot_ws/build/microcdr': /usr/bin/cmake /home/amadorjosephg/CA-Embedded-MiniProject/comet_bot_ws/src/eProsima/Micro-CDR -DUCDR_ISOLATED_INSTALL=OFF -DCMAKE_INSTALL_PREFIX=/home/amadorjosephg/CA-Embedded-MiniProject/comet_bot_ws/install/microcdr
[0.169s] -- Configuring done
[0.203s] -- Generating done
[0.204s] -- Build files have been written to: /home/amadorjosephg/CA-Embedded-MiniProject/comet_bot_ws/build/microcdr
[0.211s] Invoked command in '/home/amadorjosephg/CA-Embedded-MiniProject/comet_bot_ws/build/microcdr' returned '0': /usr/bin/cmake /home/amadorjosephg/CA-Embedded-MiniProject/comet_bot_ws/src/eProsima/Micro-CDR -DUCDR_ISOLATED_INSTALL=OFF -DCMAKE_INSTALL_PREFIX=/home/amadorjosephg/CA-Embedded-MiniProject/comet_bot_ws/install/microcdr
[0.211s] Invoking command in '/home/amadorjosephg/CA-Embedded-MiniProject/comet_bot_ws/build/microcdr': /usr/bin/cmake --build /home/amadorjosephg/CA-Embedded-MiniProject/comet_bot_ws/build/microcdr -- -j4 -l4
[0.380s] [35m[1mConsolidate compiler generated dependencies of target microcdr[0m
[0.429s] [ 16%] [32mBuilding C object CMakeFiles/microcdr.dir/src/c/types/basic.c.o[0m
[0.447s] [ 33%] [32mBuilding C object CMakeFiles/microcdr.dir/src/c/common.c.o[0m
[0.451s] [ 50%] [32mBuilding C object CMakeFiles/microcdr.dir/src/c/types/string.c.o[0m
[0.656s] [ 66%] [32mBuilding C object CMakeFiles/microcdr.dir/src/c/types/array.c.o[0m
[0.683s] [ 83%] [32mBuilding C object CMakeFiles/microcdr.dir/src/c/types/sequence.c.o[0m
[1.097s] [100%] [32m[1mLinking C shared library libmicrocdr.so[0m
[1.235s] [100%] Built target microcdr
[1.267s] Invoked command in '/home/amadorjosephg/CA-Embedded-MiniProject/comet_bot_ws/build/microcdr' returned '0': /usr/bin/cmake --build /home/amadorjosephg/CA-Embedded-MiniProject/comet_bot_ws/build/microcdr -- -j4 -l4
[1.372s] Invoking command in '/home/amadorjosephg/CA-Embedded-MiniProject/comet_bot_ws/build/microcdr': /usr/bin/cmake --install /home/amadorjosephg/CA-Embedded-MiniProject/comet_bot_ws/build/microcdr
[1.383s] -- Install configuration: "Release"
[1.386s] -- Installing: /home/amadorjosephg/CA-Embedded-MiniProject/comet_bot_ws/install/microcdr/lib/libmicrocdr.so.2.0.1
[1.391s] -- Up-to-date: /home/amadorjosephg/CA-Embedded-MiniProject/comet_bot_ws/install/microcdr/lib/libmicrocdr.so.2.0
[1.391s] -- Up-to-date: /home/amadorjosephg/CA-Embedded-MiniProject/comet_bot_ws/install/microcdr/lib/libmicrocdr.so
[1.391s] -- Up-to-date: /home/amadorjosephg/CA-Embedded-MiniProject/comet_bot_ws/install/microcdr/include/ucdr
[1.391s] -- Installing: /home/amadorjosephg/CA-Embedded-MiniProject/comet_bot_ws/install/microcdr/include/ucdr/microcdr.h
[1.392s] -- Installing: /home/amadorjosephg/CA-Embedded-MiniProject/comet_bot_ws/install/microcdr/include/ucdr/visibility.h
[1.393s] -- Installing: /home/amadorjosephg/CA-Embedded-MiniProject/comet_bot_ws/install/microcdr/include/ucdr/config.h
[1.394s] -- Installing: /home/amadorjosephg/CA-Embedded-MiniProject/comet_bot_ws/install/microcdr/share/microcdr/cmake/microcdrTargets.cmake
[1.395s] -- Installing: /home/amadorjosephg/CA-Embedded-MiniProject/comet_bot_ws/install/microcdr/share/microcdr/cmake/microcdrTargets-release.cmake
[1.395s] -- Installing: /home/amadorjosephg/CA-Embedded-MiniProject/comet_bot_ws/install/microcdr/share/microcdr/cmake/microcdrConfig.cmake
[1.395s] -- Installing: /home/amadorjosephg/CA-Embedded-MiniProject/comet_bot_ws/install/microcdr/share/microcdr/cmake/microcdrConfigVersion.cmake
[1.400s] Invoked command in '/home/amadorjosephg/CA-Embedded-MiniProject/comet_bot_ws/build/microcdr' returned '0': /usr/bin/cmake --install /home/amadorjosephg/CA-Embedded-MiniProject/comet_bot_ws/build/microcdr
