[0.809s] Invoking command in '/home/amadorjosephg/CA-Embedded-MiniProject/comet_bot_ws/src/jetson_topic_relay': PYTHONPATH=/home/amadorjosephg/CA-Embedded-MiniProject/comet_bot_ws/build/jetson_topic_relay/prefix_override:/usr/lib/python3/dist-packages/colcon_core/task/python/colcon_distutils_commands:/home/amadorjosephg/CA-Embedded-MiniProject/comet_bot_ws/install/jetson_topic_relay/lib/python3.10/site-packages:${PYTHONPATH} /usr/bin/python3 -W ignore:setup.py install is deprecated setup.py egg_info --egg-base ../../build/jetson_topic_relay build --build-base /home/amadorjosephg/CA-Embedded-MiniProject/comet_bot_ws/build/jetson_topic_relay/build install --record /home/amadorjosephg/CA-Embedded-MiniProject/comet_bot_ws/build/jetson_topic_relay/install.log --single-version-externally-managed install_data
[1.017s] running egg_info
[1.017s] creating ../../build/jetson_topic_relay/jetson_topic_relay.egg-info
[1.017s] writing ../../build/jetson_topic_relay/jetson_topic_relay.egg-info/PKG-INFO
[1.017s] writing dependency_links to ../../build/jetson_topic_relay/jetson_topic_relay.egg-info/dependency_links.txt
[1.018s] writing entry points to ../../build/jetson_topic_relay/jetson_topic_relay.egg-info/entry_points.txt
[1.018s] writing requirements to ../../build/jetson_topic_relay/jetson_topic_relay.egg-info/requires.txt
[1.018s] writing top-level names to ../../build/jetson_topic_relay/jetson_topic_relay.egg-info/top_level.txt
[1.018s] writing manifest file '../../build/jetson_topic_relay/jetson_topic_relay.egg-info/SOURCES.txt'
[1.020s] reading manifest file '../../build/jetson_topic_relay/jetson_topic_relay.egg-info/SOURCES.txt'
[1.020s] adding license file 'LICENSE'
[1.020s] writing manifest file '../../build/jetson_topic_relay/jetson_topic_relay.egg-info/SOURCES.txt'
[1.021s] running build
[1.021s] running build_py
[1.022s] creating /home/amadorjosephg/CA-Embedded-MiniProject/comet_bot_ws/build/jetson_topic_relay/build
[1.022s] creating /home/amadorjosephg/CA-Embedded-MiniProject/comet_bot_ws/build/jetson_topic_relay/build/lib
[1.022s] creating /home/amadorjosephg/CA-Embedded-MiniProject/comet_bot_ws/build/jetson_topic_relay/build/lib/jetson_topic_relay
[1.022s] copying jetson_topic_relay/__init__.py -> /home/amadorjosephg/CA-Embedded-MiniProject/comet_bot_ws/build/jetson_topic_relay/build/lib/jetson_topic_relay
[1.022s] copying jetson_topic_relay/relay_node.py -> /home/amadorjosephg/CA-Embedded-MiniProject/comet_bot_ws/build/jetson_topic_relay/build/lib/jetson_topic_relay
[1.022s] running install
[1.022s] running install_lib
[1.023s] creating /home/amadorjosephg/CA-Embedded-MiniProject/comet_bot_ws/install/jetson_topic_relay/lib/python3.10/site-packages/jetson_topic_relay
[1.023s] copying /home/amadorjosephg/CA-Embedded-MiniProject/comet_bot_ws/build/jetson_topic_relay/build/lib/jetson_topic_relay/__init__.py -> /home/amadorjosephg/CA-Embedded-MiniProject/comet_bot_ws/install/jetson_topic_relay/lib/python3.10/site-packages/jetson_topic_relay
[1.023s] copying /home/amadorjosephg/CA-Embedded-MiniProject/comet_bot_ws/build/jetson_topic_relay/build/lib/jetson_topic_relay/relay_node.py -> /home/amadorjosephg/CA-Embedded-MiniProject/comet_bot_ws/install/jetson_topic_relay/lib/python3.10/site-packages/jetson_topic_relay
[1.023s] byte-compiling /home/amadorjosephg/CA-Embedded-MiniProject/comet_bot_ws/install/jetson_topic_relay/lib/python3.10/site-packages/jetson_topic_relay/__init__.py to __init__.cpython-310.pyc
[1.023s] byte-compiling /home/amadorjosephg/CA-Embedded-MiniProject/comet_bot_ws/install/jetson_topic_relay/lib/python3.10/site-packages/jetson_topic_relay/relay_node.py to relay_node.cpython-310.pyc
[1.024s] running install_data
[1.024s] creating /home/amadorjosephg/CA-Embedded-MiniProject/comet_bot_ws/install/jetson_topic_relay/share/ament_index
[1.024s] creating /home/amadorjosephg/CA-Embedded-MiniProject/comet_bot_ws/install/jetson_topic_relay/share/ament_index/resource_index
[1.024s] creating /home/amadorjosephg/CA-Embedded-MiniProject/comet_bot_ws/install/jetson_topic_relay/share/ament_index/resource_index/packages
[1.024s] copying resource/jetson_topic_relay -> /home/amadorjosephg/CA-Embedded-MiniProject/comet_bot_ws/install/jetson_topic_relay/share/ament_index/resource_index/packages
[1.025s] copying package.xml -> /home/amadorjosephg/CA-Embedded-MiniProject/comet_bot_ws/install/jetson_topic_relay/share/jetson_topic_relay
[1.025s] running install_egg_info
[1.026s] Copying ../../build/jetson_topic_relay/jetson_topic_relay.egg-info to /home/amadorjosephg/CA-Embedded-MiniProject/comet_bot_ws/install/jetson_topic_relay/lib/python3.10/site-packages/jetson_topic_relay-0.0.0-py3.10.egg-info
[1.026s] running install_scripts
[1.061s] Installing relay_node script to /home/amadorjosephg/CA-Embedded-MiniProject/comet_bot_ws/install/jetson_topic_relay/lib/jetson_topic_relay
[1.062s] writing list of installed files to '/home/amadorjosephg/CA-Embedded-MiniProject/comet_bot_ws/build/jetson_topic_relay/install.log'
[1.092s] Invoked command in '/home/amadorjosephg/CA-Embedded-MiniProject/comet_bot_ws/src/jetson_topic_relay' returned '0': PYTHONPATH=/home/amadorjosephg/CA-Embedded-MiniProject/comet_bot_ws/build/jetson_topic_relay/prefix_override:/usr/lib/python3/dist-packages/colcon_core/task/python/colcon_distutils_commands:/home/amadorjosephg/CA-Embedded-MiniProject/comet_bot_ws/install/jetson_topic_relay/lib/python3.10/site-packages:${PYTHONPATH} /usr/bin/python3 -W ignore:setup.py install is deprecated setup.py egg_info --egg-base ../../build/jetson_topic_relay build --build-base /home/amadorjosephg/CA-Embedded-MiniProject/comet_bot_ws/build/jetson_topic_relay/build install --record /home/amadorjosephg/CA-Embedded-MiniProject/comet_bot_ws/build/jetson_topic_relay/install.log --single-version-externally-managed install_data
