[0.098s] Invoking command in '/home/amadorjosephg/CA-Embedded-MiniProject/comet_bot_ws/build/rosidl_typesupport_microxrcedds_cpp': CMAKE_PREFIX_PATH=/home/amadorjosephg/CA-Embedded-MiniProject/comet_bot_ws/install/rosidl_typesupport_microxrcedds_c:/home/amadorjosephg/CA-Embedded-MiniProject/comet_bot_ws/install/microcdr:/home/amadorjosephg/CA-Embedded-MiniProject/comet_bot_ws/install/rosidl_typesupport_microxrcedds_cpp:/home/amadorjosephg/CA-Embedded-MiniProject/comet_bot_ws/install/micro_ros_setup:/home/amadorjosephg/CA-Embedded-MiniProject/comet_bot_ws/install/micro_ros_agent:/home/amadorjosephg/CA-Embedded-MiniProject/comet_bot_ws/install/micro_ros_msgs:/home/amadorjosephg/CA-Embedded-MiniProject/comet_bot_ws/install/lunabot_control:/home/amadorjosephg/CA-Embedded-MiniProject/comet_bot_ws/install/jetson_topic_relay:/opt/ros/humble LD_LIBRARY_PATH=/home/amadorjosephg/CA-Embedded-MiniProject/comet_bot_ws/install/rosidl_typesupport_microxrcedds_c/lib:/home/amadorjosephg/CA-Embedded-MiniProject/comet_bot_ws/install/microcdr/lib:/home/amadorjosephg/CA-Embedded-MiniProject/comet_bot_ws/install/rosidl_typesupport_microxrcedds_cpp/lib:/home/amadorjosephg/CA-Embedded-MiniProject/comet_bot_ws/install/micro_ros_agent/lib:/home/amadorjosephg/CA-Embedded-MiniProject/comet_bot_ws/install/micro_ros_msgs/lib:/opt/ros/humble/opt/rviz_ogre_vendor/lib:/opt/ros/humble/lib/x86_64-linux-gnu:/opt/ros/humble/lib /usr/bin/cmake --build /home/amadorjosephg/CA-Embedded-MiniProject/comet_bot_ws/build/rosidl_typesupport_microxrcedds_cpp -- -j4 -l4
[0.334s] [35m[1mConsolidate compiler generated dependencies of target rosidl_typesupport_microxrcedds_cpp[0m
[0.626s] [  0%] Built target ament_cmake_python_copy_rosidl_typesupport_microxrcedds_cpp
[0.639s] [100%] Built target rosidl_typesupport_microxrcedds_cpp
[1.292s] running egg_info
[1.292s] writing rosidl_typesupport_microxrcedds_cpp.egg-info/PKG-INFO
[1.393s] writing dependency_links to rosidl_typesupport_microxrcedds_cpp.egg-info/dependency_links.txt
[1.394s] writing top-level names to rosidl_typesupport_microxrcedds_cpp.egg-info/top_level.txt
[1.397s] reading manifest file 'rosidl_typesupport_microxrcedds_cpp.egg-info/SOURCES.txt'
[1.398s] writing manifest file 'rosidl_typesupport_microxrcedds_cpp.egg-info/SOURCES.txt'
[1.454s] [100%] Built target ament_cmake_python_build_rosidl_typesupport_microxrcedds_cpp_egg
[1.470s] Invoked command in '/home/amadorjosephg/CA-Embedded-MiniProject/comet_bot_ws/build/rosidl_typesupport_microxrcedds_cpp' returned '0': CMAKE_PREFIX_PATH=/home/amadorjosephg/CA-Embedded-MiniProject/comet_bot_ws/install/rosidl_typesupport_microxrcedds_c:/home/amadorjosephg/CA-Embedded-MiniProject/comet_bot_ws/install/microcdr:/home/amadorjosephg/CA-Embedded-MiniProject/comet_bot_ws/install/rosidl_typesupport_microxrcedds_cpp:/home/amadorjosephg/CA-Embedded-MiniProject/comet_bot_ws/install/micro_ros_setup:/home/amadorjosephg/CA-Embedded-MiniProject/comet_bot_ws/install/micro_ros_agent:/home/amadorjosephg/CA-Embedded-MiniProject/comet_bot_ws/install/micro_ros_msgs:/home/amadorjosephg/CA-Embedded-MiniProject/comet_bot_ws/install/lunabot_control:/home/amadorjosephg/CA-Embedded-MiniProject/comet_bot_ws/install/jetson_topic_relay:/opt/ros/humble LD_LIBRARY_PATH=/home/amadorjosephg/CA-Embedded-MiniProject/comet_bot_ws/install/rosidl_typesupport_microxrcedds_c/lib:/home/amadorjosephg/CA-Embedded-MiniProject/comet_bot_ws/install/microcdr/lib:/home/amadorjosephg/CA-Embedded-MiniProject/comet_bot_ws/install/rosidl_typesupport_microxrcedds_cpp/lib:/home/amadorjosephg/CA-Embedded-MiniProject/comet_bot_ws/install/micro_ros_agent/lib:/home/amadorjosephg/CA-Embedded-MiniProject/comet_bot_ws/install/micro_ros_msgs/lib:/opt/ros/humble/opt/rviz_ogre_vendor/lib:/opt/ros/humble/lib/x86_64-linux-gnu:/opt/ros/humble/lib /usr/bin/cmake --build /home/amadorjosephg/CA-Embedded-MiniProject/comet_bot_ws/build/rosidl_typesupport_microxrcedds_cpp -- -j4 -l4
[1.806s] Invoking command in '/home/amadorjosephg/CA-Embedded-MiniProject/comet_bot_ws/build/rosidl_typesupport_microxrcedds_cpp': CMAKE_PREFIX_PATH=/home/amadorjosephg/CA-Embedded-MiniProject/comet_bot_ws/install/rosidl_typesupport_microxrcedds_c:/home/amadorjosephg/CA-Embedded-MiniProject/comet_bot_ws/install/microcdr:/home/amadorjosephg/CA-Embedded-MiniProject/comet_bot_ws/install/rosidl_typesupport_microxrcedds_cpp:/home/amadorjosephg/CA-Embedded-MiniProject/comet_bot_ws/install/micro_ros_setup:/home/amadorjosephg/CA-Embedded-MiniProject/comet_bot_ws/install/micro_ros_agent:/home/amadorjosephg/CA-Embedded-MiniProject/comet_bot_ws/install/micro_ros_msgs:/home/amadorjosephg/CA-Embedded-MiniProject/comet_bot_ws/install/lunabot_control:/home/amadorjosephg/CA-Embedded-MiniProject/comet_bot_ws/install/jetson_topic_relay:/opt/ros/humble LD_LIBRARY_PATH=/home/amadorjosephg/CA-Embedded-MiniProject/comet_bot_ws/install/rosidl_typesupport_microxrcedds_c/lib:/home/amadorjosephg/CA-Embedded-MiniProject/comet_bot_ws/install/microcdr/lib:/home/amadorjosephg/CA-Embedded-MiniProject/comet_bot_ws/install/rosidl_typesupport_microxrcedds_cpp/lib:/home/amadorjosephg/CA-Embedded-MiniProject/comet_bot_ws/install/micro_ros_agent/lib:/home/amadorjosephg/CA-Embedded-MiniProject/comet_bot_ws/install/micro_ros_msgs/lib:/opt/ros/humble/opt/rviz_ogre_vendor/lib:/opt/ros/humble/lib/x86_64-linux-gnu:/opt/ros/humble/lib /usr/bin/cmake --install /home/amadorjosephg/CA-Embedded-MiniProject/comet_bot_ws/build/rosidl_typesupport_microxrcedds_cpp
[1.823s] -- Install configuration: ""
[1.823s] -- Up-to-date: /home/amadorjosephg/CA-Embedded-MiniProject/comet_bot_ws/install/rosidl_typesupport_microxrcedds_cpp/share/rosidl_typesupport_microxrcedds_cpp/environment/pythonpath.sh
[1.823s] -- Up-to-date: /home/amadorjosephg/CA-Embedded-MiniProject/comet_bot_ws/install/rosidl_typesupport_microxrcedds_cpp/share/rosidl_typesupport_microxrcedds_cpp/environment/pythonpath.dsv
[1.823s] -- Up-to-date: /home/amadorjosephg/CA-Embedded-MiniProject/comet_bot_ws/install/rosidl_typesupport_microxrcedds_cpp/local/lib/python3.10/dist-packages/rosidl_typesupport_microxrcedds_cpp-3.0.1-py3.10.egg-info
[1.823s] -- Installing: /home/amadorjosephg/CA-Embedded-MiniProject/comet_bot_ws/install/rosidl_typesupport_microxrcedds_cpp/local/lib/python3.10/dist-packages/rosidl_typesupport_microxrcedds_cpp-3.0.1-py3.10.egg-info/PKG-INFO
[1.823s] -- Installing: /home/amadorjosephg/CA-Embedded-MiniProject/comet_bot_ws/install/rosidl_typesupport_microxrcedds_cpp/local/lib/python3.10/dist-packages/rosidl_typesupport_microxrcedds_cpp-3.0.1-py3.10.egg-info/dependency_links.txt
[1.851s] -- Installing: /home/amadorjosephg/CA-Embedded-MiniProject/comet_bot_ws/install/rosidl_typesupport_microxrcedds_cpp/local/lib/python3.10/dist-packages/rosidl_typesupport_microxrcedds_cpp-3.0.1-py3.10.egg-info/top_level.txt
[1.851s] -- Installing: /home/amadorjosephg/CA-Embedded-MiniProject/comet_bot_ws/install/rosidl_typesupport_microxrcedds_cpp/local/lib/python3.10/dist-packages/rosidl_typesupport_microxrcedds_cpp-3.0.1-py3.10.egg-info/SOURCES.txt
[1.851s] -- Up-to-date: /home/amadorjosephg/CA-Embedded-MiniProject/comet_bot_ws/install/rosidl_typesupport_microxrcedds_cpp/local/lib/python3.10/dist-packages/rosidl_typesupport_microxrcedds_cpp
[1.851s] -- Up-to-date: /home/amadorjosephg/CA-Embedded-MiniProject/comet_bot_ws/install/rosidl_typesupport_microxrcedds_cpp/local/lib/python3.10/dist-packages/rosidl_typesupport_microxrcedds_cpp/__init__.py
[1.902s] Listing '/home/amadorjosephg/CA-Embedded-MiniProject/comet_bot_ws/install/rosidl_typesupport_microxrcedds_cpp/local/lib/python3.10/dist-packages/rosidl_typesupport_microxrcedds_cpp'...
[1.910s] -- Up-to-date: /home/amadorjosephg/CA-Embedded-MiniProject/comet_bot_ws/install/rosidl_typesupport_microxrcedds_cpp/share/rosidl_typesupport_microxrcedds_cpp/environment/library_path.sh
[1.910s] -- Up-to-date: /home/amadorjosephg/CA-Embedded-MiniProject/comet_bot_ws/install/rosidl_typesupport_microxrcedds_cpp/share/rosidl_typesupport_microxrcedds_cpp/environment/library_path.dsv
[1.910s] -- Up-to-date: /home/amadorjosephg/CA-Embedded-MiniProject/comet_bot_ws/install/rosidl_typesupport_microxrcedds_cpp/share/ament_index/resource_index/rosidl_typesupport_cpp/rosidl_typesupport_microxrcedds_cpp
[1.910s] -- Up-to-date: /home/amadorjosephg/CA-Embedded-MiniProject/comet_bot_ws/install/rosidl_typesupport_microxrcedds_cpp/share/ament_index/resource_index/package_run_dependencies/rosidl_typesupport_microxrcedds_cpp
[1.910s] -- Up-to-date: /home/amadorjosephg/CA-Embedded-MiniProject/comet_bot_ws/install/rosidl_typesupport_microxrcedds_cpp/share/ament_index/resource_index/parent_prefix_path/rosidl_typesupport_microxrcedds_cpp
[1.910s] -- Up-to-date: /home/amadorjosephg/CA-Embedded-MiniProject/comet_bot_ws/install/rosidl_typesupport_microxrcedds_cpp/share/rosidl_typesupport_microxrcedds_cpp/environment/ament_prefix_path.sh
[1.910s] -- Up-to-date: /home/amadorjosephg/CA-Embedded-MiniProject/comet_bot_ws/install/rosidl_typesupport_microxrcedds_cpp/share/rosidl_typesupport_microxrcedds_cpp/environment/ament_prefix_path.dsv
[1.910s] -- Up-to-date: /home/amadorjosephg/CA-Embedded-MiniProject/comet_bot_ws/install/rosidl_typesupport_microxrcedds_cpp/share/rosidl_typesupport_microxrcedds_cpp/environment/path.sh
[1.910s] -- Up-to-date: /home/amadorjosephg/CA-Embedded-MiniProject/comet_bot_ws/install/rosidl_typesupport_microxrcedds_cpp/share/rosidl_typesupport_microxrcedds_cpp/environment/path.dsv
[1.910s] -- Up-to-date: /home/amadorjosephg/CA-Embedded-MiniProject/comet_bot_ws/install/rosidl_typesupport_microxrcedds_cpp/share/rosidl_typesupport_microxrcedds_cpp/local_setup.bash
[1.910s] -- Up-to-date: /home/amadorjosephg/CA-Embedded-MiniProject/comet_bot_ws/install/rosidl_typesupport_microxrcedds_cpp/share/rosidl_typesupport_microxrcedds_cpp/local_setup.sh
[1.910s] -- Up-to-date: /home/amadorjosephg/CA-Embedded-MiniProject/comet_bot_ws/install/rosidl_typesupport_microxrcedds_cpp/share/rosidl_typesupport_microxrcedds_cpp/local_setup.zsh
[1.910s] -- Up-to-date: /home/amadorjosephg/CA-Embedded-MiniProject/comet_bot_ws/install/rosidl_typesupport_microxrcedds_cpp/share/rosidl_typesupport_microxrcedds_cpp/local_setup.dsv
[1.910s] -- Up-to-date: /home/amadorjosephg/CA-Embedded-MiniProject/comet_bot_ws/install/rosidl_typesupport_microxrcedds_cpp/share/rosidl_typesupport_microxrcedds_cpp/package.dsv
[1.910s] -- Up-to-date: /home/amadorjosephg/CA-Embedded-MiniProject/comet_bot_ws/install/rosidl_typesupport_microxrcedds_cpp/share/ament_index/resource_index/packages/rosidl_typesupport_microxrcedds_cpp
[1.910s] -- Up-to-date: /home/amadorjosephg/CA-Embedded-MiniProject/comet_bot_ws/install/rosidl_typesupport_microxrcedds_cpp/share/rosidl_typesupport_microxrcedds_cpp/cmake/rosidl_typesupport_microxrcedds_cppExport.cmake
[1.911s] -- Up-to-date: /home/amadorjosephg/CA-Embedded-MiniProject/comet_bot_ws/install/rosidl_typesupport_microxrcedds_cpp/share/rosidl_typesupport_microxrcedds_cpp/cmake/rosidl_typesupport_microxrcedds_cppExport-noconfig.cmake
[1.911s] -- Up-to-date: /home/amadorjosephg/CA-Embedded-MiniProject/comet_bot_ws/install/rosidl_typesupport_microxrcedds_cpp/share/rosidl_typesupport_microxrcedds_cpp/cmake/rosidl_typesupport_microxrcedds_cpp-extras.cmake
[1.911s] -- Up-to-date: /home/amadorjosephg/CA-Embedded-MiniProject/comet_bot_ws/install/rosidl_typesupport_microxrcedds_cpp/share/rosidl_typesupport_microxrcedds_cpp/cmake/ament_cmake_export_dependencies-extras.cmake
[1.911s] -- Up-to-date: /home/amadorjosephg/CA-Embedded-MiniProject/comet_bot_ws/install/rosidl_typesupport_microxrcedds_cpp/share/rosidl_typesupport_microxrcedds_cpp/cmake/ament_cmake_export_include_directories-extras.cmake
[1.911s] -- Up-to-date: /home/amadorjosephg/CA-Embedded-MiniProject/comet_bot_ws/install/rosidl_typesupport_microxrcedds_cpp/share/rosidl_typesupport_microxrcedds_cpp/cmake/ament_cmake_export_libraries-extras.cmake
[1.911s] -- Up-to-date: /home/amadorjosephg/CA-Embedded-MiniProject/comet_bot_ws/install/rosidl_typesupport_microxrcedds_cpp/share/rosidl_typesupport_microxrcedds_cpp/cmake/ament_cmake_export_targets-extras.cmake
[1.911s] -- Up-to-date: /home/amadorjosephg/CA-Embedded-MiniProject/comet_bot_ws/install/rosidl_typesupport_microxrcedds_cpp/share/rosidl_typesupport_microxrcedds_cpp/cmake/rosidl_typesupport_microxrcedds_cppConfig.cmake
[1.911s] -- Up-to-date: /home/amadorjosephg/CA-Embedded-MiniProject/comet_bot_ws/install/rosidl_typesupport_microxrcedds_cpp/share/rosidl_typesupport_microxrcedds_cpp/cmake/rosidl_typesupport_microxrcedds_cppConfig-version.cmake
[1.911s] -- Up-to-date: /home/amadorjosephg/CA-Embedded-MiniProject/comet_bot_ws/install/rosidl_typesupport_microxrcedds_cpp/share/rosidl_typesupport_microxrcedds_cpp/package.xml
[1.911s] -- Up-to-date: /home/amadorjosephg/CA-Embedded-MiniProject/comet_bot_ws/install/rosidl_typesupport_microxrcedds_cpp/lib/rosidl_typesupport_microxrcedds_cpp/rosidl_typesupport_microxrcedds_cpp
[1.911s] -- Up-to-date: /home/amadorjosephg/CA-Embedded-MiniProject/comet_bot_ws/install/rosidl_typesupport_microxrcedds_cpp/share/rosidl_typesupport_microxrcedds_cpp/cmake
[1.911s] -- Up-to-date: /home/amadorjosephg/CA-Embedded-MiniProject/comet_bot_ws/install/rosidl_typesupport_microxrcedds_cpp/share/rosidl_typesupport_microxrcedds_cpp/cmake/rosidl_typesupport_microxrcedds_cpp_generate_interfaces.cmake
[1.911s] -- Up-to-date: /home/amadorjosephg/CA-Embedded-MiniProject/comet_bot_ws/install/rosidl_typesupport_microxrcedds_cpp/share/rosidl_typesupport_microxrcedds_cpp/resource
[1.911s] -- Up-to-date: /home/amadorjosephg/CA-Embedded-MiniProject/comet_bot_ws/install/rosidl_typesupport_microxrcedds_cpp/share/rosidl_typesupport_microxrcedds_cpp/resource/idl__type_support_cpp.cpp.em
[1.911s] -- Up-to-date: /home/amadorjosephg/CA-Embedded-MiniProject/comet_bot_ws/install/rosidl_typesupport_microxrcedds_cpp/share/rosidl_typesupport_microxrcedds_cpp/resource/rosidl_typesupport_microxrcedds_cpp__visibility_control.h.in
[1.911s] -- Up-to-date: /home/amadorjosephg/CA-Embedded-MiniProject/comet_bot_ws/install/rosidl_typesupport_microxrcedds_cpp/share/rosidl_typesupport_microxrcedds_cpp/resource/msg__type_support_cpp.cpp.em
[1.911s] -- Up-to-date: /home/amadorjosephg/CA-Embedded-MiniProject/comet_bot_ws/install/rosidl_typesupport_microxrcedds_cpp/share/rosidl_typesupport_microxrcedds_cpp/resource/srv__type_support_cpp.cpp.em
[1.912s] -- Up-to-date: /home/amadorjosephg/CA-Embedded-MiniProject/comet_bot_ws/install/rosidl_typesupport_microxrcedds_cpp/share/rosidl_typesupport_microxrcedds_cpp/resource/msg__rosidl_typesupport_microxrcedds_cpp.hpp.em
[1.912s] -- Up-to-date: /home/amadorjosephg/CA-Embedded-MiniProject/comet_bot_ws/install/rosidl_typesupport_microxrcedds_cpp/share/rosidl_typesupport_microxrcedds_cpp/resource/srv__rosidl_typesupport_microxrcedds_cpp.hpp.em
[1.912s] -- Up-to-date: /home/amadorjosephg/CA-Embedded-MiniProject/comet_bot_ws/install/rosidl_typesupport_microxrcedds_cpp/share/rosidl_typesupport_microxrcedds_cpp/resource/idl__rosidl_typesupport_microxrcedds_cpp.hpp.em
[1.912s] -- Up-to-date: /home/amadorjosephg/CA-Embedded-MiniProject/comet_bot_ws/install/rosidl_typesupport_microxrcedds_cpp/include
[1.912s] -- Up-to-date: /home/amadorjosephg/CA-Embedded-MiniProject/comet_bot_ws/install/rosidl_typesupport_microxrcedds_cpp/include/rosidl_typesupport_microxrcedds_cpp
[1.912s] -- Up-to-date: /home/amadorjosephg/CA-Embedded-MiniProject/comet_bot_ws/install/rosidl_typesupport_microxrcedds_cpp/include/rosidl_typesupport_microxrcedds_cpp/identifier.hpp
[1.913s] -- Up-to-date: /home/amadorjosephg/CA-Embedded-MiniProject/comet_bot_ws/install/rosidl_typesupport_microxrcedds_cpp/include/rosidl_typesupport_microxrcedds_cpp/message_type_support_decl.hpp
[1.913s] -- Up-to-date: /home/amadorjosephg/CA-Embedded-MiniProject/comet_bot_ws/install/rosidl_typesupport_microxrcedds_cpp/include/rosidl_typesupport_microxrcedds_cpp/service_type_support_decl.hpp
[1.913s] -- Up-to-date: /home/amadorjosephg/CA-Embedded-MiniProject/comet_bot_ws/install/rosidl_typesupport_microxrcedds_cpp/include/rosidl_typesupport_microxrcedds_cpp/visibility_control.h
[1.913s] -- Up-to-date: /home/amadorjosephg/CA-Embedded-MiniProject/comet_bot_ws/install/rosidl_typesupport_microxrcedds_cpp/include/rosidl_typesupport_microxrcedds_cpp/identifier.h
[1.913s] -- Up-to-date: /home/amadorjosephg/CA-Embedded-MiniProject/comet_bot_ws/install/rosidl_typesupport_microxrcedds_cpp/lib/librosidl_typesupport_microxrcedds_cpp.so
[1.955s] Invoked command in '/home/amadorjosephg/CA-Embedded-MiniProject/comet_bot_ws/build/rosidl_typesupport_microxrcedds_cpp' returned '0': CMAKE_PREFIX_PATH=/home/amadorjosephg/CA-Embedded-MiniProject/comet_bot_ws/install/rosidl_typesupport_microxrcedds_c:/home/amadorjosephg/CA-Embedded-MiniProject/comet_bot_ws/install/microcdr:/home/amadorjosephg/CA-Embedded-MiniProject/comet_bot_ws/install/rosidl_typesupport_microxrcedds_cpp:/home/amadorjosephg/CA-Embedded-MiniProject/comet_bot_ws/install/micro_ros_setup:/home/amadorjosephg/CA-Embedded-MiniProject/comet_bot_ws/install/micro_ros_agent:/home/amadorjosephg/CA-Embedded-MiniProject/comet_bot_ws/install/micro_ros_msgs:/home/amadorjosephg/CA-Embedded-MiniProject/comet_bot_ws/install/lunabot_control:/home/amadorjosephg/CA-Embedded-MiniProject/comet_bot_ws/install/jetson_topic_relay:/opt/ros/humble LD_LIBRARY_PATH=/home/amadorjosephg/CA-Embedded-MiniProject/comet_bot_ws/install/rosidl_typesupport_microxrcedds_c/lib:/home/amadorjosephg/CA-Embedded-MiniProject/comet_bot_ws/install/microcdr/lib:/home/amadorjosephg/CA-Embedded-MiniProject/comet_bot_ws/install/rosidl_typesupport_microxrcedds_cpp/lib:/home/amadorjosephg/CA-Embedded-MiniProject/comet_bot_ws/install/micro_ros_agent/lib:/home/amadorjosephg/CA-Embedded-MiniProject/comet_bot_ws/install/micro_ros_msgs/lib:/opt/ros/humble/opt/rviz_ogre_vendor/lib:/opt/ros/humble/lib/x86_64-linux-gnu:/opt/ros/humble/lib /usr/bin/cmake --install /home/amadorjosephg/CA-Embedded-MiniProject/comet_bot_ws/build/rosidl_typesupport_microxrcedds_cpp
