-- Found ament_cmake_python: 1.3.9 (/opt/ros/humble/share/ament_cmake_python/cmake)
-- Found rosidl_runtime_c: 3.1.5 (/opt/ros/humble/share/rosidl_runtime_c/cmake)
-- Found rosidl_typesupport_microxrcedds_c: 3.0.1 (/home/amadorjosephg/CA-Embedded-MiniProject/comet_bot_ws/install/rosidl_typesupport_microxrcedds_c/share/rosidl_typesupport_microxrcedds_c/cmake)
-- Found rosidl_adapter: 3.1.5 (/opt/ros/humble/share/rosidl_adapter/cmake)
-- Configuring done
-- Generating done
-- Build files have been written to: /home/amadorjosephg/CA-Embedded-MiniProject/comet_bot_ws/build/rosidl_typesupport_microxrcedds_cpp
[  0%] Built target ament_cmake_python_copy_rosidl_typesupport_microxrcedds_cpp
[35m[1mConsolidate compiler generated dependencies of target rosidl_typesupport_microxrcedds_cpp[0m
[100%] Built target rosidl_typesupport_microxrcedds_cpp
running egg_info
writing rosidl_typesupport_microxrcedds_cpp.egg-info/PKG-INFO
writing dependency_links to rosidl_typesupport_microxrcedds_cpp.egg-info/dependency_links.txt
writing top-level names to rosidl_typesupport_microxrcedds_cpp.egg-info/top_level.txt
reading manifest file 'rosidl_typesupport_microxrcedds_cpp.egg-info/SOURCES.txt'
writing manifest file 'rosidl_typesupport_microxrcedds_cpp.egg-info/SOURCES.txt'
[100%] Built target ament_cmake_python_build_rosidl_typesupport_microxrcedds_cpp_egg
-- Install configuration: ""
-- Installing: /home/amadorjosephg/CA-Embedded-MiniProject/comet_bot_ws/install/rosidl_typesupport_microxrcedds_cpp/share/rosidl_typesupport_microxrcedds_cpp/environment/pythonpath.sh
-- Installing: /home/amadorjosephg/CA-Embedded-MiniProject/comet_bot_ws/install/rosidl_typesupport_microxrcedds_cpp/share/rosidl_typesupport_microxrcedds_cpp/environment/pythonpath.dsv
-- Up-to-date: /home/amadorjosephg/CA-Embedded-MiniProject/comet_bot_ws/install/rosidl_typesupport_microxrcedds_cpp/local/lib/python3.10/dist-packages/rosidl_typesupport_microxrcedds_cpp-3.0.1-py3.10.egg-info
-- Installing: /home/amadorjosephg/CA-Embedded-MiniProject/comet_bot_ws/install/rosidl_typesupport_microxrcedds_cpp/local/lib/python3.10/dist-packages/rosidl_typesupport_microxrcedds_cpp-3.0.1-py3.10.egg-info/PKG-INFO
-- Installing: /home/amadorjosephg/CA-Embedded-MiniProject/comet_bot_ws/install/rosidl_typesupport_microxrcedds_cpp/local/lib/python3.10/dist-packages/rosidl_typesupport_microxrcedds_cpp-3.0.1-py3.10.egg-info/dependency_links.txt
-- Installing: /home/amadorjosephg/CA-Embedded-MiniProject/comet_bot_ws/install/rosidl_typesupport_microxrcedds_cpp/local/lib/python3.10/dist-packages/rosidl_typesupport_microxrcedds_cpp-3.0.1-py3.10.egg-info/top_level.txt
-- Installing: /home/amadorjosephg/CA-Embedded-MiniProject/comet_bot_ws/install/rosidl_typesupport_microxrcedds_cpp/local/lib/python3.10/dist-packages/rosidl_typesupport_microxrcedds_cpp-3.0.1-py3.10.egg-info/SOURCES.txt
-- Up-to-date: /home/amadorjosephg/CA-Embedded-MiniProject/comet_bot_ws/install/rosidl_typesupport_microxrcedds_cpp/local/lib/python3.10/dist-packages/rosidl_typesupport_microxrcedds_cpp
-- Installing: /home/amadorjosephg/CA-Embedded-MiniProject/comet_bot_ws/install/rosidl_typesupport_microxrcedds_cpp/local/lib/python3.10/dist-packages/rosidl_typesupport_microxrcedds_cpp/__init__.py
Listing '/home/amadorjosephg/CA-Embedded-MiniProject/comet_bot_ws/install/rosidl_typesupport_microxrcedds_cpp/local/lib/python3.10/dist-packages/rosidl_typesupport_microxrcedds_cpp'...
-- Installing: /home/amadorjosephg/CA-Embedded-MiniProject/comet_bot_ws/install/rosidl_typesupport_microxrcedds_cpp/share/rosidl_typesupport_microxrcedds_cpp/environment/library_path.sh
-- Installing: /home/amadorjosephg/CA-Embedded-MiniProject/comet_bot_ws/install/rosidl_typesupport_microxrcedds_cpp/share/rosidl_typesupport_microxrcedds_cpp/environment/library_path.dsv
-- Installing: /home/amadorjosephg/CA-Embedded-MiniProject/comet_bot_ws/install/rosidl_typesupport_microxrcedds_cpp/share/ament_index/resource_index/rosidl_typesupport_cpp/rosidl_typesupport_microxrcedds_cpp
-- Installing: /home/amadorjosephg/CA-Embedded-MiniProject/comet_bot_ws/install/rosidl_typesupport_microxrcedds_cpp/share/ament_index/resource_index/package_run_dependencies/rosidl_typesupport_microxrcedds_cpp
-- Installing: /home/amadorjosephg/CA-Embedded-MiniProject/comet_bot_ws/install/rosidl_typesupport_microxrcedds_cpp/share/ament_index/resource_index/parent_prefix_path/rosidl_typesupport_microxrcedds_cpp
-- Installing: /home/amadorjosephg/CA-Embedded-MiniProject/comet_bot_ws/install/rosidl_typesupport_microxrcedds_cpp/share/rosidl_typesupport_microxrcedds_cpp/environment/ament_prefix_path.sh
-- Installing: /home/amadorjosephg/CA-Embedded-MiniProject/comet_bot_ws/install/rosidl_typesupport_microxrcedds_cpp/share/rosidl_typesupport_microxrcedds_cpp/environment/ament_prefix_path.dsv
-- Installing: /home/amadorjosephg/CA-Embedded-MiniProject/comet_bot_ws/install/rosidl_typesupport_microxrcedds_cpp/share/rosidl_typesupport_microxrcedds_cpp/environment/path.sh
-- Installing: /home/amadorjosephg/CA-Embedded-MiniProject/comet_bot_ws/install/rosidl_typesupport_microxrcedds_cpp/share/rosidl_typesupport_microxrcedds_cpp/environment/path.dsv
-- Installing: /home/amadorjosephg/CA-Embedded-MiniProject/comet_bot_ws/install/rosidl_typesupport_microxrcedds_cpp/share/rosidl_typesupport_microxrcedds_cpp/local_setup.bash
-- Installing: /home/amadorjosephg/CA-Embedded-MiniProject/comet_bot_ws/install/rosidl_typesupport_microxrcedds_cpp/share/rosidl_typesupport_microxrcedds_cpp/local_setup.sh
-- Installing: /home/amadorjosephg/CA-Embedded-MiniProject/comet_bot_ws/install/rosidl_typesupport_microxrcedds_cpp/share/rosidl_typesupport_microxrcedds_cpp/local_setup.zsh
-- Installing: /home/amadorjosephg/CA-Embedded-MiniProject/comet_bot_ws/install/rosidl_typesupport_microxrcedds_cpp/share/rosidl_typesupport_microxrcedds_cpp/local_setup.dsv
-- Installing: /home/amadorjosephg/CA-Embedded-MiniProject/comet_bot_ws/install/rosidl_typesupport_microxrcedds_cpp/share/rosidl_typesupport_microxrcedds_cpp/package.dsv
-- Installing: /home/amadorjosephg/CA-Embedded-MiniProject/comet_bot_ws/install/rosidl_typesupport_microxrcedds_cpp/share/ament_index/resource_index/packages/rosidl_typesupport_microxrcedds_cpp
-- Installing: /home/amadorjosephg/CA-Embedded-MiniProject/comet_bot_ws/install/rosidl_typesupport_microxrcedds_cpp/share/rosidl_typesupport_microxrcedds_cpp/cmake/rosidl_typesupport_microxrcedds_cppExport.cmake
-- Installing: /home/amadorjosephg/CA-Embedded-MiniProject/comet_bot_ws/install/rosidl_typesupport_microxrcedds_cpp/share/rosidl_typesupport_microxrcedds_cpp/cmake/rosidl_typesupport_microxrcedds_cppExport-noconfig.cmake
-- Installing: /home/amadorjosephg/CA-Embedded-MiniProject/comet_bot_ws/install/rosidl_typesupport_microxrcedds_cpp/share/rosidl_typesupport_microxrcedds_cpp/cmake/rosidl_typesupport_microxrcedds_cpp-extras.cmake
-- Installing: /home/amadorjosephg/CA-Embedded-MiniProject/comet_bot_ws/install/rosidl_typesupport_microxrcedds_cpp/share/rosidl_typesupport_microxrcedds_cpp/cmake/ament_cmake_export_dependencies-extras.cmake
-- Installing: /home/amadorjosephg/CA-Embedded-MiniProject/comet_bot_ws/install/rosidl_typesupport_microxrcedds_cpp/share/rosidl_typesupport_microxrcedds_cpp/cmake/ament_cmake_export_include_directories-extras.cmake
-- Installing: /home/amadorjosephg/CA-Embedded-MiniProject/comet_bot_ws/install/rosidl_typesupport_microxrcedds_cpp/share/rosidl_typesupport_microxrcedds_cpp/cmake/ament_cmake_export_libraries-extras.cmake
-- Installing: /home/amadorjosephg/CA-Embedded-MiniProject/comet_bot_ws/install/rosidl_typesupport_microxrcedds_cpp/share/rosidl_typesupport_microxrcedds_cpp/cmake/ament_cmake_export_targets-extras.cmake
-- Installing: /home/amadorjosephg/CA-Embedded-MiniProject/comet_bot_ws/install/rosidl_typesupport_microxrcedds_cpp/share/rosidl_typesupport_microxrcedds_cpp/cmake/rosidl_typesupport_microxrcedds_cppConfig.cmake
-- Installing: /home/amadorjosephg/CA-Embedded-MiniProject/comet_bot_ws/install/rosidl_typesupport_microxrcedds_cpp/share/rosidl_typesupport_microxrcedds_cpp/cmake/rosidl_typesupport_microxrcedds_cppConfig-version.cmake
-- Installing: /home/amadorjosephg/CA-Embedded-MiniProject/comet_bot_ws/install/rosidl_typesupport_microxrcedds_cpp/share/rosidl_typesupport_microxrcedds_cpp/package.xml
-- Installing: /home/amadorjosephg/CA-Embedded-MiniProject/comet_bot_ws/install/rosidl_typesupport_microxrcedds_cpp/lib/rosidl_typesupport_microxrcedds_cpp/rosidl_typesupport_microxrcedds_cpp
-- Up-to-date: /home/amadorjosephg/CA-Embedded-MiniProject/comet_bot_ws/install/rosidl_typesupport_microxrcedds_cpp/share/rosidl_typesupport_microxrcedds_cpp/cmake
-- Installing: /home/amadorjosephg/CA-Embedded-MiniProject/comet_bot_ws/install/rosidl_typesupport_microxrcedds_cpp/share/rosidl_typesupport_microxrcedds_cpp/cmake/rosidl_typesupport_microxrcedds_cpp_generate_interfaces.cmake
-- Up-to-date: /home/amadorjosephg/CA-Embedded-MiniProject/comet_bot_ws/install/rosidl_typesupport_microxrcedds_cpp/share/rosidl_typesupport_microxrcedds_cpp/resource
-- Installing: /home/amadorjosephg/CA-Embedded-MiniProject/comet_bot_ws/install/rosidl_typesupport_microxrcedds_cpp/share/rosidl_typesupport_microxrcedds_cpp/resource/idl__type_support_cpp.cpp.em
-- Installing: /home/amadorjosephg/CA-Embedded-MiniProject/comet_bot_ws/install/rosidl_typesupport_microxrcedds_cpp/share/rosidl_typesupport_microxrcedds_cpp/resource/rosidl_typesupport_microxrcedds_cpp__visibility_control.h.in
-- Installing: /home/amadorjosephg/CA-Embedded-MiniProject/comet_bot_ws/install/rosidl_typesupport_microxrcedds_cpp/share/rosidl_typesupport_microxrcedds_cpp/resource/msg__type_support_cpp.cpp.em
-- Installing: /home/amadorjosephg/CA-Embedded-MiniProject/comet_bot_ws/install/rosidl_typesupport_microxrcedds_cpp/share/rosidl_typesupport_microxrcedds_cpp/resource/srv__type_support_cpp.cpp.em
-- Installing: /home/amadorjosephg/CA-Embedded-MiniProject/comet_bot_ws/install/rosidl_typesupport_microxrcedds_cpp/share/rosidl_typesupport_microxrcedds_cpp/resource/msg__rosidl_typesupport_microxrcedds_cpp.hpp.em
-- Installing: /home/amadorjosephg/CA-Embedded-MiniProject/comet_bot_ws/install/rosidl_typesupport_microxrcedds_cpp/share/rosidl_typesupport_microxrcedds_cpp/resource/srv__rosidl_typesupport_microxrcedds_cpp.hpp.em
-- Installing: /home/amadorjosephg/CA-Embedded-MiniProject/comet_bot_ws/install/rosidl_typesupport_microxrcedds_cpp/share/rosidl_typesupport_microxrcedds_cpp/resource/idl__rosidl_typesupport_microxrcedds_cpp.hpp.em
-- Up-to-date: /home/amadorjosephg/CA-Embedded-MiniProject/comet_bot_ws/install/rosidl_typesupport_microxrcedds_cpp/include
-- Up-to-date: /home/amadorjosephg/CA-Embedded-MiniProject/comet_bot_ws/install/rosidl_typesupport_microxrcedds_cpp/include/rosidl_typesupport_microxrcedds_cpp
-- Installing: /home/amadorjosephg/CA-Embedded-MiniProject/comet_bot_ws/install/rosidl_typesupport_microxrcedds_cpp/include/rosidl_typesupport_microxrcedds_cpp/identifier.hpp
-- Installing: /home/amadorjosephg/CA-Embedded-MiniProject/comet_bot_ws/install/rosidl_typesupport_microxrcedds_cpp/include/rosidl_typesupport_microxrcedds_cpp/message_type_support_decl.hpp
-- Installing: /home/amadorjosephg/CA-Embedded-MiniProject/comet_bot_ws/install/rosidl_typesupport_microxrcedds_cpp/include/rosidl_typesupport_microxrcedds_cpp/service_type_support_decl.hpp
-- Installing: /home/amadorjosephg/CA-Embedded-MiniProject/comet_bot_ws/install/rosidl_typesupport_microxrcedds_cpp/include/rosidl_typesupport_microxrcedds_cpp/visibility_control.h
-- Installing: /home/amadorjosephg/CA-Embedded-MiniProject/comet_bot_ws/install/rosidl_typesupport_microxrcedds_cpp/include/rosidl_typesupport_microxrcedds_cpp/identifier.h
-- Installing: /home/amadorjosephg/CA-Embedded-MiniProject/comet_bot_ws/install/rosidl_typesupport_microxrcedds_cpp/lib/librosidl_typesupport_microxrcedds_cpp.so
-- Set runtime path of "/home/amadorjosephg/CA-Embedded-MiniProject/comet_bot_ws/install/rosidl_typesupport_microxrcedds_cpp/lib/librosidl_typesupport_microxrcedds_cpp.so" to ""
