[0.015s] Invoking command in '/home/amadorjosephg/CA-Embedded-MiniProject/comet_bot_ws/build/micro_ros_msgs': CMAKE_PREFIX_PATH=${CMAKE_PREFIX_PATH}:/home/amadorjosephg/CA-Embedded-MiniProject/comet_bot_ws/install/lunabot_control:/home/amadorjosephg/CA-Embedded-MiniProject/comet_bot_ws/install/jetson_topic_relay:/opt/ros/humble /usr/bin/cmake /home/amadorjosephg/CA-Embedded-MiniProject/comet_bot_ws/src/uros/micro_ros_msgs -DUAGENT_BUILD_EXECUTABLE=OFF -DUAGENT_P2P_PROFILE=OFF --no-warn-unused-cli -DCMAKE_INSTALL_PREFIX=/home/amadorjosephg/CA-Embedded-MiniProject/comet_bot_ws/install/micro_ros_msgs
[0.024s] Not searching for unused variables given on the command line.
[0.154s] -- The C compiler identification is GNU 11.4.0
[0.256s] -- The CXX compiler identification is GNU 11.4.0
[0.265s] -- Detecting C compiler ABI info
[0.458s] -- Detecting C compiler ABI info - done
[0.471s] -- Check for working C compiler: /usr/bin/cc - skipped
[0.472s] -- Detecting C compile features
[0.473s] -- Detecting C compile features - done
[0.478s] -- Detecting CXX compiler ABI info
[0.643s] -- Detecting CXX compiler ABI info - done
[0.655s] -- Check for working CXX compiler: /usr/bin/c++ - skipped
[0.659s] -- Detecting CXX compile features
[0.660s] -- Detecting CXX compile features - done
[0.664s] -- Found ament_cmake: 1.3.9 (/opt/ros/humble/share/ament_cmake/cmake)
[0.950s] -- Found Python3: /usr/bin/python3 (found version "3.10.12") found components: Interpreter 
[1.056s] -- Found rosidl_default_generators: 1.2.0 (/opt/ros/humble/share/rosidl_default_generators/cmake)
[1.074s] -- Using all available rosidl_typesupport_c: rosidl_typesupport_fastrtps_c;rosidl_typesupport_introspection_c
[1.152s] -- Found rosidl_adapter: 3.1.5 (/opt/ros/humble/share/rosidl_adapter/cmake)
[1.429s] -- Using all available rosidl_typesupport_cpp: rosidl_typesupport_fastrtps_cpp;rosidl_typesupport_introspection_cpp
[1.619s] -- Found ament_lint_auto: 0.12.11 (/opt/ros/humble/share/ament_lint_auto/cmake)
[2.000s] -- Found ament_cmake_ros: 0.10.0 (/opt/ros/humble/share/ament_cmake_ros/cmake)
[2.321s] -- Using all available rosidl_typesupport_c: rosidl_typesupport_fastrtps_c;rosidl_typesupport_introspection_c
[2.674s] -- Using all available rosidl_typesupport_cpp: rosidl_typesupport_fastrtps_cpp;rosidl_typesupport_introspection_cpp
[2.716s] -- Found PythonInterp: /usr/bin/python3 (found suitable version "3.10.12", minimum required is "3.6") 
[2.723s] -- Found python_cmake_module: 0.10.0 (/opt/ros/humble/share/python_cmake_module/cmake)
[2.807s] -- Found PythonLibs: /usr/lib/x86_64-linux-gnu/libpython3.10.so (found suitable version "3.10.12", minimum required is "3.5") 
[2.808s] -- Using PYTHON_EXECUTABLE: /usr/bin/python3
[2.808s] -- Using PYTHON_INCLUDE_DIRS: /usr/include/python3.10
[2.808s] -- Using PYTHON_LIBRARIES: /usr/lib/x86_64-linux-gnu/libpython3.10.so
[2.830s] -- Found PythonExtra: .so  
[2.880s] -- Added test 'copyright' to check source files copyright and LICENSE
[2.889s] -- Added test 'lint_cmake' to check CMake code style
[2.894s] -- Added test 'xmllint' to check XML markup files
[2.953s] -- Configuring done
[2.994s] -- Generating done
[3.011s] -- Build files have been written to: /home/amadorjosephg/CA-Embedded-MiniProject/comet_bot_ws/build/micro_ros_msgs
[3.036s] Invoked command in '/home/amadorjosephg/CA-Embedded-MiniProject/comet_bot_ws/build/micro_ros_msgs' returned '0': CMAKE_PREFIX_PATH=${CMAKE_PREFIX_PATH}:/home/amadorjosephg/CA-Embedded-MiniProject/comet_bot_ws/install/lunabot_control:/home/amadorjosephg/CA-Embedded-MiniProject/comet_bot_ws/install/jetson_topic_relay:/opt/ros/humble /usr/bin/cmake /home/amadorjosephg/CA-Embedded-MiniProject/comet_bot_ws/src/uros/micro_ros_msgs -DUAGENT_BUILD_EXECUTABLE=OFF -DUAGENT_P2P_PROFILE=OFF --no-warn-unused-cli -DCMAKE_INSTALL_PREFIX=/home/amadorjosephg/CA-Embedded-MiniProject/comet_bot_ws/install/micro_ros_msgs
[3.037s] Invoking command in '/home/amadorjosephg/CA-Embedded-MiniProject/comet_bot_ws/build/micro_ros_msgs': CMAKE_PREFIX_PATH=${CMAKE_PREFIX_PATH}:/home/amadorjosephg/CA-Embedded-MiniProject/comet_bot_ws/install/lunabot_control:/home/amadorjosephg/CA-Embedded-MiniProject/comet_bot_ws/install/jetson_topic_relay:/opt/ros/humble /usr/bin/cmake --build /home/amadorjosephg/CA-Embedded-MiniProject/comet_bot_ws/build/micro_ros_msgs -- -j4 -l4
[3.116s] [  2%] [34m[1mGenerating C code for ROS interfaces[0m
[3.168s] [  2%] Built target ament_cmake_python_copy_micro_ros_msgs
[3.202s] [  4%] [34m[1mGenerating C++ code for ROS interfaces[0m
[3.468s] running egg_info
[3.471s] creating micro_ros_msgs.egg-info
[3.472s] writing micro_ros_msgs.egg-info/PKG-INFO
[3.473s] writing dependency_links to micro_ros_msgs.egg-info/dependency_links.txt
[3.474s] writing top-level names to micro_ros_msgs.egg-info/top_level.txt
[3.475s] writing manifest file 'micro_ros_msgs.egg-info/SOURCES.txt'
[3.479s] reading manifest file 'micro_ros_msgs.egg-info/SOURCES.txt'
[3.481s] writing manifest file 'micro_ros_msgs.egg-info/SOURCES.txt'
[3.543s] [  4%] Built target ament_cmake_python_build_micro_ros_msgs_egg
[3.936s] [  6%] [32mBuilding C object CMakeFiles/micro_ros_msgs__rosidl_generator_c.dir/rosidl_generator_c/micro_ros_msgs/msg/detail/entity__functions.c.o[0m
[3.938s] [  8%] [32mBuilding C object CMakeFiles/micro_ros_msgs__rosidl_generator_c.dir/rosidl_generator_c/micro_ros_msgs/msg/detail/node__functions.c.o[0m
[3.943s] [  8%] Built target micro_ros_msgs__cpp
[3.955s] [ 10%] [32mBuilding C object CMakeFiles/micro_ros_msgs__rosidl_generator_c.dir/rosidl_generator_c/micro_ros_msgs/msg/detail/graph__functions.c.o[0m
[3.986s] [ 12%] [34m[1mGenerating C++ type support dispatch for ROS interfaces[0m
[4.240s] [ 14%] [34m[1mGenerating C++ type support for eProsima Fast-RTPS[0m
[4.318s] [ 17%] [34m[1mGenerating C++ introspection for ROS interfaces[0m
[4.326s] [ 19%] [32m[1mLinking C shared library libmicro_ros_msgs__rosidl_generator_c.so[0m
[4.503s] [ 19%] Built target micro_ros_msgs__rosidl_generator_c
[4.536s] [ 21%] [34m[1mGenerating C type support for eProsima Fast-RTPS[0m
[4.628s] [ 23%] [32mBuilding CXX object CMakeFiles/micro_ros_msgs__rosidl_typesupport_cpp.dir/rosidl_typesupport_cpp/micro_ros_msgs/msg/graph__type_support.cpp.o[0m
[5.005s] [ 25%] [32mBuilding CXX object CMakeFiles/micro_ros_msgs__rosidl_typesupport_fastrtps_cpp.dir/rosidl_typesupport_fastrtps_cpp/micro_ros_msgs/msg/detail/dds_fastrtps/graph__type_support.cpp.o[0m
[5.115s] [ 27%] [32mBuilding CXX object CMakeFiles/micro_ros_msgs__rosidl_typesupport_introspection_cpp.dir/rosidl_typesupport_introspection_cpp/micro_ros_msgs/msg/detail/graph__type_support.cpp.o[0m
[5.393s] [ 29%] [32mBuilding CXX object CMakeFiles/micro_ros_msgs__rosidl_typesupport_cpp.dir/rosidl_typesupport_cpp/micro_ros_msgs/msg/node__type_support.cpp.o[0m
[5.603s] [ 31%] [32mBuilding CXX object CMakeFiles/micro_ros_msgs__rosidl_typesupport_fastrtps_c.dir/rosidl_typesupport_fastrtps_c/micro_ros_msgs/msg/detail/graph__type_support_c.cpp.o[0m
[5.948s] [ 34%] [32mBuilding CXX object CMakeFiles/micro_ros_msgs__rosidl_typesupport_fastrtps_cpp.dir/rosidl_typesupport_fastrtps_cpp/micro_ros_msgs/msg/detail/dds_fastrtps/node__type_support.cpp.o[0m
[6.092s] [ 36%] [32mBuilding CXX object CMakeFiles/micro_ros_msgs__rosidl_typesupport_cpp.dir/rosidl_typesupport_cpp/micro_ros_msgs/msg/entity__type_support.cpp.o[0m
[6.277s] [ 38%] [32mBuilding CXX object CMakeFiles/micro_ros_msgs__rosidl_typesupport_introspection_cpp.dir/rosidl_typesupport_introspection_cpp/micro_ros_msgs/msg/detail/node__type_support.cpp.o[0m
[6.354s] [ 40%] [32mBuilding CXX object CMakeFiles/micro_ros_msgs__rosidl_typesupport_fastrtps_c.dir/rosidl_typesupport_fastrtps_c/micro_ros_msgs/msg/detail/node__type_support_c.cpp.o[0m
[6.401s] [ 42%] [32m[1mLinking CXX shared library libmicro_ros_msgs__rosidl_typesupport_cpp.so[0m
[6.546s] [ 42%] Built target micro_ros_msgs__rosidl_typesupport_cpp
[6.564s] [ 44%] [34m[1mGenerating C introspection for ROS interfaces[0m
[6.866s] [ 46%] [32mBuilding CXX object CMakeFiles/micro_ros_msgs__rosidl_typesupport_fastrtps_cpp.dir/rosidl_typesupport_fastrtps_cpp/micro_ros_msgs/msg/detail/dds_fastrtps/entity__type_support.cpp.o[0m
[6.906s] [ 48%] [32mBuilding CXX object CMakeFiles/micro_ros_msgs__rosidl_typesupport_fastrtps_c.dir/rosidl_typesupport_fastrtps_c/micro_ros_msgs/msg/detail/entity__type_support_c.cpp.o[0m
[7.002s] [ 51%] [32mBuilding CXX object CMakeFiles/micro_ros_msgs__rosidl_typesupport_introspection_cpp.dir/rosidl_typesupport_introspection_cpp/micro_ros_msgs/msg/detail/entity__type_support.cpp.o[0m
[7.409s] [ 53%] [32m[1mLinking CXX shared library libmicro_ros_msgs__rosidl_typesupport_fastrtps_cpp.so[0m
[7.447s] [ 55%] [32m[1mLinking CXX shared library libmicro_ros_msgs__rosidl_typesupport_fastrtps_c.so[0m
[7.486s] [ 57%] [32mBuilding C object CMakeFiles/micro_ros_msgs__rosidl_typesupport_introspection_c.dir/rosidl_typesupport_introspection_c/micro_ros_msgs/msg/detail/graph__type_support.c.o[0m
[7.586s] [ 59%] [32m[1mLinking CXX shared library libmicro_ros_msgs__rosidl_typesupport_introspection_cpp.so[0m
[7.610s] [ 61%] [32mBuilding C object CMakeFiles/micro_ros_msgs__rosidl_typesupport_introspection_c.dir/rosidl_typesupport_introspection_c/micro_ros_msgs/msg/detail/node__type_support.c.o[0m
[7.613s] [ 61%] Built target micro_ros_msgs__rosidl_typesupport_fastrtps_c
[7.660s] [ 61%] Built target micro_ros_msgs__rosidl_typesupport_fastrtps_cpp
[7.677s] [ 63%] [32mBuilding C object CMakeFiles/micro_ros_msgs__rosidl_typesupport_introspection_c.dir/rosidl_typesupport_introspection_c/micro_ros_msgs/msg/detail/entity__type_support.c.o[0m
[7.755s] [ 65%] [32m[1mLinking C shared library libmicro_ros_msgs__rosidl_typesupport_introspection_c.so[0m
[7.801s] [ 65%] Built target micro_ros_msgs__rosidl_typesupport_introspection_cpp
[7.855s] [ 65%] Built target micro_ros_msgs__rosidl_typesupport_introspection_c
[7.874s] [ 68%] [34m[1mGenerating C type support dispatch for ROS interfaces[0m
[8.217s] [ 70%] [32mBuilding CXX object CMakeFiles/micro_ros_msgs__rosidl_typesupport_c.dir/rosidl_typesupport_c/micro_ros_msgs/msg/graph__type_support.cpp.o[0m
[8.346s] [ 72%] [32mBuilding CXX object CMakeFiles/micro_ros_msgs__rosidl_typesupport_c.dir/rosidl_typesupport_c/micro_ros_msgs/msg/entity__type_support.cpp.o[0m
[8.389s] [ 74%] [32mBuilding CXX object CMakeFiles/micro_ros_msgs__rosidl_typesupport_c.dir/rosidl_typesupport_c/micro_ros_msgs/msg/node__type_support.cpp.o[0m
[8.434s] [ 76%] [32m[1mLinking CXX shared library libmicro_ros_msgs__rosidl_typesupport_c.so[0m
[8.511s] [ 76%] Built target micro_ros_msgs__rosidl_typesupport_c
[8.569s] [ 76%] Built target micro_ros_msgs
[8.599s] [ 78%] [34m[1mGenerating Python code for ROS interfaces[0m
[9.305s] [ 78%] Built target micro_ros_msgs__py
[9.387s] [ 80%] [32mBuilding C object CMakeFiles/micro_ros_msgs__rosidl_generator_py.dir/rosidl_generator_py/micro_ros_msgs/msg/_graph_s.c.o[0m
[9.703s] [ 82%] [32mBuilding C object CMakeFiles/micro_ros_msgs__rosidl_generator_py.dir/rosidl_generator_py/micro_ros_msgs/msg/_entity_s.c.o[0m
[9.844s] [ 85%] [32mBuilding C object CMakeFiles/micro_ros_msgs__rosidl_generator_py.dir/rosidl_generator_py/micro_ros_msgs/msg/_node_s.c.o[0m
[9.967s] [ 87%] [32m[1mLinking C shared library rosidl_generator_py/micro_ros_msgs/libmicro_ros_msgs__rosidl_generator_py.so[0m
[10.061s] [ 87%] Built target micro_ros_msgs__rosidl_generator_py
[10.156s] [ 89%] [32mBuilding C object CMakeFiles/micro_ros_msgs__rosidl_typesupport_fastrtps_c__pyext.dir/rosidl_generator_py/micro_ros_msgs/_micro_ros_msgs_s.ep.rosidl_typesupport_fastrtps_c.c.o[0m
[10.381s] [ 91%] [32m[1mLinking C shared library rosidl_generator_py/micro_ros_msgs/micro_ros_msgs_s__rosidl_typesupport_fastrtps_c.cpython-310-x86_64-linux-gnu.so[0m
[10.456s] [ 91%] Built target micro_ros_msgs__rosidl_typesupport_fastrtps_c__pyext
[10.500s] [ 93%] [32mBuilding C object CMakeFiles/micro_ros_msgs__rosidl_typesupport_c__pyext.dir/rosidl_generator_py/micro_ros_msgs/_micro_ros_msgs_s.ep.rosidl_typesupport_c.c.o[0m
[10.624s] [ 95%] [32m[1mLinking C shared library rosidl_generator_py/micro_ros_msgs/micro_ros_msgs_s__rosidl_typesupport_c.cpython-310-x86_64-linux-gnu.so[0m
[10.678s] [ 95%] Built target micro_ros_msgs__rosidl_typesupport_c__pyext
[10.717s] [ 97%] [32mBuilding C object CMakeFiles/micro_ros_msgs__rosidl_typesupport_introspection_c__pyext.dir/rosidl_generator_py/micro_ros_msgs/_micro_ros_msgs_s.ep.rosidl_typesupport_introspection_c.c.o[0m
[10.861s] [100%] [32m[1mLinking C shared library rosidl_generator_py/micro_ros_msgs/micro_ros_msgs_s__rosidl_typesupport_introspection_c.cpython-310-x86_64-linux-gnu.so[0m
[10.953s] [100%] Built target micro_ros_msgs__rosidl_typesupport_introspection_c__pyext
[10.990s] Invoked command in '/home/amadorjosephg/CA-Embedded-MiniProject/comet_bot_ws/build/micro_ros_msgs' returned '0': CMAKE_PREFIX_PATH=${CMAKE_PREFIX_PATH}:/home/amadorjosephg/CA-Embedded-MiniProject/comet_bot_ws/install/lunabot_control:/home/amadorjosephg/CA-Embedded-MiniProject/comet_bot_ws/install/jetson_topic_relay:/opt/ros/humble /usr/bin/cmake --build /home/amadorjosephg/CA-Embedded-MiniProject/comet_bot_ws/build/micro_ros_msgs -- -j4 -l4
[11.371s] Invoking command in '/home/amadorjosephg/CA-Embedded-MiniProject/comet_bot_ws/build/micro_ros_msgs': CMAKE_PREFIX_PATH=${CMAKE_PREFIX_PATH}:/home/amadorjosephg/CA-Embedded-MiniProject/comet_bot_ws/install/lunabot_control:/home/amadorjosephg/CA-Embedded-MiniProject/comet_bot_ws/install/jetson_topic_relay:/opt/ros/humble /usr/bin/cmake --install /home/amadorjosephg/CA-Embedded-MiniProject/comet_bot_ws/build/micro_ros_msgs
[11.385s] -- Install configuration: ""
[11.387s] -- Installing: /home/amadorjosephg/CA-Embedded-MiniProject/comet_bot_ws/install/micro_ros_msgs/share/ament_index/resource_index/rosidl_interfaces/micro_ros_msgs
[11.389s] -- Installing: /home/amadorjosephg/CA-Embedded-MiniProject/comet_bot_ws/install/micro_ros_msgs/include/micro_ros_msgs/micro_ros_msgs
[11.390s] -- Installing: /home/amadorjosephg/CA-Embedded-MiniProject/comet_bot_ws/install/micro_ros_msgs/include/micro_ros_msgs/micro_ros_msgs/msg
[11.391s] -- Installing: /home/amadorjosephg/CA-Embedded-MiniProject/comet_bot_ws/install/micro_ros_msgs/include/micro_ros_msgs/micro_ros_msgs/msg/entity.h
[11.392s] -- Installing: /home/amadorjosephg/CA-Embedded-MiniProject/comet_bot_ws/install/micro_ros_msgs/include/micro_ros_msgs/micro_ros_msgs/msg/rosidl_generator_c__visibility_control.h
[11.394s] -- Installing: /home/amadorjosephg/CA-Embedded-MiniProject/comet_bot_ws/install/micro_ros_msgs/include/micro_ros_msgs/micro_ros_msgs/msg/detail
[11.395s] -- Installing: /home/amadorjosephg/CA-Embedded-MiniProject/comet_bot_ws/install/micro_ros_msgs/include/micro_ros_msgs/micro_ros_msgs/msg/detail/entity__type_support.h
[11.396s] -- Installing: /home/amadorjosephg/CA-Embedded-MiniProject/comet_bot_ws/install/micro_ros_msgs/include/micro_ros_msgs/micro_ros_msgs/msg/detail/node__functions.h
[11.398s] -- Installing: /home/amadorjosephg/CA-Embedded-MiniProject/comet_bot_ws/install/micro_ros_msgs/include/micro_ros_msgs/micro_ros_msgs/msg/detail/entity__struct.h
[11.399s] -- Installing: /home/amadorjosephg/CA-Embedded-MiniProject/comet_bot_ws/install/micro_ros_msgs/include/micro_ros_msgs/micro_ros_msgs/msg/detail/entity__functions.c
[11.399s] -- Installing: /home/amadorjosephg/CA-Embedded-MiniProject/comet_bot_ws/install/micro_ros_msgs/include/micro_ros_msgs/micro_ros_msgs/msg/detail/graph__functions.c
[11.399s] -- Installing: /home/amadorjosephg/CA-Embedded-MiniProject/comet_bot_ws/install/micro_ros_msgs/include/micro_ros_msgs/micro_ros_msgs/msg/detail/graph__struct.h
[11.400s] -- Installing: /home/amadorjosephg/CA-Embedded-MiniProject/comet_bot_ws/install/micro_ros_msgs/include/micro_ros_msgs/micro_ros_msgs/msg/detail/node__struct.h
[11.400s] -- Installing: /home/amadorjosephg/CA-Embedded-MiniProject/comet_bot_ws/install/micro_ros_msgs/include/micro_ros_msgs/micro_ros_msgs/msg/detail/node__functions.c
[11.400s] -- Installing: /home/amadorjosephg/CA-Embedded-MiniProject/comet_bot_ws/install/micro_ros_msgs/include/micro_ros_msgs/micro_ros_msgs/msg/detail/entity__functions.h
[11.401s] -- Installing: /home/amadorjosephg/CA-Embedded-MiniProject/comet_bot_ws/install/micro_ros_msgs/include/micro_ros_msgs/micro_ros_msgs/msg/detail/node__type_support.h
[11.402s] -- Installing: /home/amadorjosephg/CA-Embedded-MiniProject/comet_bot_ws/install/micro_ros_msgs/include/micro_ros_msgs/micro_ros_msgs/msg/detail/graph__type_support.h
[11.402s] -- Installing: /home/amadorjosephg/CA-Embedded-MiniProject/comet_bot_ws/install/micro_ros_msgs/include/micro_ros_msgs/micro_ros_msgs/msg/detail/graph__functions.h
[11.402s] -- Installing: /home/amadorjosephg/CA-Embedded-MiniProject/comet_bot_ws/install/micro_ros_msgs/include/micro_ros_msgs/micro_ros_msgs/msg/graph.h
[11.402s] -- Installing: /home/amadorjosephg/CA-Embedded-MiniProject/comet_bot_ws/install/micro_ros_msgs/include/micro_ros_msgs/micro_ros_msgs/msg/node.h
[11.403s] -- Installing: /home/amadorjosephg/CA-Embedded-MiniProject/comet_bot_ws/install/micro_ros_msgs/share/micro_ros_msgs/environment/library_path.sh
[11.404s] -- Installing: /home/amadorjosephg/CA-Embedded-MiniProject/comet_bot_ws/install/micro_ros_msgs/share/micro_ros_msgs/environment/library_path.dsv
[11.404s] -- Installing: /home/amadorjosephg/CA-Embedded-MiniProject/comet_bot_ws/install/micro_ros_msgs/lib/libmicro_ros_msgs__rosidl_generator_c.so
[11.405s] -- Set runtime path of "/home/amadorjosephg/CA-Embedded-MiniProject/comet_bot_ws/install/micro_ros_msgs/lib/libmicro_ros_msgs__rosidl_generator_c.so" to ""
[11.405s] -- Up-to-date: /home/amadorjosephg/CA-Embedded-MiniProject/comet_bot_ws/install/micro_ros_msgs/include/micro_ros_msgs/micro_ros_msgs
[11.405s] -- Up-to-date: /home/amadorjosephg/CA-Embedded-MiniProject/comet_bot_ws/install/micro_ros_msgs/include/micro_ros_msgs/micro_ros_msgs/msg
[11.405s] -- Up-to-date: /home/amadorjosephg/CA-Embedded-MiniProject/comet_bot_ws/install/micro_ros_msgs/include/micro_ros_msgs/micro_ros_msgs/msg/detail
[11.405s] -- Installing: /home/amadorjosephg/CA-Embedded-MiniProject/comet_bot_ws/install/micro_ros_msgs/include/micro_ros_msgs/micro_ros_msgs/msg/detail/node__rosidl_typesupport_fastrtps_c.h
[11.405s] -- Installing: /home/amadorjosephg/CA-Embedded-MiniProject/comet_bot_ws/install/micro_ros_msgs/include/micro_ros_msgs/micro_ros_msgs/msg/detail/entity__rosidl_typesupport_fastrtps_c.h
[11.406s] -- Installing: /home/amadorjosephg/CA-Embedded-MiniProject/comet_bot_ws/install/micro_ros_msgs/include/micro_ros_msgs/micro_ros_msgs/msg/detail/graph__rosidl_typesupport_fastrtps_c.h
[11.408s] -- Installing: /home/amadorjosephg/CA-Embedded-MiniProject/comet_bot_ws/install/micro_ros_msgs/include/micro_ros_msgs/micro_ros_msgs/msg/rosidl_typesupport_fastrtps_c__visibility_control.h
[11.409s] -- Installing: /home/amadorjosephg/CA-Embedded-MiniProject/comet_bot_ws/install/micro_ros_msgs/lib/libmicro_ros_msgs__rosidl_typesupport_fastrtps_c.so
[11.409s] -- Set runtime path of "/home/amadorjosephg/CA-Embedded-MiniProject/comet_bot_ws/install/micro_ros_msgs/lib/libmicro_ros_msgs__rosidl_typesupport_fastrtps_c.so" to ""
[11.409s] -- Up-to-date: /home/amadorjosephg/CA-Embedded-MiniProject/comet_bot_ws/install/micro_ros_msgs/include/micro_ros_msgs/micro_ros_msgs
[11.409s] -- Up-to-date: /home/amadorjosephg/CA-Embedded-MiniProject/comet_bot_ws/install/micro_ros_msgs/include/micro_ros_msgs/micro_ros_msgs/msg
[11.410s] -- Installing: /home/amadorjosephg/CA-Embedded-MiniProject/comet_bot_ws/install/micro_ros_msgs/include/micro_ros_msgs/micro_ros_msgs/msg/rosidl_typesupport_introspection_c__visibility_control.h
[11.410s] -- Up-to-date: /home/amadorjosephg/CA-Embedded-MiniProject/comet_bot_ws/install/micro_ros_msgs/include/micro_ros_msgs/micro_ros_msgs/msg/detail
[11.411s] -- Installing: /home/amadorjosephg/CA-Embedded-MiniProject/comet_bot_ws/install/micro_ros_msgs/include/micro_ros_msgs/micro_ros_msgs/msg/detail/graph__rosidl_typesupport_introspection_c.h
[11.411s] -- Installing: /home/amadorjosephg/CA-Embedded-MiniProject/comet_bot_ws/install/micro_ros_msgs/include/micro_ros_msgs/micro_ros_msgs/msg/detail/node__rosidl_typesupport_introspection_c.h
[11.411s] -- Installing: /home/amadorjosephg/CA-Embedded-MiniProject/comet_bot_ws/install/micro_ros_msgs/include/micro_ros_msgs/micro_ros_msgs/msg/detail/node__type_support.c
[11.411s] -- Installing: /home/amadorjosephg/CA-Embedded-MiniProject/comet_bot_ws/install/micro_ros_msgs/include/micro_ros_msgs/micro_ros_msgs/msg/detail/graph__type_support.c
[11.412s] -- Installing: /home/amadorjosephg/CA-Embedded-MiniProject/comet_bot_ws/install/micro_ros_msgs/include/micro_ros_msgs/micro_ros_msgs/msg/detail/entity__rosidl_typesupport_introspection_c.h
[11.412s] -- Installing: /home/amadorjosephg/CA-Embedded-MiniProject/comet_bot_ws/install/micro_ros_msgs/include/micro_ros_msgs/micro_ros_msgs/msg/detail/entity__type_support.c
[11.412s] -- Installing: /home/amadorjosephg/CA-Embedded-MiniProject/comet_bot_ws/install/micro_ros_msgs/lib/libmicro_ros_msgs__rosidl_typesupport_introspection_c.so
[11.414s] -- Set runtime path of "/home/amadorjosephg/CA-Embedded-MiniProject/comet_bot_ws/install/micro_ros_msgs/lib/libmicro_ros_msgs__rosidl_typesupport_introspection_c.so" to ""
[11.414s] -- Installing: /home/amadorjosephg/CA-Embedded-MiniProject/comet_bot_ws/install/micro_ros_msgs/lib/libmicro_ros_msgs__rosidl_typesupport_c.so
[11.414s] -- Set runtime path of "/home/amadorjosephg/CA-Embedded-MiniProject/comet_bot_ws/install/micro_ros_msgs/lib/libmicro_ros_msgs__rosidl_typesupport_c.so" to ""
[11.414s] -- Up-to-date: /home/amadorjosephg/CA-Embedded-MiniProject/comet_bot_ws/install/micro_ros_msgs/include/micro_ros_msgs/micro_ros_msgs
[11.414s] -- Up-to-date: /home/amadorjosephg/CA-Embedded-MiniProject/comet_bot_ws/install/micro_ros_msgs/include/micro_ros_msgs/micro_ros_msgs/msg
[11.414s] -- Installing: /home/amadorjosephg/CA-Embedded-MiniProject/comet_bot_ws/install/micro_ros_msgs/include/micro_ros_msgs/micro_ros_msgs/msg/graph.hpp
[11.414s] -- Installing: /home/amadorjosephg/CA-Embedded-MiniProject/comet_bot_ws/install/micro_ros_msgs/include/micro_ros_msgs/micro_ros_msgs/msg/node.hpp
[11.415s] -- Up-to-date: /home/amadorjosephg/CA-Embedded-MiniProject/comet_bot_ws/install/micro_ros_msgs/include/micro_ros_msgs/micro_ros_msgs/msg/detail
[11.415s] -- Installing: /home/amadorjosephg/CA-Embedded-MiniProject/comet_bot_ws/install/micro_ros_msgs/include/micro_ros_msgs/micro_ros_msgs/msg/detail/node__traits.hpp
[11.415s] -- Installing: /home/amadorjosephg/CA-Embedded-MiniProject/comet_bot_ws/install/micro_ros_msgs/include/micro_ros_msgs/micro_ros_msgs/msg/detail/entity__traits.hpp
[11.415s] -- Installing: /home/amadorjosephg/CA-Embedded-MiniProject/comet_bot_ws/install/micro_ros_msgs/include/micro_ros_msgs/micro_ros_msgs/msg/detail/node__builder.hpp
[11.415s] -- Installing: /home/amadorjosephg/CA-Embedded-MiniProject/comet_bot_ws/install/micro_ros_msgs/include/micro_ros_msgs/micro_ros_msgs/msg/detail/entity__builder.hpp
[11.415s] -- Installing: /home/amadorjosephg/CA-Embedded-MiniProject/comet_bot_ws/install/micro_ros_msgs/include/micro_ros_msgs/micro_ros_msgs/msg/detail/graph__builder.hpp
[11.416s] -- Installing: /home/amadorjosephg/CA-Embedded-MiniProject/comet_bot_ws/install/micro_ros_msgs/include/micro_ros_msgs/micro_ros_msgs/msg/detail/entity__struct.hpp
[11.416s] -- Installing: /home/amadorjosephg/CA-Embedded-MiniProject/comet_bot_ws/install/micro_ros_msgs/include/micro_ros_msgs/micro_ros_msgs/msg/detail/node__struct.hpp
[11.416s] -- Installing: /home/amadorjosephg/CA-Embedded-MiniProject/comet_bot_ws/install/micro_ros_msgs/include/micro_ros_msgs/micro_ros_msgs/msg/detail/graph__struct.hpp
[11.417s] -- Installing: /home/amadorjosephg/CA-Embedded-MiniProject/comet_bot_ws/install/micro_ros_msgs/include/micro_ros_msgs/micro_ros_msgs/msg/detail/graph__traits.hpp
[11.417s] -- Installing: /home/amadorjosephg/CA-Embedded-MiniProject/comet_bot_ws/install/micro_ros_msgs/include/micro_ros_msgs/micro_ros_msgs/msg/entity.hpp
[11.418s] -- Up-to-date: /home/amadorjosephg/CA-Embedded-MiniProject/comet_bot_ws/install/micro_ros_msgs/include/micro_ros_msgs/micro_ros_msgs
[11.418s] -- Up-to-date: /home/amadorjosephg/CA-Embedded-MiniProject/comet_bot_ws/install/micro_ros_msgs/include/micro_ros_msgs/micro_ros_msgs/msg
[11.418s] -- Up-to-date: /home/amadorjosephg/CA-Embedded-MiniProject/comet_bot_ws/install/micro_ros_msgs/include/micro_ros_msgs/micro_ros_msgs/msg/detail
[11.418s] -- Installing: /home/amadorjosephg/CA-Embedded-MiniProject/comet_bot_ws/install/micro_ros_msgs/include/micro_ros_msgs/micro_ros_msgs/msg/detail/node__rosidl_typesupport_fastrtps_cpp.hpp
[11.418s] -- Installing: /home/amadorjosephg/CA-Embedded-MiniProject/comet_bot_ws/install/micro_ros_msgs/include/micro_ros_msgs/micro_ros_msgs/msg/detail/entity__rosidl_typesupport_fastrtps_cpp.hpp
[11.418s] -- Installing: /home/amadorjosephg/CA-Embedded-MiniProject/comet_bot_ws/install/micro_ros_msgs/include/micro_ros_msgs/micro_ros_msgs/msg/detail/graph__rosidl_typesupport_fastrtps_cpp.hpp
[11.419s] -- Installing: /home/amadorjosephg/CA-Embedded-MiniProject/comet_bot_ws/install/micro_ros_msgs/include/micro_ros_msgs/micro_ros_msgs/msg/detail/dds_fastrtps
[11.419s] -- Installing: /home/amadorjosephg/CA-Embedded-MiniProject/comet_bot_ws/install/micro_ros_msgs/include/micro_ros_msgs/micro_ros_msgs/msg/rosidl_typesupport_fastrtps_cpp__visibility_control.h
[11.419s] -- Installing: /home/amadorjosephg/CA-Embedded-MiniProject/comet_bot_ws/install/micro_ros_msgs/lib/libmicro_ros_msgs__rosidl_typesupport_fastrtps_cpp.so
[11.420s] -- Set runtime path of "/home/amadorjosephg/CA-Embedded-MiniProject/comet_bot_ws/install/micro_ros_msgs/lib/libmicro_ros_msgs__rosidl_typesupport_fastrtps_cpp.so" to ""
[11.420s] -- Up-to-date: /home/amadorjosephg/CA-Embedded-MiniProject/comet_bot_ws/install/micro_ros_msgs/include/micro_ros_msgs/micro_ros_msgs
[11.420s] -- Up-to-date: /home/amadorjosephg/CA-Embedded-MiniProject/comet_bot_ws/install/micro_ros_msgs/include/micro_ros_msgs/micro_ros_msgs/msg
[11.420s] -- Up-to-date: /home/amadorjosephg/CA-Embedded-MiniProject/comet_bot_ws/install/micro_ros_msgs/include/micro_ros_msgs/micro_ros_msgs/msg/detail
[11.421s] -- Installing: /home/amadorjosephg/CA-Embedded-MiniProject/comet_bot_ws/install/micro_ros_msgs/include/micro_ros_msgs/micro_ros_msgs/msg/detail/graph__rosidl_typesupport_introspection_cpp.hpp
[11.421s] -- Installing: /home/amadorjosephg/CA-Embedded-MiniProject/comet_bot_ws/install/micro_ros_msgs/include/micro_ros_msgs/micro_ros_msgs/msg/detail/entity__type_support.cpp
[11.421s] -- Installing: /home/amadorjosephg/CA-Embedded-MiniProject/comet_bot_ws/install/micro_ros_msgs/include/micro_ros_msgs/micro_ros_msgs/msg/detail/node__rosidl_typesupport_introspection_cpp.hpp
[11.421s] -- Installing: /home/amadorjosephg/CA-Embedded-MiniProject/comet_bot_ws/install/micro_ros_msgs/include/micro_ros_msgs/micro_ros_msgs/msg/detail/node__type_support.cpp
[11.422s] -- Installing: /home/amadorjosephg/CA-Embedded-MiniProject/comet_bot_ws/install/micro_ros_msgs/include/micro_ros_msgs/micro_ros_msgs/msg/detail/graph__type_support.cpp
[11.422s] -- Installing: /home/amadorjosephg/CA-Embedded-MiniProject/comet_bot_ws/install/micro_ros_msgs/include/micro_ros_msgs/micro_ros_msgs/msg/detail/entity__rosidl_typesupport_introspection_cpp.hpp
[11.422s] -- Installing: /home/amadorjosephg/CA-Embedded-MiniProject/comet_bot_ws/install/micro_ros_msgs/lib/libmicro_ros_msgs__rosidl_typesupport_introspection_cpp.so
[11.423s] -- Set runtime path of "/home/amadorjosephg/CA-Embedded-MiniProject/comet_bot_ws/install/micro_ros_msgs/lib/libmicro_ros_msgs__rosidl_typesupport_introspection_cpp.so" to ""
[11.423s] -- Installing: /home/amadorjosephg/CA-Embedded-MiniProject/comet_bot_ws/install/micro_ros_msgs/lib/libmicro_ros_msgs__rosidl_typesupport_cpp.so
[11.424s] -- Set runtime path of "/home/amadorjosephg/CA-Embedded-MiniProject/comet_bot_ws/install/micro_ros_msgs/lib/libmicro_ros_msgs__rosidl_typesupport_cpp.so" to ""
[11.424s] -- Installing: /home/amadorjosephg/CA-Embedded-MiniProject/comet_bot_ws/install/micro_ros_msgs/share/micro_ros_msgs/environment/pythonpath.sh
[11.424s] -- Installing: /home/amadorjosephg/CA-Embedded-MiniProject/comet_bot_ws/install/micro_ros_msgs/share/micro_ros_msgs/environment/pythonpath.dsv
[11.425s] -- Installing: /home/amadorjosephg/CA-Embedded-MiniProject/comet_bot_ws/install/micro_ros_msgs/local/lib/python3.10/dist-packages/micro_ros_msgs-3.0.1-py3.10.egg-info
[11.425s] -- Installing: /home/amadorjosephg/CA-Embedded-MiniProject/comet_bot_ws/install/micro_ros_msgs/local/lib/python3.10/dist-packages/micro_ros_msgs-3.0.1-py3.10.egg-info/PKG-INFO
[11.425s] -- Installing: /home/amadorjosephg/CA-Embedded-MiniProject/comet_bot_ws/install/micro_ros_msgs/local/lib/python3.10/dist-packages/micro_ros_msgs-3.0.1-py3.10.egg-info/dependency_links.txt
[11.425s] -- Installing: /home/amadorjosephg/CA-Embedded-MiniProject/comet_bot_ws/install/micro_ros_msgs/local/lib/python3.10/dist-packages/micro_ros_msgs-3.0.1-py3.10.egg-info/top_level.txt
[11.426s] -- Installing: /home/amadorjosephg/CA-Embedded-MiniProject/comet_bot_ws/install/micro_ros_msgs/local/lib/python3.10/dist-packages/micro_ros_msgs-3.0.1-py3.10.egg-info/SOURCES.txt
[11.426s] -- Installing: /home/amadorjosephg/CA-Embedded-MiniProject/comet_bot_ws/install/micro_ros_msgs/local/lib/python3.10/dist-packages/micro_ros_msgs
[11.426s] -- Installing: /home/amadorjosephg/CA-Embedded-MiniProject/comet_bot_ws/install/micro_ros_msgs/local/lib/python3.10/dist-packages/micro_ros_msgs/libmicro_ros_msgs__rosidl_generator_py.so
[11.427s] -- Installing: /home/amadorjosephg/CA-Embedded-MiniProject/comet_bot_ws/install/micro_ros_msgs/local/lib/python3.10/dist-packages/micro_ros_msgs/_micro_ros_msgs_s.ep.rosidl_typesupport_fastrtps_c.c
[11.427s] -- Installing: /home/amadorjosephg/CA-Embedded-MiniProject/comet_bot_ws/install/micro_ros_msgs/local/lib/python3.10/dist-packages/micro_ros_msgs/__init__.py
[11.427s] -- Installing: /home/amadorjosephg/CA-Embedded-MiniProject/comet_bot_ws/install/micro_ros_msgs/local/lib/python3.10/dist-packages/micro_ros_msgs/msg
[11.427s] -- Installing: /home/amadorjosephg/CA-Embedded-MiniProject/comet_bot_ws/install/micro_ros_msgs/local/lib/python3.10/dist-packages/micro_ros_msgs/msg/_graph_s.c
[11.427s] -- Installing: /home/amadorjosephg/CA-Embedded-MiniProject/comet_bot_ws/install/micro_ros_msgs/local/lib/python3.10/dist-packages/micro_ros_msgs/msg/_graph.py
[11.428s] -- Installing: /home/amadorjosephg/CA-Embedded-MiniProject/comet_bot_ws/install/micro_ros_msgs/local/lib/python3.10/dist-packages/micro_ros_msgs/msg/__init__.py
[11.428s] -- Installing: /home/amadorjosephg/CA-Embedded-MiniProject/comet_bot_ws/install/micro_ros_msgs/local/lib/python3.10/dist-packages/micro_ros_msgs/msg/_node.py
[11.428s] -- Installing: /home/amadorjosephg/CA-Embedded-MiniProject/comet_bot_ws/install/micro_ros_msgs/local/lib/python3.10/dist-packages/micro_ros_msgs/msg/_entity.py
[11.428s] -- Installing: /home/amadorjosephg/CA-Embedded-MiniProject/comet_bot_ws/install/micro_ros_msgs/local/lib/python3.10/dist-packages/micro_ros_msgs/msg/_node_s.c
[11.429s] -- Installing: /home/amadorjosephg/CA-Embedded-MiniProject/comet_bot_ws/install/micro_ros_msgs/local/lib/python3.10/dist-packages/micro_ros_msgs/msg/_entity_s.c
[11.429s] -- Installing: /home/amadorjosephg/CA-Embedded-MiniProject/comet_bot_ws/install/micro_ros_msgs/local/lib/python3.10/dist-packages/micro_ros_msgs/micro_ros_msgs_s__rosidl_typesupport_fastrtps_c.cpython-310-x86_64-linux-gnu.so
[11.429s] -- Installing: /home/amadorjosephg/CA-Embedded-MiniProject/comet_bot_ws/install/micro_ros_msgs/local/lib/python3.10/dist-packages/micro_ros_msgs/_micro_ros_msgs_s.ep.rosidl_typesupport_c.c
[11.429s] -- Installing: /home/amadorjosephg/CA-Embedded-MiniProject/comet_bot_ws/install/micro_ros_msgs/local/lib/python3.10/dist-packages/micro_ros_msgs/micro_ros_msgs_s__rosidl_typesupport_c.cpython-310-x86_64-linux-gnu.so
[11.430s] -- Installing: /home/amadorjosephg/CA-Embedded-MiniProject/comet_bot_ws/install/micro_ros_msgs/local/lib/python3.10/dist-packages/micro_ros_msgs/micro_ros_msgs_s__rosidl_typesupport_introspection_c.cpython-310-x86_64-linux-gnu.so
[11.430s] -- Installing: /home/amadorjosephg/CA-Embedded-MiniProject/comet_bot_ws/install/micro_ros_msgs/local/lib/python3.10/dist-packages/micro_ros_msgs/_micro_ros_msgs_s.ep.rosidl_typesupport_introspection_c.c
[11.538s] Listing '/home/amadorjosephg/CA-Embedded-MiniProject/comet_bot_ws/install/micro_ros_msgs/local/lib/python3.10/dist-packages/micro_ros_msgs'...
[11.538s] Compiling '/home/amadorjosephg/CA-Embedded-MiniProject/comet_bot_ws/install/micro_ros_msgs/local/lib/python3.10/dist-packages/micro_ros_msgs/__init__.py'...
[11.538s] Listing '/home/amadorjosephg/CA-Embedded-MiniProject/comet_bot_ws/install/micro_ros_msgs/local/lib/python3.10/dist-packages/micro_ros_msgs/msg'...
[11.538s] Compiling '/home/amadorjosephg/CA-Embedded-MiniProject/comet_bot_ws/install/micro_ros_msgs/local/lib/python3.10/dist-packages/micro_ros_msgs/msg/__init__.py'...
[11.538s] Compiling '/home/amadorjosephg/CA-Embedded-MiniProject/comet_bot_ws/install/micro_ros_msgs/local/lib/python3.10/dist-packages/micro_ros_msgs/msg/_entity.py'...
[11.538s] Compiling '/home/amadorjosephg/CA-Embedded-MiniProject/comet_bot_ws/install/micro_ros_msgs/local/lib/python3.10/dist-packages/micro_ros_msgs/msg/_graph.py'...
[11.538s] Compiling '/home/amadorjosephg/CA-Embedded-MiniProject/comet_bot_ws/install/micro_ros_msgs/local/lib/python3.10/dist-packages/micro_ros_msgs/msg/_node.py'...
[11.549s] -- Installing: /home/amadorjosephg/CA-Embedded-MiniProject/comet_bot_ws/install/micro_ros_msgs/local/lib/python3.10/dist-packages/micro_ros_msgs/micro_ros_msgs_s__rosidl_typesupport_fastrtps_c.cpython-310-x86_64-linux-gnu.so
[11.549s] -- Set runtime path of "/home/amadorjosephg/CA-Embedded-MiniProject/comet_bot_ws/install/micro_ros_msgs/local/lib/python3.10/dist-packages/micro_ros_msgs/micro_ros_msgs_s__rosidl_typesupport_fastrtps_c.cpython-310-x86_64-linux-gnu.so" to ""
[11.550s] -- Installing: /home/amadorjosephg/CA-Embedded-MiniProject/comet_bot_ws/install/micro_ros_msgs/local/lib/python3.10/dist-packages/micro_ros_msgs/micro_ros_msgs_s__rosidl_typesupport_introspection_c.cpython-310-x86_64-linux-gnu.so
[11.550s] -- Set runtime path of "/home/amadorjosephg/CA-Embedded-MiniProject/comet_bot_ws/install/micro_ros_msgs/local/lib/python3.10/dist-packages/micro_ros_msgs/micro_ros_msgs_s__rosidl_typesupport_introspection_c.cpython-310-x86_64-linux-gnu.so" to ""
[11.550s] -- Installing: /home/amadorjosephg/CA-Embedded-MiniProject/comet_bot_ws/install/micro_ros_msgs/local/lib/python3.10/dist-packages/micro_ros_msgs/micro_ros_msgs_s__rosidl_typesupport_c.cpython-310-x86_64-linux-gnu.so
[11.551s] -- Set runtime path of "/home/amadorjosephg/CA-Embedded-MiniProject/comet_bot_ws/install/micro_ros_msgs/local/lib/python3.10/dist-packages/micro_ros_msgs/micro_ros_msgs_s__rosidl_typesupport_c.cpython-310-x86_64-linux-gnu.so" to ""
[11.551s] -- Installing: /home/amadorjosephg/CA-Embedded-MiniProject/comet_bot_ws/install/micro_ros_msgs/lib/libmicro_ros_msgs__rosidl_generator_py.so
[11.551s] -- Set runtime path of "/home/amadorjosephg/CA-Embedded-MiniProject/comet_bot_ws/install/micro_ros_msgs/lib/libmicro_ros_msgs__rosidl_generator_py.so" to ""
[11.552s] -- Installing: /home/amadorjosephg/CA-Embedded-MiniProject/comet_bot_ws/install/micro_ros_msgs/share/micro_ros_msgs/msg/Graph.idl
[11.552s] -- Installing: /home/amadorjosephg/CA-Embedded-MiniProject/comet_bot_ws/install/micro_ros_msgs/share/micro_ros_msgs/msg/Node.idl
[11.552s] -- Installing: /home/amadorjosephg/CA-Embedded-MiniProject/comet_bot_ws/install/micro_ros_msgs/share/micro_ros_msgs/msg/Entity.idl
[11.553s] -- Installing: /home/amadorjosephg/CA-Embedded-MiniProject/comet_bot_ws/install/micro_ros_msgs/share/micro_ros_msgs/msg/Graph.msg
[11.553s] -- Installing: /home/amadorjosephg/CA-Embedded-MiniProject/comet_bot_ws/install/micro_ros_msgs/share/micro_ros_msgs/msg/Node.msg
[11.553s] -- Installing: /home/amadorjosephg/CA-Embedded-MiniProject/comet_bot_ws/install/micro_ros_msgs/share/micro_ros_msgs/msg/Entity.msg
[11.554s] -- Installing: /home/amadorjosephg/CA-Embedded-MiniProject/comet_bot_ws/install/micro_ros_msgs/share/ament_index/resource_index/package_run_dependencies/micro_ros_msgs
[11.554s] -- Installing: /home/amadorjosephg/CA-Embedded-MiniProject/comet_bot_ws/install/micro_ros_msgs/share/ament_index/resource_index/parent_prefix_path/micro_ros_msgs
[11.554s] -- Installing: /home/amadorjosephg/CA-Embedded-MiniProject/comet_bot_ws/install/micro_ros_msgs/share/micro_ros_msgs/environment/ament_prefix_path.sh
[11.555s] -- Installing: /home/amadorjosephg/CA-Embedded-MiniProject/comet_bot_ws/install/micro_ros_msgs/share/micro_ros_msgs/environment/ament_prefix_path.dsv
[11.555s] -- Installing: /home/amadorjosephg/CA-Embedded-MiniProject/comet_bot_ws/install/micro_ros_msgs/share/micro_ros_msgs/environment/path.sh
[11.555s] -- Installing: /home/amadorjosephg/CA-Embedded-MiniProject/comet_bot_ws/install/micro_ros_msgs/share/micro_ros_msgs/environment/path.dsv
[11.556s] -- Installing: /home/amadorjosephg/CA-Embedded-MiniProject/comet_bot_ws/install/micro_ros_msgs/share/micro_ros_msgs/local_setup.bash
[11.556s] -- Installing: /home/amadorjosephg/CA-Embedded-MiniProject/comet_bot_ws/install/micro_ros_msgs/share/micro_ros_msgs/local_setup.sh
[11.556s] -- Installing: /home/amadorjosephg/CA-Embedded-MiniProject/comet_bot_ws/install/micro_ros_msgs/share/micro_ros_msgs/local_setup.zsh
[11.557s] -- Installing: /home/amadorjosephg/CA-Embedded-MiniProject/comet_bot_ws/install/micro_ros_msgs/share/micro_ros_msgs/local_setup.dsv
[11.557s] -- Installing: /home/amadorjosephg/CA-Embedded-MiniProject/comet_bot_ws/install/micro_ros_msgs/share/micro_ros_msgs/package.dsv
[11.557s] -- Installing: /home/amadorjosephg/CA-Embedded-MiniProject/comet_bot_ws/install/micro_ros_msgs/share/ament_index/resource_index/packages/micro_ros_msgs
[11.558s] -- Installing: /home/amadorjosephg/CA-Embedded-MiniProject/comet_bot_ws/install/micro_ros_msgs/share/micro_ros_msgs/cmake/export_micro_ros_msgs__rosidl_generator_cExport.cmake
[11.558s] -- Installing: /home/amadorjosephg/CA-Embedded-MiniProject/comet_bot_ws/install/micro_ros_msgs/share/micro_ros_msgs/cmake/export_micro_ros_msgs__rosidl_generator_cExport-noconfig.cmake
[11.558s] -- Installing: /home/amadorjosephg/CA-Embedded-MiniProject/comet_bot_ws/install/micro_ros_msgs/share/micro_ros_msgs/cmake/export_micro_ros_msgs__rosidl_typesupport_fastrtps_cExport.cmake
[11.559s] -- Installing: /home/amadorjosephg/CA-Embedded-MiniProject/comet_bot_ws/install/micro_ros_msgs/share/micro_ros_msgs/cmake/export_micro_ros_msgs__rosidl_typesupport_fastrtps_cExport-noconfig.cmake
[11.559s] -- Installing: /home/amadorjosephg/CA-Embedded-MiniProject/comet_bot_ws/install/micro_ros_msgs/share/micro_ros_msgs/cmake/micro_ros_msgs__rosidl_typesupport_introspection_cExport.cmake
[11.559s] -- Installing: /home/amadorjosephg/CA-Embedded-MiniProject/comet_bot_ws/install/micro_ros_msgs/share/micro_ros_msgs/cmake/micro_ros_msgs__rosidl_typesupport_introspection_cExport-noconfig.cmake
[11.560s] -- Installing: /home/amadorjosephg/CA-Embedded-MiniProject/comet_bot_ws/install/micro_ros_msgs/share/micro_ros_msgs/cmake/micro_ros_msgs__rosidl_typesupport_cExport.cmake
[11.560s] -- Installing: /home/amadorjosephg/CA-Embedded-MiniProject/comet_bot_ws/install/micro_ros_msgs/share/micro_ros_msgs/cmake/micro_ros_msgs__rosidl_typesupport_cExport-noconfig.cmake
[11.560s] -- Installing: /home/amadorjosephg/CA-Embedded-MiniProject/comet_bot_ws/install/micro_ros_msgs/share/micro_ros_msgs/cmake/export_micro_ros_msgs__rosidl_generator_cppExport.cmake
[11.561s] -- Installing: /home/amadorjosephg/CA-Embedded-MiniProject/comet_bot_ws/install/micro_ros_msgs/share/micro_ros_msgs/cmake/export_micro_ros_msgs__rosidl_typesupport_fastrtps_cppExport.cmake
[11.561s] -- Installing: /home/amadorjosephg/CA-Embedded-MiniProject/comet_bot_ws/install/micro_ros_msgs/share/micro_ros_msgs/cmake/export_micro_ros_msgs__rosidl_typesupport_fastrtps_cppExport-noconfig.cmake
[11.562s] -- Installing: /home/amadorjosephg/CA-Embedded-MiniProject/comet_bot_ws/install/micro_ros_msgs/share/micro_ros_msgs/cmake/micro_ros_msgs__rosidl_typesupport_introspection_cppExport.cmake
[11.562s] -- Installing: /home/amadorjosephg/CA-Embedded-MiniProject/comet_bot_ws/install/micro_ros_msgs/share/micro_ros_msgs/cmake/micro_ros_msgs__rosidl_typesupport_introspection_cppExport-noconfig.cmake
[11.563s] -- Installing: /home/amadorjosephg/CA-Embedded-MiniProject/comet_bot_ws/install/micro_ros_msgs/share/micro_ros_msgs/cmake/micro_ros_msgs__rosidl_typesupport_cppExport.cmake
[11.567s] -- Installing: /home/amadorjosephg/CA-Embedded-MiniProject/comet_bot_ws/install/micro_ros_msgs/share/micro_ros_msgs/cmake/micro_ros_msgs__rosidl_typesupport_cppExport-noconfig.cmake
[11.570s] -- Installing: /home/amadorjosephg/CA-Embedded-MiniProject/comet_bot_ws/install/micro_ros_msgs/share/micro_ros_msgs/cmake/export_micro_ros_msgs__rosidl_generator_pyExport.cmake
[11.571s] -- Installing: /home/amadorjosephg/CA-Embedded-MiniProject/comet_bot_ws/install/micro_ros_msgs/share/micro_ros_msgs/cmake/export_micro_ros_msgs__rosidl_generator_pyExport-noconfig.cmake
[11.572s] -- Installing: /home/amadorjosephg/CA-Embedded-MiniProject/comet_bot_ws/install/micro_ros_msgs/share/micro_ros_msgs/cmake/rosidl_cmake-extras.cmake
[11.572s] -- Installing: /home/amadorjosephg/CA-Embedded-MiniProject/comet_bot_ws/install/micro_ros_msgs/share/micro_ros_msgs/cmake/ament_cmake_export_include_directories-extras.cmake
[11.572s] -- Installing: /home/amadorjosephg/CA-Embedded-MiniProject/comet_bot_ws/install/micro_ros_msgs/share/micro_ros_msgs/cmake/ament_cmake_export_libraries-extras.cmake
[11.573s] -- Installing: /home/amadorjosephg/CA-Embedded-MiniProject/comet_bot_ws/install/micro_ros_msgs/share/micro_ros_msgs/cmake/ament_cmake_export_targets-extras.cmake
[11.573s] -- Installing: /home/amadorjosephg/CA-Embedded-MiniProject/comet_bot_ws/install/micro_ros_msgs/share/micro_ros_msgs/cmake/rosidl_cmake_export_typesupport_targets-extras.cmake
[11.573s] -- Installing: /home/amadorjosephg/CA-Embedded-MiniProject/comet_bot_ws/install/micro_ros_msgs/share/micro_ros_msgs/cmake/ament_cmake_export_dependencies-extras.cmake
[11.574s] -- Installing: /home/amadorjosephg/CA-Embedded-MiniProject/comet_bot_ws/install/micro_ros_msgs/share/micro_ros_msgs/cmake/rosidl_cmake_export_typesupport_libraries-extras.cmake
[11.574s] -- Installing: /home/amadorjosephg/CA-Embedded-MiniProject/comet_bot_ws/install/micro_ros_msgs/share/micro_ros_msgs/cmake/micro_ros_msgsConfig.cmake
[11.574s] -- Installing: /home/amadorjosephg/CA-Embedded-MiniProject/comet_bot_ws/install/micro_ros_msgs/share/micro_ros_msgs/cmake/micro_ros_msgsConfig-version.cmake
[11.575s] -- Installing: /home/amadorjosephg/CA-Embedded-MiniProject/comet_bot_ws/install/micro_ros_msgs/share/micro_ros_msgs/package.xml
[11.587s] Invoked command in '/home/amadorjosephg/CA-Embedded-MiniProject/comet_bot_ws/build/micro_ros_msgs' returned '0': CMAKE_PREFIX_PATH=${CMAKE_PREFIX_PATH}:/home/amadorjosephg/CA-Embedded-MiniProject/comet_bot_ws/install/lunabot_control:/home/amadorjosephg/CA-Embedded-MiniProject/comet_bot_ws/install/jetson_topic_relay:/opt/ros/humble /usr/bin/cmake --install /home/amadorjosephg/CA-Embedded-MiniProject/comet_bot_ws/build/micro_ros_msgs
