[0.163s] Invoking command in '/home/amadorjosephg/CA-Embedded-MiniProject/comet_bot_ws/build/actionlib_msgs': AMENT_PREFIX_PATH=/home/amadorjosephg/CA-Embedded-MiniProject/comet_bot_ws/install/std_msgs:/home/amadorjosephg/CA-Embedded-MiniProject/comet_bot_ws/install/builtin_interfaces:${AMENT_PREFIX_PATH} CMAKE_PREFIX_PATH=/home/amadorjosephg/CA-Embedded-MiniProject/comet_bot_ws/install/std_msgs:/home/amadorjosephg/CA-Embedded-MiniProject/comet_bot_ws/install/builtin_interfaces:/home/amadorjosephg/CA-Embedded-MiniProject/comet_bot_ws/install/rosidl_typesupport_microxrcedds_cpp:/home/amadorjosephg/CA-Embedded-MiniProject/comet_bot_ws/install/rosidl_typesupport_microxrcedds_c:/home/amadorjosephg/CA-Embedded-MiniProject/comet_bot_ws/install/microcdr:/home/amadorjosephg/CA-Embedded-MiniProject/comet_bot_ws/install/micro_ros_setup:/home/amadorjosephg/CA-Embedded-MiniProject/comet_bot_ws/install/micro_ros_agent:/home/amadorjosephg/CA-Embedded-MiniProject/comet_bot_ws/install/micro_ros_msgs:/home/amadorjosephg/CA-Embedded-MiniProject/comet_bot_ws/install/lunabot_control:/home/amadorjosephg/CA-Embedded-MiniProject/comet_bot_ws/install/jetson_topic_relay:/opt/ros/humble LD_LIBRARY_PATH=/home/amadorjosephg/CA-Embedded-MiniProject/comet_bot_ws/install/std_msgs/lib:/home/amadorjosephg/CA-Embedded-MiniProject/comet_bot_ws/install/builtin_interfaces/lib:${LD_LIBRARY_PATH} PYTHONPATH=/home/amadorjosephg/CA-Embedded-MiniProject/comet_bot_ws/install/std_msgs/local/lib/python3.10/dist-packages:/home/amadorjosephg/CA-Embedded-MiniProject/comet_bot_ws/install/builtin_interfaces/local/lib/python3.10/dist-packages:${PYTHONPATH} /usr/bin/cmake /home/amadorjosephg/CA-Embedded-MiniProject/comet_bot_ws/src/ros2/common_interfaces/actionlib_msgs -DBUILD_TESTING=OFF -DBUILD_SHARED_LIBS=ON -DCMAKE_INSTALL_PREFIX=/home/amadorjosephg/CA-Embedded-MiniProject/comet_bot_ws/install/actionlib_msgs
[0.420s] -- The C compiler identification is GNU 11.4.0
[0.536s] -- The CXX compiler identification is GNU 11.4.0
[0.546s] -- Detecting C compiler ABI info
[0.674s] -- Detecting C compiler ABI info - done
[0.681s] -- Check for working C compiler: /usr/bin/cc - skipped
[0.681s] -- Detecting C compile features
[0.682s] -- Detecting C compile features - done
[0.685s] -- Detecting CXX compiler ABI info
[0.825s] -- Detecting CXX compiler ABI info - done
[0.833s] -- Check for working CXX compiler: /usr/bin/c++ - skipped
[0.834s] -- Detecting CXX compile features
[0.834s] -- Detecting CXX compile features - done
[0.840s] -- Found ament_cmake: 1.3.9 (/opt/ros/humble/share/ament_cmake/cmake)
[1.060s] -- Found Python3: /usr/bin/python3 (found version "3.10.12") found components: Interpreter 
[1.182s] -- Found builtin_interfaces: 1.2.1 (/home/amadorjosephg/CA-Embedded-MiniProject/comet_bot_ws/install/builtin_interfaces/share/builtin_interfaces/cmake)
[1.235s] -- Found rosidl_generator_c: 3.1.5 (/opt/ros/humble/share/rosidl_generator_c/cmake)
[1.243s] -- Found rosidl_adapter: 3.1.5 (/opt/ros/humble/share/rosidl_adapter/cmake)
[1.262s] -- Found rosidl_generator_cpp: 3.1.5 (/opt/ros/humble/share/rosidl_generator_cpp/cmake)
[1.281s] -- Using all available rosidl_typesupport_c: rosidl_typesupport_microxrcedds_c;rosidl_typesupport_fastrtps_c;rosidl_typesupport_introspection_c
[1.328s] -- Using all available rosidl_typesupport_cpp: rosidl_typesupport_microxrcedds_cpp;rosidl_typesupport_fastrtps_cpp;rosidl_typesupport_introspection_cpp
[1.373s] -- Found rosidl_default_generators: 1.2.0 (/opt/ros/humble/share/rosidl_default_generators/cmake)
[1.383s] -- Found std_msgs: 4.2.4 (/home/amadorjosephg/CA-Embedded-MiniProject/comet_bot_ws/install/std_msgs/share/std_msgs/cmake)
[1.797s] -- Found ament_cmake_ros: 0.10.0 (/opt/ros/humble/share/ament_cmake_ros/cmake)
[2.551s] -- Using all available rosidl_typesupport_c: rosidl_typesupport_microxrcedds_c;rosidl_typesupport_fastrtps_c;rosidl_typesupport_introspection_c
[2.858s] -- Using all available rosidl_typesupport_cpp: rosidl_typesupport_microxrcedds_cpp;rosidl_typesupport_fastrtps_cpp;rosidl_typesupport_introspection_cpp
[2.886s] -- Found PythonInterp: /usr/bin/python3 (found suitable version "3.10.12", minimum required is "3.6") 
[2.893s] -- Found python_cmake_module: 0.10.0 (/opt/ros/humble/share/python_cmake_module/cmake)
[2.921s] -- Found PythonLibs: /usr/lib/x86_64-linux-gnu/libpython3.10.so (found suitable version "3.10.12", minimum required is "3.5") 
[2.921s] -- Using PYTHON_EXECUTABLE: /usr/bin/python3
[2.921s] -- Using PYTHON_INCLUDE_DIRS: /usr/include/python3.10
[2.922s] -- Using PYTHON_LIBRARIES: /usr/lib/x86_64-linux-gnu/libpython3.10.so
[2.946s] -- Found PythonExtra: .so  
[3.016s] -- Configuring done
[3.071s] -- Generating done
[3.081s] -- Build files have been written to: /home/amadorjosephg/CA-Embedded-MiniProject/comet_bot_ws/build/actionlib_msgs
[3.092s] Invoked command in '/home/amadorjosephg/CA-Embedded-MiniProject/comet_bot_ws/build/actionlib_msgs' returned '0': AMENT_PREFIX_PATH=/home/amadorjosephg/CA-Embedded-MiniProject/comet_bot_ws/install/std_msgs:/home/amadorjosephg/CA-Embedded-MiniProject/comet_bot_ws/install/builtin_interfaces:${AMENT_PREFIX_PATH} CMAKE_PREFIX_PATH=/home/amadorjosephg/CA-Embedded-MiniProject/comet_bot_ws/install/std_msgs:/home/amadorjosephg/CA-Embedded-MiniProject/comet_bot_ws/install/builtin_interfaces:/home/amadorjosephg/CA-Embedded-MiniProject/comet_bot_ws/install/rosidl_typesupport_microxrcedds_cpp:/home/amadorjosephg/CA-Embedded-MiniProject/comet_bot_ws/install/rosidl_typesupport_microxrcedds_c:/home/amadorjosephg/CA-Embedded-MiniProject/comet_bot_ws/install/microcdr:/home/amadorjosephg/CA-Embedded-MiniProject/comet_bot_ws/install/micro_ros_setup:/home/amadorjosephg/CA-Embedded-MiniProject/comet_bot_ws/install/micro_ros_agent:/home/amadorjosephg/CA-Embedded-MiniProject/comet_bot_ws/install/micro_ros_msgs:/home/amadorjosephg/CA-Embedded-MiniProject/comet_bot_ws/install/lunabot_control:/home/amadorjosephg/CA-Embedded-MiniProject/comet_bot_ws/install/jetson_topic_relay:/opt/ros/humble LD_LIBRARY_PATH=/home/amadorjosephg/CA-Embedded-MiniProject/comet_bot_ws/install/std_msgs/lib:/home/amadorjosephg/CA-Embedded-MiniProject/comet_bot_ws/install/builtin_interfaces/lib:${LD_LIBRARY_PATH} PYTHONPATH=/home/amadorjosephg/CA-Embedded-MiniProject/comet_bot_ws/install/std_msgs/local/lib/python3.10/dist-packages:/home/amadorjosephg/CA-Embedded-MiniProject/comet_bot_ws/install/builtin_interfaces/local/lib/python3.10/dist-packages:${PYTHONPATH} /usr/bin/cmake /home/amadorjosephg/CA-Embedded-MiniProject/comet_bot_ws/src/ros2/common_interfaces/actionlib_msgs -DBUILD_TESTING=OFF -DBUILD_SHARED_LIBS=ON -DCMAKE_INSTALL_PREFIX=/home/amadorjosephg/CA-Embedded-MiniProject/comet_bot_ws/install/actionlib_msgs
[3.092s] Invoking command in '/home/amadorjosephg/CA-Embedded-MiniProject/comet_bot_ws/build/actionlib_msgs': AMENT_PREFIX_PATH=/home/amadorjosephg/CA-Embedded-MiniProject/comet_bot_ws/install/std_msgs:/home/amadorjosephg/CA-Embedded-MiniProject/comet_bot_ws/install/builtin_interfaces:${AMENT_PREFIX_PATH} CMAKE_PREFIX_PATH=/home/amadorjosephg/CA-Embedded-MiniProject/comet_bot_ws/install/std_msgs:/home/amadorjosephg/CA-Embedded-MiniProject/comet_bot_ws/install/builtin_interfaces:/home/amadorjosephg/CA-Embedded-MiniProject/comet_bot_ws/install/rosidl_typesupport_microxrcedds_cpp:/home/amadorjosephg/CA-Embedded-MiniProject/comet_bot_ws/install/rosidl_typesupport_microxrcedds_c:/home/amadorjosephg/CA-Embedded-MiniProject/comet_bot_ws/install/microcdr:/home/amadorjosephg/CA-Embedded-MiniProject/comet_bot_ws/install/micro_ros_setup:/home/amadorjosephg/CA-Embedded-MiniProject/comet_bot_ws/install/micro_ros_agent:/home/amadorjosephg/CA-Embedded-MiniProject/comet_bot_ws/install/micro_ros_msgs:/home/amadorjosephg/CA-Embedded-MiniProject/comet_bot_ws/install/lunabot_control:/home/amadorjosephg/CA-Embedded-MiniProject/comet_bot_ws/install/jetson_topic_relay:/opt/ros/humble LD_LIBRARY_PATH=/home/amadorjosephg/CA-Embedded-MiniProject/comet_bot_ws/install/std_msgs/lib:/home/amadorjosephg/CA-Embedded-MiniProject/comet_bot_ws/install/builtin_interfaces/lib:${LD_LIBRARY_PATH} PYTHONPATH=/home/amadorjosephg/CA-Embedded-MiniProject/comet_bot_ws/install/std_msgs/local/lib/python3.10/dist-packages:/home/amadorjosephg/CA-Embedded-MiniProject/comet_bot_ws/install/builtin_interfaces/local/lib/python3.10/dist-packages:${PYTHONPATH} /usr/bin/cmake --build /home/amadorjosephg/CA-Embedded-MiniProject/comet_bot_ws/build/actionlib_msgs -- -j4 -l4
[3.215s] [  1%] [34m[1mGenerating C++ code for ROS interfaces[0m
[4.070s] [  1%] Built target actionlib_msgs__cpp
[4.227s] [  1%] Built target ament_cmake_python_copy_actionlib_msgs
[4.309s] [  3%] [34m[1mGenerating C++ type support for eProsima Fast-RTPS[0m
[4.938s] [  5%] [32mBuilding CXX object CMakeFiles/actionlib_msgs__rosidl_typesupport_fastrtps_cpp.dir/rosidl_typesupport_fastrtps_cpp/actionlib_msgs/msg/detail/dds_fastrtps/goal_id__type_support.cpp.o[0m
[5.326s] [  6%] [32mBuilding CXX object CMakeFiles/actionlib_msgs__rosidl_typesupport_fastrtps_cpp.dir/rosidl_typesupport_fastrtps_cpp/actionlib_msgs/msg/detail/dds_fastrtps/goal_status__type_support.cpp.o[0m
[5.726s] [  8%] [32mBuilding CXX object CMakeFiles/actionlib_msgs__rosidl_typesupport_fastrtps_cpp.dir/rosidl_typesupport_fastrtps_cpp/actionlib_msgs/msg/detail/dds_fastrtps/goal_status_array__type_support.cpp.o[0m
[6.277s] [ 10%] [32m[1mLinking CXX shared library libactionlib_msgs__rosidl_typesupport_fastrtps_cpp.so[0m
[6.415s] [ 10%] Built target actionlib_msgs__rosidl_typesupport_fastrtps_cpp
[6.434s] [ 11%] [34m[1mGenerating C++ type support for eProsima Micro XRCE-DDS[0m
[7.213s] [ 13%] [32mBuilding CXX object CMakeFiles/actionlib_msgs__rosidl_typesupport_microxrcedds_cpp.dir/rosidl_typesupport_microxrcedds_cpp/actionlib_msgs/msg/detail/microxrcedds/goal_id__type_support_cpp.cpp.o[0m
[7.578s] [ 15%] [32mBuilding CXX object CMakeFiles/actionlib_msgs__rosidl_typesupport_microxrcedds_cpp.dir/rosidl_typesupport_microxrcedds_cpp/actionlib_msgs/msg/detail/microxrcedds/goal_status__type_support_cpp.cpp.o[0m
[7.956s] [ 16%] [32mBuilding CXX object CMakeFiles/actionlib_msgs__rosidl_typesupport_microxrcedds_cpp.dir/rosidl_typesupport_microxrcedds_cpp/actionlib_msgs/msg/detail/microxrcedds/goal_status_array__type_support_cpp.cpp.o[0m
[8.452s] [ 18%] [32m[1mLinking CXX shared library libactionlib_msgs__rosidl_typesupport_microxrcedds_cpp.so[0m
[8.575s] [ 18%] Built target actionlib_msgs__rosidl_typesupport_microxrcedds_cpp
[8.607s] [ 20%] [34m[1mGenerating C++ introspection for ROS interfaces[0m
[9.134s] [ 22%] [32mBuilding CXX object CMakeFiles/actionlib_msgs__rosidl_typesupport_introspection_cpp.dir/rosidl_typesupport_introspection_cpp/actionlib_msgs/msg/detail/goal_id__type_support.cpp.o[0m
[9.482s] [ 23%] [32mBuilding CXX object CMakeFiles/actionlib_msgs__rosidl_typesupport_introspection_cpp.dir/rosidl_typesupport_introspection_cpp/actionlib_msgs/msg/detail/goal_status__type_support.cpp.o[0m
[9.979s] [ 25%] [32mBuilding CXX object CMakeFiles/actionlib_msgs__rosidl_typesupport_introspection_cpp.dir/rosidl_typesupport_introspection_cpp/actionlib_msgs/msg/detail/goal_status_array__type_support.cpp.o[0m
[10.462s] [ 27%] [32m[1mLinking CXX shared library libactionlib_msgs__rosidl_typesupport_introspection_cpp.so[0m
[10.662s] [ 27%] Built target actionlib_msgs__rosidl_typesupport_introspection_cpp
[10.896s] running egg_info
[10.896s] creating actionlib_msgs.egg-info
[10.896s] writing actionlib_msgs.egg-info/PKG-INFO
[10.896s] writing dependency_links to actionlib_msgs.egg-info/dependency_links.txt
[10.897s] writing top-level names to actionlib_msgs.egg-info/top_level.txt
[10.897s] writing manifest file 'actionlib_msgs.egg-info/SOURCES.txt'
[10.898s] reading manifest file 'actionlib_msgs.egg-info/SOURCES.txt'
[10.899s] writing manifest file 'actionlib_msgs.egg-info/SOURCES.txt'
[10.929s] [ 27%] Built target ament_cmake_python_build_actionlib_msgs_egg
[10.946s] [ 28%] [34m[1mGenerating C++ type support dispatch for ROS interfaces[0m
[11.377s] [ 30%] [32mBuilding CXX object CMakeFiles/actionlib_msgs__rosidl_typesupport_cpp.dir/rosidl_typesupport_cpp/actionlib_msgs/msg/goal_id__type_support.cpp.o[0m
[11.627s] [ 32%] [32mBuilding CXX object CMakeFiles/actionlib_msgs__rosidl_typesupport_cpp.dir/rosidl_typesupport_cpp/actionlib_msgs/msg/goal_status_array__type_support.cpp.o[0m
[11.879s] [ 33%] [32mBuilding CXX object CMakeFiles/actionlib_msgs__rosidl_typesupport_cpp.dir/rosidl_typesupport_cpp/actionlib_msgs/msg/goal_status__type_support.cpp.o[0m
[12.279s] [ 35%] [32m[1mLinking CXX shared library libactionlib_msgs__rosidl_typesupport_cpp.so[0m
[12.336s] [ 35%] Built target actionlib_msgs__rosidl_typesupport_cpp
[12.354s] [ 37%] [34m[1mGenerating C code for ROS interfaces[0m
[13.436s] [ 38%] [32mBuilding C object CMakeFiles/actionlib_msgs__rosidl_generator_c.dir/rosidl_generator_c/actionlib_msgs/msg/detail/goal_id__functions.c.o[0m
[13.500s] [ 40%] [32mBuilding C object CMakeFiles/actionlib_msgs__rosidl_generator_c.dir/rosidl_generator_c/actionlib_msgs/msg/detail/goal_status_array__functions.c.o[0m
[13.674s] [ 42%] [32mBuilding C object CMakeFiles/actionlib_msgs__rosidl_generator_c.dir/rosidl_generator_c/actionlib_msgs/msg/detail/goal_status__functions.c.o[0m
[13.748s] [ 44%] [32m[1mLinking C shared library libactionlib_msgs__rosidl_generator_c.so[0m
[13.800s] [ 44%] Built target actionlib_msgs__rosidl_generator_c
[13.820s] [ 45%] [34m[1mGenerating C type support for eProsima Fast-RTPS[0m
[14.366s] [ 47%] [32mBuilding CXX object CMakeFiles/actionlib_msgs__rosidl_typesupport_fastrtps_c.dir/rosidl_typesupport_fastrtps_c/actionlib_msgs/msg/detail/goal_id__type_support_c.cpp.o[0m
[14.852s] [ 49%] [32mBuilding CXX object CMakeFiles/actionlib_msgs__rosidl_typesupport_fastrtps_c.dir/rosidl_typesupport_fastrtps_c/actionlib_msgs/msg/detail/goal_status__type_support_c.cpp.o[0m
[15.332s] [ 50%] [32mBuilding CXX object CMakeFiles/actionlib_msgs__rosidl_typesupport_fastrtps_c.dir/rosidl_typesupport_fastrtps_c/actionlib_msgs/msg/detail/goal_status_array__type_support_c.cpp.o[0m
[15.790s] [ 52%] [32m[1mLinking CXX shared library libactionlib_msgs__rosidl_typesupport_fastrtps_c.so[0m
[15.896s] [ 52%] Built target actionlib_msgs__rosidl_typesupport_fastrtps_c
[15.911s] [ 54%] [34m[1mGenerating C type support dispatch for ROS interfaces[0m
[17.026s] [ 55%] [32mBuilding CXX object CMakeFiles/actionlib_msgs__rosidl_typesupport_c.dir/rosidl_typesupport_c/actionlib_msgs/msg/goal_id__type_support.cpp.o[0m
[17.098s] [ 57%] [32mBuilding CXX object CMakeFiles/actionlib_msgs__rosidl_typesupport_c.dir/rosidl_typesupport_c/actionlib_msgs/msg/goal_status__type_support.cpp.o[0m
[17.136s] [ 59%] [32mBuilding CXX object CMakeFiles/actionlib_msgs__rosidl_typesupport_c.dir/rosidl_typesupport_c/actionlib_msgs/msg/goal_status_array__type_support.cpp.o[0m
[17.184s] [ 61%] [32m[1mLinking CXX shared library libactionlib_msgs__rosidl_typesupport_c.so[0m
[17.243s] [ 61%] Built target actionlib_msgs__rosidl_typesupport_c
[17.287s] [ 62%] [34m[1mGenerating C introspection for ROS interfaces[0m
[17.971s] [ 64%] [32mBuilding C object CMakeFiles/actionlib_msgs__rosidl_typesupport_introspection_c.dir/rosidl_typesupport_introspection_c/actionlib_msgs/msg/detail/goal_id__type_support.c.o[0m
[18.036s] [ 66%] [32mBuilding C object CMakeFiles/actionlib_msgs__rosidl_typesupport_introspection_c.dir/rosidl_typesupport_introspection_c/actionlib_msgs/msg/detail/goal_status_array__type_support.c.o[0m
[18.142s] [ 67%] [32mBuilding C object CMakeFiles/actionlib_msgs__rosidl_typesupport_introspection_c.dir/rosidl_typesupport_introspection_c/actionlib_msgs/msg/detail/goal_status__type_support.c.o[0m
[18.187s] [ 69%] [32m[1mLinking C shared library libactionlib_msgs__rosidl_typesupport_introspection_c.so[0m
[18.296s] [ 69%] Built target actionlib_msgs__rosidl_typesupport_introspection_c
[18.313s] [ 71%] [34m[1mGenerating C type support for eProsima Micro XRCE-DDS[0m
[18.957s] [ 72%] [32mBuilding C object CMakeFiles/actionlib_msgs__rosidl_typesupport_microxrcedds_c.dir/rosidl_typesupport_microxrcedds_c/actionlib_msgs/msg/detail/microxrcedds/goal_id__type_support_c.c.o[0m
[19.019s] [ 74%] [32mBuilding C object CMakeFiles/actionlib_msgs__rosidl_typesupport_microxrcedds_c.dir/rosidl_typesupport_microxrcedds_c/actionlib_msgs/msg/detail/microxrcedds/goal_status_array__type_support_c.c.o[0m
[19.081s] [ 76%] [32mBuilding C object CMakeFiles/actionlib_msgs__rosidl_typesupport_microxrcedds_c.dir/rosidl_typesupport_microxrcedds_c/actionlib_msgs/msg/detail/microxrcedds/goal_status__type_support_c.c.o[0m
[19.147s] [ 77%] [32m[1mLinking C shared library libactionlib_msgs__rosidl_typesupport_microxrcedds_c.so[0m
[19.329s] [ 77%] Built target actionlib_msgs__rosidl_typesupport_microxrcedds_c
[19.363s] [ 77%] Built target actionlib_msgs
[19.403s] [ 79%] [34m[1mGenerating Python code for ROS interfaces[0m
[20.639s] [ 79%] Built target actionlib_msgs__py
[20.779s] [ 81%] [32mBuilding C object CMakeFiles/actionlib_msgs__rosidl_generator_py.dir/rosidl_generator_py/actionlib_msgs/msg/_goal_id_s.c.o[0m
[20.982s] [ 83%] [32mBuilding C object CMakeFiles/actionlib_msgs__rosidl_generator_py.dir/rosidl_generator_py/actionlib_msgs/msg/_goal_status_array_s.c.o[0m
[21.089s] [ 84%] [32mBuilding C object CMakeFiles/actionlib_msgs__rosidl_generator_py.dir/rosidl_generator_py/actionlib_msgs/msg/_goal_status_s.c.o[0m
[21.264s] [ 86%] [32m[1mLinking C shared library rosidl_generator_py/actionlib_msgs/libactionlib_msgs__rosidl_generator_py.so[0m
[21.317s] [ 86%] Built target actionlib_msgs__rosidl_generator_py
[21.347s] [ 88%] [32mBuilding C object CMakeFiles/actionlib_msgs__rosidl_typesupport_microxrcedds_c__pyext.dir/rosidl_generator_py/actionlib_msgs/_actionlib_msgs_s.ep.rosidl_typesupport_microxrcedds_c.c.o[0m
[21.568s] [ 89%] [32m[1mLinking C shared library rosidl_generator_py/actionlib_msgs/actionlib_msgs_s__rosidl_typesupport_microxrcedds_c.cpython-310-x86_64-linux-gnu.so[0m
[21.626s] [ 89%] Built target actionlib_msgs__rosidl_typesupport_microxrcedds_c__pyext
[21.664s] [ 91%] [32mBuilding C object CMakeFiles/actionlib_msgs__rosidl_typesupport_c__pyext.dir/rosidl_generator_py/actionlib_msgs/_actionlib_msgs_s.ep.rosidl_typesupport_c.c.o[0m
[21.783s] [ 93%] [32m[1mLinking C shared library rosidl_generator_py/actionlib_msgs/actionlib_msgs_s__rosidl_typesupport_c.cpython-310-x86_64-linux-gnu.so[0m
[21.904s] [ 93%] Built target actionlib_msgs__rosidl_typesupport_c__pyext
[21.940s] [ 94%] [32mBuilding C object CMakeFiles/actionlib_msgs__rosidl_typesupport_introspection_c__pyext.dir/rosidl_generator_py/actionlib_msgs/_actionlib_msgs_s.ep.rosidl_typesupport_introspection_c.c.o[0m
[22.267s] [ 96%] [32m[1mLinking C shared library rosidl_generator_py/actionlib_msgs/actionlib_msgs_s__rosidl_typesupport_introspection_c.cpython-310-x86_64-linux-gnu.so[0m
[22.319s] [ 96%] Built target actionlib_msgs__rosidl_typesupport_introspection_c__pyext
[22.355s] [ 98%] [32mBuilding C object CMakeFiles/actionlib_msgs__rosidl_typesupport_fastrtps_c__pyext.dir/rosidl_generator_py/actionlib_msgs/_actionlib_msgs_s.ep.rosidl_typesupport_fastrtps_c.c.o[0m
[22.498s] [100%] [32m[1mLinking C shared library rosidl_generator_py/actionlib_msgs/actionlib_msgs_s__rosidl_typesupport_fastrtps_c.cpython-310-x86_64-linux-gnu.so[0m
[22.564s] [100%] Built target actionlib_msgs__rosidl_typesupport_fastrtps_c__pyext
[22.649s] Invoked command in '/home/amadorjosephg/CA-Embedded-MiniProject/comet_bot_ws/build/actionlib_msgs' returned '0': AMENT_PREFIX_PATH=/home/amadorjosephg/CA-Embedded-MiniProject/comet_bot_ws/install/std_msgs:/home/amadorjosephg/CA-Embedded-MiniProject/comet_bot_ws/install/builtin_interfaces:${AMENT_PREFIX_PATH} CMAKE_PREFIX_PATH=/home/amadorjosephg/CA-Embedded-MiniProject/comet_bot_ws/install/std_msgs:/home/amadorjosephg/CA-Embedded-MiniProject/comet_bot_ws/install/builtin_interfaces:/home/amadorjosephg/CA-Embedded-MiniProject/comet_bot_ws/install/rosidl_typesupport_microxrcedds_cpp:/home/amadorjosephg/CA-Embedded-MiniProject/comet_bot_ws/install/rosidl_typesupport_microxrcedds_c:/home/amadorjosephg/CA-Embedded-MiniProject/comet_bot_ws/install/microcdr:/home/amadorjosephg/CA-Embedded-MiniProject/comet_bot_ws/install/micro_ros_setup:/home/amadorjosephg/CA-Embedded-MiniProject/comet_bot_ws/install/micro_ros_agent:/home/amadorjosephg/CA-Embedded-MiniProject/comet_bot_ws/install/micro_ros_msgs:/home/amadorjosephg/CA-Embedded-MiniProject/comet_bot_ws/install/lunabot_control:/home/amadorjosephg/CA-Embedded-MiniProject/comet_bot_ws/install/jetson_topic_relay:/opt/ros/humble LD_LIBRARY_PATH=/home/amadorjosephg/CA-Embedded-MiniProject/comet_bot_ws/install/std_msgs/lib:/home/amadorjosephg/CA-Embedded-MiniProject/comet_bot_ws/install/builtin_interfaces/lib:${LD_LIBRARY_PATH} PYTHONPATH=/home/amadorjosephg/CA-Embedded-MiniProject/comet_bot_ws/install/std_msgs/local/lib/python3.10/dist-packages:/home/amadorjosephg/CA-Embedded-MiniProject/comet_bot_ws/install/builtin_interfaces/local/lib/python3.10/dist-packages:${PYTHONPATH} /usr/bin/cmake --build /home/amadorjosephg/CA-Embedded-MiniProject/comet_bot_ws/build/actionlib_msgs -- -j4 -l4
[23.366s] Invoking command in '/home/amadorjosephg/CA-Embedded-MiniProject/comet_bot_ws/build/actionlib_msgs': AMENT_PREFIX_PATH=/home/amadorjosephg/CA-Embedded-MiniProject/comet_bot_ws/install/std_msgs:/home/amadorjosephg/CA-Embedded-MiniProject/comet_bot_ws/install/builtin_interfaces:${AMENT_PREFIX_PATH} CMAKE_PREFIX_PATH=/home/amadorjosephg/CA-Embedded-MiniProject/comet_bot_ws/install/std_msgs:/home/amadorjosephg/CA-Embedded-MiniProject/comet_bot_ws/install/builtin_interfaces:/home/amadorjosephg/CA-Embedded-MiniProject/comet_bot_ws/install/rosidl_typesupport_microxrcedds_cpp:/home/amadorjosephg/CA-Embedded-MiniProject/comet_bot_ws/install/rosidl_typesupport_microxrcedds_c:/home/amadorjosephg/CA-Embedded-MiniProject/comet_bot_ws/install/microcdr:/home/amadorjosephg/CA-Embedded-MiniProject/comet_bot_ws/install/micro_ros_setup:/home/amadorjosephg/CA-Embedded-MiniProject/comet_bot_ws/install/micro_ros_agent:/home/amadorjosephg/CA-Embedded-MiniProject/comet_bot_ws/install/micro_ros_msgs:/home/amadorjosephg/CA-Embedded-MiniProject/comet_bot_ws/install/lunabot_control:/home/amadorjosephg/CA-Embedded-MiniProject/comet_bot_ws/install/jetson_topic_relay:/opt/ros/humble LD_LIBRARY_PATH=/home/amadorjosephg/CA-Embedded-MiniProject/comet_bot_ws/install/std_msgs/lib:/home/amadorjosephg/CA-Embedded-MiniProject/comet_bot_ws/install/builtin_interfaces/lib:${LD_LIBRARY_PATH} PYTHONPATH=/home/amadorjosephg/CA-Embedded-MiniProject/comet_bot_ws/install/std_msgs/local/lib/python3.10/dist-packages:/home/amadorjosephg/CA-Embedded-MiniProject/comet_bot_ws/install/builtin_interfaces/local/lib/python3.10/dist-packages:${PYTHONPATH} /usr/bin/cmake --install /home/amadorjosephg/CA-Embedded-MiniProject/comet_bot_ws/build/actionlib_msgs
[23.377s] -- Install configuration: ""
[23.377s] -- Installing: /home/amadorjosephg/CA-Embedded-MiniProject/comet_bot_ws/install/actionlib_msgs/share/ament_index/resource_index/rosidl_interfaces/actionlib_msgs
[23.378s] -- Installing: /home/amadorjosephg/CA-Embedded-MiniProject/comet_bot_ws/install/actionlib_msgs/include/actionlib_msgs/actionlib_msgs
[23.378s] -- Installing: /home/amadorjosephg/CA-Embedded-MiniProject/comet_bot_ws/install/actionlib_msgs/include/actionlib_msgs/actionlib_msgs/msg
[23.378s] -- Installing: /home/amadorjosephg/CA-Embedded-MiniProject/comet_bot_ws/install/actionlib_msgs/include/actionlib_msgs/actionlib_msgs/msg/goal_status.h
[23.379s] -- Installing: /home/amadorjosephg/CA-Embedded-MiniProject/comet_bot_ws/install/actionlib_msgs/include/actionlib_msgs/actionlib_msgs/msg/goal_id.h
[23.379s] -- Installing: /home/amadorjosephg/CA-Embedded-MiniProject/comet_bot_ws/install/actionlib_msgs/include/actionlib_msgs/actionlib_msgs/msg/rosidl_generator_c__visibility_control.h
[23.380s] -- Installing: /home/amadorjosephg/CA-Embedded-MiniProject/comet_bot_ws/install/actionlib_msgs/include/actionlib_msgs/actionlib_msgs/msg/goal_status_array.h
[23.380s] -- Installing: /home/amadorjosephg/CA-Embedded-MiniProject/comet_bot_ws/install/actionlib_msgs/include/actionlib_msgs/actionlib_msgs/msg/detail
[23.380s] -- Installing: /home/amadorjosephg/CA-Embedded-MiniProject/comet_bot_ws/install/actionlib_msgs/include/actionlib_msgs/actionlib_msgs/msg/detail/goal_status__functions.c
[23.380s] -- Installing: /home/amadorjosephg/CA-Embedded-MiniProject/comet_bot_ws/install/actionlib_msgs/include/actionlib_msgs/actionlib_msgs/msg/detail/goal_status_array__struct.h
[23.381s] -- Installing: /home/amadorjosephg/CA-Embedded-MiniProject/comet_bot_ws/install/actionlib_msgs/include/actionlib_msgs/actionlib_msgs/msg/detail/goal_id__type_support.h
[23.381s] -- Installing: /home/amadorjosephg/CA-Embedded-MiniProject/comet_bot_ws/install/actionlib_msgs/include/actionlib_msgs/actionlib_msgs/msg/detail/goal_status__type_support.h
[23.381s] -- Installing: /home/amadorjosephg/CA-Embedded-MiniProject/comet_bot_ws/install/actionlib_msgs/include/actionlib_msgs/actionlib_msgs/msg/detail/goal_status_array__functions.c
[23.381s] -- Installing: /home/amadorjosephg/CA-Embedded-MiniProject/comet_bot_ws/install/actionlib_msgs/include/actionlib_msgs/actionlib_msgs/msg/detail/goal_status__struct.h
[23.382s] -- Installing: /home/amadorjosephg/CA-Embedded-MiniProject/comet_bot_ws/install/actionlib_msgs/include/actionlib_msgs/actionlib_msgs/msg/detail/goal_id__functions.c
[23.382s] -- Installing: /home/amadorjosephg/CA-Embedded-MiniProject/comet_bot_ws/install/actionlib_msgs/include/actionlib_msgs/actionlib_msgs/msg/detail/goal_id__functions.h
[23.382s] -- Installing: /home/amadorjosephg/CA-Embedded-MiniProject/comet_bot_ws/install/actionlib_msgs/include/actionlib_msgs/actionlib_msgs/msg/detail/goal_status_array__functions.h
[23.383s] -- Installing: /home/amadorjosephg/CA-Embedded-MiniProject/comet_bot_ws/install/actionlib_msgs/include/actionlib_msgs/actionlib_msgs/msg/detail/goal_status_array__type_support.h
[23.383s] -- Installing: /home/amadorjosephg/CA-Embedded-MiniProject/comet_bot_ws/install/actionlib_msgs/include/actionlib_msgs/actionlib_msgs/msg/detail/goal_status__functions.h
[23.383s] -- Installing: /home/amadorjosephg/CA-Embedded-MiniProject/comet_bot_ws/install/actionlib_msgs/include/actionlib_msgs/actionlib_msgs/msg/detail/goal_id__struct.h
[23.384s] -- Installing: /home/amadorjosephg/CA-Embedded-MiniProject/comet_bot_ws/install/actionlib_msgs/share/actionlib_msgs/environment/library_path.sh
[23.384s] -- Installing: /home/amadorjosephg/CA-Embedded-MiniProject/comet_bot_ws/install/actionlib_msgs/share/actionlib_msgs/environment/library_path.dsv
[23.384s] -- Installing: /home/amadorjosephg/CA-Embedded-MiniProject/comet_bot_ws/install/actionlib_msgs/lib/libactionlib_msgs__rosidl_generator_c.so
[23.385s] -- Set runtime path of "/home/amadorjosephg/CA-Embedded-MiniProject/comet_bot_ws/install/actionlib_msgs/lib/libactionlib_msgs__rosidl_generator_c.so" to ""
[23.385s] -- Up-to-date: /home/amadorjosephg/CA-Embedded-MiniProject/comet_bot_ws/install/actionlib_msgs/include/actionlib_msgs/actionlib_msgs
[23.385s] -- Up-to-date: /home/amadorjosephg/CA-Embedded-MiniProject/comet_bot_ws/install/actionlib_msgs/include/actionlib_msgs/actionlib_msgs/msg
[23.385s] -- Up-to-date: /home/amadorjosephg/CA-Embedded-MiniProject/comet_bot_ws/install/actionlib_msgs/include/actionlib_msgs/actionlib_msgs/msg/detail
[23.386s] -- Installing: /home/amadorjosephg/CA-Embedded-MiniProject/comet_bot_ws/install/actionlib_msgs/include/actionlib_msgs/actionlib_msgs/msg/detail/goal_id__rosidl_typesupport_fastrtps_c.h
[23.386s] -- Installing: /home/amadorjosephg/CA-Embedded-MiniProject/comet_bot_ws/install/actionlib_msgs/include/actionlib_msgs/actionlib_msgs/msg/detail/goal_status__rosidl_typesupport_fastrtps_c.h
[23.386s] -- Installing: /home/amadorjosephg/CA-Embedded-MiniProject/comet_bot_ws/install/actionlib_msgs/include/actionlib_msgs/actionlib_msgs/msg/detail/goal_status_array__rosidl_typesupport_fastrtps_c.h
[23.386s] -- Installing: /home/amadorjosephg/CA-Embedded-MiniProject/comet_bot_ws/install/actionlib_msgs/include/actionlib_msgs/actionlib_msgs/msg/rosidl_typesupport_fastrtps_c__visibility_control.h
[23.387s] -- Installing: /home/amadorjosephg/CA-Embedded-MiniProject/comet_bot_ws/install/actionlib_msgs/lib/libactionlib_msgs__rosidl_typesupport_fastrtps_c.so
[23.387s] -- Set runtime path of "/home/amadorjosephg/CA-Embedded-MiniProject/comet_bot_ws/install/actionlib_msgs/lib/libactionlib_msgs__rosidl_typesupport_fastrtps_c.so" to ""
[23.387s] -- Up-to-date: /home/amadorjosephg/CA-Embedded-MiniProject/comet_bot_ws/install/actionlib_msgs/include/actionlib_msgs/actionlib_msgs
[23.388s] -- Up-to-date: /home/amadorjosephg/CA-Embedded-MiniProject/comet_bot_ws/install/actionlib_msgs/include/actionlib_msgs/actionlib_msgs/msg
[23.388s] -- Installing: /home/amadorjosephg/CA-Embedded-MiniProject/comet_bot_ws/install/actionlib_msgs/include/actionlib_msgs/actionlib_msgs/msg/goal_status_array.hpp
[23.388s] -- Up-to-date: /home/amadorjosephg/CA-Embedded-MiniProject/comet_bot_ws/install/actionlib_msgs/include/actionlib_msgs/actionlib_msgs/msg/detail
[23.388s] -- Installing: /home/amadorjosephg/CA-Embedded-MiniProject/comet_bot_ws/install/actionlib_msgs/include/actionlib_msgs/actionlib_msgs/msg/detail/goal_status_array__traits.hpp
[23.388s] -- Installing: /home/amadorjosephg/CA-Embedded-MiniProject/comet_bot_ws/install/actionlib_msgs/include/actionlib_msgs/actionlib_msgs/msg/detail/goal_status__builder.hpp
[23.389s] -- Installing: /home/amadorjosephg/CA-Embedded-MiniProject/comet_bot_ws/install/actionlib_msgs/include/actionlib_msgs/actionlib_msgs/msg/detail/goal_id__struct.hpp
[23.389s] -- Installing: /home/amadorjosephg/CA-Embedded-MiniProject/comet_bot_ws/install/actionlib_msgs/include/actionlib_msgs/actionlib_msgs/msg/detail/goal_status_array__builder.hpp
[23.389s] -- Installing: /home/amadorjosephg/CA-Embedded-MiniProject/comet_bot_ws/install/actionlib_msgs/include/actionlib_msgs/actionlib_msgs/msg/detail/goal_status_array__struct.hpp
[23.390s] -- Installing: /home/amadorjosephg/CA-Embedded-MiniProject/comet_bot_ws/install/actionlib_msgs/include/actionlib_msgs/actionlib_msgs/msg/detail/goal_id__builder.hpp
[23.390s] -- Installing: /home/amadorjosephg/CA-Embedded-MiniProject/comet_bot_ws/install/actionlib_msgs/include/actionlib_msgs/actionlib_msgs/msg/detail/goal_id__traits.hpp
[23.390s] -- Installing: /home/amadorjosephg/CA-Embedded-MiniProject/comet_bot_ws/install/actionlib_msgs/include/actionlib_msgs/actionlib_msgs/msg/detail/goal_status__struct.hpp
[23.391s] -- Installing: /home/amadorjosephg/CA-Embedded-MiniProject/comet_bot_ws/install/actionlib_msgs/include/actionlib_msgs/actionlib_msgs/msg/detail/goal_status__traits.hpp
[23.391s] -- Installing: /home/amadorjosephg/CA-Embedded-MiniProject/comet_bot_ws/install/actionlib_msgs/include/actionlib_msgs/actionlib_msgs/msg/goal_id.hpp
[23.391s] -- Installing: /home/amadorjosephg/CA-Embedded-MiniProject/comet_bot_ws/install/actionlib_msgs/include/actionlib_msgs/actionlib_msgs/msg/goal_status.hpp
[23.391s] -- Up-to-date: /home/amadorjosephg/CA-Embedded-MiniProject/comet_bot_ws/install/actionlib_msgs/include/actionlib_msgs/actionlib_msgs
[23.392s] -- Up-to-date: /home/amadorjosephg/CA-Embedded-MiniProject/comet_bot_ws/install/actionlib_msgs/include/actionlib_msgs/actionlib_msgs/msg
[23.392s] -- Up-to-date: /home/amadorjosephg/CA-Embedded-MiniProject/comet_bot_ws/install/actionlib_msgs/include/actionlib_msgs/actionlib_msgs/msg/detail
[23.392s] -- Installing: /home/amadorjosephg/CA-Embedded-MiniProject/comet_bot_ws/install/actionlib_msgs/include/actionlib_msgs/actionlib_msgs/msg/detail/goal_id__rosidl_typesupport_fastrtps_cpp.hpp
[23.392s] -- Installing: /home/amadorjosephg/CA-Embedded-MiniProject/comet_bot_ws/install/actionlib_msgs/include/actionlib_msgs/actionlib_msgs/msg/detail/goal_status_array__rosidl_typesupport_fastrtps_cpp.hpp
[23.392s] -- Installing: /home/amadorjosephg/CA-Embedded-MiniProject/comet_bot_ws/install/actionlib_msgs/include/actionlib_msgs/actionlib_msgs/msg/detail/goal_status__rosidl_typesupport_fastrtps_cpp.hpp
[23.393s] -- Installing: /home/amadorjosephg/CA-Embedded-MiniProject/comet_bot_ws/install/actionlib_msgs/include/actionlib_msgs/actionlib_msgs/msg/detail/dds_fastrtps
[23.393s] -- Installing: /home/amadorjosephg/CA-Embedded-MiniProject/comet_bot_ws/install/actionlib_msgs/include/actionlib_msgs/actionlib_msgs/msg/rosidl_typesupport_fastrtps_cpp__visibility_control.h
[23.393s] -- Installing: /home/amadorjosephg/CA-Embedded-MiniProject/comet_bot_ws/install/actionlib_msgs/lib/libactionlib_msgs__rosidl_typesupport_fastrtps_cpp.so
[23.394s] -- Set runtime path of "/home/amadorjosephg/CA-Embedded-MiniProject/comet_bot_ws/install/actionlib_msgs/lib/libactionlib_msgs__rosidl_typesupport_fastrtps_cpp.so" to ""
[23.394s] -- Up-to-date: /home/amadorjosephg/CA-Embedded-MiniProject/comet_bot_ws/install/actionlib_msgs/include/actionlib_msgs
[23.394s] -- Installing: /home/amadorjosephg/CA-Embedded-MiniProject/comet_bot_ws/install/actionlib_msgs/include/actionlib_msgs/msg
[23.395s] -- Installing: /home/amadorjosephg/CA-Embedded-MiniProject/comet_bot_ws/install/actionlib_msgs/include/actionlib_msgs/msg/detail
[23.395s] -- Installing: /home/amadorjosephg/CA-Embedded-MiniProject/comet_bot_ws/install/actionlib_msgs/include/actionlib_msgs/msg/detail/goal_id__rosidl_typesupport_microxrcedds_c.h
[23.395s] -- Installing: /home/amadorjosephg/CA-Embedded-MiniProject/comet_bot_ws/install/actionlib_msgs/include/actionlib_msgs/msg/detail/goal_status_array__rosidl_typesupport_microxrcedds_c.h
[23.395s] -- Installing: /home/amadorjosephg/CA-Embedded-MiniProject/comet_bot_ws/install/actionlib_msgs/include/actionlib_msgs/msg/detail/microxrcedds
[23.395s] -- Installing: /home/amadorjosephg/CA-Embedded-MiniProject/comet_bot_ws/install/actionlib_msgs/include/actionlib_msgs/msg/detail/goal_status__rosidl_typesupport_microxrcedds_c.h
[23.396s] -- Installing: /home/amadorjosephg/CA-Embedded-MiniProject/comet_bot_ws/install/actionlib_msgs/include/actionlib_msgs/msg/rosidl_typesupport_microxrcedds_c__visibility_control.h
[23.396s] -- Installing: /home/amadorjosephg/CA-Embedded-MiniProject/comet_bot_ws/install/actionlib_msgs/lib/libactionlib_msgs__rosidl_typesupport_microxrcedds_c.so
[23.397s] -- Set runtime path of "/home/amadorjosephg/CA-Embedded-MiniProject/comet_bot_ws/install/actionlib_msgs/lib/libactionlib_msgs__rosidl_typesupport_microxrcedds_c.so" to ""
[23.397s] -- Up-to-date: /home/amadorjosephg/CA-Embedded-MiniProject/comet_bot_ws/install/actionlib_msgs/include/actionlib_msgs/actionlib_msgs
[23.397s] -- Up-to-date: /home/amadorjosephg/CA-Embedded-MiniProject/comet_bot_ws/install/actionlib_msgs/include/actionlib_msgs/actionlib_msgs/msg
[23.397s] -- Installing: /home/amadorjosephg/CA-Embedded-MiniProject/comet_bot_ws/install/actionlib_msgs/include/actionlib_msgs/actionlib_msgs/msg/rosidl_typesupport_introspection_c__visibility_control.h
[23.398s] -- Up-to-date: /home/amadorjosephg/CA-Embedded-MiniProject/comet_bot_ws/install/actionlib_msgs/include/actionlib_msgs/actionlib_msgs/msg/detail
[23.398s] -- Installing: /home/amadorjosephg/CA-Embedded-MiniProject/comet_bot_ws/install/actionlib_msgs/include/actionlib_msgs/actionlib_msgs/msg/detail/goal_id__type_support.c
[23.398s] -- Installing: /home/amadorjosephg/CA-Embedded-MiniProject/comet_bot_ws/install/actionlib_msgs/include/actionlib_msgs/actionlib_msgs/msg/detail/goal_status_array__rosidl_typesupport_introspection_c.h
[23.399s] -- Installing: /home/amadorjosephg/CA-Embedded-MiniProject/comet_bot_ws/install/actionlib_msgs/include/actionlib_msgs/actionlib_msgs/msg/detail/goal_status_array__type_support.c
[23.399s] -- Installing: /home/amadorjosephg/CA-Embedded-MiniProject/comet_bot_ws/install/actionlib_msgs/include/actionlib_msgs/actionlib_msgs/msg/detail/goal_status__type_support.c
[23.399s] -- Installing: /home/amadorjosephg/CA-Embedded-MiniProject/comet_bot_ws/install/actionlib_msgs/include/actionlib_msgs/actionlib_msgs/msg/detail/goal_id__rosidl_typesupport_introspection_c.h
[23.400s] -- Installing: /home/amadorjosephg/CA-Embedded-MiniProject/comet_bot_ws/install/actionlib_msgs/include/actionlib_msgs/actionlib_msgs/msg/detail/goal_status__rosidl_typesupport_introspection_c.h
[23.400s] -- Installing: /home/amadorjosephg/CA-Embedded-MiniProject/comet_bot_ws/install/actionlib_msgs/lib/libactionlib_msgs__rosidl_typesupport_introspection_c.so
[23.401s] -- Set runtime path of "/home/amadorjosephg/CA-Embedded-MiniProject/comet_bot_ws/install/actionlib_msgs/lib/libactionlib_msgs__rosidl_typesupport_introspection_c.so" to ""
[23.401s] -- Installing: /home/amadorjosephg/CA-Embedded-MiniProject/comet_bot_ws/install/actionlib_msgs/lib/libactionlib_msgs__rosidl_typesupport_c.so
[23.401s] -- Set runtime path of "/home/amadorjosephg/CA-Embedded-MiniProject/comet_bot_ws/install/actionlib_msgs/lib/libactionlib_msgs__rosidl_typesupport_c.so" to ""
[23.402s] -- Up-to-date: /home/amadorjosephg/CA-Embedded-MiniProject/comet_bot_ws/install/actionlib_msgs/include/actionlib_msgs
[23.402s] -- Up-to-date: /home/amadorjosephg/CA-Embedded-MiniProject/comet_bot_ws/install/actionlib_msgs/include/actionlib_msgs/msg
[23.402s] -- Installing: /home/amadorjosephg/CA-Embedded-MiniProject/comet_bot_ws/install/actionlib_msgs/include/actionlib_msgs/msg/rosidl_typesupport_microxrcedds_cpp__visibility_control.h
[23.402s] -- Up-to-date: /home/amadorjosephg/CA-Embedded-MiniProject/comet_bot_ws/install/actionlib_msgs/include/actionlib_msgs/msg/detail
[23.402s] -- Installing: /home/amadorjosephg/CA-Embedded-MiniProject/comet_bot_ws/install/actionlib_msgs/include/actionlib_msgs/msg/detail/goal_status_array__rosidl_typesupport_microxrcedds_cpp.hpp
[23.403s] -- Installing: /home/amadorjosephg/CA-Embedded-MiniProject/comet_bot_ws/install/actionlib_msgs/include/actionlib_msgs/msg/detail/goal_status__rosidl_typesupport_microxrcedds_cpp.hpp
[23.403s] -- Up-to-date: /home/amadorjosephg/CA-Embedded-MiniProject/comet_bot_ws/install/actionlib_msgs/include/actionlib_msgs/msg/detail/microxrcedds
[23.403s] -- Installing: /home/amadorjosephg/CA-Embedded-MiniProject/comet_bot_ws/install/actionlib_msgs/include/actionlib_msgs/msg/detail/microxrcedds/goal_status__type_support_cpp.cpp
[23.404s] -- Installing: /home/amadorjosephg/CA-Embedded-MiniProject/comet_bot_ws/install/actionlib_msgs/include/actionlib_msgs/msg/detail/microxrcedds/goal_id__type_support_cpp.cpp
[23.404s] -- Installing: /home/amadorjosephg/CA-Embedded-MiniProject/comet_bot_ws/install/actionlib_msgs/include/actionlib_msgs/msg/detail/microxrcedds/goal_status_array__type_support_cpp.cpp
[23.404s] -- Installing: /home/amadorjosephg/CA-Embedded-MiniProject/comet_bot_ws/install/actionlib_msgs/include/actionlib_msgs/msg/detail/goal_id__rosidl_typesupport_microxrcedds_cpp.hpp
[23.404s] -- Installing: /home/amadorjosephg/CA-Embedded-MiniProject/comet_bot_ws/install/actionlib_msgs/lib/libactionlib_msgs__rosidl_typesupport_microxrcedds_cpp.so
[23.405s] -- Set runtime path of "/home/amadorjosephg/CA-Embedded-MiniProject/comet_bot_ws/install/actionlib_msgs/lib/libactionlib_msgs__rosidl_typesupport_microxrcedds_cpp.so" to ""
[23.405s] -- Up-to-date: /home/amadorjosephg/CA-Embedded-MiniProject/comet_bot_ws/install/actionlib_msgs/include/actionlib_msgs/actionlib_msgs
[23.405s] -- Up-to-date: /home/amadorjosephg/CA-Embedded-MiniProject/comet_bot_ws/install/actionlib_msgs/include/actionlib_msgs/actionlib_msgs/msg
[23.405s] -- Up-to-date: /home/amadorjosephg/CA-Embedded-MiniProject/comet_bot_ws/install/actionlib_msgs/include/actionlib_msgs/actionlib_msgs/msg/detail
[23.406s] -- Installing: /home/amadorjosephg/CA-Embedded-MiniProject/comet_bot_ws/install/actionlib_msgs/include/actionlib_msgs/actionlib_msgs/msg/detail/goal_id__type_support.cpp
[23.406s] -- Installing: /home/amadorjosephg/CA-Embedded-MiniProject/comet_bot_ws/install/actionlib_msgs/include/actionlib_msgs/actionlib_msgs/msg/detail/goal_status__type_support.cpp
[23.406s] -- Installing: /home/amadorjosephg/CA-Embedded-MiniProject/comet_bot_ws/install/actionlib_msgs/include/actionlib_msgs/actionlib_msgs/msg/detail/goal_id__rosidl_typesupport_introspection_cpp.hpp
[23.407s] -- Installing: /home/amadorjosephg/CA-Embedded-MiniProject/comet_bot_ws/install/actionlib_msgs/include/actionlib_msgs/actionlib_msgs/msg/detail/goal_status_array__rosidl_typesupport_introspection_cpp.hpp
[23.407s] -- Installing: /home/amadorjosephg/CA-Embedded-MiniProject/comet_bot_ws/install/actionlib_msgs/include/actionlib_msgs/actionlib_msgs/msg/detail/goal_status__rosidl_typesupport_introspection_cpp.hpp
[23.407s] -- Installing: /home/amadorjosephg/CA-Embedded-MiniProject/comet_bot_ws/install/actionlib_msgs/include/actionlib_msgs/actionlib_msgs/msg/detail/goal_status_array__type_support.cpp
[23.407s] -- Installing: /home/amadorjosephg/CA-Embedded-MiniProject/comet_bot_ws/install/actionlib_msgs/lib/libactionlib_msgs__rosidl_typesupport_introspection_cpp.so
[23.408s] -- Set runtime path of "/home/amadorjosephg/CA-Embedded-MiniProject/comet_bot_ws/install/actionlib_msgs/lib/libactionlib_msgs__rosidl_typesupport_introspection_cpp.so" to ""
[23.408s] -- Installing: /home/amadorjosephg/CA-Embedded-MiniProject/comet_bot_ws/install/actionlib_msgs/lib/libactionlib_msgs__rosidl_typesupport_cpp.so
[23.409s] -- Set runtime path of "/home/amadorjosephg/CA-Embedded-MiniProject/comet_bot_ws/install/actionlib_msgs/lib/libactionlib_msgs__rosidl_typesupport_cpp.so" to ""
[23.409s] -- Installing: /home/amadorjosephg/CA-Embedded-MiniProject/comet_bot_ws/install/actionlib_msgs/share/actionlib_msgs/environment/pythonpath.sh
[23.409s] -- Installing: /home/amadorjosephg/CA-Embedded-MiniProject/comet_bot_ws/install/actionlib_msgs/share/actionlib_msgs/environment/pythonpath.dsv
[23.409s] -- Installing: /home/amadorjosephg/CA-Embedded-MiniProject/comet_bot_ws/install/actionlib_msgs/local/lib/python3.10/dist-packages/actionlib_msgs-4.2.4-py3.10.egg-info
[23.410s] -- Installing: /home/amadorjosephg/CA-Embedded-MiniProject/comet_bot_ws/install/actionlib_msgs/local/lib/python3.10/dist-packages/actionlib_msgs-4.2.4-py3.10.egg-info/PKG-INFO
[23.410s] -- Installing: /home/amadorjosephg/CA-Embedded-MiniProject/comet_bot_ws/install/actionlib_msgs/local/lib/python3.10/dist-packages/actionlib_msgs-4.2.4-py3.10.egg-info/dependency_links.txt
[23.410s] -- Installing: /home/amadorjosephg/CA-Embedded-MiniProject/comet_bot_ws/install/actionlib_msgs/local/lib/python3.10/dist-packages/actionlib_msgs-4.2.4-py3.10.egg-info/top_level.txt
[23.411s] -- Installing: /home/amadorjosephg/CA-Embedded-MiniProject/comet_bot_ws/install/actionlib_msgs/local/lib/python3.10/dist-packages/actionlib_msgs-4.2.4-py3.10.egg-info/SOURCES.txt
[23.411s] -- Installing: /home/amadorjosephg/CA-Embedded-MiniProject/comet_bot_ws/install/actionlib_msgs/local/lib/python3.10/dist-packages/actionlib_msgs
[23.411s] -- Installing: /home/amadorjosephg/CA-Embedded-MiniProject/comet_bot_ws/install/actionlib_msgs/local/lib/python3.10/dist-packages/actionlib_msgs/libactionlib_msgs__rosidl_generator_py.so
[23.412s] -- Installing: /home/amadorjosephg/CA-Embedded-MiniProject/comet_bot_ws/install/actionlib_msgs/local/lib/python3.10/dist-packages/actionlib_msgs/_actionlib_msgs_s.ep.rosidl_typesupport_c.c
[23.412s] -- Installing: /home/amadorjosephg/CA-Embedded-MiniProject/comet_bot_ws/install/actionlib_msgs/local/lib/python3.10/dist-packages/actionlib_msgs/actionlib_msgs_s__rosidl_typesupport_c.cpython-310-x86_64-linux-gnu.so
[23.412s] -- Installing: /home/amadorjosephg/CA-Embedded-MiniProject/comet_bot_ws/install/actionlib_msgs/local/lib/python3.10/dist-packages/actionlib_msgs/actionlib_msgs_s__rosidl_typesupport_fastrtps_c.cpython-310-x86_64-linux-gnu.so
[23.412s] -- Installing: /home/amadorjosephg/CA-Embedded-MiniProject/comet_bot_ws/install/actionlib_msgs/local/lib/python3.10/dist-packages/actionlib_msgs/__init__.py
[23.413s] -- Installing: /home/amadorjosephg/CA-Embedded-MiniProject/comet_bot_ws/install/actionlib_msgs/local/lib/python3.10/dist-packages/actionlib_msgs/_actionlib_msgs_s.ep.rosidl_typesupport_introspection_c.c
[23.413s] -- Installing: /home/amadorjosephg/CA-Embedded-MiniProject/comet_bot_ws/install/actionlib_msgs/local/lib/python3.10/dist-packages/actionlib_msgs/msg
[23.413s] -- Installing: /home/amadorjosephg/CA-Embedded-MiniProject/comet_bot_ws/install/actionlib_msgs/local/lib/python3.10/dist-packages/actionlib_msgs/msg/_goal_status.py
[23.413s] -- Installing: /home/amadorjosephg/CA-Embedded-MiniProject/comet_bot_ws/install/actionlib_msgs/local/lib/python3.10/dist-packages/actionlib_msgs/msg/_goal_id.py
[23.414s] -- Installing: /home/amadorjosephg/CA-Embedded-MiniProject/comet_bot_ws/install/actionlib_msgs/local/lib/python3.10/dist-packages/actionlib_msgs/msg/_goal_status_array.py
[23.414s] -- Installing: /home/amadorjosephg/CA-Embedded-MiniProject/comet_bot_ws/install/actionlib_msgs/local/lib/python3.10/dist-packages/actionlib_msgs/msg/__init__.py
[23.414s] -- Installing: /home/amadorjosephg/CA-Embedded-MiniProject/comet_bot_ws/install/actionlib_msgs/local/lib/python3.10/dist-packages/actionlib_msgs/msg/_goal_status_array_s.c
[23.415s] -- Installing: /home/amadorjosephg/CA-Embedded-MiniProject/comet_bot_ws/install/actionlib_msgs/local/lib/python3.10/dist-packages/actionlib_msgs/msg/_goal_id_s.c
[23.415s] -- Installing: /home/amadorjosephg/CA-Embedded-MiniProject/comet_bot_ws/install/actionlib_msgs/local/lib/python3.10/dist-packages/actionlib_msgs/msg/_goal_status_s.c
[23.415s] -- Installing: /home/amadorjosephg/CA-Embedded-MiniProject/comet_bot_ws/install/actionlib_msgs/local/lib/python3.10/dist-packages/actionlib_msgs/actionlib_msgs_s__rosidl_typesupport_introspection_c.cpython-310-x86_64-linux-gnu.so
[23.415s] -- Installing: /home/amadorjosephg/CA-Embedded-MiniProject/comet_bot_ws/install/actionlib_msgs/local/lib/python3.10/dist-packages/actionlib_msgs/_actionlib_msgs_s.ep.rosidl_typesupport_microxrcedds_c.c
[23.416s] -- Installing: /home/amadorjosephg/CA-Embedded-MiniProject/comet_bot_ws/install/actionlib_msgs/local/lib/python3.10/dist-packages/actionlib_msgs/actionlib_msgs_s__rosidl_typesupport_microxrcedds_c.cpython-310-x86_64-linux-gnu.so
[23.416s] -- Installing: /home/amadorjosephg/CA-Embedded-MiniProject/comet_bot_ws/install/actionlib_msgs/local/lib/python3.10/dist-packages/actionlib_msgs/_actionlib_msgs_s.ep.rosidl_typesupport_fastrtps_c.c
[23.457s] Listing '/home/amadorjosephg/CA-Embedded-MiniProject/comet_bot_ws/install/actionlib_msgs/local/lib/python3.10/dist-packages/actionlib_msgs'...
[23.457s] Compiling '/home/amadorjosephg/CA-Embedded-MiniProject/comet_bot_ws/install/actionlib_msgs/local/lib/python3.10/dist-packages/actionlib_msgs/__init__.py'...
[23.457s] Listing '/home/amadorjosephg/CA-Embedded-MiniProject/comet_bot_ws/install/actionlib_msgs/local/lib/python3.10/dist-packages/actionlib_msgs/msg'...
[23.457s] Compiling '/home/amadorjosephg/CA-Embedded-MiniProject/comet_bot_ws/install/actionlib_msgs/local/lib/python3.10/dist-packages/actionlib_msgs/msg/__init__.py'...
[23.457s] Compiling '/home/amadorjosephg/CA-Embedded-MiniProject/comet_bot_ws/install/actionlib_msgs/local/lib/python3.10/dist-packages/actionlib_msgs/msg/_goal_id.py'...
[23.457s] Compiling '/home/amadorjosephg/CA-Embedded-MiniProject/comet_bot_ws/install/actionlib_msgs/local/lib/python3.10/dist-packages/actionlib_msgs/msg/_goal_status.py'...
[23.457s] Compiling '/home/amadorjosephg/CA-Embedded-MiniProject/comet_bot_ws/install/actionlib_msgs/local/lib/python3.10/dist-packages/actionlib_msgs/msg/_goal_status_array.py'...
[23.457s] -- Installing: /home/amadorjosephg/CA-Embedded-MiniProject/comet_bot_ws/install/actionlib_msgs/local/lib/python3.10/dist-packages/actionlib_msgs/actionlib_msgs_s__rosidl_typesupport_microxrcedds_c.cpython-310-x86_64-linux-gnu.so
[23.457s] -- Set runtime path of "/home/amadorjosephg/CA-Embedded-MiniProject/comet_bot_ws/install/actionlib_msgs/local/lib/python3.10/dist-packages/actionlib_msgs/actionlib_msgs_s__rosidl_typesupport_microxrcedds_c.cpython-310-x86_64-linux-gnu.so" to ""
[23.457s] -- Installing: /home/amadorjosephg/CA-Embedded-MiniProject/comet_bot_ws/install/actionlib_msgs/local/lib/python3.10/dist-packages/actionlib_msgs/actionlib_msgs_s__rosidl_typesupport_fastrtps_c.cpython-310-x86_64-linux-gnu.so
[23.458s] -- Set runtime path of "/home/amadorjosephg/CA-Embedded-MiniProject/comet_bot_ws/install/actionlib_msgs/local/lib/python3.10/dist-packages/actionlib_msgs/actionlib_msgs_s__rosidl_typesupport_fastrtps_c.cpython-310-x86_64-linux-gnu.so" to ""
[23.458s] -- Installing: /home/amadorjosephg/CA-Embedded-MiniProject/comet_bot_ws/install/actionlib_msgs/local/lib/python3.10/dist-packages/actionlib_msgs/actionlib_msgs_s__rosidl_typesupport_introspection_c.cpython-310-x86_64-linux-gnu.so
[23.459s] -- Set runtime path of "/home/amadorjosephg/CA-Embedded-MiniProject/comet_bot_ws/install/actionlib_msgs/local/lib/python3.10/dist-packages/actionlib_msgs/actionlib_msgs_s__rosidl_typesupport_introspection_c.cpython-310-x86_64-linux-gnu.so" to ""
[23.459s] -- Installing: /home/amadorjosephg/CA-Embedded-MiniProject/comet_bot_ws/install/actionlib_msgs/local/lib/python3.10/dist-packages/actionlib_msgs/actionlib_msgs_s__rosidl_typesupport_c.cpython-310-x86_64-linux-gnu.so
[23.460s] -- Set runtime path of "/home/amadorjosephg/CA-Embedded-MiniProject/comet_bot_ws/install/actionlib_msgs/local/lib/python3.10/dist-packages/actionlib_msgs/actionlib_msgs_s__rosidl_typesupport_c.cpython-310-x86_64-linux-gnu.so" to ""
[23.460s] -- Installing: /home/amadorjosephg/CA-Embedded-MiniProject/comet_bot_ws/install/actionlib_msgs/lib/libactionlib_msgs__rosidl_generator_py.so
[23.461s] -- Set runtime path of "/home/amadorjosephg/CA-Embedded-MiniProject/comet_bot_ws/install/actionlib_msgs/lib/libactionlib_msgs__rosidl_generator_py.so" to ""
[23.461s] -- Installing: /home/amadorjosephg/CA-Embedded-MiniProject/comet_bot_ws/install/actionlib_msgs/share/actionlib_msgs/msg/GoalID.idl
[23.461s] -- Installing: /home/amadorjosephg/CA-Embedded-MiniProject/comet_bot_ws/install/actionlib_msgs/share/actionlib_msgs/msg/GoalStatus.idl
[23.461s] -- Installing: /home/amadorjosephg/CA-Embedded-MiniProject/comet_bot_ws/install/actionlib_msgs/share/actionlib_msgs/msg/GoalStatusArray.idl
[23.462s] -- Installing: /home/amadorjosephg/CA-Embedded-MiniProject/comet_bot_ws/install/actionlib_msgs/share/actionlib_msgs/msg/GoalID.msg
[23.462s] -- Installing: /home/amadorjosephg/CA-Embedded-MiniProject/comet_bot_ws/install/actionlib_msgs/share/actionlib_msgs/msg/GoalStatus.msg
[23.462s] -- Installing: /home/amadorjosephg/CA-Embedded-MiniProject/comet_bot_ws/install/actionlib_msgs/share/actionlib_msgs/msg/GoalStatusArray.msg
[23.463s] -- Installing: /home/amadorjosephg/CA-Embedded-MiniProject/comet_bot_ws/install/actionlib_msgs/share/ament_index/resource_index/package_run_dependencies/actionlib_msgs
[23.463s] -- Installing: /home/amadorjosephg/CA-Embedded-MiniProject/comet_bot_ws/install/actionlib_msgs/share/ament_index/resource_index/parent_prefix_path/actionlib_msgs
[23.463s] -- Installing: /home/amadorjosephg/CA-Embedded-MiniProject/comet_bot_ws/install/actionlib_msgs/share/actionlib_msgs/environment/ament_prefix_path.sh
[23.463s] -- Installing: /home/amadorjosephg/CA-Embedded-MiniProject/comet_bot_ws/install/actionlib_msgs/share/actionlib_msgs/environment/ament_prefix_path.dsv
[23.464s] -- Installing: /home/amadorjosephg/CA-Embedded-MiniProject/comet_bot_ws/install/actionlib_msgs/share/actionlib_msgs/environment/path.sh
[23.464s] -- Installing: /home/amadorjosephg/CA-Embedded-MiniProject/comet_bot_ws/install/actionlib_msgs/share/actionlib_msgs/environment/path.dsv
[23.464s] -- Installing: /home/amadorjosephg/CA-Embedded-MiniProject/comet_bot_ws/install/actionlib_msgs/share/actionlib_msgs/local_setup.bash
[23.464s] -- Installing: /home/amadorjosephg/CA-Embedded-MiniProject/comet_bot_ws/install/actionlib_msgs/share/actionlib_msgs/local_setup.sh
[23.464s] -- Installing: /home/amadorjosephg/CA-Embedded-MiniProject/comet_bot_ws/install/actionlib_msgs/share/actionlib_msgs/local_setup.zsh
[23.465s] -- Installing: /home/amadorjosephg/CA-Embedded-MiniProject/comet_bot_ws/install/actionlib_msgs/share/actionlib_msgs/local_setup.dsv
[23.465s] -- Installing: /home/amadorjosephg/CA-Embedded-MiniProject/comet_bot_ws/install/actionlib_msgs/share/actionlib_msgs/package.dsv
[23.465s] -- Installing: /home/amadorjosephg/CA-Embedded-MiniProject/comet_bot_ws/install/actionlib_msgs/share/ament_index/resource_index/packages/actionlib_msgs
[23.466s] -- Installing: /home/amadorjosephg/CA-Embedded-MiniProject/comet_bot_ws/install/actionlib_msgs/share/actionlib_msgs/cmake/export_actionlib_msgs__rosidl_generator_cExport.cmake
[23.466s] -- Installing: /home/amadorjosephg/CA-Embedded-MiniProject/comet_bot_ws/install/actionlib_msgs/share/actionlib_msgs/cmake/export_actionlib_msgs__rosidl_generator_cExport-noconfig.cmake
[23.466s] -- Installing: /home/amadorjosephg/CA-Embedded-MiniProject/comet_bot_ws/install/actionlib_msgs/share/actionlib_msgs/cmake/export_actionlib_msgs__rosidl_typesupport_fastrtps_cExport.cmake
[23.466s] -- Installing: /home/amadorjosephg/CA-Embedded-MiniProject/comet_bot_ws/install/actionlib_msgs/share/actionlib_msgs/cmake/export_actionlib_msgs__rosidl_typesupport_fastrtps_cExport-noconfig.cmake
[23.466s] -- Installing: /home/amadorjosephg/CA-Embedded-MiniProject/comet_bot_ws/install/actionlib_msgs/share/actionlib_msgs/cmake/export_actionlib_msgs__rosidl_generator_cppExport.cmake
[23.467s] -- Installing: /home/amadorjosephg/CA-Embedded-MiniProject/comet_bot_ws/install/actionlib_msgs/share/actionlib_msgs/cmake/export_actionlib_msgs__rosidl_typesupport_fastrtps_cppExport.cmake
[23.467s] -- Installing: /home/amadorjosephg/CA-Embedded-MiniProject/comet_bot_ws/install/actionlib_msgs/share/actionlib_msgs/cmake/export_actionlib_msgs__rosidl_typesupport_fastrtps_cppExport-noconfig.cmake
[23.467s] -- Installing: /home/amadorjosephg/CA-Embedded-MiniProject/comet_bot_ws/install/actionlib_msgs/share/actionlib_msgs/cmake/actionlib_msgs__rosidl_typesupport_introspection_cExport.cmake
[23.467s] -- Installing: /home/amadorjosephg/CA-Embedded-MiniProject/comet_bot_ws/install/actionlib_msgs/share/actionlib_msgs/cmake/actionlib_msgs__rosidl_typesupport_introspection_cExport-noconfig.cmake
[23.468s] -- Installing: /home/amadorjosephg/CA-Embedded-MiniProject/comet_bot_ws/install/actionlib_msgs/share/actionlib_msgs/cmake/actionlib_msgs__rosidl_typesupport_cExport.cmake
[23.468s] -- Installing: /home/amadorjosephg/CA-Embedded-MiniProject/comet_bot_ws/install/actionlib_msgs/share/actionlib_msgs/cmake/actionlib_msgs__rosidl_typesupport_cExport-noconfig.cmake
[23.468s] -- Installing: /home/amadorjosephg/CA-Embedded-MiniProject/comet_bot_ws/install/actionlib_msgs/share/actionlib_msgs/cmake/actionlib_msgs__rosidl_typesupport_introspection_cppExport.cmake
[23.468s] -- Installing: /home/amadorjosephg/CA-Embedded-MiniProject/comet_bot_ws/install/actionlib_msgs/share/actionlib_msgs/cmake/actionlib_msgs__rosidl_typesupport_introspection_cppExport-noconfig.cmake
[23.469s] -- Installing: /home/amadorjosephg/CA-Embedded-MiniProject/comet_bot_ws/install/actionlib_msgs/share/actionlib_msgs/cmake/actionlib_msgs__rosidl_typesupport_cppExport.cmake
[23.469s] -- Installing: /home/amadorjosephg/CA-Embedded-MiniProject/comet_bot_ws/install/actionlib_msgs/share/actionlib_msgs/cmake/actionlib_msgs__rosidl_typesupport_cppExport-noconfig.cmake
[23.469s] -- Installing: /home/amadorjosephg/CA-Embedded-MiniProject/comet_bot_ws/install/actionlib_msgs/share/actionlib_msgs/cmake/export_actionlib_msgs__rosidl_generator_pyExport.cmake
[23.469s] -- Installing: /home/amadorjosephg/CA-Embedded-MiniProject/comet_bot_ws/install/actionlib_msgs/share/actionlib_msgs/cmake/export_actionlib_msgs__rosidl_generator_pyExport-noconfig.cmake
[23.470s] -- Installing: /home/amadorjosephg/CA-Embedded-MiniProject/comet_bot_ws/install/actionlib_msgs/share/actionlib_msgs/cmake/rosidl_cmake-extras.cmake
[23.470s] -- Installing: /home/amadorjosephg/CA-Embedded-MiniProject/comet_bot_ws/install/actionlib_msgs/share/actionlib_msgs/cmake/ament_cmake_export_dependencies-extras.cmake
[23.470s] -- Installing: /home/amadorjosephg/CA-Embedded-MiniProject/comet_bot_ws/install/actionlib_msgs/share/actionlib_msgs/cmake/ament_cmake_export_include_directories-extras.cmake
[23.470s] -- Installing: /home/amadorjosephg/CA-Embedded-MiniProject/comet_bot_ws/install/actionlib_msgs/share/actionlib_msgs/cmake/ament_cmake_export_libraries-extras.cmake
[23.471s] -- Installing: /home/amadorjosephg/CA-Embedded-MiniProject/comet_bot_ws/install/actionlib_msgs/share/actionlib_msgs/cmake/ament_cmake_export_targets-extras.cmake
[23.471s] -- Installing: /home/amadorjosephg/CA-Embedded-MiniProject/comet_bot_ws/install/actionlib_msgs/share/actionlib_msgs/cmake/rosidl_cmake_export_typesupport_targets-extras.cmake
[23.471s] -- Installing: /home/amadorjosephg/CA-Embedded-MiniProject/comet_bot_ws/install/actionlib_msgs/share/actionlib_msgs/cmake/rosidl_cmake_export_typesupport_libraries-extras.cmake
[23.471s] -- Installing: /home/amadorjosephg/CA-Embedded-MiniProject/comet_bot_ws/install/actionlib_msgs/share/actionlib_msgs/cmake/actionlib_msgsConfig.cmake
[23.471s] -- Installing: /home/amadorjosephg/CA-Embedded-MiniProject/comet_bot_ws/install/actionlib_msgs/share/actionlib_msgs/cmake/actionlib_msgsConfig-version.cmake
[23.472s] -- Installing: /home/amadorjosephg/CA-Embedded-MiniProject/comet_bot_ws/install/actionlib_msgs/share/actionlib_msgs/package.xml
[23.481s] Invoked command in '/home/amadorjosephg/CA-Embedded-MiniProject/comet_bot_ws/build/actionlib_msgs' returned '0': AMENT_PREFIX_PATH=/home/amadorjosephg/CA-Embedded-MiniProject/comet_bot_ws/install/std_msgs:/home/amadorjosephg/CA-Embedded-MiniProject/comet_bot_ws/install/builtin_interfaces:${AMENT_PREFIX_PATH} CMAKE_PREFIX_PATH=/home/amadorjosephg/CA-Embedded-MiniProject/comet_bot_ws/install/std_msgs:/home/amadorjosephg/CA-Embedded-MiniProject/comet_bot_ws/install/builtin_interfaces:/home/amadorjosephg/CA-Embedded-MiniProject/comet_bot_ws/install/rosidl_typesupport_microxrcedds_cpp:/home/amadorjosephg/CA-Embedded-MiniProject/comet_bot_ws/install/rosidl_typesupport_microxrcedds_c:/home/amadorjosephg/CA-Embedded-MiniProject/comet_bot_ws/install/microcdr:/home/amadorjosephg/CA-Embedded-MiniProject/comet_bot_ws/install/micro_ros_setup:/home/amadorjosephg/CA-Embedded-MiniProject/comet_bot_ws/install/micro_ros_agent:/home/amadorjosephg/CA-Embedded-MiniProject/comet_bot_ws/install/micro_ros_msgs:/home/amadorjosephg/CA-Embedded-MiniProject/comet_bot_ws/install/lunabot_control:/home/amadorjosephg/CA-Embedded-MiniProject/comet_bot_ws/install/jetson_topic_relay:/opt/ros/humble LD_LIBRARY_PATH=/home/amadorjosephg/CA-Embedded-MiniProject/comet_bot_ws/install/std_msgs/lib:/home/amadorjosephg/CA-Embedded-MiniProject/comet_bot_ws/install/builtin_interfaces/lib:${LD_LIBRARY_PATH} PYTHONPATH=/home/amadorjosephg/CA-Embedded-MiniProject/comet_bot_ws/install/std_msgs/local/lib/python3.10/dist-packages:/home/amadorjosephg/CA-Embedded-MiniProject/comet_bot_ws/install/builtin_interfaces/local/lib/python3.10/dist-packages:${PYTHONPATH} /usr/bin/cmake --install /home/amadorjosephg/CA-Embedded-MiniProject/comet_bot_ws/build/actionlib_msgs
