[0.532s] Invoking command in '/home/amadorjosephg/CA-Embedded-MiniProject/cometbot_ws/src/cometbot_control': PYTHONPATH=/home/amadorjosephg/CA-Embedded-MiniProject/cometbot_ws/src/build/cometbot_control/prefix_override:/usr/lib/python3/dist-packages/colcon_core/task/python/colcon_distutils_commands:/home/amadorjosephg/CA-Embedded-MiniProject/cometbot_ws/src/install/cometbot_control/lib/python3.10/site-packages:${PYTHONPATH} /usr/bin/python3 -W ignore:setup.py install is deprecated setup.py egg_info --egg-base ../build/cometbot_control build --build-base /home/amadorjosephg/CA-Embedded-MiniProject/cometbot_ws/src/build/cometbot_control/build install --record /home/amadorjosephg/CA-Embedded-MiniProject/cometbot_ws/src/build/cometbot_control/install.log --single-version-externally-managed install_data
[0.734s] running egg_info
[0.735s] writing ../build/cometbot_control/cometbot_control.egg-info/PKG-INFO
[0.735s] writing dependency_links to ../build/cometbot_control/cometbot_control.egg-info/dependency_links.txt
[0.736s] writing entry points to ../build/cometbot_control/cometbot_control.egg-info/entry_points.txt
[0.736s] writing requirements to ../build/cometbot_control/cometbot_control.egg-info/requires.txt
[0.736s] writing top-level names to ../build/cometbot_control/cometbot_control.egg-info/top_level.txt
[0.738s] reading manifest file '../build/cometbot_control/cometbot_control.egg-info/SOURCES.txt'
[0.738s] adding license file 'LICENSE'
[0.739s] writing manifest file '../build/cometbot_control/cometbot_control.egg-info/SOURCES.txt'
[0.740s] running build
[0.740s] running build_py
[0.740s] copying cometbot_control/teleop_publisher.py -> /home/amadorjosephg/CA-Embedded-MiniProject/cometbot_ws/src/build/cometbot_control/build/lib/cometbot_control
[0.740s] running install
[0.740s] running install_lib
[0.741s] copying /home/amadorjosephg/CA-Embedded-MiniProject/cometbot_ws/src/build/cometbot_control/build/lib/cometbot_control/teleop_publisher.py -> /home/amadorjosephg/CA-Embedded-MiniProject/cometbot_ws/src/install/cometbot_control/lib/python3.10/site-packages/cometbot_control
[0.741s] byte-compiling /home/amadorjosephg/CA-Embedded-MiniProject/cometbot_ws/src/install/cometbot_control/lib/python3.10/site-packages/cometbot_control/teleop_publisher.py to teleop_publisher.cpython-310.pyc
[0.741s] Sorry: TabError: inconsistent use of tabs and spaces in indentation (teleop_publisher.py, line 101)
[0.742s] running install_data
[0.742s] running install_egg_info
[0.743s] removing '/home/amadorjosephg/CA-Embedded-MiniProject/cometbot_ws/src/install/cometbot_control/lib/python3.10/site-packages/cometbot_control-0.0.1-py3.10.egg-info' (and everything under it)
[0.744s] Copying ../build/cometbot_control/cometbot_control.egg-info to /home/amadorjosephg/CA-Embedded-MiniProject/cometbot_ws/src/install/cometbot_control/lib/python3.10/site-packages/cometbot_control-0.0.1-py3.10.egg-info
[0.744s] running install_scripts
[0.763s] Installing teleop_publisher script to /home/amadorjosephg/CA-Embedded-MiniProject/cometbot_ws/src/install/cometbot_control/lib/cometbot_control
[0.764s] writing list of installed files to '/home/amadorjosephg/CA-Embedded-MiniProject/cometbot_ws/src/build/cometbot_control/install.log'
[0.787s] Invoked command in '/home/amadorjosephg/CA-Embedded-MiniProject/cometbot_ws/src/cometbot_control' returned '0': PYTHONPATH=/home/amadorjosephg/CA-Embedded-MiniProject/cometbot_ws/src/build/cometbot_control/prefix_override:/usr/lib/python3/dist-packages/colcon_core/task/python/colcon_distutils_commands:/home/amadorjosephg/CA-Embedded-MiniProject/cometbot_ws/src/install/cometbot_control/lib/python3.10/site-packages:${PYTHONPATH} /usr/bin/python3 -W ignore:setup.py install is deprecated setup.py egg_info --egg-base ../build/cometbot_control build --build-base /home/amadorjosephg/CA-Embedded-MiniProject/cometbot_ws/src/build/cometbot_control/build install --record /home/amadorjosephg/CA-Embedded-MiniProject/cometbot_ws/src/build/cometbot_control/install.log --single-version-externally-managed install_data
