[0.524s] Invoking command in '/home/amadorjosephg/CA-Embedded-MiniProject/comet_bot_ws/src/lunabot_control': PYTHONPATH=/home/amadorjosephg/CA-Embedded-MiniProject/comet_bot_ws/build/lunabot_control/prefix_override:/usr/lib/python3/dist-packages/colcon_core/task/python/colcon_distutils_commands:/home/amadorjosephg/CA-Embedded-MiniProject/comet_bot_ws/install/lunabot_control/lib/python3.10/site-packages:${PYTHONPATH} /usr/bin/python3 -W ignore:setup.py install is deprecated setup.py egg_info --egg-base ../../build/lunabot_control build --build-base /home/amadorjosephg/CA-Embedded-MiniProject/comet_bot_ws/build/lunabot_control/build install --record /home/amadorjosephg/CA-Embedded-MiniProject/comet_bot_ws/build/lunabot_control/install.log --single-version-externally-managed install_data
[0.746s] running egg_info
[0.749s] writing ../../build/lunabot_control/lunabot_control.egg-info/PKG-INFO
[0.749s] writing dependency_links to ../../build/lunabot_control/lunabot_control.egg-info/dependency_links.txt
[0.750s] writing entry points to ../../build/lunabot_control/lunabot_control.egg-info/entry_points.txt
[0.750s] writing requirements to ../../build/lunabot_control/lunabot_control.egg-info/requires.txt
[0.750s] writing top-level names to ../../build/lunabot_control/lunabot_control.egg-info/top_level.txt
[0.751s] reading manifest file '../../build/lunabot_control/lunabot_control.egg-info/SOURCES.txt'
[0.751s] adding license file 'LICENSE'
[0.753s] writing manifest file '../../build/lunabot_control/lunabot_control.egg-info/SOURCES.txt'
[0.753s] running build
[0.753s] running build_py
[0.753s] running install
[0.753s] running install_lib
[0.754s] running install_data
[0.754s] running install_egg_info
[0.756s] removing '/home/amadorjosephg/CA-Embedded-MiniProject/comet_bot_ws/install/lunabot_control/lib/python3.10/site-packages/lunabot_control-0.0.0-py3.10.egg-info' (and everything under it)
[0.757s] Copying ../../build/lunabot_control/lunabot_control.egg-info to /home/amadorjosephg/CA-Embedded-MiniProject/comet_bot_ws/install/lunabot_control/lib/python3.10/site-packages/lunabot_control-0.0.0-py3.10.egg-info
[0.758s] running install_scripts
[0.777s] Installing teleop_publisher script to /home/amadorjosephg/CA-Embedded-MiniProject/comet_bot_ws/install/lunabot_control/lib/lunabot_control
[0.778s] writing list of installed files to '/home/amadorjosephg/CA-Embedded-MiniProject/comet_bot_ws/build/lunabot_control/install.log'
[0.801s] Invoked command in '/home/amadorjosephg/CA-Embedded-MiniProject/comet_bot_ws/src/lunabot_control' returned '0': PYTHONPATH=/home/amadorjosephg/CA-Embedded-MiniProject/comet_bot_ws/build/lunabot_control/prefix_override:/usr/lib/python3/dist-packages/colcon_core/task/python/colcon_distutils_commands:/home/amadorjosephg/CA-Embedded-MiniProject/comet_bot_ws/install/lunabot_control/lib/python3.10/site-packages:${PYTHONPATH} /usr/bin/python3 -W ignore:setup.py install is deprecated setup.py egg_info --egg-base ../../build/lunabot_control build --build-base /home/amadorjosephg/CA-Embedded-MiniProject/comet_bot_ws/build/lunabot_control/build install --record /home/amadorjosephg/CA-Embedded-MiniProject/comet_bot_ws/build/lunabot_control/install.log --single-version-externally-managed install_data
