[0.546s] Invoking command in '/home/amadorjosephg/comet_bot_ws/src/lunabot_control': PYTHONPATH=/home/amadorjosephg/comet_bot_ws/build/lunabot_control/prefix_override:/usr/lib/python3/dist-packages/colcon_core/task/python/colcon_distutils_commands:/home/amadorjosephg/comet_bot_ws/install/lunabot_control/lib/python3.10/site-packages:${PYTHONPATH} /usr/bin/python3 -W ignore:setup.py install is deprecated setup.py egg_info --egg-base ../../build/lunabot_control build --build-base /home/amadorjosephg/comet_bot_ws/build/lunabot_control/build install --record /home/amadorjosephg/comet_bot_ws/build/lunabot_control/install.log --single-version-externally-managed install_data
[0.760s] running egg_info
[0.761s] writing ../../build/lunabot_control/lunabot_control.egg-info/PKG-INFO
[0.761s] writing dependency_links to ../../build/lunabot_control/lunabot_control.egg-info/dependency_links.txt
[0.763s] writing entry points to ../../build/lunabot_control/lunabot_control.egg-info/entry_points.txt
[0.763s] writing requirements to ../../build/lunabot_control/lunabot_control.egg-info/requires.txt
[0.765s] writing top-level names to ../../build/lunabot_control/lunabot_control.egg-info/top_level.txt
[0.766s] reading manifest file '../../build/lunabot_control/lunabot_control.egg-info/SOURCES.txt'
[0.766s] adding license file 'LICENSE'
[0.768s] writing manifest file '../../build/lunabot_control/lunabot_control.egg-info/SOURCES.txt'
[0.768s] running build
[0.769s] running build_py
[0.769s] copying lunabot_control/teleop_publisher.py -> /home/amadorjosephg/comet_bot_ws/build/lunabot_control/build/lib/lunabot_control
[0.769s] running install
[0.770s] running install_lib
[0.770s] copying /home/amadorjosephg/comet_bot_ws/build/lunabot_control/build/lib/lunabot_control/teleop_publisher.py -> /home/amadorjosephg/comet_bot_ws/install/lunabot_control/lib/python3.10/site-packages/lunabot_control
[0.771s] byte-compiling /home/amadorjosephg/comet_bot_ws/install/lunabot_control/lib/python3.10/site-packages/lunabot_control/teleop_publisher.py to teleop_publisher.cpython-310.pyc
[0.772s] running install_data
[0.772s] copying package.xml -> /home/amadorjosephg/comet_bot_ws/install/lunabot_control/share/lunabot_control
[0.772s] running install_egg_info
[0.774s] removing '/home/amadorjosephg/comet_bot_ws/install/lunabot_control/lib/python3.10/site-packages/lunabot_control-0.0.0-py3.10.egg-info' (and everything under it)
[0.774s] Copying ../../build/lunabot_control/lunabot_control.egg-info to /home/amadorjosephg/comet_bot_ws/install/lunabot_control/lib/python3.10/site-packages/lunabot_control-0.0.0-py3.10.egg-info
[0.775s] running install_scripts
[0.794s] Installing teleop_publisher script to /home/amadorjosephg/comet_bot_ws/install/lunabot_control/lib/lunabot_control
[0.795s] writing list of installed files to '/home/amadorjosephg/comet_bot_ws/build/lunabot_control/install.log'
[0.817s] Invoked command in '/home/amadorjosephg/comet_bot_ws/src/lunabot_control' returned '0': PYTHONPATH=/home/amadorjosephg/comet_bot_ws/build/lunabot_control/prefix_override:/usr/lib/python3/dist-packages/colcon_core/task/python/colcon_distutils_commands:/home/amadorjosephg/comet_bot_ws/install/lunabot_control/lib/python3.10/site-packages:${PYTHONPATH} /usr/bin/python3 -W ignore:setup.py install is deprecated setup.py egg_info --egg-base ../../build/lunabot_control build --build-base /home/amadorjosephg/comet_bot_ws/build/lunabot_control/build install --record /home/amadorjosephg/comet_bot_ws/build/lunabot_control/install.log --single-version-externally-managed install_data
