-- Setting build type to 'Release' as none was specified.
-- The C compiler identification is GNU 11.4.0
-- Detecting C compiler ABI info
-- Detecting C compiler ABI info - done
-- Check for working C compiler: /usr/bin/cc - skipped
-- Detecting C compile features
-- Detecting C compile features - done
-- The CXX compiler identification is GNU 11.4.0
-- Detecting CXX compiler ABI info
-- Detecting CXX compiler ABI info - done
-- Check for working CXX compiler: /usr/bin/c++ - skipped
-- Detecting CXX compile features
-- Detecting CXX compile features - done
-- Configuring done
-- Generating done
[33mCMake Warning:
  Manually-specified variables were not used by the project:

    BUILD_TESTING

[0m
-- Build files have been written to: /home/amadorjosephg/CA-Embedded-MiniProject/comet_bot_ws/build/microcdr
[ 12%] [34m[1mCreating directories for 'ucdr'[0m
[ 25%] [34m[1mNo download step for 'ucdr'[0m
[ 37%] [34m[1mNo update step for 'ucdr'[0m
[ 50%] [34m[1mNo patch step for 'ucdr'[0m
[ 62%] [34m[1mPerforming configure step for 'ucdr'[0m
loading initial cache file /home/amadorjosephg/CA-Embedded-MiniProject/comet_bot_ws/build/microcdr/ucdr-prefix/tmp/ucdr-cache-Release.cmake
-- Configuring done
-- Generating done
-- Build files have been written to: /home/amadorjosephg/CA-Embedded-MiniProject/comet_bot_ws/build/microcdr
[ 75%] [34m[1mPerforming build step for 'ucdr'[0m
[ 33%] [32mBuilding C object CMakeFiles/microcdr.dir/src/c/types/basic.c.o[0m
[ 50%] [32mBuilding C object CMakeFiles/microcdr.dir/src/c/types/string.c.o[0m
[ 33%] [32mBuilding C object CMakeFiles/microcdr.dir/src/c/common.c.o[0m
[ 66%] [32mBuilding C object CMakeFiles/microcdr.dir/src/c/types/array.c.o[0m
[ 83%] [32mBuilding C object CMakeFiles/microcdr.dir/src/c/types/sequence.c.o[0m
[100%] [32m[1mLinking C shared library libmicrocdr.so[0m
[100%] Built target microcdr
[34m[1mNo install step for 'ucdr'[0m
[34m[1mCompleted 'ucdr'[0m
Built target ucdr
-- Install configuration: "Release"
-- Installing: /home/amadorjosephg/CA-Embedded-MiniProject/comet_bot_ws/install/microcdr/lib/libmicrocdr.so.2.0.1
-- Installing: /home/amadorjosephg/CA-Embedded-MiniProject/comet_bot_ws/install/microcdr/lib/libmicrocdr.so.2.0
-- Installing: /home/amadorjosephg/CA-Embedded-MiniProject/comet_bot_ws/install/microcdr/lib/libmicrocdr.so
-- Installing: /home/amadorjosephg/CA-Embedded-MiniProject/comet_bot_ws/install/microcdr/include/ucdr
-- Installing: /home/amadorjosephg/CA-Embedded-MiniProject/comet_bot_ws/install/microcdr/include/ucdr/microcdr.h
-- Installing: /home/amadorjosephg/CA-Embedded-MiniProject/comet_bot_ws/install/microcdr/include/ucdr/visibility.h
-- Installing: /home/amadorjosephg/CA-Embedded-MiniProject/comet_bot_ws/install/microcdr/include/ucdr/config.h
-- Installing: /home/amadorjosephg/CA-Embedded-MiniProject/comet_bot_ws/install/microcdr/share/microcdr/cmake/microcdrTargets.cmake
-- Installing: /home/amadorjosephg/CA-Embedded-MiniProject/comet_bot_ws/install/microcdr/share/microcdr/cmake/microcdrTargets-release.cmake
-- Installing: /home/amadorjosephg/CA-Embedded-MiniProject/comet_bot_ws/install/microcdr/share/microcdr/cmake/microcdrConfig.cmake
-- Installing: /home/amadorjosephg/CA-Embedded-MiniProject/comet_bot_ws/install/microcdr/share/microcdr/cmake/microcdrConfigVersion.cmake
