[0.038s] Invoking command in '/home/amadorjosephg/CA-Embedded-MiniProject/comet_bot_ws/build/microcdr': /usr/bin/cmake /home/amadorjosephg/CA-Embedded-MiniProject/comet_bot_ws/src/eProsima/Micro-CDR -DBUILD_TESTING=OFF -DBUILD_SHARED_LIBS=ON -DUCDR_ISOLATED_INSTALL=OFF -DBUILD_SHARED_LIBS=ON -DCMAKE_INSTALL_PREFIX=/home/amadorjosephg/CA-Embedded-MiniProject/comet_bot_ws/install/microcdr
[0.048s] -- Setting build type to 'Release' as none was specified.
[0.140s] -- The C compiler identification is GNU 11.4.0
[0.150s] -- Detecting C compiler ABI info
[0.295s] -- Detecting C compiler ABI info - done
[0.295s] -- Check for working C compiler: /usr/bin/cc - skipped
[0.295s] -- Detecting C compile features
[0.295s] -- Detecting C compile features - done
[0.356s] -- The CXX compiler identification is GNU 11.4.0
[0.371s] -- Detecting CXX compiler ABI info
[0.494s] -- Detecting CXX compiler ABI info - done
[0.501s] -- Check for working CXX compiler: /usr/bin/c++ - skipped
[0.502s] -- Detecting CXX compile features
[0.502s] -- Detecting CXX compile features - done
[0.510s] -- Configuring done
[0.513s] -- Generating done
[0.513s] [33mCMake Warning:
[0.514s]   Manually-specified variables were not used by the project:
[0.514s] 
[0.514s]     BUILD_TESTING
[0.514s] 
[0.514s] [0m
[0.514s] -- Build files have been written to: /home/amadorjosephg/CA-Embedded-MiniProject/comet_bot_ws/build/microcdr
[0.522s] Invoked command in '/home/amadorjosephg/CA-Embedded-MiniProject/comet_bot_ws/build/microcdr' returned '0': /usr/bin/cmake /home/amadorjosephg/CA-Embedded-MiniProject/comet_bot_ws/src/eProsima/Micro-CDR -DBUILD_TESTING=OFF -DBUILD_SHARED_LIBS=ON -DUCDR_ISOLATED_INSTALL=OFF -DBUILD_SHARED_LIBS=ON -DCMAKE_INSTALL_PREFIX=/home/amadorjosephg/CA-Embedded-MiniProject/comet_bot_ws/install/microcdr
[0.523s] Invoking command in '/home/amadorjosephg/CA-Embedded-MiniProject/comet_bot_ws/build/microcdr': /usr/bin/cmake --build /home/amadorjosephg/CA-Embedded-MiniProject/comet_bot_ws/build/microcdr -- -j4 -l4
[0.611s] [ 12%] [34m[1mCreating directories for 'ucdr'[0m
[0.744s] [ 25%] [34m[1mNo download step for 'ucdr'[0m
[0.797s] [ 37%] [34m[1mNo update step for 'ucdr'[0m
[0.832s] [ 50%] [34m[1mNo patch step for 'ucdr'[0m
[0.881s] [ 62%] [34m[1mPerforming configure step for 'ucdr'[0m
[0.897s] loading initial cache file /home/amadorjosephg/CA-Embedded-MiniProject/comet_bot_ws/build/microcdr/ucdr-prefix/tmp/ucdr-cache-Release.cmake
[0.906s] -- Configuring done
[0.914s] -- Generating done
[0.917s] -- Build files have been written to: /home/amadorjosephg/CA-Embedded-MiniProject/comet_bot_ws/build/microcdr
[0.942s] [ 75%] [34m[1mPerforming build step for 'ucdr'[0m
[1.027s] [ 33%] [32mBuilding C object CMakeFiles/microcdr.dir/src/c/types/basic.c.o[0m
[1.027s] [ 50%] [32mBuilding C object CMakeFiles/microcdr.dir/src/c/types/string.c.o[0m
[1.027s] [ 33%] [32mBuilding C object CMakeFiles/microcdr.dir/src/c/common.c.o[0m
[1.028s] [ 66%] [32mBuilding C object CMakeFiles/microcdr.dir/src/c/types/array.c.o[0m
[1.155s] [ 83%] [32mBuilding C object CMakeFiles/microcdr.dir/src/c/types/sequence.c.o[0m
[1.565s] [100%] [32m[1mLinking C shared library libmicrocdr.so[0m
[1.663s] [100%] Built target microcdr
[1.724s] [34m[1mNo install step for 'ucdr'[0m
[1.759s] [34m[1mCompleted 'ucdr'[0m
[1.806s] Built target ucdr
[1.842s] Invoked command in '/home/amadorjosephg/CA-Embedded-MiniProject/comet_bot_ws/build/microcdr' returned '0': /usr/bin/cmake --build /home/amadorjosephg/CA-Embedded-MiniProject/comet_bot_ws/build/microcdr -- -j4 -l4
[1.941s] Invoking command in '/home/amadorjosephg/CA-Embedded-MiniProject/comet_bot_ws/build/microcdr': /usr/bin/cmake --install /home/amadorjosephg/CA-Embedded-MiniProject/comet_bot_ws/build/microcdr
[1.951s] -- Install configuration: "Release"
[1.951s] -- Installing: /home/amadorjosephg/CA-Embedded-MiniProject/comet_bot_ws/install/microcdr/lib/libmicrocdr.so.2.0.1
[1.952s] -- Installing: /home/amadorjosephg/CA-Embedded-MiniProject/comet_bot_ws/install/microcdr/lib/libmicrocdr.so.2.0
[1.952s] -- Installing: /home/amadorjosephg/CA-Embedded-MiniProject/comet_bot_ws/install/microcdr/lib/libmicrocdr.so
[1.952s] -- Installing: /home/amadorjosephg/CA-Embedded-MiniProject/comet_bot_ws/install/microcdr/include/ucdr
[1.952s] -- Installing: /home/amadorjosephg/CA-Embedded-MiniProject/comet_bot_ws/install/microcdr/include/ucdr/microcdr.h
[1.953s] -- Installing: /home/amadorjosephg/CA-Embedded-MiniProject/comet_bot_ws/install/microcdr/include/ucdr/visibility.h
[1.953s] -- Installing: /home/amadorjosephg/CA-Embedded-MiniProject/comet_bot_ws/install/microcdr/include/ucdr/config.h
[1.953s] -- Installing: /home/amadorjosephg/CA-Embedded-MiniProject/comet_bot_ws/install/microcdr/share/microcdr/cmake/microcdrTargets.cmake
[1.953s] -- Installing: /home/amadorjosephg/CA-Embedded-MiniProject/comet_bot_ws/install/microcdr/share/microcdr/cmake/microcdrTargets-release.cmake
[1.954s] -- Installing: /home/amadorjosephg/CA-Embedded-MiniProject/comet_bot_ws/install/microcdr/share/microcdr/cmake/microcdrConfig.cmake
[1.954s] -- Installing: /home/amadorjosephg/CA-Embedded-MiniProject/comet_bot_ws/install/microcdr/share/microcdr/cmake/microcdrConfigVersion.cmake
[1.957s] Invoked command in '/home/amadorjosephg/CA-Embedded-MiniProject/comet_bot_ws/build/microcdr' returned '0': /usr/bin/cmake --install /home/amadorjosephg/CA-Embedded-MiniProject/comet_bot_ws/build/microcdr
