[0.726s] Invoking command in '/home/amadorjosephg/CA-Embedded-MiniProject/comet_bot_ws/src/lunabot_control': AMENT_PREFIX_PATH=/home/amadorjosephg/CA-Embedded-MiniProject/comet_bot_ws/install/sensor_msgs:/home/amadorjosephg/CA-Embedded-MiniProject/comet_bot_ws/install/geometry_msgs:/home/amadorjosephg/CA-Embedded-MiniProject/comet_bot_ws/install/std_msgs:/home/amadorjosephg/CA-Embedded-MiniProject/comet_bot_ws/install/builtin_interfaces:${AMENT_PREFIX_PATH} CMAKE_PREFIX_PATH=/home/amadorjosephg/CA-Embedded-MiniProject/comet_bot_ws/install/sensor_msgs:/home/amadorjosephg/CA-Embedded-MiniProject/comet_bot_ws/install/geometry_msgs:/home/amadorjosephg/CA-Embedded-MiniProject/comet_bot_ws/install/std_msgs:/home/amadorjosephg/CA-Embedded-MiniProject/comet_bot_ws/install/builtin_interfaces LD_LIBRARY_PATH=/home/amadorjosephg/CA-Embedded-MiniProject/comet_bot_ws/install/sensor_msgs/lib:/home/amadorjosephg/CA-Embedded-MiniProject/comet_bot_ws/install/geometry_msgs/lib:/home/amadorjosephg/CA-Embedded-MiniProject/comet_bot_ws/install/std_msgs/lib:/home/amadorjosephg/CA-Embedded-MiniProject/comet_bot_ws/install/builtin_interfaces/lib:${LD_LIBRARY_PATH} PYTHONPATH=/home/amadorjosephg/CA-Embedded-MiniProject/comet_bot_ws/build/lunabot_control/prefix_override:/usr/lib/python3/dist-packages/colcon_core/task/python/colcon_distutils_commands:/home/amadorjosephg/CA-Embedded-MiniProject/comet_bot_ws/install/lunabot_control/lib/python3.10/site-packages:/home/amadorjosephg/CA-Embedded-MiniProject/comet_bot_ws/install/sensor_msgs/local/lib/python3.10/dist-packages:/home/amadorjosephg/CA-Embedded-MiniProject/comet_bot_ws/install/geometry_msgs/local/lib/python3.10/dist-packages:/home/amadorjosephg/CA-Embedded-MiniProject/comet_bot_ws/install/std_msgs/local/lib/python3.10/dist-packages:/home/amadorjosephg/CA-Embedded-MiniProject/comet_bot_ws/install/builtin_interfaces/local/lib/python3.10/dist-packages:${PYTHONPATH} /usr/bin/python3 -W ignore:setup.py install is deprecated setup.py egg_info --egg-base ../../build/lunabot_control build --build-base /home/amadorjosephg/CA-Embedded-MiniProject/comet_bot_ws/build/lunabot_control/build install --record /home/amadorjosephg/CA-Embedded-MiniProject/comet_bot_ws/build/lunabot_control/install.log --single-version-externally-managed install_data
[0.963s] running egg_info
[0.963s] writing ../../build/lunabot_control/lunabot_control.egg-info/PKG-INFO
[0.964s] writing dependency_links to ../../build/lunabot_control/lunabot_control.egg-info/dependency_links.txt
[0.964s] writing entry points to ../../build/lunabot_control/lunabot_control.egg-info/entry_points.txt
[0.965s] writing requirements to ../../build/lunabot_control/lunabot_control.egg-info/requires.txt
[0.965s] writing top-level names to ../../build/lunabot_control/lunabot_control.egg-info/top_level.txt
[0.967s] reading manifest file '../../build/lunabot_control/lunabot_control.egg-info/SOURCES.txt'
[0.968s] adding license file 'LICENSE'
[0.969s] writing manifest file '../../build/lunabot_control/lunabot_control.egg-info/SOURCES.txt'
[0.969s] running build
[0.969s] running build_py
[0.969s] copying lunabot_control/teleop_publisher.py -> /home/amadorjosephg/CA-Embedded-MiniProject/comet_bot_ws/build/lunabot_control/build/lib/lunabot_control
[0.970s] running install
[0.970s] running install_lib
[0.970s] copying /home/amadorjosephg/CA-Embedded-MiniProject/comet_bot_ws/build/lunabot_control/build/lib/lunabot_control/teleop_publisher.py -> /home/amadorjosephg/CA-Embedded-MiniProject/comet_bot_ws/install/lunabot_control/lib/python3.10/site-packages/lunabot_control
[0.971s] byte-compiling /home/amadorjosephg/CA-Embedded-MiniProject/comet_bot_ws/install/lunabot_control/lib/python3.10/site-packages/lunabot_control/teleop_publisher.py to teleop_publisher.cpython-310.pyc
[0.973s] running install_data
[0.973s] running install_egg_info
[0.974s] removing '/home/amadorjosephg/CA-Embedded-MiniProject/comet_bot_ws/install/lunabot_control/lib/python3.10/site-packages/lunabot_control-0.0.1-py3.10.egg-info' (and everything under it)
[0.974s] Copying ../../build/lunabot_control/lunabot_control.egg-info to /home/amadorjosephg/CA-Embedded-MiniProject/comet_bot_ws/install/lunabot_control/lib/python3.10/site-packages/lunabot_control-0.0.1-py3.10.egg-info
[0.976s] running install_scripts
[0.999s] Installing teleop_publisher script to /home/amadorjosephg/CA-Embedded-MiniProject/comet_bot_ws/install/lunabot_control/lib/lunabot_control
[0.999s] writing list of installed files to '/home/amadorjosephg/CA-Embedded-MiniProject/comet_bot_ws/build/lunabot_control/install.log'
[1.021s] Invoked command in '/home/amadorjosephg/CA-Embedded-MiniProject/comet_bot_ws/src/lunabot_control' returned '0': AMENT_PREFIX_PATH=/home/amadorjosephg/CA-Embedded-MiniProject/comet_bot_ws/install/sensor_msgs:/home/amadorjosephg/CA-Embedded-MiniProject/comet_bot_ws/install/geometry_msgs:/home/amadorjosephg/CA-Embedded-MiniProject/comet_bot_ws/install/std_msgs:/home/amadorjosephg/CA-Embedded-MiniProject/comet_bot_ws/install/builtin_interfaces:${AMENT_PREFIX_PATH} CMAKE_PREFIX_PATH=/home/amadorjosephg/CA-Embedded-MiniProject/comet_bot_ws/install/sensor_msgs:/home/amadorjosephg/CA-Embedded-MiniProject/comet_bot_ws/install/geometry_msgs:/home/amadorjosephg/CA-Embedded-MiniProject/comet_bot_ws/install/std_msgs:/home/amadorjosephg/CA-Embedded-MiniProject/comet_bot_ws/install/builtin_interfaces LD_LIBRARY_PATH=/home/amadorjosephg/CA-Embedded-MiniProject/comet_bot_ws/install/sensor_msgs/lib:/home/amadorjosephg/CA-Embedded-MiniProject/comet_bot_ws/install/geometry_msgs/lib:/home/amadorjosephg/CA-Embedded-MiniProject/comet_bot_ws/install/std_msgs/lib:/home/amadorjosephg/CA-Embedded-MiniProject/comet_bot_ws/install/builtin_interfaces/lib:${LD_LIBRARY_PATH} PYTHONPATH=/home/amadorjosephg/CA-Embedded-MiniProject/comet_bot_ws/build/lunabot_control/prefix_override:/usr/lib/python3/dist-packages/colcon_core/task/python/colcon_distutils_commands:/home/amadorjosephg/CA-Embedded-MiniProject/comet_bot_ws/install/lunabot_control/lib/python3.10/site-packages:/home/amadorjosephg/CA-Embedded-MiniProject/comet_bot_ws/install/sensor_msgs/local/lib/python3.10/dist-packages:/home/amadorjosephg/CA-Embedded-MiniProject/comet_bot_ws/install/geometry_msgs/local/lib/python3.10/dist-packages:/home/amadorjosephg/CA-Embedded-MiniProject/comet_bot_ws/install/std_msgs/local/lib/python3.10/dist-packages:/home/amadorjosephg/CA-Embedded-MiniProject/comet_bot_ws/install/builtin_interfaces/local/lib/python3.10/dist-packages:${PYTHONPATH} /usr/bin/python3 -W ignore:setup.py install is deprecated setup.py egg_info --egg-base ../../build/lunabot_control build --build-base /home/amadorjosephg/CA-Embedded-MiniProject/comet_bot_ws/build/lunabot_control/build install --record /home/amadorjosephg/CA-Embedded-MiniProject/comet_bot_ws/build/lunabot_control/install.log --single-version-externally-managed install_data
