[0.510s] Invoking command in '/home/amadorjosephg/CA-Embedded-MiniProject/comet_bot_ws/build/micro_ros_setup': CMAKE_PREFIX_PATH=/opt/ros/humble /usr/bin/cmake /home/amadorjosephg/CA-Embedded-MiniProject/comet_bot_ws/src/micro_ros_setup -DCMAKE_INSTALL_PREFIX=/home/amadorjosephg/CA-Embedded-MiniProject/comet_bot_ws/install/micro_ros_setup
[0.858s] -- The C compiler identification is GNU 11.4.0
[1.172s] -- The CXX compiler identification is GNU 11.4.0
[1.195s] -- Detecting C compiler ABI info
[1.355s] -- Detecting C compiler ABI info - done
[1.365s] -- Check for working C compiler: /usr/bin/cc - skipped
[1.367s] -- Detecting C compile features
[1.373s] -- Detecting C compile features - done
[1.381s] -- Detecting CXX compiler ABI info
[1.541s] -- Detecting CXX compiler ABI info - done
[1.548s] -- Check for working CXX compiler: /usr/bin/c++ - skipped
[1.548s] -- Detecting CXX compile features
[1.549s] -- Detecting CXX compile features - done
[1.580s] -- Found ament_cmake: 1.3.9 (/opt/ros/humble/share/ament_cmake/cmake)
[1.827s] -- Found Python3: /usr/bin/python3 (found version "3.10.12") found components: Interpreter 
[1.980s] -- Found ament_lint_auto: 0.12.11 (/opt/ros/humble/share/ament_lint_auto/cmake)
[2.093s] -- Added test 'copyright' to check source files copyright and LICENSE
[2.171s] -- Added test 'flake8' to check Python code syntax and style conventions
[2.174s] -- Added test 'lint_cmake' to check CMake code style
[2.177s] -- Added test 'pep257' to check Python code against some of the docstring style conventions in PEP 257
[2.193s] -- Added test 'xmllint' to check XML markup files
[2.196s] -- Configuring done
[2.200s] -- Generating done
[2.202s] -- Build files have been written to: /home/amadorjosephg/CA-Embedded-MiniProject/comet_bot_ws/build/micro_ros_setup
[2.209s] Invoked command in '/home/amadorjosephg/CA-Embedded-MiniProject/comet_bot_ws/build/micro_ros_setup' returned '0': CMAKE_PREFIX_PATH=/opt/ros/humble /usr/bin/cmake /home/amadorjosephg/CA-Embedded-MiniProject/comet_bot_ws/src/micro_ros_setup -DCMAKE_INSTALL_PREFIX=/home/amadorjosephg/CA-Embedded-MiniProject/comet_bot_ws/install/micro_ros_setup
[2.209s] Invoking command in '/home/amadorjosephg/CA-Embedded-MiniProject/comet_bot_ws/build/micro_ros_setup': CMAKE_PREFIX_PATH=/opt/ros/humble /usr/bin/cmake --build /home/amadorjosephg/CA-Embedded-MiniProject/comet_bot_ws/build/micro_ros_setup -- -j4 -l4
[2.260s] Invoked command in '/home/amadorjosephg/CA-Embedded-MiniProject/comet_bot_ws/build/micro_ros_setup' returned '0': CMAKE_PREFIX_PATH=/opt/ros/humble /usr/bin/cmake --build /home/amadorjosephg/CA-Embedded-MiniProject/comet_bot_ws/build/micro_ros_setup -- -j4 -l4
[2.315s] Invoking command in '/home/amadorjosephg/CA-Embedded-MiniProject/comet_bot_ws/build/micro_ros_setup': CMAKE_PREFIX_PATH=/opt/ros/humble /usr/bin/cmake --install /home/amadorjosephg/CA-Embedded-MiniProject/comet_bot_ws/build/micro_ros_setup
[2.324s] -- Install configuration: ""
[2.329s] -- Installing: /home/amadorjosephg/CA-Embedded-MiniProject/comet_bot_ws/install/micro_ros_setup/share/ament_index/resource_index/package_run_dependencies/micro_ros_setup
[2.330s] -- Installing: /home/amadorjosephg/CA-Embedded-MiniProject/comet_bot_ws/install/micro_ros_setup/share/ament_index/resource_index/parent_prefix_path/micro_ros_setup
[2.331s] -- Up-to-date: /home/amadorjosephg/CA-Embedded-MiniProject/comet_bot_ws/install/micro_ros_setup/share/micro_ros_setup/environment/ament_prefix_path.sh
[2.332s] -- Installing: /home/amadorjosephg/CA-Embedded-MiniProject/comet_bot_ws/install/micro_ros_setup/share/micro_ros_setup/environment/ament_prefix_path.dsv
[2.332s] -- Up-to-date: /home/amadorjosephg/CA-Embedded-MiniProject/comet_bot_ws/install/micro_ros_setup/share/micro_ros_setup/environment/path.sh
[2.332s] -- Installing: /home/amadorjosephg/CA-Embedded-MiniProject/comet_bot_ws/install/micro_ros_setup/share/micro_ros_setup/environment/path.dsv
[2.332s] -- Installing: /home/amadorjosephg/CA-Embedded-MiniProject/comet_bot_ws/install/micro_ros_setup/share/micro_ros_setup/local_setup.bash
[2.333s] -- Installing: /home/amadorjosephg/CA-Embedded-MiniProject/comet_bot_ws/install/micro_ros_setup/share/micro_ros_setup/local_setup.sh
[2.333s] -- Installing: /home/amadorjosephg/CA-Embedded-MiniProject/comet_bot_ws/install/micro_ros_setup/share/micro_ros_setup/local_setup.zsh
[2.333s] -- Installing: /home/amadorjosephg/CA-Embedded-MiniProject/comet_bot_ws/install/micro_ros_setup/share/micro_ros_setup/local_setup.dsv
[2.334s] -- Installing: /home/amadorjosephg/CA-Embedded-MiniProject/comet_bot_ws/install/micro_ros_setup/share/micro_ros_setup/package.dsv
[2.335s] -- Installing: /home/amadorjosephg/CA-Embedded-MiniProject/comet_bot_ws/install/micro_ros_setup/share/ament_index/resource_index/packages/micro_ros_setup
[2.336s] -- Installing: /home/amadorjosephg/CA-Embedded-MiniProject/comet_bot_ws/install/micro_ros_setup/share/micro_ros_setup/cmake/micro_ros_setupConfig.cmake
[2.336s] -- Installing: /home/amadorjosephg/CA-Embedded-MiniProject/comet_bot_ws/install/micro_ros_setup/share/micro_ros_setup/cmake/micro_ros_setupConfig-version.cmake
[2.336s] -- Installing: /home/amadorjosephg/CA-Embedded-MiniProject/comet_bot_ws/install/micro_ros_setup/share/micro_ros_setup/package.xml
[2.337s] -- Up-to-date: /home/amadorjosephg/CA-Embedded-MiniProject/comet_bot_ws/install/micro_ros_setup/./config
[2.337s] -- Installing: /home/amadorjosephg/CA-Embedded-MiniProject/comet_bot_ws/install/micro_ros_setup/./config/client_uros_packages.repos
[2.338s] -- Installing: /home/amadorjosephg/CA-Embedded-MiniProject/comet_bot_ws/install/micro_ros_setup/./config/agent_ros2_packages.txt
[2.338s] -- Installing: /home/amadorjosephg/CA-Embedded-MiniProject/comet_bot_ws/install/micro_ros_setup/./config/agent_uros_packages.repos
[2.338s] -- Up-to-date: /home/amadorjosephg/CA-Embedded-MiniProject/comet_bot_ws/install/micro_ros_setup/./config/mbed
[2.339s] -- Installing: /home/amadorjosephg/CA-Embedded-MiniProject/comet_bot_ws/install/micro_ros_setup/./config/mbed/dev_ros2_packages.txt
[2.339s] -- Installing: /home/amadorjosephg/CA-Embedded-MiniProject/comet_bot_ws/install/micro_ros_setup/./config/mbed/list_apps.sh
[2.340s] -- Up-to-date: /home/amadorjosephg/CA-Embedded-MiniProject/comet_bot_ws/install/micro_ros_setup/./config/mbed/generic
[2.340s] -- Installing: /home/amadorjosephg/CA-Embedded-MiniProject/comet_bot_ws/install/micro_ros_setup/./config/mbed/generic/create.sh
[2.341s] -- Installing: /home/amadorjosephg/CA-Embedded-MiniProject/comet_bot_ws/install/micro_ros_setup/./config/mbed/generic/client_uros_packages.repos
[2.341s] -- Installing: /home/amadorjosephg/CA-Embedded-MiniProject/comet_bot_ws/install/micro_ros_setup/./config/mbed/generic/supported_platforms
[2.341s] -- Installing: /home/amadorjosephg/CA-Embedded-MiniProject/comet_bot_ws/install/micro_ros_setup/./config/mbed/generic/board.repos
[2.342s] -- Installing: /home/amadorjosephg/CA-Embedded-MiniProject/comet_bot_ws/install/micro_ros_setup/./config/mbed/generic/build.sh
[2.342s] -- Installing: /home/amadorjosephg/CA-Embedded-MiniProject/comet_bot_ws/install/micro_ros_setup/./config/mbed/generic/flash.sh
[2.342s] -- Installing: /home/amadorjosephg/CA-Embedded-MiniProject/comet_bot_ws/install/micro_ros_setup/./config/mbed/generic/package.xml
[2.343s] -- Installing: /home/amadorjosephg/CA-Embedded-MiniProject/comet_bot_ws/install/micro_ros_setup/./config/mbed/dev_uros_packages.repos
[2.343s] -- Up-to-date: /home/amadorjosephg/CA-Embedded-MiniProject/comet_bot_ws/install/micro_ros_setup/./config/raspbian
[2.344s] -- Installing: /home/amadorjosephg/CA-Embedded-MiniProject/comet_bot_ws/install/micro_ros_setup/./config/raspbian/dev_ros2_packages.txt
[2.344s] -- Up-to-date: /home/amadorjosephg/CA-Embedded-MiniProject/comet_bot_ws/install/micro_ros_setup/./config/raspbian/generic
[2.345s] -- Installing: /home/amadorjosephg/CA-Embedded-MiniProject/comet_bot_ws/install/micro_ros_setup/./config/raspbian/generic/create.sh
[2.345s] -- Installing: /home/amadorjosephg/CA-Embedded-MiniProject/comet_bot_ws/install/micro_ros_setup/./config/raspbian/generic/client_uros_packages.repos
[2.345s] -- Installing: /home/amadorjosephg/CA-Embedded-MiniProject/comet_bot_ws/install/micro_ros_setup/./config/raspbian/generic/client-colcon.meta
[2.345s] -- Installing: /home/amadorjosephg/CA-Embedded-MiniProject/comet_bot_ws/install/micro_ros_setup/./config/raspbian/generic/configure.sh
[2.346s] -- Installing: /home/amadorjosephg/CA-Embedded-MiniProject/comet_bot_ws/install/micro_ros_setup/./config/raspbian/generic/supported_platforms
[2.346s] -- Installing: /home/amadorjosephg/CA-Embedded-MiniProject/comet_bot_ws/install/micro_ros_setup/./config/raspbian/generic/build.sh
[2.346s] -- Installing: /home/amadorjosephg/CA-Embedded-MiniProject/comet_bot_ws/install/micro_ros_setup/./config/raspbian/generic/flash.sh
[2.347s] -- Installing: /home/amadorjosephg/CA-Embedded-MiniProject/comet_bot_ws/install/micro_ros_setup/./config/raspbian/dev_uros_packages.repos
[2.347s] -- Up-to-date: /home/amadorjosephg/CA-Embedded-MiniProject/comet_bot_ws/install/micro_ros_setup/./config/freertos
[2.348s] -- Up-to-date: /home/amadorjosephg/CA-Embedded-MiniProject/comet_bot_ws/install/micro_ros_setup/./config/freertos/nucleo_f446ze
[2.349s] -- Installing: /home/amadorjosephg/CA-Embedded-MiniProject/comet_bot_ws/install/micro_ros_setup/./config/freertos/nucleo_f446ze/create.sh
[2.349s] -- Up-to-date: /home/amadorjosephg/CA-Embedded-MiniProject/comet_bot_ws/install/micro_ros_setup/./config/freertos/nucleo_f446ze/client_uros_packages.repos
[2.349s] -- Installing: /home/amadorjosephg/CA-Embedded-MiniProject/comet_bot_ws/install/micro_ros_setup/./config/freertos/nucleo_f446ze/client-colcon.meta
[2.349s] -- Installing: /home/amadorjosephg/CA-Embedded-MiniProject/comet_bot_ws/install/micro_ros_setup/./config/freertos/nucleo_f446ze/configure.sh
[2.350s] -- Installing: /home/amadorjosephg/CA-Embedded-MiniProject/comet_bot_ws/install/micro_ros_setup/./config/freertos/nucleo_f446ze/board.repos
[2.350s] -- Installing: /home/amadorjosephg/CA-Embedded-MiniProject/comet_bot_ws/install/micro_ros_setup/./config/freertos/nucleo_f446ze/build.sh
[2.350s] -- Installing: /home/amadorjosephg/CA-Embedded-MiniProject/comet_bot_ws/install/micro_ros_setup/./config/freertos/nucleo_f446ze/flash.sh
[2.350s] -- Installing: /home/amadorjosephg/CA-Embedded-MiniProject/comet_bot_ws/install/micro_ros_setup/./config/freertos/nucleo_f446ze/package.xml
[2.351s] -- Up-to-date: /home/amadorjosephg/CA-Embedded-MiniProject/comet_bot_ws/install/micro_ros_setup/./config/freertos/nucleo_f446re
[2.352s] -- Installing: /home/amadorjosephg/CA-Embedded-MiniProject/comet_bot_ws/install/micro_ros_setup/./config/freertos/nucleo_f446re/create.sh
[2.352s] -- Up-to-date: /home/amadorjosephg/CA-Embedded-MiniProject/comet_bot_ws/install/micro_ros_setup/./config/freertos/nucleo_f446re/client_uros_packages.repos
[2.352s] -- Installing: /home/amadorjosephg/CA-Embedded-MiniProject/comet_bot_ws/install/micro_ros_setup/./config/freertos/nucleo_f446re/client-colcon.meta
[2.355s] -- Installing: /home/amadorjosephg/CA-Embedded-MiniProject/comet_bot_ws/install/micro_ros_setup/./config/freertos/nucleo_f446re/configure.sh
[2.355s] -- Installing: /home/amadorjosephg/CA-Embedded-MiniProject/comet_bot_ws/install/micro_ros_setup/./config/freertos/nucleo_f446re/board.repos
[2.355s] -- Installing: /home/amadorjosephg/CA-Embedded-MiniProject/comet_bot_ws/install/micro_ros_setup/./config/freertos/nucleo_f446re/build.sh
[2.355s] -- Installing: /home/amadorjosephg/CA-Embedded-MiniProject/comet_bot_ws/install/micro_ros_setup/./config/freertos/nucleo_f446re/flash.sh
[2.356s] -- Installing: /home/amadorjosephg/CA-Embedded-MiniProject/comet_bot_ws/install/micro_ros_setup/./config/freertos/nucleo_f446re/package.xml
[2.356s] -- Installing: /home/amadorjosephg/CA-Embedded-MiniProject/comet_bot_ws/install/micro_ros_setup/./config/freertos/dev_ros2_packages.txt
[2.356s] -- Up-to-date: /home/amadorjosephg/CA-Embedded-MiniProject/comet_bot_ws/install/micro_ros_setup/./config/freertos/nucleo_f767zi
[2.357s] -- Installing: /home/amadorjosephg/CA-Embedded-MiniProject/comet_bot_ws/install/micro_ros_setup/./config/freertos/nucleo_f767zi/create.sh
[2.357s] -- Up-to-date: /home/amadorjosephg/CA-Embedded-MiniProject/comet_bot_ws/install/micro_ros_setup/./config/freertos/nucleo_f767zi/client_uros_packages.repos
[2.357s] -- Installing: /home/amadorjosephg/CA-Embedded-MiniProject/comet_bot_ws/install/micro_ros_setup/./config/freertos/nucleo_f767zi/client-colcon.meta
[2.358s] -- Installing: /home/amadorjosephg/CA-Embedded-MiniProject/comet_bot_ws/install/micro_ros_setup/./config/freertos/nucleo_f767zi/configure.sh
[2.358s] -- Installing: /home/amadorjosephg/CA-Embedded-MiniProject/comet_bot_ws/install/micro_ros_setup/./config/freertos/nucleo_f767zi/board.repos
[2.358s] -- Installing: /home/amadorjosephg/CA-Embedded-MiniProject/comet_bot_ws/install/micro_ros_setup/./config/freertos/nucleo_f767zi/build.sh
[2.359s] -- Installing: /home/amadorjosephg/CA-Embedded-MiniProject/comet_bot_ws/install/micro_ros_setup/./config/freertos/nucleo_f767zi/flash.sh
[2.359s] -- Installing: /home/amadorjosephg/CA-Embedded-MiniProject/comet_bot_ws/install/micro_ros_setup/./config/freertos/nucleo_f767zi/package.xml
[2.359s] -- Up-to-date: /home/amadorjosephg/CA-Embedded-MiniProject/comet_bot_ws/install/micro_ros_setup/./config/freertos/esp32
[2.360s] -- Installing: /home/amadorjosephg/CA-Embedded-MiniProject/comet_bot_ws/install/micro_ros_setup/./config/freertos/esp32/create.sh
[2.360s] -- Up-to-date: /home/amadorjosephg/CA-Embedded-MiniProject/comet_bot_ws/install/micro_ros_setup/./config/freertos/esp32/client_uros_packages.repos
[2.360s] -- Installing: /home/amadorjosephg/CA-Embedded-MiniProject/comet_bot_ws/install/micro_ros_setup/./config/freertos/esp32/client-colcon.meta
[2.361s] -- Installing: /home/amadorjosephg/CA-Embedded-MiniProject/comet_bot_ws/install/micro_ros_setup/./config/freertos/esp32/README.md
[2.361s] -- Installing: /home/amadorjosephg/CA-Embedded-MiniProject/comet_bot_ws/install/micro_ros_setup/./config/freertos/esp32/configure.sh
[2.361s] -- Installing: /home/amadorjosephg/CA-Embedded-MiniProject/comet_bot_ws/install/micro_ros_setup/./config/freertos/esp32/board.repos
[2.362s] -- Installing: /home/amadorjosephg/CA-Embedded-MiniProject/comet_bot_ws/install/micro_ros_setup/./config/freertos/esp32/build.sh
[2.362s] -- Installing: /home/amadorjosephg/CA-Embedded-MiniProject/comet_bot_ws/install/micro_ros_setup/./config/freertos/esp32/flash.sh
[2.362s] -- Installing: /home/amadorjosephg/CA-Embedded-MiniProject/comet_bot_ws/install/micro_ros_setup/./config/freertos/esp32/package.xml
[2.363s] -- Up-to-date: /home/amadorjosephg/CA-Embedded-MiniProject/comet_bot_ws/install/micro_ros_setup/./config/freertos/olimex-stm32-e407
[2.364s] -- Installing: /home/amadorjosephg/CA-Embedded-MiniProject/comet_bot_ws/install/micro_ros_setup/./config/freertos/olimex-stm32-e407/create.sh
[2.364s] -- Up-to-date: /home/amadorjosephg/CA-Embedded-MiniProject/comet_bot_ws/install/micro_ros_setup/./config/freertos/olimex-stm32-e407/client_uros_packages.repos
[2.364s] -- Installing: /home/amadorjosephg/CA-Embedded-MiniProject/comet_bot_ws/install/micro_ros_setup/./config/freertos/olimex-stm32-e407/client-colcon.meta
[2.364s] -- Installing: /home/amadorjosephg/CA-Embedded-MiniProject/comet_bot_ws/install/micro_ros_setup/./config/freertos/olimex-stm32-e407/configure.sh
[2.364s] -- Installing: /home/amadorjosephg/CA-Embedded-MiniProject/comet_bot_ws/install/micro_ros_setup/./config/freertos/olimex-stm32-e407/board.repos
[2.364s] -- Installing: /home/amadorjosephg/CA-Embedded-MiniProject/comet_bot_ws/install/micro_ros_setup/./config/freertos/olimex-stm32-e407/build.sh
[2.365s] -- Installing: /home/amadorjosephg/CA-Embedded-MiniProject/comet_bot_ws/install/micro_ros_setup/./config/freertos/olimex-stm32-e407/flash.sh
[2.367s] -- Installing: /home/amadorjosephg/CA-Embedded-MiniProject/comet_bot_ws/install/micro_ros_setup/./config/freertos/olimex-stm32-e407/package.xml
[2.367s] -- Installing: /home/amadorjosephg/CA-Embedded-MiniProject/comet_bot_ws/install/micro_ros_setup/./config/freertos/list_apps.sh
[2.367s] -- Up-to-date: /home/amadorjosephg/CA-Embedded-MiniProject/comet_bot_ws/install/micro_ros_setup/./config/freertos/crazyflie21
[2.368s] -- Installing: /home/amadorjosephg/CA-Embedded-MiniProject/comet_bot_ws/install/micro_ros_setup/./config/freertos/crazyflie21/create.sh
[2.369s] -- Up-to-date: /home/amadorjosephg/CA-Embedded-MiniProject/comet_bot_ws/install/micro_ros_setup/./config/freertos/crazyflie21/client_uros_packages.repos
[2.370s] -- Installing: /home/amadorjosephg/CA-Embedded-MiniProject/comet_bot_ws/install/micro_ros_setup/./config/freertos/crazyflie21/client-colcon.meta
[2.370s] -- Installing: /home/amadorjosephg/CA-Embedded-MiniProject/comet_bot_ws/install/micro_ros_setup/./config/freertos/crazyflie21/configure.sh
[2.370s] -- Installing: /home/amadorjosephg/CA-Embedded-MiniProject/comet_bot_ws/install/micro_ros_setup/./config/freertos/crazyflie21/board.repos
[2.370s] -- Installing: /home/amadorjosephg/CA-Embedded-MiniProject/comet_bot_ws/install/micro_ros_setup/./config/freertos/crazyflie21/build.sh
[2.370s] -- Installing: /home/amadorjosephg/CA-Embedded-MiniProject/comet_bot_ws/install/micro_ros_setup/./config/freertos/crazyflie21/flash.sh
[2.371s] -- Installing: /home/amadorjosephg/CA-Embedded-MiniProject/comet_bot_ws/install/micro_ros_setup/./config/freertos/crazyflie21/package.xml
[2.372s] -- Installing: /home/amadorjosephg/CA-Embedded-MiniProject/comet_bot_ws/install/micro_ros_setup/./config/freertos/dev_uros_packages.repos
[2.372s] -- Up-to-date: /home/amadorjosephg/CA-Embedded-MiniProject/comet_bot_ws/install/micro_ros_setup/./config/freertos/nucleo_f746zg
[2.373s] -- Installing: /home/amadorjosephg/CA-Embedded-MiniProject/comet_bot_ws/install/micro_ros_setup/./config/freertos/nucleo_f746zg/create.sh
[2.373s] -- Up-to-date: /home/amadorjosephg/CA-Embedded-MiniProject/comet_bot_ws/install/micro_ros_setup/./config/freertos/nucleo_f746zg/client_uros_packages.repos
[2.373s] -- Installing: /home/amadorjosephg/CA-Embedded-MiniProject/comet_bot_ws/install/micro_ros_setup/./config/freertos/nucleo_f746zg/client-colcon.meta
[2.373s] -- Installing: /home/amadorjosephg/CA-Embedded-MiniProject/comet_bot_ws/install/micro_ros_setup/./config/freertos/nucleo_f746zg/configure.sh
[2.373s] -- Installing: /home/amadorjosephg/CA-Embedded-MiniProject/comet_bot_ws/install/micro_ros_setup/./config/freertos/nucleo_f746zg/board.repos
[2.374s] -- Installing: /home/amadorjosephg/CA-Embedded-MiniProject/comet_bot_ws/install/micro_ros_setup/./config/freertos/nucleo_f746zg/build.sh
[2.374s] -- Installing: /home/amadorjosephg/CA-Embedded-MiniProject/comet_bot_ws/install/micro_ros_setup/./config/freertos/nucleo_f746zg/flash.sh
[2.374s] -- Installing: /home/amadorjosephg/CA-Embedded-MiniProject/comet_bot_ws/install/micro_ros_setup/./config/freertos/nucleo_f746zg/package.xml
[2.375s] -- Up-to-date: /home/amadorjosephg/CA-Embedded-MiniProject/comet_bot_ws/install/micro_ros_setup/./config/generate_lib
[2.376s] -- Installing: /home/amadorjosephg/CA-Embedded-MiniProject/comet_bot_ws/install/micro_ros_setup/./config/generate_lib/dev_ros2_packages.txt
[2.376s] -- Up-to-date: /home/amadorjosephg/CA-Embedded-MiniProject/comet_bot_ws/install/micro_ros_setup/./config/generate_lib/generic
[2.377s] -- Installing: /home/amadorjosephg/CA-Embedded-MiniProject/comet_bot_ws/install/micro_ros_setup/./config/generate_lib/generic/create.sh
[2.377s] -- Up-to-date: /home/amadorjosephg/CA-Embedded-MiniProject/comet_bot_ws/install/micro_ros_setup/./config/generate_lib/generic/client_uros_packages.repos
[2.377s] -- Installing: /home/amadorjosephg/CA-Embedded-MiniProject/comet_bot_ws/install/micro_ros_setup/./config/generate_lib/generic/client-colcon.meta
[2.377s] -- Installing: /home/amadorjosephg/CA-Embedded-MiniProject/comet_bot_ws/install/micro_ros_setup/./config/generate_lib/generic/demo_toolchain.cmake
[2.378s] -- Installing: /home/amadorjosephg/CA-Embedded-MiniProject/comet_bot_ws/install/micro_ros_setup/./config/generate_lib/generic/build.sh
[2.378s] -- Installing: /home/amadorjosephg/CA-Embedded-MiniProject/comet_bot_ws/install/micro_ros_setup/./config/generate_lib/generic/flash.sh
[2.378s] -- Installing: /home/amadorjosephg/CA-Embedded-MiniProject/comet_bot_ws/install/micro_ros_setup/./config/generate_lib/generic/package.xml
[2.379s] -- Installing: /home/amadorjosephg/CA-Embedded-MiniProject/comet_bot_ws/install/micro_ros_setup/./config/generate_lib/dev_uros_packages.repos
[2.379s] -- Installing: /home/amadorjosephg/CA-Embedded-MiniProject/comet_bot_ws/install/micro_ros_setup/./config/utils.sh
[2.379s] -- Up-to-date: /home/amadorjosephg/CA-Embedded-MiniProject/comet_bot_ws/install/micro_ros_setup/./config/renesas_ra
[2.380s] -- Installing: /home/amadorjosephg/CA-Embedded-MiniProject/comet_bot_ws/install/micro_ros_setup/./config/renesas_ra/dev_ros2_packages.txt
[2.380s] -- Installing: /home/amadorjosephg/CA-Embedded-MiniProject/comet_bot_ws/install/micro_ros_setup/./config/renesas_ra/list_apps.sh
[2.381s] -- Up-to-date: /home/amadorjosephg/CA-Embedded-MiniProject/comet_bot_ws/install/micro_ros_setup/./config/renesas_ra/ra6m5
[2.381s] -- Installing: /home/amadorjosephg/CA-Embedded-MiniProject/comet_bot_ws/install/micro_ros_setup/./config/renesas_ra/ra6m5/create.sh
[2.381s] -- Installing: /home/amadorjosephg/CA-Embedded-MiniProject/comet_bot_ws/install/micro_ros_setup/./config/renesas_ra/ra6m5/client_uros_packages.repos
[2.382s] -- Installing: /home/amadorjosephg/CA-Embedded-MiniProject/comet_bot_ws/install/micro_ros_setup/./config/renesas_ra/ra6m5/client-colcon.meta
[2.382s] -- Installing: /home/amadorjosephg/CA-Embedded-MiniProject/comet_bot_ws/install/micro_ros_setup/./config/renesas_ra/ra6m5/configure.sh
[2.382s] -- Installing: /home/amadorjosephg/CA-Embedded-MiniProject/comet_bot_ws/install/micro_ros_setup/./config/renesas_ra/ra6m5/board.repos
[2.383s] -- Installing: /home/amadorjosephg/CA-Embedded-MiniProject/comet_bot_ws/install/micro_ros_setup/./config/renesas_ra/ra6m5/build.sh
[2.383s] -- Installing: /home/amadorjosephg/CA-Embedded-MiniProject/comet_bot_ws/install/micro_ros_setup/./config/renesas_ra/ra6m5/flash.sh
[2.383s] -- Installing: /home/amadorjosephg/CA-Embedded-MiniProject/comet_bot_ws/install/micro_ros_setup/./config/renesas_ra/dev_uros_packages.repos
[2.384s] -- Up-to-date: /home/amadorjosephg/CA-Embedded-MiniProject/comet_bot_ws/install/micro_ros_setup/./config/host
[2.385s] -- Installing: /home/amadorjosephg/CA-Embedded-MiniProject/comet_bot_ws/install/micro_ros_setup/./config/host/dev_ros2_packages.txt
[2.385s] -- Up-to-date: /home/amadorjosephg/CA-Embedded-MiniProject/comet_bot_ws/install/micro_ros_setup/./config/host/generic
[2.385s] -- Installing: /home/amadorjosephg/CA-Embedded-MiniProject/comet_bot_ws/install/micro_ros_setup/./config/host/generic/create.sh
[2.385s] -- Installing: /home/amadorjosephg/CA-Embedded-MiniProject/comet_bot_ws/install/micro_ros_setup/./config/host/generic/client_host_packages.repos
[2.386s] -- Installing: /home/amadorjosephg/CA-Embedded-MiniProject/comet_bot_ws/install/micro_ros_setup/./config/host/generic/build.sh
[2.386s] -- Installing: /home/amadorjosephg/CA-Embedded-MiniProject/comet_bot_ws/install/micro_ros_setup/./config/host/generic/client-host-colcon.meta
[2.386s] -- Installing: /home/amadorjosephg/CA-Embedded-MiniProject/comet_bot_ws/install/micro_ros_setup/./config/host/generic/flash.sh
[2.386s] -- Installing: /home/amadorjosephg/CA-Embedded-MiniProject/comet_bot_ws/install/micro_ros_setup/./config/host/generic/package.xml
[2.387s] -- Installing: /home/amadorjosephg/CA-Embedded-MiniProject/comet_bot_ws/install/micro_ros_setup/./config/host/dev_uros_packages.repos
[2.387s] -- Installing: /home/amadorjosephg/CA-Embedded-MiniProject/comet_bot_ws/install/micro_ros_setup/./config/host/client_ros2_packages.txt
[2.387s] -- Up-to-date: /home/amadorjosephg/CA-Embedded-MiniProject/comet_bot_ws/install/micro_ros_setup/./config/android
[2.387s] -- Installing: /home/amadorjosephg/CA-Embedded-MiniProject/comet_bot_ws/install/micro_ros_setup/./config/android/dev_ros2_packages.txt
[2.388s] -- Up-to-date: /home/amadorjosephg/CA-Embedded-MiniProject/comet_bot_ws/install/micro_ros_setup/./config/android/generic
[2.388s] -- Installing: /home/amadorjosephg/CA-Embedded-MiniProject/comet_bot_ws/install/micro_ros_setup/./config/android/generic/create.sh
[2.389s] -- Installing: /home/amadorjosephg/CA-Embedded-MiniProject/comet_bot_ws/install/micro_ros_setup/./config/android/generic/client_uros_packages.repos
[2.389s] -- Installing: /home/amadorjosephg/CA-Embedded-MiniProject/comet_bot_ws/install/micro_ros_setup/./config/android/generic/client-colcon.meta
[2.389s] -- Installing: /home/amadorjosephg/CA-Embedded-MiniProject/comet_bot_ws/install/micro_ros_setup/./config/android/generic/build.sh
[2.390s] -- Installing: /home/amadorjosephg/CA-Embedded-MiniProject/comet_bot_ws/install/micro_ros_setup/./config/android/generic/flash.sh
[2.390s] -- Installing: /home/amadorjosephg/CA-Embedded-MiniProject/comet_bot_ws/install/micro_ros_setup/./config/android/generic/package.xml
[2.390s] -- Installing: /home/amadorjosephg/CA-Embedded-MiniProject/comet_bot_ws/install/micro_ros_setup/./config/android/dev_uros_packages.repos
[2.390s] -- Up-to-date: /home/amadorjosephg/CA-Embedded-MiniProject/comet_bot_ws/install/micro_ros_setup/./config/zephyr
[2.391s] -- Installing: /home/amadorjosephg/CA-Embedded-MiniProject/comet_bot_ws/install/micro_ros_setup/./config/zephyr/dev_ros2_packages.txt
[2.392s] -- Installing: /home/amadorjosephg/CA-Embedded-MiniProject/comet_bot_ws/install/micro_ros_setup/./config/zephyr/list_apps.sh
[2.392s] -- Up-to-date: /home/amadorjosephg/CA-Embedded-MiniProject/comet_bot_ws/install/micro_ros_setup/./config/zephyr/generic
[2.393s] -- Installing: /home/amadorjosephg/CA-Embedded-MiniProject/comet_bot_ws/install/micro_ros_setup/./config/zephyr/generic/create.sh
[2.393s] -- Up-to-date: /home/amadorjosephg/CA-Embedded-MiniProject/comet_bot_ws/install/micro_ros_setup/./config/zephyr/generic/client_uros_packages.repos
[2.393s] -- Installing: /home/amadorjosephg/CA-Embedded-MiniProject/comet_bot_ws/install/micro_ros_setup/./config/zephyr/generic/client-colcon.meta
[2.393s] -- Installing: /home/amadorjosephg/CA-Embedded-MiniProject/comet_bot_ws/install/micro_ros_setup/./config/zephyr/generic/configure.sh
[2.393s] -- Installing: /home/amadorjosephg/CA-Embedded-MiniProject/comet_bot_ws/install/micro_ros_setup/./config/zephyr/generic/supported_platforms
[2.393s] -- Installing: /home/amadorjosephg/CA-Embedded-MiniProject/comet_bot_ws/install/micro_ros_setup/./config/zephyr/generic/board.repos
[2.393s] -- Installing: /home/amadorjosephg/CA-Embedded-MiniProject/comet_bot_ws/install/micro_ros_setup/./config/zephyr/generic/build.sh
[2.394s] -- Installing: /home/amadorjosephg/CA-Embedded-MiniProject/comet_bot_ws/install/micro_ros_setup/./config/zephyr/generic/flash.sh
[2.394s] -- Installing: /home/amadorjosephg/CA-Embedded-MiniProject/comet_bot_ws/install/micro_ros_setup/./config/zephyr/generic/package.xml
[2.394s] -- Installing: /home/amadorjosephg/CA-Embedded-MiniProject/comet_bot_ws/install/micro_ros_setup/./config/zephyr/dev_uros_packages.repos
[2.394s] -- Installing: /home/amadorjosephg/CA-Embedded-MiniProject/comet_bot_ws/install/micro_ros_setup/./config/client_ros2_packages.txt
[2.396s] -- Installing: /home/amadorjosephg/CA-Embedded-MiniProject/comet_bot_ws/install/micro_ros_setup/lib/micro_ros_setup/create_ws.sh
[2.396s] -- Installing: /home/amadorjosephg/CA-Embedded-MiniProject/comet_bot_ws/install/micro_ros_setup/lib/micro_ros_setup/create_agent_ws.sh
[2.396s] -- Installing: /home/amadorjosephg/CA-Embedded-MiniProject/comet_bot_ws/install/micro_ros_setup/lib/micro_ros_setup/create_firmware_ws.sh
[2.396s] -- Installing: /home/amadorjosephg/CA-Embedded-MiniProject/comet_bot_ws/install/micro_ros_setup/lib/micro_ros_setup/configure_firmware.sh
[2.398s] -- Installing: /home/amadorjosephg/CA-Embedded-MiniProject/comet_bot_ws/install/micro_ros_setup/lib/micro_ros_setup/flash_firmware.sh
[2.398s] -- Installing: /home/amadorjosephg/CA-Embedded-MiniProject/comet_bot_ws/install/micro_ros_setup/lib/micro_ros_setup/build_firmware.sh
[2.398s] -- Installing: /home/amadorjosephg/CA-Embedded-MiniProject/comet_bot_ws/install/micro_ros_setup/lib/micro_ros_setup/build_agent.sh
[2.398s] -- Installing: /home/amadorjosephg/CA-Embedded-MiniProject/comet_bot_ws/install/micro_ros_setup/lib/micro_ros_setup/yaml_filter.py
[2.399s] -- Installing: /home/amadorjosephg/CA-Embedded-MiniProject/comet_bot_ws/install/micro_ros_setup/lib/micro_ros_setup/clean_env.sh
[2.399s] -- Installing: /home/amadorjosephg/CA-Embedded-MiniProject/comet_bot_ws/install/micro_ros_setup/lib/micro_ros_setup/component
[2.403s] Invoked command in '/home/amadorjosephg/CA-Embedded-MiniProject/comet_bot_ws/build/micro_ros_setup' returned '0': CMAKE_PREFIX_PATH=/opt/ros/humble /usr/bin/cmake --install /home/amadorjosephg/CA-Embedded-MiniProject/comet_bot_ws/build/micro_ros_setup
