running egg_info
creating ../../build/lunabot_control/cometbot_control.egg-info
writing ../../build/lunabot_control/cometbot_control.egg-info/PKG-INFO
writing dependency_links to ../../build/lunabot_control/cometbot_control.egg-info/dependency_links.txt
writing entry points to ../../build/lunabot_control/cometbot_control.egg-info/entry_points.txt
writing requirements to ../../build/lunabot_control/cometbot_control.egg-info/requires.txt
writing top-level names to ../../build/lunabot_control/cometbot_control.egg-info/top_level.txt
writing manifest file '../../build/lunabot_control/cometbot_control.egg-info/SOURCES.txt'
reading manifest file '../../build/lunabot_control/cometbot_control.egg-info/SOURCES.txt'
adding license file 'LICENSE'
writing manifest file '../../build/lunabot_control/cometbot_control.egg-info/SOURCES.txt'
running build
running build_py
running install
running install_lib
running install_data
copying resource/cometbot_control -> /home/amadorjosephg/CA-Embedded-MiniProject/cometbot_ws/install/lunabot_control/share/ament_index/resource_index/packages
creating /home/amadorjosephg/CA-Embedded-MiniProject/cometbot_ws/install/lunabot_control/share/cometbot_control
copying package.xml -> /home/amadorjosephg/CA-Embedded-MiniProject/cometbot_ws/install/lunabot_control/share/cometbot_control
running install_egg_info
Copying ../../build/lunabot_control/cometbot_control.egg-info to /home/amadorjosephg/CA-Embedded-MiniProject/cometbot_ws/install/lunabot_control/lib/python3.10/site-packages/cometbot_control-0.0.1-py3.10.egg-info
running install_scripts
Installing teleop_publisher script to /home/amadorjosephg/CA-Embedded-MiniProject/cometbot_ws/install/lunabot_control/lib/cometbot_control
writing list of installed files to '/home/amadorjosephg/CA-Embedded-MiniProject/cometbot_ws/build/lunabot_control/install.log'
