[0.510s] Invoking command in '/home/amadorjosephg/CA-Embedded-MiniProject/cometbot_ws/src/cometbot_control': PYTHONPATH=/home/amadorjosephg/CA-Embedded-MiniProject/cometbot_ws/build/lunabot_control/prefix_override:/usr/lib/python3/dist-packages/colcon_core/task/python/colcon_distutils_commands:/home/amadorjosephg/CA-Embedded-MiniProject/cometbot_ws/install/lunabot_control/lib/python3.10/site-packages:${PYTHONPATH} /usr/bin/python3 -W ignore:setup.py install is deprecated setup.py egg_info --egg-base ../../build/lunabot_control build --build-base /home/amadorjosephg/CA-Embedded-MiniProject/cometbot_ws/build/lunabot_control/build install --record /home/amadorjosephg/CA-Embedded-MiniProject/cometbot_ws/build/lunabot_control/install.log --single-version-externally-managed install_data
[0.709s] running egg_info
[0.709s] creating ../../build/lunabot_control/cometbot_control.egg-info
[0.709s] writing ../../build/lunabot_control/cometbot_control.egg-info/PKG-INFO
[0.710s] writing dependency_links to ../../build/lunabot_control/cometbot_control.egg-info/dependency_links.txt
[0.710s] writing entry points to ../../build/lunabot_control/cometbot_control.egg-info/entry_points.txt
[0.710s] writing requirements to ../../build/lunabot_control/cometbot_control.egg-info/requires.txt
[0.710s] writing top-level names to ../../build/lunabot_control/cometbot_control.egg-info/top_level.txt
[0.710s] writing manifest file '../../build/lunabot_control/cometbot_control.egg-info/SOURCES.txt'
[0.711s] reading manifest file '../../build/lunabot_control/cometbot_control.egg-info/SOURCES.txt'
[0.712s] adding license file 'LICENSE'
[0.713s] writing manifest file '../../build/lunabot_control/cometbot_control.egg-info/SOURCES.txt'
[0.713s] running build
[0.713s] running build_py
[0.713s] running install
[0.713s] running install_lib
[0.715s] running install_data
[0.716s] copying resource/cometbot_control -> /home/amadorjosephg/CA-Embedded-MiniProject/cometbot_ws/install/lunabot_control/share/ament_index/resource_index/packages
[0.716s] creating /home/amadorjosephg/CA-Embedded-MiniProject/cometbot_ws/install/lunabot_control/share/cometbot_control
[0.716s] copying package.xml -> /home/amadorjosephg/CA-Embedded-MiniProject/cometbot_ws/install/lunabot_control/share/cometbot_control
[0.716s] running install_egg_info
[0.717s] Copying ../../build/lunabot_control/cometbot_control.egg-info to /home/amadorjosephg/CA-Embedded-MiniProject/cometbot_ws/install/lunabot_control/lib/python3.10/site-packages/cometbot_control-0.0.1-py3.10.egg-info
[0.718s] running install_scripts
[0.737s] Installing teleop_publisher script to /home/amadorjosephg/CA-Embedded-MiniProject/cometbot_ws/install/lunabot_control/lib/cometbot_control
[0.737s] writing list of installed files to '/home/amadorjosephg/CA-Embedded-MiniProject/cometbot_ws/build/lunabot_control/install.log'
[0.762s] Invoked command in '/home/amadorjosephg/CA-Embedded-MiniProject/cometbot_ws/src/cometbot_control' returned '0': PYTHONPATH=/home/amadorjosephg/CA-Embedded-MiniProject/cometbot_ws/build/lunabot_control/prefix_override:/usr/lib/python3/dist-packages/colcon_core/task/python/colcon_distutils_commands:/home/amadorjosephg/CA-Embedded-MiniProject/cometbot_ws/install/lunabot_control/lib/python3.10/site-packages:${PYTHONPATH} /usr/bin/python3 -W ignore:setup.py install is deprecated setup.py egg_info --egg-base ../../build/lunabot_control build --build-base /home/amadorjosephg/CA-Embedded-MiniProject/cometbot_ws/build/lunabot_control/build install --record /home/amadorjosephg/CA-Embedded-MiniProject/cometbot_ws/build/lunabot_control/install.log --single-version-externally-managed install_data
