[0.712s] DEBUG:colcon:Command line arguments: ['/usr/bin/colcon', 'build']
[0.712s] DEBUG:colcon:Parsed command line arguments: Namespace(log_base=None, log_level=None, verb_name='build', build_base='build', install_base='install', merge_install=False, symlink_install=False, test_result_base=None, continue_on_error=False, executor='parallel', parallel_workers=4, event_handlers=None, ignore_user_meta=False, metas=['./colcon.meta'], base_paths=['.'], packages_ignore=None, packages_ignore_regex=None, paths=None, packages_up_to=None, packages_up_to_regex=None, packages_above=None, packages_above_and_dependencies=None, packages_above_depth=None, packages_select_by_dep=None, packages_skip_by_dep=None, packages_skip_up_to=None, packages_select_build_failed=False, packages_skip_build_finished=False, packages_select_test_failures=False, packages_skip_test_passed=False, packages_select=None, packages_skip=None, packages_select_regex=None, packages_skip_regex=None, packages_start=None, packages_end=None, allow_overriding=[], cmake_args=None, cmake_target=None, cmake_target_skip_unavailable=False, cmake_clean_cache=False, cmake_clean_first=False, cmake_force_configure=False, ament_cmake_args=None, catkin_cmake_args=None, catkin_skip_building_tests=False, mixin_files=None, mixin=None, verb_parser=<colcon_mixin.mixin.mixin_argument.MixinArgumentDecorator object at 0x7df8a6b41cc0>, verb_extension=<colcon_core.verb.build.BuildVerb object at 0x7df8a6b41060>, main=<bound method BuildVerb.main of <colcon_core.verb.build.BuildVerb object at 0x7df8a6b41060>>, mixin_verb=('build',))
[1.166s] Level 1:colcon.colcon_core.package_discovery:discover_packages(colcon_meta) check parameters
[1.166s] Level 1:colcon.colcon_core.package_discovery:discover_packages(recursive) check parameters
[1.166s] Level 1:colcon.colcon_core.package_discovery:discover_packages(ignore) check parameters
[1.166s] Level 1:colcon.colcon_core.package_discovery:discover_packages(path) check parameters
[1.166s] Level 1:colcon.colcon_core.package_discovery:discover_packages(colcon_meta) discover
[1.166s] Level 1:colcon.colcon_core.package_discovery:discover_packages(recursive) discover
[1.166s] INFO:colcon.colcon_core.package_discovery:Crawling recursively for packages in '/home/amadorjosephg/CA-Embedded-MiniProject/comet_bot_ws'
[1.166s] Level 1:colcon.colcon_core.package_identification:_identify(.) by extensions ['ignore', 'ignore_ament_install']
[1.166s] Level 1:colcon.colcon_core.package_identification:_identify(.) by extension 'ignore'
[1.166s] Level 1:colcon.colcon_core.package_identification:_identify(.) by extension 'ignore_ament_install'
[1.167s] Level 1:colcon.colcon_core.package_identification:_identify(.) by extensions ['colcon_pkg']
[1.167s] Level 1:colcon.colcon_core.package_identification:_identify(.) by extension 'colcon_pkg'
[1.167s] Level 1:colcon.colcon_core.package_identification:_identify(.) by extensions ['colcon_meta']
[1.167s] Level 1:colcon.colcon_core.package_identification:_identify(.) by extension 'colcon_meta'
[1.167s] Level 1:colcon.colcon_core.package_identification:_identify(.) by extensions ['ros']
[1.167s] Level 1:colcon.colcon_core.package_identification:_identify(.) by extension 'ros'
[1.178s] Level 1:colcon.colcon_core.package_identification:_identify(.) by extensions ['cmake', 'python']
[1.178s] Level 1:colcon.colcon_core.package_identification:_identify(.) by extension 'cmake'
[1.178s] Level 1:colcon.colcon_core.package_identification:_identify(.) by extension 'python'
[1.178s] Level 1:colcon.colcon_core.package_identification:_identify(.) by extensions ['python_setup_py']
[1.178s] Level 1:colcon.colcon_core.package_identification:_identify(.) by extension 'python_setup_py'
[1.179s] Level 1:colcon.colcon_core.package_identification:_identify(build) by extensions ['ignore', 'ignore_ament_install']
[1.179s] Level 1:colcon.colcon_core.package_identification:_identify(build) by extension 'ignore'
[1.179s] Level 1:colcon.colcon_core.package_identification:_identify(build) ignored
[1.180s] Level 1:colcon.colcon_core.package_identification:_identify(install) by extensions ['ignore', 'ignore_ament_install']
[1.180s] Level 1:colcon.colcon_core.package_identification:_identify(install) by extension 'ignore'
[1.180s] Level 1:colcon.colcon_core.package_identification:_identify(install) ignored
[1.180s] Level 1:colcon.colcon_core.package_identification:_identify(log) by extensions ['ignore', 'ignore_ament_install']
[1.180s] Level 1:colcon.colcon_core.package_identification:_identify(log) by extension 'ignore'
[1.181s] Level 1:colcon.colcon_core.package_identification:_identify(log) ignored
[1.181s] Level 1:colcon.colcon_core.package_identification:_identify(src) by extensions ['ignore', 'ignore_ament_install']
[1.181s] Level 1:colcon.colcon_core.package_identification:_identify(src) by extension 'ignore'
[1.181s] Level 1:colcon.colcon_core.package_identification:_identify(src) by extension 'ignore_ament_install'
[1.181s] Level 1:colcon.colcon_core.package_identification:_identify(src) by extensions ['colcon_pkg']
[1.181s] Level 1:colcon.colcon_core.package_identification:_identify(src) by extension 'colcon_pkg'
[1.181s] Level 1:colcon.colcon_core.package_identification:_identify(src) by extensions ['colcon_meta']
[1.181s] Level 1:colcon.colcon_core.package_identification:_identify(src) by extension 'colcon_meta'
[1.182s] Level 1:colcon.colcon_core.package_identification:_identify(src) by extensions ['ros']
[1.182s] Level 1:colcon.colcon_core.package_identification:_identify(src) by extension 'ros'
[1.182s] Level 1:colcon.colcon_core.package_identification:_identify(src) by extensions ['cmake', 'python']
[1.182s] Level 1:colcon.colcon_core.package_identification:_identify(src) by extension 'cmake'
[1.182s] Level 1:colcon.colcon_core.package_identification:_identify(src) by extension 'python'
[1.182s] Level 1:colcon.colcon_core.package_identification:_identify(src) by extensions ['python_setup_py']
[1.182s] Level 1:colcon.colcon_core.package_identification:_identify(src) by extension 'python_setup_py'
[1.183s] Level 1:colcon.colcon_core.package_identification:_identify(src/build) by extensions ['ignore', 'ignore_ament_install']
[1.183s] Level 1:colcon.colcon_core.package_identification:_identify(src/build) by extension 'ignore'
[1.183s] Level 1:colcon.colcon_core.package_identification:_identify(src/build) ignored
[1.183s] Level 1:colcon.colcon_core.package_identification:_identify(src/install) by extensions ['ignore', 'ignore_ament_install']
[1.184s] Level 1:colcon.colcon_core.package_identification:_identify(src/install) by extension 'ignore'
[1.184s] Level 1:colcon.colcon_core.package_identification:_identify(src/install) ignored
[1.184s] Level 1:colcon.colcon_core.package_identification:_identify(src/jetson_topic_relay) by extensions ['ignore', 'ignore_ament_install']
[1.184s] Level 1:colcon.colcon_core.package_identification:_identify(src/jetson_topic_relay) by extension 'ignore'
[1.184s] Level 1:colcon.colcon_core.package_identification:_identify(src/jetson_topic_relay) by extension 'ignore_ament_install'
[1.184s] Level 1:colcon.colcon_core.package_identification:_identify(src/jetson_topic_relay) by extensions ['colcon_pkg']
[1.184s] Level 1:colcon.colcon_core.package_identification:_identify(src/jetson_topic_relay) by extension 'colcon_pkg'
[1.184s] Level 1:colcon.colcon_core.package_identification:_identify(src/jetson_topic_relay) by extensions ['colcon_meta']
[1.185s] Level 1:colcon.colcon_core.package_identification:_identify(src/jetson_topic_relay) by extension 'colcon_meta'
[1.185s] Level 1:colcon.colcon_core.package_identification:_identify(src/jetson_topic_relay) by extensions ['ros']
[1.185s] Level 1:colcon.colcon_core.package_identification:_identify(src/jetson_topic_relay) by extension 'ros'
[1.187s] DEBUG:colcon.colcon_core.package_identification:Package 'src/jetson_topic_relay' with type 'ros.ament_python' and name 'jetson_topic_relay'
[1.188s] Level 1:colcon.colcon_core.package_identification:_identify(src/log) by extensions ['ignore', 'ignore_ament_install']
[1.188s] Level 1:colcon.colcon_core.package_identification:_identify(src/log) by extension 'ignore'
[1.188s] Level 1:colcon.colcon_core.package_identification:_identify(src/log) ignored
[1.189s] Level 1:colcon.colcon_core.package_identification:_identify(src/lunabot_control) by extensions ['ignore', 'ignore_ament_install']
[1.189s] Level 1:colcon.colcon_core.package_identification:_identify(src/lunabot_control) by extension 'ignore'
[1.189s] Level 1:colcon.colcon_core.package_identification:_identify(src/lunabot_control) by extension 'ignore_ament_install'
[1.189s] Level 1:colcon.colcon_core.package_identification:_identify(src/lunabot_control) by extensions ['colcon_pkg']
[1.189s] Level 1:colcon.colcon_core.package_identification:_identify(src/lunabot_control) by extension 'colcon_pkg'
[1.189s] Level 1:colcon.colcon_core.package_identification:_identify(src/lunabot_control) by extensions ['colcon_meta']
[1.189s] Level 1:colcon.colcon_core.package_identification:_identify(src/lunabot_control) by extension 'colcon_meta'
[1.189s] Level 1:colcon.colcon_core.package_identification:_identify(src/lunabot_control) by extensions ['ros']
[1.189s] Level 1:colcon.colcon_core.package_identification:_identify(src/lunabot_control) by extension 'ros'
[1.190s] DEBUG:colcon.colcon_core.package_identification:Package 'src/lunabot_control' with type 'ros.ament_python' and name 'lunabot_control'
[1.190s] Level 1:colcon.colcon_core.package_identification:_identify(src/micro_ros_setup) by extensions ['ignore', 'ignore_ament_install']
[1.191s] Level 1:colcon.colcon_core.package_identification:_identify(src/micro_ros_setup) by extension 'ignore'
[1.191s] Level 1:colcon.colcon_core.package_identification:_identify(src/micro_ros_setup) by extension 'ignore_ament_install'
[1.191s] Level 1:colcon.colcon_core.package_identification:_identify(src/micro_ros_setup) by extensions ['colcon_pkg']
[1.191s] Level 1:colcon.colcon_core.package_identification:_identify(src/micro_ros_setup) by extension 'colcon_pkg'
[1.191s] Level 1:colcon.colcon_core.package_identification:_identify(src/micro_ros_setup) by extensions ['colcon_meta']
[1.191s] Level 1:colcon.colcon_core.package_identification:_identify(src/micro_ros_setup) by extension 'colcon_meta'
[1.191s] Level 1:colcon.colcon_core.package_identification:_identify(src/micro_ros_setup) by extensions ['ros']
[1.191s] Level 1:colcon.colcon_core.package_identification:_identify(src/micro_ros_setup) by extension 'ros'
[1.192s] DEBUG:colcon.colcon_core.package_identification:Package 'src/micro_ros_setup' with type 'ros.ament_cmake' and name 'micro_ros_setup'
[1.192s] Level 1:colcon.colcon_core.package_discovery:discover_packages(recursive) using defaults
[1.192s] Level 1:colcon.colcon_core.package_discovery:discover_packages(ignore) discover
[1.192s] Level 1:colcon.colcon_core.package_discovery:discover_packages(ignore) using defaults
[1.192s] Level 1:colcon.colcon_core.package_discovery:discover_packages(path) discover
[1.192s] Level 1:colcon.colcon_core.package_discovery:discover_packages(path) using defaults
[1.230s] Level 1:colcon.colcon_core.package_discovery:discover_packages(prefix_path) check parameters
[1.230s] Level 1:colcon.colcon_core.package_discovery:discover_packages(prefix_path) discover
[1.240s] DEBUG:colcon.colcon_installed_package_information.package_discovery:Found 294 installed packages in /opt/ros/humble
[1.251s] Level 1:colcon.colcon_core.package_discovery:discover_packages(prefix_path) using defaults
[1.291s] Level 5:colcon.colcon_core.verb:set package 'jetson_topic_relay' build argument 'cmake_args' from command line to 'None'
[1.291s] Level 5:colcon.colcon_core.verb:set package 'jetson_topic_relay' build argument 'cmake_target' from command line to 'None'
[1.291s] Level 5:colcon.colcon_core.verb:set package 'jetson_topic_relay' build argument 'cmake_target_skip_unavailable' from command line to 'False'
[1.291s] Level 5:colcon.colcon_core.verb:set package 'jetson_topic_relay' build argument 'cmake_clean_cache' from command line to 'False'
[1.291s] Level 5:colcon.colcon_core.verb:set package 'jetson_topic_relay' build argument 'cmake_clean_first' from command line to 'False'
[1.291s] Level 5:colcon.colcon_core.verb:set package 'jetson_topic_relay' build argument 'cmake_force_configure' from command line to 'False'
[1.291s] Level 5:colcon.colcon_core.verb:set package 'jetson_topic_relay' build argument 'ament_cmake_args' from command line to 'None'
[1.291s] Level 5:colcon.colcon_core.verb:set package 'jetson_topic_relay' build argument 'catkin_cmake_args' from command line to 'None'
[1.291s] Level 5:colcon.colcon_core.verb:set package 'jetson_topic_relay' build argument 'catkin_skip_building_tests' from command line to 'False'
[1.291s] DEBUG:colcon.colcon_core.verb:Building package 'jetson_topic_relay' with the following arguments: {'ament_cmake_args': None, 'build_base': '/home/amadorjosephg/CA-Embedded-MiniProject/comet_bot_ws/build/jetson_topic_relay', 'catkin_cmake_args': None, 'catkin_skip_building_tests': False, 'cmake_args': None, 'cmake_clean_cache': False, 'cmake_clean_first': False, 'cmake_force_configure': False, 'cmake_target': None, 'cmake_target_skip_unavailable': False, 'install_base': '/home/amadorjosephg/CA-Embedded-MiniProject/comet_bot_ws/install/jetson_topic_relay', 'merge_install': False, 'path': '/home/amadorjosephg/CA-Embedded-MiniProject/comet_bot_ws/src/jetson_topic_relay', 'symlink_install': False, 'test_result_base': None}
[1.291s] Level 5:colcon.colcon_core.verb:set package 'lunabot_control' build argument 'cmake_args' from command line to 'None'
[1.291s] Level 5:colcon.colcon_core.verb:set package 'lunabot_control' build argument 'cmake_target' from command line to 'None'
[1.291s] Level 5:colcon.colcon_core.verb:set package 'lunabot_control' build argument 'cmake_target_skip_unavailable' from command line to 'False'
[1.291s] Level 5:colcon.colcon_core.verb:set package 'lunabot_control' build argument 'cmake_clean_cache' from command line to 'False'
[1.291s] Level 5:colcon.colcon_core.verb:set package 'lunabot_control' build argument 'cmake_clean_first' from command line to 'False'
[1.291s] Level 5:colcon.colcon_core.verb:set package 'lunabot_control' build argument 'cmake_force_configure' from command line to 'False'
[1.291s] Level 5:colcon.colcon_core.verb:set package 'lunabot_control' build argument 'ament_cmake_args' from command line to 'None'
[1.291s] Level 5:colcon.colcon_core.verb:set package 'lunabot_control' build argument 'catkin_cmake_args' from command line to 'None'
[1.291s] Level 5:colcon.colcon_core.verb:set package 'lunabot_control' build argument 'catkin_skip_building_tests' from command line to 'False'
[1.291s] DEBUG:colcon.colcon_core.verb:Building package 'lunabot_control' with the following arguments: {'ament_cmake_args': None, 'build_base': '/home/amadorjosephg/CA-Embedded-MiniProject/comet_bot_ws/build/lunabot_control', 'catkin_cmake_args': None, 'catkin_skip_building_tests': False, 'cmake_args': None, 'cmake_clean_cache': False, 'cmake_clean_first': False, 'cmake_force_configure': False, 'cmake_target': None, 'cmake_target_skip_unavailable': False, 'install_base': '/home/amadorjosephg/CA-Embedded-MiniProject/comet_bot_ws/install/lunabot_control', 'merge_install': False, 'path': '/home/amadorjosephg/CA-Embedded-MiniProject/comet_bot_ws/src/lunabot_control', 'symlink_install': False, 'test_result_base': None}
[1.291s] Level 5:colcon.colcon_core.verb:set package 'micro_ros_setup' build argument 'cmake_args' from command line to 'None'
[1.292s] Level 5:colcon.colcon_core.verb:set package 'micro_ros_setup' build argument 'cmake_target' from command line to 'None'
[1.292s] Level 5:colcon.colcon_core.verb:set package 'micro_ros_setup' build argument 'cmake_target_skip_unavailable' from command line to 'False'
[1.292s] Level 5:colcon.colcon_core.verb:set package 'micro_ros_setup' build argument 'cmake_clean_cache' from command line to 'False'
[1.292s] Level 5:colcon.colcon_core.verb:set package 'micro_ros_setup' build argument 'cmake_clean_first' from command line to 'False'
[1.292s] Level 5:colcon.colcon_core.verb:set package 'micro_ros_setup' build argument 'cmake_force_configure' from command line to 'False'
[1.292s] Level 5:colcon.colcon_core.verb:set package 'micro_ros_setup' build argument 'ament_cmake_args' from command line to 'None'
[1.292s] Level 5:colcon.colcon_core.verb:set package 'micro_ros_setup' build argument 'catkin_cmake_args' from command line to 'None'
[1.292s] Level 5:colcon.colcon_core.verb:set package 'micro_ros_setup' build argument 'catkin_skip_building_tests' from command line to 'False'
[1.292s] DEBUG:colcon.colcon_core.verb:Building package 'micro_ros_setup' with the following arguments: {'ament_cmake_args': None, 'build_base': '/home/amadorjosephg/CA-Embedded-MiniProject/comet_bot_ws/build/micro_ros_setup', 'catkin_cmake_args': None, 'catkin_skip_building_tests': False, 'cmake_args': None, 'cmake_clean_cache': False, 'cmake_clean_first': False, 'cmake_force_configure': False, 'cmake_target': None, 'cmake_target_skip_unavailable': False, 'install_base': '/home/amadorjosephg/CA-Embedded-MiniProject/comet_bot_ws/install/micro_ros_setup', 'merge_install': False, 'path': '/home/amadorjosephg/CA-Embedded-MiniProject/comet_bot_ws/src/micro_ros_setup', 'symlink_install': False, 'test_result_base': None}
[1.292s] INFO:colcon.colcon_core.executor:Executing jobs using 'parallel' executor
[1.293s] DEBUG:colcon.colcon_parallel_executor.executor.parallel:run_until_complete
[1.294s] INFO:colcon.colcon_ros.task.ament_python.build:Building ROS package in '/home/amadorjosephg/CA-Embedded-MiniProject/comet_bot_ws/src/jetson_topic_relay' with build type 'ament_python'
[1.294s] Level 1:colcon.colcon_core.shell:create_environment_hook('jetson_topic_relay', 'ament_prefix_path')
[1.307s] INFO:colcon.colcon_core.plugin_system:Skipping extension 'colcon_core.shell.bat': Not used on non-Windows systems
[1.308s] INFO:colcon.colcon_core.shell:Creating environment hook '/home/amadorjosephg/CA-Embedded-MiniProject/comet_bot_ws/install/jetson_topic_relay/share/jetson_topic_relay/hook/ament_prefix_path.ps1'
[1.317s] INFO:colcon.colcon_core.shell:Creating environment descriptor '/home/amadorjosephg/CA-Embedded-MiniProject/comet_bot_ws/install/jetson_topic_relay/share/jetson_topic_relay/hook/ament_prefix_path.dsv'
[1.318s] INFO:colcon.colcon_core.shell:Creating environment hook '/home/amadorjosephg/CA-Embedded-MiniProject/comet_bot_ws/install/jetson_topic_relay/share/jetson_topic_relay/hook/ament_prefix_path.sh'
[1.319s] INFO:colcon.colcon_core.shell:Skip shell extension 'powershell' for command environment: Not usable outside of PowerShell
[1.319s] DEBUG:colcon.colcon_core.shell:Skip shell extension 'dsv' for command environment
[1.328s] INFO:colcon.colcon_ros.task.ament_python.build:Building ROS package in '/home/amadorjosephg/CA-Embedded-MiniProject/comet_bot_ws/src/lunabot_control' with build type 'ament_python'
[1.329s] Level 1:colcon.colcon_core.shell:create_environment_hook('lunabot_control', 'ament_prefix_path')
[1.329s] INFO:colcon.colcon_core.shell:Creating environment hook '/home/amadorjosephg/CA-Embedded-MiniProject/comet_bot_ws/install/lunabot_control/share/lunabot_control/hook/ament_prefix_path.ps1'
[1.357s] INFO:colcon.colcon_core.shell:Creating environment descriptor '/home/amadorjosephg/CA-Embedded-MiniProject/comet_bot_ws/install/lunabot_control/share/lunabot_control/hook/ament_prefix_path.dsv'
[1.358s] INFO:colcon.colcon_core.shell:Creating environment hook '/home/amadorjosephg/CA-Embedded-MiniProject/comet_bot_ws/install/lunabot_control/share/lunabot_control/hook/ament_prefix_path.sh'
[1.358s] INFO:colcon.colcon_core.shell:Skip shell extension 'powershell' for command environment: Not usable outside of PowerShell
[1.358s] DEBUG:colcon.colcon_core.shell:Skip shell extension 'dsv' for command environment
[1.394s] INFO:colcon.colcon_ros.task.ament_cmake.build:Building ROS package in '/home/amadorjosephg/CA-Embedded-MiniProject/comet_bot_ws/src/micro_ros_setup' with build type 'ament_cmake'
[1.394s] INFO:colcon.colcon_cmake.task.cmake.build:Building CMake package in '/home/amadorjosephg/CA-Embedded-MiniProject/comet_bot_ws/src/micro_ros_setup'
[1.394s] INFO:colcon.colcon_core.shell:Skip shell extension 'powershell' for command environment: Not usable outside of PowerShell
[1.395s] DEBUG:colcon.colcon_core.shell:Skip shell extension 'dsv' for command environment
[1.647s] INFO:colcon.colcon_core.task.python.build:Building Python package in '/home/amadorjosephg/CA-Embedded-MiniProject/comet_bot_ws/src/jetson_topic_relay'
[1.647s] INFO:colcon.colcon_core.shell:Skip shell extension 'powershell' for command environment: Not usable outside of PowerShell
[1.647s] DEBUG:colcon.colcon_core.shell:Skip shell extension 'dsv' for command environment
[1.879s] INFO:colcon.colcon_core.task.python.build:Building Python package in '/home/amadorjosephg/CA-Embedded-MiniProject/comet_bot_ws/src/lunabot_control'
[1.880s] INFO:colcon.colcon_core.shell:Skip shell extension 'powershell' for command environment: Not usable outside of PowerShell
[1.880s] DEBUG:colcon.colcon_core.shell:Skip shell extension 'dsv' for command environment
[1.906s] DEBUG:colcon.colcon_core.event_handler.log_command:Invoking command in '/home/amadorjosephg/CA-Embedded-MiniProject/comet_bot_ws/build/micro_ros_setup': CMAKE_PREFIX_PATH=/opt/ros/humble /usr/bin/cmake /home/amadorjosephg/CA-Embedded-MiniProject/comet_bot_ws/src/micro_ros_setup -DCMAKE_INSTALL_PREFIX=/home/amadorjosephg/CA-Embedded-MiniProject/comet_bot_ws/install/micro_ros_setup
[2.479s] DEBUG:colcon.colcon_core.event_handler.log_command:Invoking command in '/home/amadorjosephg/CA-Embedded-MiniProject/comet_bot_ws/src/jetson_topic_relay': PYTHONPATH=/home/amadorjosephg/CA-Embedded-MiniProject/comet_bot_ws/build/jetson_topic_relay/prefix_override:/usr/lib/python3/dist-packages/colcon_core/task/python/colcon_distutils_commands:/home/amadorjosephg/CA-Embedded-MiniProject/comet_bot_ws/install/jetson_topic_relay/lib/python3.10/site-packages:${PYTHONPATH} /usr/bin/python3 -W ignore:setup.py install is deprecated setup.py egg_info --egg-base ../../build/jetson_topic_relay build --build-base /home/amadorjosephg/CA-Embedded-MiniProject/comet_bot_ws/build/jetson_topic_relay/build install --record /home/amadorjosephg/CA-Embedded-MiniProject/comet_bot_ws/build/jetson_topic_relay/install.log --single-version-externally-managed install_data
[2.513s] DEBUG:colcon.colcon_core.event_handler.log_command:Invoking command in '/home/amadorjosephg/CA-Embedded-MiniProject/comet_bot_ws/src/lunabot_control': PYTHONPATH=/home/amadorjosephg/CA-Embedded-MiniProject/comet_bot_ws/build/lunabot_control/prefix_override:/usr/lib/python3/dist-packages/colcon_core/task/python/colcon_distutils_commands:/home/amadorjosephg/CA-Embedded-MiniProject/comet_bot_ws/install/lunabot_control/lib/python3.10/site-packages:${PYTHONPATH} /usr/bin/python3 -W ignore:setup.py install is deprecated setup.py egg_info --egg-base ../../build/lunabot_control build --build-base /home/amadorjosephg/CA-Embedded-MiniProject/comet_bot_ws/build/lunabot_control/build install --record /home/amadorjosephg/CA-Embedded-MiniProject/comet_bot_ws/build/lunabot_control/install.log --single-version-externally-managed install_data
[2.849s] DEBUG:colcon.colcon_core.event_handler.log_command:Invoked command in '/home/amadorjosephg/CA-Embedded-MiniProject/comet_bot_ws/src/lunabot_control' returned '0': PYTHONPATH=/home/amadorjosephg/CA-Embedded-MiniProject/comet_bot_ws/build/lunabot_control/prefix_override:/usr/lib/python3/dist-packages/colcon_core/task/python/colcon_distutils_commands:/home/amadorjosephg/CA-Embedded-MiniProject/comet_bot_ws/install/lunabot_control/lib/python3.10/site-packages:${PYTHONPATH} /usr/bin/python3 -W ignore:setup.py install is deprecated setup.py egg_info --egg-base ../../build/lunabot_control build --build-base /home/amadorjosephg/CA-Embedded-MiniProject/comet_bot_ws/build/lunabot_control/build install --record /home/amadorjosephg/CA-Embedded-MiniProject/comet_bot_ws/build/lunabot_control/install.log --single-version-externally-managed install_data
[2.868s] Level 1:colcon.colcon_core.environment:checking '/home/amadorjosephg/CA-Embedded-MiniProject/comet_bot_ws/install/lunabot_control' for CMake module files
[2.868s] Level 1:colcon.colcon_core.environment:checking '/home/amadorjosephg/CA-Embedded-MiniProject/comet_bot_ws/install/lunabot_control' for CMake config files
[2.870s] Level 1:colcon.colcon_core.environment:checking '/home/amadorjosephg/CA-Embedded-MiniProject/comet_bot_ws/install/lunabot_control/lib'
[2.870s] Level 1:colcon.colcon_core.environment:checking '/home/amadorjosephg/CA-Embedded-MiniProject/comet_bot_ws/install/lunabot_control/bin'
[2.870s] Level 1:colcon.colcon_core.environment:checking '/home/amadorjosephg/CA-Embedded-MiniProject/comet_bot_ws/install/lunabot_control/lib/pkgconfig/lunabot_control.pc'
[2.871s] Level 1:colcon.colcon_core.environment:checking '/home/amadorjosephg/CA-Embedded-MiniProject/comet_bot_ws/install/lunabot_control/lib/python3.10/site-packages'
[2.871s] Level 1:colcon.colcon_core.shell:create_environment_hook('lunabot_control', 'pythonpath')
[2.871s] INFO:colcon.colcon_core.shell:Creating environment hook '/home/amadorjosephg/CA-Embedded-MiniProject/comet_bot_ws/install/lunabot_control/share/lunabot_control/hook/pythonpath.ps1'
[2.871s] INFO:colcon.colcon_core.shell:Creating environment descriptor '/home/amadorjosephg/CA-Embedded-MiniProject/comet_bot_ws/install/lunabot_control/share/lunabot_control/hook/pythonpath.dsv'
[2.872s] INFO:colcon.colcon_core.shell:Creating environment hook '/home/amadorjosephg/CA-Embedded-MiniProject/comet_bot_ws/install/lunabot_control/share/lunabot_control/hook/pythonpath.sh'
[2.872s] Level 1:colcon.colcon_core.environment:checking '/home/amadorjosephg/CA-Embedded-MiniProject/comet_bot_ws/install/lunabot_control/bin'
[2.872s] Level 1:colcon.colcon_core.environment:create_environment_scripts_only(lunabot_control)
[2.873s] INFO:colcon.colcon_core.shell:Creating package script '/home/amadorjosephg/CA-Embedded-MiniProject/comet_bot_ws/install/lunabot_control/share/lunabot_control/package.ps1'
[2.874s] INFO:colcon.colcon_core.shell:Creating package descriptor '/home/amadorjosephg/CA-Embedded-MiniProject/comet_bot_ws/install/lunabot_control/share/lunabot_control/package.dsv'
[2.875s] INFO:colcon.colcon_core.shell:Creating package script '/home/amadorjosephg/CA-Embedded-MiniProject/comet_bot_ws/install/lunabot_control/share/lunabot_control/package.sh'
[2.877s] INFO:colcon.colcon_core.shell:Creating package script '/home/amadorjosephg/CA-Embedded-MiniProject/comet_bot_ws/install/lunabot_control/share/lunabot_control/package.bash'
[2.881s] INFO:colcon.colcon_core.shell:Creating package script '/home/amadorjosephg/CA-Embedded-MiniProject/comet_bot_ws/install/lunabot_control/share/lunabot_control/package.zsh'
[2.883s] Level 1:colcon.colcon_core.environment:create_file_with_runtime_dependencies(/home/amadorjosephg/CA-Embedded-MiniProject/comet_bot_ws/install/lunabot_control/share/colcon-core/packages/lunabot_control)
[2.884s] Level 1:colcon.colcon_core.environment:checking '/home/amadorjosephg/CA-Embedded-MiniProject/comet_bot_ws/install/jetson_topic_relay' for CMake module files
[2.886s] Level 1:colcon.colcon_core.environment:checking '/home/amadorjosephg/CA-Embedded-MiniProject/comet_bot_ws/install/jetson_topic_relay' for CMake config files
[2.887s] DEBUG:colcon.colcon_core.event_handler.log_command:Invoked command in '/home/amadorjosephg/CA-Embedded-MiniProject/comet_bot_ws/src/jetson_topic_relay' returned '0': PYTHONPATH=/home/amadorjosephg/CA-Embedded-MiniProject/comet_bot_ws/build/jetson_topic_relay/prefix_override:/usr/lib/python3/dist-packages/colcon_core/task/python/colcon_distutils_commands:/home/amadorjosephg/CA-Embedded-MiniProject/comet_bot_ws/install/jetson_topic_relay/lib/python3.10/site-packages:${PYTHONPATH} /usr/bin/python3 -W ignore:setup.py install is deprecated setup.py egg_info --egg-base ../../build/jetson_topic_relay build --build-base /home/amadorjosephg/CA-Embedded-MiniProject/comet_bot_ws/build/jetson_topic_relay/build install --record /home/amadorjosephg/CA-Embedded-MiniProject/comet_bot_ws/build/jetson_topic_relay/install.log --single-version-externally-managed install_data
[2.888s] Level 1:colcon.colcon_core.environment:checking '/home/amadorjosephg/CA-Embedded-MiniProject/comet_bot_ws/install/jetson_topic_relay/lib'
[2.888s] Level 1:colcon.colcon_core.environment:checking '/home/amadorjosephg/CA-Embedded-MiniProject/comet_bot_ws/install/jetson_topic_relay/bin'
[2.888s] Level 1:colcon.colcon_core.environment:checking '/home/amadorjosephg/CA-Embedded-MiniProject/comet_bot_ws/install/jetson_topic_relay/lib/pkgconfig/jetson_topic_relay.pc'
[2.888s] Level 1:colcon.colcon_core.environment:checking '/home/amadorjosephg/CA-Embedded-MiniProject/comet_bot_ws/install/jetson_topic_relay/lib/python3.10/site-packages'
[2.888s] Level 1:colcon.colcon_core.shell:create_environment_hook('jetson_topic_relay', 'pythonpath')
[2.888s] INFO:colcon.colcon_core.shell:Creating environment hook '/home/amadorjosephg/CA-Embedded-MiniProject/comet_bot_ws/install/jetson_topic_relay/share/jetson_topic_relay/hook/pythonpath.ps1'
[2.889s] INFO:colcon.colcon_core.shell:Creating environment descriptor '/home/amadorjosephg/CA-Embedded-MiniProject/comet_bot_ws/install/jetson_topic_relay/share/jetson_topic_relay/hook/pythonpath.dsv'
[2.890s] INFO:colcon.colcon_core.shell:Creating environment hook '/home/amadorjosephg/CA-Embedded-MiniProject/comet_bot_ws/install/jetson_topic_relay/share/jetson_topic_relay/hook/pythonpath.sh'
[2.891s] Level 1:colcon.colcon_core.environment:checking '/home/amadorjosephg/CA-Embedded-MiniProject/comet_bot_ws/install/jetson_topic_relay/bin'
[2.891s] Level 1:colcon.colcon_core.environment:create_environment_scripts_only(jetson_topic_relay)
[2.892s] INFO:colcon.colcon_core.shell:Creating package script '/home/amadorjosephg/CA-Embedded-MiniProject/comet_bot_ws/install/jetson_topic_relay/share/jetson_topic_relay/package.ps1'
[2.893s] INFO:colcon.colcon_core.shell:Creating package descriptor '/home/amadorjosephg/CA-Embedded-MiniProject/comet_bot_ws/install/jetson_topic_relay/share/jetson_topic_relay/package.dsv'
[2.893s] INFO:colcon.colcon_core.shell:Creating package script '/home/amadorjosephg/CA-Embedded-MiniProject/comet_bot_ws/install/jetson_topic_relay/share/jetson_topic_relay/package.sh'
[2.894s] INFO:colcon.colcon_core.shell:Creating package script '/home/amadorjosephg/CA-Embedded-MiniProject/comet_bot_ws/install/jetson_topic_relay/share/jetson_topic_relay/package.bash'
[2.895s] INFO:colcon.colcon_core.shell:Creating package script '/home/amadorjosephg/CA-Embedded-MiniProject/comet_bot_ws/install/jetson_topic_relay/share/jetson_topic_relay/package.zsh'
[2.895s] Level 1:colcon.colcon_core.environment:create_file_with_runtime_dependencies(/home/amadorjosephg/CA-Embedded-MiniProject/comet_bot_ws/install/jetson_topic_relay/share/colcon-core/packages/jetson_topic_relay)
[3.604s] DEBUG:colcon.colcon_core.event_handler.log_command:Invoked command in '/home/amadorjosephg/CA-Embedded-MiniProject/comet_bot_ws/build/micro_ros_setup' returned '0': CMAKE_PREFIX_PATH=/opt/ros/humble /usr/bin/cmake /home/amadorjosephg/CA-Embedded-MiniProject/comet_bot_ws/src/micro_ros_setup -DCMAKE_INSTALL_PREFIX=/home/amadorjosephg/CA-Embedded-MiniProject/comet_bot_ws/install/micro_ros_setup
[3.605s] DEBUG:colcon.colcon_core.event_handler.log_command:Invoking command in '/home/amadorjosephg/CA-Embedded-MiniProject/comet_bot_ws/build/micro_ros_setup': CMAKE_PREFIX_PATH=/opt/ros/humble /usr/bin/cmake --build /home/amadorjosephg/CA-Embedded-MiniProject/comet_bot_ws/build/micro_ros_setup -- -j4 -l4
[3.656s] DEBUG:colcon.colcon_core.event_handler.log_command:Invoked command in '/home/amadorjosephg/CA-Embedded-MiniProject/comet_bot_ws/build/micro_ros_setup' returned '0': CMAKE_PREFIX_PATH=/opt/ros/humble /usr/bin/cmake --build /home/amadorjosephg/CA-Embedded-MiniProject/comet_bot_ws/build/micro_ros_setup -- -j4 -l4
[3.710s] DEBUG:colcon.colcon_core.event_handler.log_command:Invoking command in '/home/amadorjosephg/CA-Embedded-MiniProject/comet_bot_ws/build/micro_ros_setup': CMAKE_PREFIX_PATH=/opt/ros/humble /usr/bin/cmake --install /home/amadorjosephg/CA-Embedded-MiniProject/comet_bot_ws/build/micro_ros_setup
[3.797s] Level 1:colcon.colcon_core.environment:create_environment_scripts_only(micro_ros_setup)
[3.797s] Level 1:colcon.colcon_core.environment:checking '/home/amadorjosephg/CA-Embedded-MiniProject/comet_bot_ws/install/micro_ros_setup' for CMake module files
[3.798s] DEBUG:colcon.colcon_core.event_handler.log_command:Invoked command in '/home/amadorjosephg/CA-Embedded-MiniProject/comet_bot_ws/build/micro_ros_setup' returned '0': CMAKE_PREFIX_PATH=/opt/ros/humble /usr/bin/cmake --install /home/amadorjosephg/CA-Embedded-MiniProject/comet_bot_ws/build/micro_ros_setup
[3.799s] Level 1:colcon.colcon_core.environment:checking '/home/amadorjosephg/CA-Embedded-MiniProject/comet_bot_ws/install/micro_ros_setup' for CMake config files
[3.801s] Level 1:colcon.colcon_core.shell:create_environment_hook('micro_ros_setup', 'cmake_prefix_path')
[3.801s] INFO:colcon.colcon_core.shell:Creating environment hook '/home/amadorjosephg/CA-Embedded-MiniProject/comet_bot_ws/install/micro_ros_setup/share/micro_ros_setup/hook/cmake_prefix_path.ps1'
[3.801s] INFO:colcon.colcon_core.shell:Creating environment descriptor '/home/amadorjosephg/CA-Embedded-MiniProject/comet_bot_ws/install/micro_ros_setup/share/micro_ros_setup/hook/cmake_prefix_path.dsv'
[3.802s] INFO:colcon.colcon_core.shell:Creating environment hook '/home/amadorjosephg/CA-Embedded-MiniProject/comet_bot_ws/install/micro_ros_setup/share/micro_ros_setup/hook/cmake_prefix_path.sh'
[3.803s] Level 1:colcon.colcon_core.environment:checking '/home/amadorjosephg/CA-Embedded-MiniProject/comet_bot_ws/install/micro_ros_setup/lib'
[3.803s] Level 1:colcon.colcon_core.environment:checking '/home/amadorjosephg/CA-Embedded-MiniProject/comet_bot_ws/install/micro_ros_setup/bin'
[3.803s] Level 1:colcon.colcon_core.environment:checking '/home/amadorjosephg/CA-Embedded-MiniProject/comet_bot_ws/install/micro_ros_setup/lib/pkgconfig/micro_ros_setup.pc'
[3.803s] Level 1:colcon.colcon_core.environment:checking '/home/amadorjosephg/CA-Embedded-MiniProject/comet_bot_ws/install/micro_ros_setup/lib/python3.10/site-packages'
[3.803s] Level 1:colcon.colcon_core.environment:checking '/home/amadorjosephg/CA-Embedded-MiniProject/comet_bot_ws/install/micro_ros_setup/bin'
[3.803s] INFO:colcon.colcon_core.shell:Creating package script '/home/amadorjosephg/CA-Embedded-MiniProject/comet_bot_ws/install/micro_ros_setup/share/micro_ros_setup/package.ps1'
[3.804s] INFO:colcon.colcon_core.shell:Creating package descriptor '/home/amadorjosephg/CA-Embedded-MiniProject/comet_bot_ws/install/micro_ros_setup/share/micro_ros_setup/package.dsv'
[3.804s] INFO:colcon.colcon_core.shell:Creating package script '/home/amadorjosephg/CA-Embedded-MiniProject/comet_bot_ws/install/micro_ros_setup/share/micro_ros_setup/package.sh'
[3.804s] INFO:colcon.colcon_core.shell:Creating package script '/home/amadorjosephg/CA-Embedded-MiniProject/comet_bot_ws/install/micro_ros_setup/share/micro_ros_setup/package.bash'
[3.805s] INFO:colcon.colcon_core.shell:Creating package script '/home/amadorjosephg/CA-Embedded-MiniProject/comet_bot_ws/install/micro_ros_setup/share/micro_ros_setup/package.zsh'
[3.805s] Level 1:colcon.colcon_core.environment:create_file_with_runtime_dependencies(/home/amadorjosephg/CA-Embedded-MiniProject/comet_bot_ws/install/micro_ros_setup/share/colcon-core/packages/micro_ros_setup)
[3.877s] Level 1:colcon.colcon_core.environment:create_environment_scripts_only(micro_ros_setup)
[3.877s] Level 1:colcon.colcon_core.environment:checking '/home/amadorjosephg/CA-Embedded-MiniProject/comet_bot_ws/install/micro_ros_setup' for CMake module files
[3.877s] Level 1:colcon.colcon_core.environment:checking '/home/amadorjosephg/CA-Embedded-MiniProject/comet_bot_ws/install/micro_ros_setup' for CMake config files
[3.877s] Level 1:colcon.colcon_core.shell:create_environment_hook('micro_ros_setup', 'cmake_prefix_path')
[3.878s] INFO:colcon.colcon_core.shell:Creating environment hook '/home/amadorjosephg/CA-Embedded-MiniProject/comet_bot_ws/install/micro_ros_setup/share/micro_ros_setup/hook/cmake_prefix_path.ps1'
[3.878s] INFO:colcon.colcon_core.shell:Creating environment descriptor '/home/amadorjosephg/CA-Embedded-MiniProject/comet_bot_ws/install/micro_ros_setup/share/micro_ros_setup/hook/cmake_prefix_path.dsv'
[3.879s] INFO:colcon.colcon_core.shell:Creating environment hook '/home/amadorjosephg/CA-Embedded-MiniProject/comet_bot_ws/install/micro_ros_setup/share/micro_ros_setup/hook/cmake_prefix_path.sh'
[3.879s] Level 1:colcon.colcon_core.environment:checking '/home/amadorjosephg/CA-Embedded-MiniProject/comet_bot_ws/install/micro_ros_setup/lib'
[3.879s] Level 1:colcon.colcon_core.environment:checking '/home/amadorjosephg/CA-Embedded-MiniProject/comet_bot_ws/install/micro_ros_setup/bin'
[3.879s] Level 1:colcon.colcon_core.environment:checking '/home/amadorjosephg/CA-Embedded-MiniProject/comet_bot_ws/install/micro_ros_setup/lib/pkgconfig/micro_ros_setup.pc'
[3.879s] Level 1:colcon.colcon_core.environment:checking '/home/amadorjosephg/CA-Embedded-MiniProject/comet_bot_ws/install/micro_ros_setup/lib/python3.10/site-packages'
[3.880s] Level 1:colcon.colcon_core.environment:checking '/home/amadorjosephg/CA-Embedded-MiniProject/comet_bot_ws/install/micro_ros_setup/bin'
[3.880s] INFO:colcon.colcon_core.shell:Creating package script '/home/amadorjosephg/CA-Embedded-MiniProject/comet_bot_ws/install/micro_ros_setup/share/micro_ros_setup/package.ps1'
[3.880s] INFO:colcon.colcon_core.shell:Creating package descriptor '/home/amadorjosephg/CA-Embedded-MiniProject/comet_bot_ws/install/micro_ros_setup/share/micro_ros_setup/package.dsv'
[3.881s] INFO:colcon.colcon_core.shell:Creating package script '/home/amadorjosephg/CA-Embedded-MiniProject/comet_bot_ws/install/micro_ros_setup/share/micro_ros_setup/package.sh'
[3.881s] INFO:colcon.colcon_core.shell:Creating package script '/home/amadorjosephg/CA-Embedded-MiniProject/comet_bot_ws/install/micro_ros_setup/share/micro_ros_setup/package.bash'
[3.881s] INFO:colcon.colcon_core.shell:Creating package script '/home/amadorjosephg/CA-Embedded-MiniProject/comet_bot_ws/install/micro_ros_setup/share/micro_ros_setup/package.zsh'
[3.882s] Level 1:colcon.colcon_core.environment:create_file_with_runtime_dependencies(/home/amadorjosephg/CA-Embedded-MiniProject/comet_bot_ws/install/micro_ros_setup/share/colcon-core/packages/micro_ros_setup)
[3.882s] DEBUG:colcon.colcon_parallel_executor.executor.parallel:closing loop
[3.882s] DEBUG:colcon.colcon_parallel_executor.executor.parallel:loop closed
[3.883s] DEBUG:colcon.colcon_parallel_executor.executor.parallel:run_until_complete finished with '0'
[3.883s] DEBUG:colcon.colcon_core.event_reactor:joining thread
[3.896s] INFO:colcon.colcon_core.plugin_system:Skipping extension 'colcon_notification.desktop_notification.terminal_notifier': Not used on non-Darwin systems
[3.896s] INFO:colcon.colcon_core.plugin_system:Skipping extension 'colcon_notification.desktop_notification.win32': Not used on non-Windows systems
[3.896s] INFO:colcon.colcon_notification.desktop_notification:Sending desktop notification using 'notify2'
[3.943s] DEBUG:colcon.colcon_core.event_reactor:joined thread
[3.943s] INFO:colcon.colcon_core.shell:Creating prefix script '/home/amadorjosephg/CA-Embedded-MiniProject/comet_bot_ws/install/local_setup.ps1'
[3.946s] INFO:colcon.colcon_core.shell:Creating prefix util module '/home/amadorjosephg/CA-Embedded-MiniProject/comet_bot_ws/install/_local_setup_util_ps1.py'
[3.948s] INFO:colcon.colcon_core.shell:Creating prefix chain script '/home/amadorjosephg/CA-Embedded-MiniProject/comet_bot_ws/install/setup.ps1'
[3.950s] INFO:colcon.colcon_core.shell:Creating prefix script '/home/amadorjosephg/CA-Embedded-MiniProject/comet_bot_ws/install/local_setup.sh'
[3.963s] INFO:colcon.colcon_core.shell:Creating prefix util module '/home/amadorjosephg/CA-Embedded-MiniProject/comet_bot_ws/install/_local_setup_util_sh.py'
[3.963s] INFO:colcon.colcon_core.shell:Creating prefix chain script '/home/amadorjosephg/CA-Embedded-MiniProject/comet_bot_ws/install/setup.sh'
[3.965s] INFO:colcon.colcon_core.shell:Creating prefix script '/home/amadorjosephg/CA-Embedded-MiniProject/comet_bot_ws/install/local_setup.bash'
[3.966s] INFO:colcon.colcon_core.shell:Creating prefix chain script '/home/amadorjosephg/CA-Embedded-MiniProject/comet_bot_ws/install/setup.bash'
[3.967s] INFO:colcon.colcon_core.shell:Creating prefix script '/home/amadorjosephg/CA-Embedded-MiniProject/comet_bot_ws/install/local_setup.zsh'
[3.968s] INFO:colcon.colcon_core.shell:Creating prefix chain script '/home/amadorjosephg/CA-Embedded-MiniProject/comet_bot_ws/install/setup.zsh'
