[1.036s] Invoking command in '/home/amadorjosephg/comet_bot_ws/src/lunabot_control': PYTHONPATH=/home/amadorjosephg/comet_bot_ws/build/lunabot_control/prefix_override:/usr/lib/python3/dist-packages/colcon_core/task/python/colcon_distutils_commands:/home/amadorjosephg/comet_bot_ws/install/lunabot_control/lib/python3.10/site-packages:${PYTHONPATH} /usr/bin/python3 -W ignore:setup.py install is deprecated setup.py egg_info --egg-base ../../build/lunabot_control build --build-base /home/amadorjosephg/comet_bot_ws/build/lunabot_control/build install --record /home/amadorjosephg/comet_bot_ws/build/lunabot_control/install.log --single-version-externally-managed install_data
[1.236s] running egg_info
[1.236s] creating ../../build/lunabot_control/lunabot_control.egg-info
[1.236s] writing ../../build/lunabot_control/lunabot_control.egg-info/PKG-INFO
[1.236s] writing dependency_links to ../../build/lunabot_control/lunabot_control.egg-info/dependency_links.txt
[1.236s] writing entry points to ../../build/lunabot_control/lunabot_control.egg-info/entry_points.txt
[1.237s] writing requirements to ../../build/lunabot_control/lunabot_control.egg-info/requires.txt
[1.237s] writing top-level names to ../../build/lunabot_control/lunabot_control.egg-info/top_level.txt
[1.237s] writing manifest file '../../build/lunabot_control/lunabot_control.egg-info/SOURCES.txt'
[1.238s] reading manifest file '../../build/lunabot_control/lunabot_control.egg-info/SOURCES.txt'
[1.239s] adding license file 'LICENSE'
[1.239s] writing manifest file '../../build/lunabot_control/lunabot_control.egg-info/SOURCES.txt'
[1.240s] running build
[1.240s] running build_py
[1.240s] creating /home/amadorjosephg/comet_bot_ws/build/lunabot_control/build
[1.240s] creating /home/amadorjosephg/comet_bot_ws/build/lunabot_control/build/lib
[1.241s] creating /home/amadorjosephg/comet_bot_ws/build/lunabot_control/build/lib/lunabot_control
[1.241s] copying lunabot_control/__init__.py -> /home/amadorjosephg/comet_bot_ws/build/lunabot_control/build/lib/lunabot_control
[1.241s] running install
[1.241s] running install_lib
[1.242s] creating /home/amadorjosephg/comet_bot_ws/install/lunabot_control/lib/python3.10/site-packages/lunabot_control
[1.242s] copying /home/amadorjosephg/comet_bot_ws/build/lunabot_control/build/lib/lunabot_control/__init__.py -> /home/amadorjosephg/comet_bot_ws/install/lunabot_control/lib/python3.10/site-packages/lunabot_control
[1.243s] byte-compiling /home/amadorjosephg/comet_bot_ws/install/lunabot_control/lib/python3.10/site-packages/lunabot_control/__init__.py to __init__.cpython-310.pyc
[1.243s] running install_data
[1.244s] creating /home/amadorjosephg/comet_bot_ws/install/lunabot_control/share/ament_index
[1.244s] creating /home/amadorjosephg/comet_bot_ws/install/lunabot_control/share/ament_index/resource_index
[1.244s] creating /home/amadorjosephg/comet_bot_ws/install/lunabot_control/share/ament_index/resource_index/packages
[1.244s] copying resource/lunabot_control -> /home/amadorjosephg/comet_bot_ws/install/lunabot_control/share/ament_index/resource_index/packages
[1.244s] copying package.xml -> /home/amadorjosephg/comet_bot_ws/install/lunabot_control/share/lunabot_control
[1.245s] running install_egg_info
[1.246s] Copying ../../build/lunabot_control/lunabot_control.egg-info to /home/amadorjosephg/comet_bot_ws/install/lunabot_control/lib/python3.10/site-packages/lunabot_control-0.0.0-py3.10.egg-info
[1.247s] running install_scripts
[1.270s] writing list of installed files to '/home/amadorjosephg/comet_bot_ws/build/lunabot_control/install.log'
[1.292s] Invoked command in '/home/amadorjosephg/comet_bot_ws/src/lunabot_control' returned '0': PYTHONPATH=/home/amadorjosephg/comet_bot_ws/build/lunabot_control/prefix_override:/usr/lib/python3/dist-packages/colcon_core/task/python/colcon_distutils_commands:/home/amadorjosephg/comet_bot_ws/install/lunabot_control/lib/python3.10/site-packages:${PYTHONPATH} /usr/bin/python3 -W ignore:setup.py install is deprecated setup.py egg_info --egg-base ../../build/lunabot_control build --build-base /home/amadorjosephg/comet_bot_ws/build/lunabot_control/build install --record /home/amadorjosephg/comet_bot_ws/build/lunabot_control/install.log --single-version-externally-managed install_data
