[1.185s] Invoking command in '/home/amadorjosephg/CA-Embedded-MiniProject/comet_bot_ws/src/jetson_topic_relay': PYTHONPATH=/home/amadorjosephg/CA-Embedded-MiniProject/comet_bot_ws/build/jetson_topic_relay/prefix_override:/usr/lib/python3/dist-packages/colcon_core/task/python/colcon_distutils_commands:/home/amadorjosephg/CA-Embedded-MiniProject/comet_bot_ws/install/jetson_topic_relay/lib/python3.10/site-packages:${PYTHONPATH} /usr/bin/python3 -W ignore:setup.py install is deprecated setup.py egg_info --egg-base ../../build/jetson_topic_relay build --build-base /home/amadorjosephg/CA-Embedded-MiniProject/comet_bot_ws/build/jetson_topic_relay/build install --record /home/amadorjosephg/CA-Embedded-MiniProject/comet_bot_ws/build/jetson_topic_relay/install.log --single-version-externally-managed install_data
[1.453s] running egg_info
[1.454s] writing ../../build/jetson_topic_relay/jetson_topic_relay.egg-info/PKG-INFO
[1.455s] writing dependency_links to ../../build/jetson_topic_relay/jetson_topic_relay.egg-info/dependency_links.txt
[1.456s] writing entry points to ../../build/jetson_topic_relay/jetson_topic_relay.egg-info/entry_points.txt
[1.463s] writing requirements to ../../build/jetson_topic_relay/jetson_topic_relay.egg-info/requires.txt
[1.463s] writing top-level names to ../../build/jetson_topic_relay/jetson_topic_relay.egg-info/top_level.txt
[1.464s] reading manifest file '../../build/jetson_topic_relay/jetson_topic_relay.egg-info/SOURCES.txt'
[1.465s] adding license file 'LICENSE'
[1.465s] writing manifest file '../../build/jetson_topic_relay/jetson_topic_relay.egg-info/SOURCES.txt'
[1.466s] running build
[1.466s] running build_py
[1.473s] running install
[1.474s] running install_lib
[1.477s] running install_data
[1.481s] running install_egg_info
[1.483s] removing '/home/amadorjosephg/CA-Embedded-MiniProject/comet_bot_ws/install/jetson_topic_relay/lib/python3.10/site-packages/jetson_topic_relay-0.0.1-py3.10.egg-info' (and everything under it)
[1.485s] Copying ../../build/jetson_topic_relay/jetson_topic_relay.egg-info to /home/amadorjosephg/CA-Embedded-MiniProject/comet_bot_ws/install/jetson_topic_relay/lib/python3.10/site-packages/jetson_topic_relay-0.0.1-py3.10.egg-info
[1.485s] running install_scripts
[1.505s] Installing relay_node script to /home/amadorjosephg/CA-Embedded-MiniProject/comet_bot_ws/install/jetson_topic_relay/lib/jetson_topic_relay
[1.516s] writing list of installed files to '/home/amadorjosephg/CA-Embedded-MiniProject/comet_bot_ws/build/jetson_topic_relay/install.log'
[1.592s] Invoked command in '/home/amadorjosephg/CA-Embedded-MiniProject/comet_bot_ws/src/jetson_topic_relay' returned '0': PYTHONPATH=/home/amadorjosephg/CA-Embedded-MiniProject/comet_bot_ws/build/jetson_topic_relay/prefix_override:/usr/lib/python3/dist-packages/colcon_core/task/python/colcon_distutils_commands:/home/amadorjosephg/CA-Embedded-MiniProject/comet_bot_ws/install/jetson_topic_relay/lib/python3.10/site-packages:${PYTHONPATH} /usr/bin/python3 -W ignore:setup.py install is deprecated setup.py egg_info --egg-base ../../build/jetson_topic_relay build --build-base /home/amadorjosephg/CA-Embedded-MiniProject/comet_bot_ws/build/jetson_topic_relay/build install --record /home/amadorjosephg/CA-Embedded-MiniProject/comet_bot_ws/build/jetson_topic_relay/install.log --single-version-externally-managed install_data
