running egg_info
creating ../build/lunabot_control/lunabot_control.egg-info
writing ../build/lunabot_control/lunabot_control.egg-info/PKG-INFO
writing dependency_links to ../build/lunabot_control/lunabot_control.egg-info/dependency_links.txt
writing entry points to ../build/lunabot_control/lunabot_control.egg-info/entry_points.txt
writing requirements to ../build/lunabot_control/lunabot_control.egg-info/requires.txt
writing top-level names to ../build/lunabot_control/lunabot_control.egg-info/top_level.txt
writing manifest file '../build/lunabot_control/lunabot_control.egg-info/SOURCES.txt'
reading manifest file '../build/lunabot_control/lunabot_control.egg-info/SOURCES.txt'
adding license file 'LICENSE'
writing manifest file '../build/lunabot_control/lunabot_control.egg-info/SOURCES.txt'
running build
running build_py
creating /home/amadorjosephg/comet_bot_ws/src/build/lunabot_control/build
creating /home/amadorjosephg/comet_bot_ws/src/build/lunabot_control/build/lib
creating /home/amadorjosephg/comet_bot_ws/src/build/lunabot_control/build/lib/lunabot_control
copying lunabot_control/teleop_publisher.py -> /home/amadorjosephg/comet_bot_ws/src/build/lunabot_control/build/lib/lunabot_control
copying lunabot_control/__init__.py -> /home/amadorjosephg/comet_bot_ws/src/build/lunabot_control/build/lib/lunabot_control
running install
running install_lib
creating /home/amadorjosephg/comet_bot_ws/src/install/lunabot_control/lib/python3.10/site-packages/lunabot_control
copying /home/amadorjosephg/comet_bot_ws/src/build/lunabot_control/build/lib/lunabot_control/teleop_publisher.py -> /home/amadorjosephg/comet_bot_ws/src/install/lunabot_control/lib/python3.10/site-packages/lunabot_control
copying /home/amadorjosephg/comet_bot_ws/src/build/lunabot_control/build/lib/lunabot_control/__init__.py -> /home/amadorjosephg/comet_bot_ws/src/install/lunabot_control/lib/python3.10/site-packages/lunabot_control
byte-compiling /home/amadorjosephg/comet_bot_ws/src/install/lunabot_control/lib/python3.10/site-packages/lunabot_control/teleop_publisher.py to teleop_publisher.cpython-310.pyc
byte-compiling /home/amadorjosephg/comet_bot_ws/src/install/lunabot_control/lib/python3.10/site-packages/lunabot_control/__init__.py to __init__.cpython-310.pyc
running install_data
creating /home/amadorjosephg/comet_bot_ws/src/install/lunabot_control/share/ament_index
creating /home/amadorjosephg/comet_bot_ws/src/install/lunabot_control/share/ament_index/resource_index
creating /home/amadorjosephg/comet_bot_ws/src/install/lunabot_control/share/ament_index/resource_index/packages
copying resource/lunabot_control -> /home/amadorjosephg/comet_bot_ws/src/install/lunabot_control/share/ament_index/resource_index/packages
copying package.xml -> /home/amadorjosephg/comet_bot_ws/src/install/lunabot_control/share/lunabot_control
running install_egg_info
Copying ../build/lunabot_control/lunabot_control.egg-info to /home/amadorjosephg/comet_bot_ws/src/install/lunabot_control/lib/python3.10/site-packages/lunabot_control-0.0.0-py3.10.egg-info
running install_scripts
Installing teleop_publisher script to /home/amadorjosephg/comet_bot_ws/src/install/lunabot_control/lib/lunabot_control
writing list of installed files to '/home/amadorjosephg/comet_bot_ws/src/build/lunabot_control/install.log'
