-- The C compiler identification is GNU 11.4.0
-- The CXX compiler identification is GNU 11.4.0
-- Detecting C compiler ABI info
-- Detecting C compiler ABI info - done
-- Check for working C compiler: /usr/bin/cc - skipped
-- Detecting C compile features
-- Detecting C compile features - done
-- Detecting CXX compiler ABI info
-- Detecting CXX compiler ABI info - done
-- Check for working CXX compiler: /usr/bin/c++ - skipped
-- Detecting CXX compile features
-- Detecting CXX compile features - done
-- Found ament_cmake: 1.3.9 (/opt/ros/humble/share/ament_cmake/cmake)
-- Found Python3: /usr/bin/python3 (found version "3.10.12") found components: Interpreter 
-- Found rosidl_default_generators: 1.2.0 (/opt/ros/humble/share/rosidl_default_generators/cmake)
-- Using all available rosidl_typesupport_c: rosidl_typesupport_microxrcedds_c;rosidl_typesupport_fastrtps_c;rosidl_typesupport_introspection_c
-- Found rosidl_adapter: 3.1.5 (/opt/ros/humble/share/rosidl_adapter/cmake)
-- Using all available rosidl_typesupport_cpp: rosidl_typesupport_microxrcedds_cpp;rosidl_typesupport_fastrtps_cpp;rosidl_typesupport_introspection_cpp
-- Found ament_cmake_ros: 0.10.0 (/opt/ros/humble/share/ament_cmake_ros/cmake)
-- Using all available rosidl_typesupport_c: rosidl_typesupport_microxrcedds_c;rosidl_typesupport_fastrtps_c;rosidl_typesupport_introspection_c
-- Using all available rosidl_typesupport_cpp: rosidl_typesupport_microxrcedds_cpp;rosidl_typesupport_fastrtps_cpp;rosidl_typesupport_introspection_cpp
-- Found PythonInterp: /usr/bin/python3 (found suitable version "3.10.12", minimum required is "3.6") 
-- Found python_cmake_module: 0.10.0 (/opt/ros/humble/share/python_cmake_module/cmake)
-- Found PythonLibs: /usr/lib/x86_64-linux-gnu/libpython3.10.so (found suitable version "3.10.12", minimum required is "3.5") 
-- Using PYTHON_EXECUTABLE: /usr/bin/python3
-- Using PYTHON_INCLUDE_DIRS: /usr/include/python3.10
-- Using PYTHON_LIBRARIES: /usr/lib/x86_64-linux-gnu/libpython3.10.so
-- Found PythonExtra: .so  
-- Configuring done
-- Generating done
-- Build files have been written to: /home/amadorjosephg/CA-Embedded-MiniProject/comet_bot_ws/build/unique_identifier_msgs
[  2%] [34m[1mGenerating C code for ROS interfaces[0m
[  5%] [34m[1mGenerating C++ code for ROS interfaces[0m
[  5%] Built target ament_cmake_python_copy_unique_identifier_msgs
[  5%] Built target unique_identifier_msgs__cpp
[  7%] [34m[1mGenerating C++ type support for eProsima Fast-RTPS[0m
[ 10%] [34m[1mGenerating C++ type support for eProsima Micro XRCE-DDS[0m
running egg_info
creating unique_identifier_msgs.egg-info
writing unique_identifier_msgs.egg-info/PKG-INFO
writing dependency_links to unique_identifier_msgs.egg-info/dependency_links.txt
writing top-level names to unique_identifier_msgs.egg-info/top_level.txt
writing manifest file 'unique_identifier_msgs.egg-info/SOURCES.txt'
reading manifest file 'unique_identifier_msgs.egg-info/SOURCES.txt'
[ 12%] [32mBuilding C object CMakeFiles/unique_identifier_msgs__rosidl_generator_c.dir/rosidl_generator_c/unique_identifier_msgs/msg/detail/uuid__functions.c.o[0m
writing manifest file 'unique_identifier_msgs.egg-info/SOURCES.txt'
[ 12%] Built target ament_cmake_python_build_unique_identifier_msgs_egg
[ 15%] [34m[1mGenerating C++ introspection for ROS interfaces[0m
[ 17%] [32m[1mLinking C shared library libunique_identifier_msgs__rosidl_generator_c.so[0m
[ 17%] Built target unique_identifier_msgs__rosidl_generator_c
[ 20%] [34m[1mGenerating C++ type support dispatch for ROS interfaces[0m
[ 23%] [32mBuilding CXX object CMakeFiles/unique_identifier_msgs__rosidl_typesupport_microxrcedds_cpp.dir/rosidl_typesupport_microxrcedds_cpp/unique_identifier_msgs/msg/detail/microxrcedds/uuid__type_support_cpp.cpp.o[0m
[ 25%] [32mBuilding CXX object CMakeFiles/unique_identifier_msgs__rosidl_typesupport_fastrtps_cpp.dir/rosidl_typesupport_fastrtps_cpp/unique_identifier_msgs/msg/detail/dds_fastrtps/uuid__type_support.cpp.o[0m
[ 28%] [32mBuilding CXX object CMakeFiles/unique_identifier_msgs__rosidl_typesupport_cpp.dir/rosidl_typesupport_cpp/unique_identifier_msgs/msg/uuid__type_support.cpp.o[0m
[ 30%] [32mBuilding CXX object CMakeFiles/unique_identifier_msgs__rosidl_typesupport_introspection_cpp.dir/rosidl_typesupport_introspection_cpp/unique_identifier_msgs/msg/detail/uuid__type_support.cpp.o[0m
[ 33%] [32m[1mLinking CXX shared library libunique_identifier_msgs__rosidl_typesupport_microxrcedds_cpp.so[0m
[ 35%] [32m[1mLinking CXX shared library libunique_identifier_msgs__rosidl_typesupport_cpp.so[0m
[ 35%] Built target unique_identifier_msgs__rosidl_typesupport_microxrcedds_cpp
[ 38%] [32m[1mLinking CXX shared library libunique_identifier_msgs__rosidl_typesupport_fastrtps_cpp.so[0m
[ 41%] [32m[1mLinking CXX shared library libunique_identifier_msgs__rosidl_typesupport_introspection_cpp.so[0m
[ 43%] [34m[1mGenerating C type support for eProsima Micro XRCE-DDS[0m
[ 43%] Built target unique_identifier_msgs__rosidl_typesupport_cpp
[ 43%] Built target unique_identifier_msgs__rosidl_typesupport_fastrtps_cpp
[ 46%] [34m[1mGenerating C type support for eProsima Fast-RTPS[0m
[ 46%] Built target unique_identifier_msgs__rosidl_typesupport_introspection_cpp
[ 48%] [34m[1mGenerating C type support dispatch for ROS interfaces[0m
[ 51%] [34m[1mGenerating C introspection for ROS interfaces[0m
[ 53%] [32mBuilding CXX object CMakeFiles/unique_identifier_msgs__rosidl_typesupport_fastrtps_c.dir/rosidl_typesupport_fastrtps_c/unique_identifier_msgs/msg/detail/uuid__type_support_c.cpp.o[0m
[ 56%] [32mBuilding C object CMakeFiles/unique_identifier_msgs__rosidl_typesupport_microxrcedds_c.dir/rosidl_typesupport_microxrcedds_c/unique_identifier_msgs/msg/detail/microxrcedds/uuid__type_support_c.c.o[0m
[ 58%] [32m[1mLinking C shared library libunique_identifier_msgs__rosidl_typesupport_microxrcedds_c.so[0m
[ 61%] [32mBuilding CXX object CMakeFiles/unique_identifier_msgs__rosidl_typesupport_c.dir/rosidl_typesupport_c/unique_identifier_msgs/msg/uuid__type_support.cpp.o[0m
[ 64%] [32mBuilding C object CMakeFiles/unique_identifier_msgs__rosidl_typesupport_introspection_c.dir/rosidl_typesupport_introspection_c/unique_identifier_msgs/msg/detail/uuid__type_support.c.o[0m
[ 64%] Built target unique_identifier_msgs__rosidl_typesupport_microxrcedds_c
[ 66%] [32m[1mLinking C shared library libunique_identifier_msgs__rosidl_typesupport_introspection_c.so[0m
[ 69%] [32m[1mLinking CXX shared library libunique_identifier_msgs__rosidl_typesupport_c.so[0m
[ 69%] Built target unique_identifier_msgs__rosidl_typesupport_introspection_c
[ 69%] Built target unique_identifier_msgs__rosidl_typesupport_c
[ 71%] [32m[1mLinking CXX shared library libunique_identifier_msgs__rosidl_typesupport_fastrtps_c.so[0m
[ 71%] Built target unique_identifier_msgs__rosidl_typesupport_fastrtps_c
[ 71%] Built target unique_identifier_msgs
[ 74%] [34m[1mGenerating Python code for ROS interfaces[0m
[ 74%] Built target unique_identifier_msgs__py
[ 76%] [32mBuilding C object CMakeFiles/unique_identifier_msgs__rosidl_generator_py.dir/rosidl_generator_py/unique_identifier_msgs/msg/_uuid_s.c.o[0m
[ 79%] [32m[1mLinking C shared library rosidl_generator_py/unique_identifier_msgs/libunique_identifier_msgs__rosidl_generator_py.so[0m
[ 79%] Built target unique_identifier_msgs__rosidl_generator_py
[ 82%] [32mBuilding C object CMakeFiles/unique_identifier_msgs__rosidl_typesupport_microxrcedds_c__pyext.dir/rosidl_generator_py/unique_identifier_msgs/_unique_identifier_msgs_s.ep.rosidl_typesupport_microxrcedds_c.c.o[0m
[ 84%] [32m[1mLinking C shared library rosidl_generator_py/unique_identifier_msgs/unique_identifier_msgs_s__rosidl_typesupport_microxrcedds_c.cpython-310-x86_64-linux-gnu.so[0m
[ 84%] Built target unique_identifier_msgs__rosidl_typesupport_microxrcedds_c__pyext
[ 87%] [32mBuilding C object CMakeFiles/unique_identifier_msgs__rosidl_typesupport_c__pyext.dir/rosidl_generator_py/unique_identifier_msgs/_unique_identifier_msgs_s.ep.rosidl_typesupport_c.c.o[0m
[ 89%] [32m[1mLinking C shared library rosidl_generator_py/unique_identifier_msgs/unique_identifier_msgs_s__rosidl_typesupport_c.cpython-310-x86_64-linux-gnu.so[0m
[ 89%] Built target unique_identifier_msgs__rosidl_typesupport_c__pyext
[ 92%] [32mBuilding C object CMakeFiles/unique_identifier_msgs__rosidl_typesupport_introspection_c__pyext.dir/rosidl_generator_py/unique_identifier_msgs/_unique_identifier_msgs_s.ep.rosidl_typesupport_introspection_c.c.o[0m
[ 94%] [32m[1mLinking C shared library rosidl_generator_py/unique_identifier_msgs/unique_identifier_msgs_s__rosidl_typesupport_introspection_c.cpython-310-x86_64-linux-gnu.so[0m
[ 94%] Built target unique_identifier_msgs__rosidl_typesupport_introspection_c__pyext
[ 97%] [32mBuilding C object CMakeFiles/unique_identifier_msgs__rosidl_typesupport_fastrtps_c__pyext.dir/rosidl_generator_py/unique_identifier_msgs/_unique_identifier_msgs_s.ep.rosidl_typesupport_fastrtps_c.c.o[0m
[100%] [32m[1mLinking C shared library rosidl_generator_py/unique_identifier_msgs/unique_identifier_msgs_s__rosidl_typesupport_fastrtps_c.cpython-310-x86_64-linux-gnu.so[0m
[100%] Built target unique_identifier_msgs__rosidl_typesupport_fastrtps_c__pyext
-- Install configuration: ""
-- Installing: /home/amadorjosephg/CA-Embedded-MiniProject/comet_bot_ws/install/unique_identifier_msgs/share/ament_index/resource_index/rosidl_interfaces/unique_identifier_msgs
-- Installing: /home/amadorjosephg/CA-Embedded-MiniProject/comet_bot_ws/install/unique_identifier_msgs/include/unique_identifier_msgs/unique_identifier_msgs
-- Installing: /home/amadorjosephg/CA-Embedded-MiniProject/comet_bot_ws/install/unique_identifier_msgs/include/unique_identifier_msgs/unique_identifier_msgs/msg
-- Installing: /home/amadorjosephg/CA-Embedded-MiniProject/comet_bot_ws/install/unique_identifier_msgs/include/unique_identifier_msgs/unique_identifier_msgs/msg/rosidl_generator_c__visibility_control.h
-- Installing: /home/amadorjosephg/CA-Embedded-MiniProject/comet_bot_ws/install/unique_identifier_msgs/include/unique_identifier_msgs/unique_identifier_msgs/msg/detail
-- Installing: /home/amadorjosephg/CA-Embedded-MiniProject/comet_bot_ws/install/unique_identifier_msgs/include/unique_identifier_msgs/unique_identifier_msgs/msg/detail/uuid__functions.c
-- Installing: /home/amadorjosephg/CA-Embedded-MiniProject/comet_bot_ws/install/unique_identifier_msgs/include/unique_identifier_msgs/unique_identifier_msgs/msg/detail/uuid__functions.h
-- Installing: /home/amadorjosephg/CA-Embedded-MiniProject/comet_bot_ws/install/unique_identifier_msgs/include/unique_identifier_msgs/unique_identifier_msgs/msg/detail/uuid__struct.h
-- Installing: /home/amadorjosephg/CA-Embedded-MiniProject/comet_bot_ws/install/unique_identifier_msgs/include/unique_identifier_msgs/unique_identifier_msgs/msg/detail/uuid__type_support.h
-- Installing: /home/amadorjosephg/CA-Embedded-MiniProject/comet_bot_ws/install/unique_identifier_msgs/include/unique_identifier_msgs/unique_identifier_msgs/msg/uuid.h
-- Installing: /home/amadorjosephg/CA-Embedded-MiniProject/comet_bot_ws/install/unique_identifier_msgs/share/unique_identifier_msgs/environment/library_path.sh
-- Installing: /home/amadorjosephg/CA-Embedded-MiniProject/comet_bot_ws/install/unique_identifier_msgs/share/unique_identifier_msgs/environment/library_path.dsv
-- Installing: /home/amadorjosephg/CA-Embedded-MiniProject/comet_bot_ws/install/unique_identifier_msgs/lib/libunique_identifier_msgs__rosidl_generator_c.so
-- Set runtime path of "/home/amadorjosephg/CA-Embedded-MiniProject/comet_bot_ws/install/unique_identifier_msgs/lib/libunique_identifier_msgs__rosidl_generator_c.so" to ""
-- Up-to-date: /home/amadorjosephg/CA-Embedded-MiniProject/comet_bot_ws/install/unique_identifier_msgs/include/unique_identifier_msgs
-- Installing: /home/amadorjosephg/CA-Embedded-MiniProject/comet_bot_ws/install/unique_identifier_msgs/include/unique_identifier_msgs/msg
-- Installing: /home/amadorjosephg/CA-Embedded-MiniProject/comet_bot_ws/install/unique_identifier_msgs/include/unique_identifier_msgs/msg/detail
-- Installing: /home/amadorjosephg/CA-Embedded-MiniProject/comet_bot_ws/install/unique_identifier_msgs/include/unique_identifier_msgs/msg/detail/uuid__rosidl_typesupport_microxrcedds_c.h
-- Installing: /home/amadorjosephg/CA-Embedded-MiniProject/comet_bot_ws/install/unique_identifier_msgs/include/unique_identifier_msgs/msg/detail/microxrcedds
-- Installing: /home/amadorjosephg/CA-Embedded-MiniProject/comet_bot_ws/install/unique_identifier_msgs/include/unique_identifier_msgs/msg/rosidl_typesupport_microxrcedds_c__visibility_control.h
-- Installing: /home/amadorjosephg/CA-Embedded-MiniProject/comet_bot_ws/install/unique_identifier_msgs/lib/libunique_identifier_msgs__rosidl_typesupport_microxrcedds_c.so
-- Set runtime path of "/home/amadorjosephg/CA-Embedded-MiniProject/comet_bot_ws/install/unique_identifier_msgs/lib/libunique_identifier_msgs__rosidl_typesupport_microxrcedds_c.so" to ""
-- Up-to-date: /home/amadorjosephg/CA-Embedded-MiniProject/comet_bot_ws/install/unique_identifier_msgs/include/unique_identifier_msgs/unique_identifier_msgs
-- Up-to-date: /home/amadorjosephg/CA-Embedded-MiniProject/comet_bot_ws/install/unique_identifier_msgs/include/unique_identifier_msgs/unique_identifier_msgs/msg
-- Up-to-date: /home/amadorjosephg/CA-Embedded-MiniProject/comet_bot_ws/install/unique_identifier_msgs/include/unique_identifier_msgs/unique_identifier_msgs/msg/detail
-- Installing: /home/amadorjosephg/CA-Embedded-MiniProject/comet_bot_ws/install/unique_identifier_msgs/include/unique_identifier_msgs/unique_identifier_msgs/msg/detail/uuid__rosidl_typesupport_fastrtps_c.h
-- Installing: /home/amadorjosephg/CA-Embedded-MiniProject/comet_bot_ws/install/unique_identifier_msgs/include/unique_identifier_msgs/unique_identifier_msgs/msg/rosidl_typesupport_fastrtps_c__visibility_control.h
-- Installing: /home/amadorjosephg/CA-Embedded-MiniProject/comet_bot_ws/install/unique_identifier_msgs/lib/libunique_identifier_msgs__rosidl_typesupport_fastrtps_c.so
-- Set runtime path of "/home/amadorjosephg/CA-Embedded-MiniProject/comet_bot_ws/install/unique_identifier_msgs/lib/libunique_identifier_msgs__rosidl_typesupport_fastrtps_c.so" to ""
-- Up-to-date: /home/amadorjosephg/CA-Embedded-MiniProject/comet_bot_ws/install/unique_identifier_msgs/include/unique_identifier_msgs/unique_identifier_msgs
-- Up-to-date: /home/amadorjosephg/CA-Embedded-MiniProject/comet_bot_ws/install/unique_identifier_msgs/include/unique_identifier_msgs/unique_identifier_msgs/msg
-- Installing: /home/amadorjosephg/CA-Embedded-MiniProject/comet_bot_ws/install/unique_identifier_msgs/include/unique_identifier_msgs/unique_identifier_msgs/msg/rosidl_typesupport_introspection_c__visibility_control.h
-- Up-to-date: /home/amadorjosephg/CA-Embedded-MiniProject/comet_bot_ws/install/unique_identifier_msgs/include/unique_identifier_msgs/unique_identifier_msgs/msg/detail
-- Installing: /home/amadorjosephg/CA-Embedded-MiniProject/comet_bot_ws/install/unique_identifier_msgs/include/unique_identifier_msgs/unique_identifier_msgs/msg/detail/uuid__rosidl_typesupport_introspection_c.h
-- Installing: /home/amadorjosephg/CA-Embedded-MiniProject/comet_bot_ws/install/unique_identifier_msgs/include/unique_identifier_msgs/unique_identifier_msgs/msg/detail/uuid__type_support.c
-- Installing: /home/amadorjosephg/CA-Embedded-MiniProject/comet_bot_ws/install/unique_identifier_msgs/lib/libunique_identifier_msgs__rosidl_typesupport_introspection_c.so
-- Set runtime path of "/home/amadorjosephg/CA-Embedded-MiniProject/comet_bot_ws/install/unique_identifier_msgs/lib/libunique_identifier_msgs__rosidl_typesupport_introspection_c.so" to ""
-- Installing: /home/amadorjosephg/CA-Embedded-MiniProject/comet_bot_ws/install/unique_identifier_msgs/lib/libunique_identifier_msgs__rosidl_typesupport_c.so
-- Set runtime path of "/home/amadorjosephg/CA-Embedded-MiniProject/comet_bot_ws/install/unique_identifier_msgs/lib/libunique_identifier_msgs__rosidl_typesupport_c.so" to ""
-- Up-to-date: /home/amadorjosephg/CA-Embedded-MiniProject/comet_bot_ws/install/unique_identifier_msgs/include/unique_identifier_msgs/unique_identifier_msgs
-- Up-to-date: /home/amadorjosephg/CA-Embedded-MiniProject/comet_bot_ws/install/unique_identifier_msgs/include/unique_identifier_msgs/unique_identifier_msgs/msg
-- Up-to-date: /home/amadorjosephg/CA-Embedded-MiniProject/comet_bot_ws/install/unique_identifier_msgs/include/unique_identifier_msgs/unique_identifier_msgs/msg/detail
-- Installing: /home/amadorjosephg/CA-Embedded-MiniProject/comet_bot_ws/install/unique_identifier_msgs/include/unique_identifier_msgs/unique_identifier_msgs/msg/detail/uuid__struct.hpp
-- Installing: /home/amadorjosephg/CA-Embedded-MiniProject/comet_bot_ws/install/unique_identifier_msgs/include/unique_identifier_msgs/unique_identifier_msgs/msg/detail/uuid__builder.hpp
-- Installing: /home/amadorjosephg/CA-Embedded-MiniProject/comet_bot_ws/install/unique_identifier_msgs/include/unique_identifier_msgs/unique_identifier_msgs/msg/detail/uuid__traits.hpp
-- Installing: /home/amadorjosephg/CA-Embedded-MiniProject/comet_bot_ws/install/unique_identifier_msgs/include/unique_identifier_msgs/unique_identifier_msgs/msg/uuid.hpp
-- Up-to-date: /home/amadorjosephg/CA-Embedded-MiniProject/comet_bot_ws/install/unique_identifier_msgs/include/unique_identifier_msgs
-- Up-to-date: /home/amadorjosephg/CA-Embedded-MiniProject/comet_bot_ws/install/unique_identifier_msgs/include/unique_identifier_msgs/msg
-- Installing: /home/amadorjosephg/CA-Embedded-MiniProject/comet_bot_ws/install/unique_identifier_msgs/include/unique_identifier_msgs/msg/rosidl_typesupport_microxrcedds_cpp__visibility_control.h
-- Up-to-date: /home/amadorjosephg/CA-Embedded-MiniProject/comet_bot_ws/install/unique_identifier_msgs/include/unique_identifier_msgs/msg/detail
-- Installing: /home/amadorjosephg/CA-Embedded-MiniProject/comet_bot_ws/install/unique_identifier_msgs/include/unique_identifier_msgs/msg/detail/uuid__rosidl_typesupport_microxrcedds_cpp.hpp
-- Up-to-date: /home/amadorjosephg/CA-Embedded-MiniProject/comet_bot_ws/install/unique_identifier_msgs/include/unique_identifier_msgs/msg/detail/microxrcedds
-- Installing: /home/amadorjosephg/CA-Embedded-MiniProject/comet_bot_ws/install/unique_identifier_msgs/include/unique_identifier_msgs/msg/detail/microxrcedds/uuid__type_support_cpp.cpp
-- Installing: /home/amadorjosephg/CA-Embedded-MiniProject/comet_bot_ws/install/unique_identifier_msgs/lib/libunique_identifier_msgs__rosidl_typesupport_microxrcedds_cpp.so
-- Set runtime path of "/home/amadorjosephg/CA-Embedded-MiniProject/comet_bot_ws/install/unique_identifier_msgs/lib/libunique_identifier_msgs__rosidl_typesupport_microxrcedds_cpp.so" to ""
-- Up-to-date: /home/amadorjosephg/CA-Embedded-MiniProject/comet_bot_ws/install/unique_identifier_msgs/include/unique_identifier_msgs/unique_identifier_msgs
-- Up-to-date: /home/amadorjosephg/CA-Embedded-MiniProject/comet_bot_ws/install/unique_identifier_msgs/include/unique_identifier_msgs/unique_identifier_msgs/msg
-- Up-to-date: /home/amadorjosephg/CA-Embedded-MiniProject/comet_bot_ws/install/unique_identifier_msgs/include/unique_identifier_msgs/unique_identifier_msgs/msg/detail
-- Installing: /home/amadorjosephg/CA-Embedded-MiniProject/comet_bot_ws/install/unique_identifier_msgs/include/unique_identifier_msgs/unique_identifier_msgs/msg/detail/uuid__rosidl_typesupport_fastrtps_cpp.hpp
-- Installing: /home/amadorjosephg/CA-Embedded-MiniProject/comet_bot_ws/install/unique_identifier_msgs/include/unique_identifier_msgs/unique_identifier_msgs/msg/detail/dds_fastrtps
-- Installing: /home/amadorjosephg/CA-Embedded-MiniProject/comet_bot_ws/install/unique_identifier_msgs/include/unique_identifier_msgs/unique_identifier_msgs/msg/rosidl_typesupport_fastrtps_cpp__visibility_control.h
-- Installing: /home/amadorjosephg/CA-Embedded-MiniProject/comet_bot_ws/install/unique_identifier_msgs/lib/libunique_identifier_msgs__rosidl_typesupport_fastrtps_cpp.so
-- Set runtime path of "/home/amadorjosephg/CA-Embedded-MiniProject/comet_bot_ws/install/unique_identifier_msgs/lib/libunique_identifier_msgs__rosidl_typesupport_fastrtps_cpp.so" to ""
-- Up-to-date: /home/amadorjosephg/CA-Embedded-MiniProject/comet_bot_ws/install/unique_identifier_msgs/include/unique_identifier_msgs/unique_identifier_msgs
-- Up-to-date: /home/amadorjosephg/CA-Embedded-MiniProject/comet_bot_ws/install/unique_identifier_msgs/include/unique_identifier_msgs/unique_identifier_msgs/msg
-- Up-to-date: /home/amadorjosephg/CA-Embedded-MiniProject/comet_bot_ws/install/unique_identifier_msgs/include/unique_identifier_msgs/unique_identifier_msgs/msg/detail
-- Installing: /home/amadorjosephg/CA-Embedded-MiniProject/comet_bot_ws/install/unique_identifier_msgs/include/unique_identifier_msgs/unique_identifier_msgs/msg/detail/uuid__type_support.cpp
-- Installing: /home/amadorjosephg/CA-Embedded-MiniProject/comet_bot_ws/install/unique_identifier_msgs/include/unique_identifier_msgs/unique_identifier_msgs/msg/detail/uuid__rosidl_typesupport_introspection_cpp.hpp
-- Installing: /home/amadorjosephg/CA-Embedded-MiniProject/comet_bot_ws/install/unique_identifier_msgs/lib/libunique_identifier_msgs__rosidl_typesupport_introspection_cpp.so
-- Set runtime path of "/home/amadorjosephg/CA-Embedded-MiniProject/comet_bot_ws/install/unique_identifier_msgs/lib/libunique_identifier_msgs__rosidl_typesupport_introspection_cpp.so" to ""
-- Installing: /home/amadorjosephg/CA-Embedded-MiniProject/comet_bot_ws/install/unique_identifier_msgs/lib/libunique_identifier_msgs__rosidl_typesupport_cpp.so
-- Set runtime path of "/home/amadorjosephg/CA-Embedded-MiniProject/comet_bot_ws/install/unique_identifier_msgs/lib/libunique_identifier_msgs__rosidl_typesupport_cpp.so" to ""
-- Installing: /home/amadorjosephg/CA-Embedded-MiniProject/comet_bot_ws/install/unique_identifier_msgs/share/unique_identifier_msgs/environment/pythonpath.sh
-- Installing: /home/amadorjosephg/CA-Embedded-MiniProject/comet_bot_ws/install/unique_identifier_msgs/share/unique_identifier_msgs/environment/pythonpath.dsv
-- Installing: /home/amadorjosephg/CA-Embedded-MiniProject/comet_bot_ws/install/unique_identifier_msgs/local/lib/python3.10/dist-packages/unique_identifier_msgs-2.2.1-py3.10.egg-info
-- Installing: /home/amadorjosephg/CA-Embedded-MiniProject/comet_bot_ws/install/unique_identifier_msgs/local/lib/python3.10/dist-packages/unique_identifier_msgs-2.2.1-py3.10.egg-info/PKG-INFO
-- Installing: /home/amadorjosephg/CA-Embedded-MiniProject/comet_bot_ws/install/unique_identifier_msgs/local/lib/python3.10/dist-packages/unique_identifier_msgs-2.2.1-py3.10.egg-info/dependency_links.txt
-- Installing: /home/amadorjosephg/CA-Embedded-MiniProject/comet_bot_ws/install/unique_identifier_msgs/local/lib/python3.10/dist-packages/unique_identifier_msgs-2.2.1-py3.10.egg-info/top_level.txt
-- Installing: /home/amadorjosephg/CA-Embedded-MiniProject/comet_bot_ws/install/unique_identifier_msgs/local/lib/python3.10/dist-packages/unique_identifier_msgs-2.2.1-py3.10.egg-info/SOURCES.txt
-- Installing: /home/amadorjosephg/CA-Embedded-MiniProject/comet_bot_ws/install/unique_identifier_msgs/local/lib/python3.10/dist-packages/unique_identifier_msgs
-- Installing: /home/amadorjosephg/CA-Embedded-MiniProject/comet_bot_ws/install/unique_identifier_msgs/local/lib/python3.10/dist-packages/unique_identifier_msgs/unique_identifier_msgs_s__rosidl_typesupport_introspection_c.cpython-310-x86_64-linux-gnu.so
-- Installing: /home/amadorjosephg/CA-Embedded-MiniProject/comet_bot_ws/install/unique_identifier_msgs/local/lib/python3.10/dist-packages/unique_identifier_msgs/unique_identifier_msgs_s__rosidl_typesupport_fastrtps_c.cpython-310-x86_64-linux-gnu.so
-- Installing: /home/amadorjosephg/CA-Embedded-MiniProject/comet_bot_ws/install/unique_identifier_msgs/local/lib/python3.10/dist-packages/unique_identifier_msgs/__init__.py
-- Installing: /home/amadorjosephg/CA-Embedded-MiniProject/comet_bot_ws/install/unique_identifier_msgs/local/lib/python3.10/dist-packages/unique_identifier_msgs/unique_identifier_msgs_s__rosidl_typesupport_microxrcedds_c.cpython-310-x86_64-linux-gnu.so
-- Installing: /home/amadorjosephg/CA-Embedded-MiniProject/comet_bot_ws/install/unique_identifier_msgs/local/lib/python3.10/dist-packages/unique_identifier_msgs/unique_identifier_msgs_s__rosidl_typesupport_c.cpython-310-x86_64-linux-gnu.so
-- Installing: /home/amadorjosephg/CA-Embedded-MiniProject/comet_bot_ws/install/unique_identifier_msgs/local/lib/python3.10/dist-packages/unique_identifier_msgs/msg
-- Installing: /home/amadorjosephg/CA-Embedded-MiniProject/comet_bot_ws/install/unique_identifier_msgs/local/lib/python3.10/dist-packages/unique_identifier_msgs/msg/_uuid.py
-- Installing: /home/amadorjosephg/CA-Embedded-MiniProject/comet_bot_ws/install/unique_identifier_msgs/local/lib/python3.10/dist-packages/unique_identifier_msgs/msg/__init__.py
-- Installing: /home/amadorjosephg/CA-Embedded-MiniProject/comet_bot_ws/install/unique_identifier_msgs/local/lib/python3.10/dist-packages/unique_identifier_msgs/msg/_uuid_s.c
-- Installing: /home/amadorjosephg/CA-Embedded-MiniProject/comet_bot_ws/install/unique_identifier_msgs/local/lib/python3.10/dist-packages/unique_identifier_msgs/_unique_identifier_msgs_s.ep.rosidl_typesupport_fastrtps_c.c
-- Installing: /home/amadorjosephg/CA-Embedded-MiniProject/comet_bot_ws/install/unique_identifier_msgs/local/lib/python3.10/dist-packages/unique_identifier_msgs/libunique_identifier_msgs__rosidl_generator_py.so
-- Installing: /home/amadorjosephg/CA-Embedded-MiniProject/comet_bot_ws/install/unique_identifier_msgs/local/lib/python3.10/dist-packages/unique_identifier_msgs/_unique_identifier_msgs_s.ep.rosidl_typesupport_microxrcedds_c.c
-- Installing: /home/amadorjosephg/CA-Embedded-MiniProject/comet_bot_ws/install/unique_identifier_msgs/local/lib/python3.10/dist-packages/unique_identifier_msgs/_unique_identifier_msgs_s.ep.rosidl_typesupport_introspection_c.c
-- Installing: /home/amadorjosephg/CA-Embedded-MiniProject/comet_bot_ws/install/unique_identifier_msgs/local/lib/python3.10/dist-packages/unique_identifier_msgs/_unique_identifier_msgs_s.ep.rosidl_typesupport_c.c
Listing '/home/amadorjosephg/CA-Embedded-MiniProject/comet_bot_ws/install/unique_identifier_msgs/local/lib/python3.10/dist-packages/unique_identifier_msgs'...
Compiling '/home/amadorjosephg/CA-Embedded-MiniProject/comet_bot_ws/install/unique_identifier_msgs/local/lib/python3.10/dist-packages/unique_identifier_msgs/__init__.py'...
Listing '/home/amadorjosephg/CA-Embedded-MiniProject/comet_bot_ws/install/unique_identifier_msgs/local/lib/python3.10/dist-packages/unique_identifier_msgs/msg'...
Compiling '/home/amadorjosephg/CA-Embedded-MiniProject/comet_bot_ws/install/unique_identifier_msgs/local/lib/python3.10/dist-packages/unique_identifier_msgs/msg/__init__.py'...
Compiling '/home/amadorjosephg/CA-Embedded-MiniProject/comet_bot_ws/install/unique_identifier_msgs/local/lib/python3.10/dist-packages/unique_identifier_msgs/msg/_uuid.py'...
-- Installing: /home/amadorjosephg/CA-Embedded-MiniProject/comet_bot_ws/install/unique_identifier_msgs/local/lib/python3.10/dist-packages/unique_identifier_msgs/unique_identifier_msgs_s__rosidl_typesupport_microxrcedds_c.cpython-310-x86_64-linux-gnu.so
-- Set runtime path of "/home/amadorjosephg/CA-Embedded-MiniProject/comet_bot_ws/install/unique_identifier_msgs/local/lib/python3.10/dist-packages/unique_identifier_msgs/unique_identifier_msgs_s__rosidl_typesupport_microxrcedds_c.cpython-310-x86_64-linux-gnu.so" to ""
-- Installing: /home/amadorjosephg/CA-Embedded-MiniProject/comet_bot_ws/install/unique_identifier_msgs/local/lib/python3.10/dist-packages/unique_identifier_msgs/unique_identifier_msgs_s__rosidl_typesupport_fastrtps_c.cpython-310-x86_64-linux-gnu.so
-- Set runtime path of "/home/amadorjosephg/CA-Embedded-MiniProject/comet_bot_ws/install/unique_identifier_msgs/local/lib/python3.10/dist-packages/unique_identifier_msgs/unique_identifier_msgs_s__rosidl_typesupport_fastrtps_c.cpython-310-x86_64-linux-gnu.so" to ""
-- Installing: /home/amadorjosephg/CA-Embedded-MiniProject/comet_bot_ws/install/unique_identifier_msgs/local/lib/python3.10/dist-packages/unique_identifier_msgs/unique_identifier_msgs_s__rosidl_typesupport_introspection_c.cpython-310-x86_64-linux-gnu.so
-- Set runtime path of "/home/amadorjosephg/CA-Embedded-MiniProject/comet_bot_ws/install/unique_identifier_msgs/local/lib/python3.10/dist-packages/unique_identifier_msgs/unique_identifier_msgs_s__rosidl_typesupport_introspection_c.cpython-310-x86_64-linux-gnu.so" to ""
-- Installing: /home/amadorjosephg/CA-Embedded-MiniProject/comet_bot_ws/install/unique_identifier_msgs/local/lib/python3.10/dist-packages/unique_identifier_msgs/unique_identifier_msgs_s__rosidl_typesupport_c.cpython-310-x86_64-linux-gnu.so
-- Set runtime path of "/home/amadorjosephg/CA-Embedded-MiniProject/comet_bot_ws/install/unique_identifier_msgs/local/lib/python3.10/dist-packages/unique_identifier_msgs/unique_identifier_msgs_s__rosidl_typesupport_c.cpython-310-x86_64-linux-gnu.so" to ""
-- Installing: /home/amadorjosephg/CA-Embedded-MiniProject/comet_bot_ws/install/unique_identifier_msgs/lib/libunique_identifier_msgs__rosidl_generator_py.so
-- Set runtime path of "/home/amadorjosephg/CA-Embedded-MiniProject/comet_bot_ws/install/unique_identifier_msgs/lib/libunique_identifier_msgs__rosidl_generator_py.so" to ""
-- Installing: /home/amadorjosephg/CA-Embedded-MiniProject/comet_bot_ws/install/unique_identifier_msgs/share/unique_identifier_msgs/msg/UUID.idl
-- Installing: /home/amadorjosephg/CA-Embedded-MiniProject/comet_bot_ws/install/unique_identifier_msgs/share/unique_identifier_msgs/msg/UUID.msg
-- Installing: /home/amadorjosephg/CA-Embedded-MiniProject/comet_bot_ws/install/unique_identifier_msgs/share/ament_index/resource_index/package_run_dependencies/unique_identifier_msgs
-- Installing: /home/amadorjosephg/CA-Embedded-MiniProject/comet_bot_ws/install/unique_identifier_msgs/share/ament_index/resource_index/parent_prefix_path/unique_identifier_msgs
-- Installing: /home/amadorjosephg/CA-Embedded-MiniProject/comet_bot_ws/install/unique_identifier_msgs/share/unique_identifier_msgs/environment/ament_prefix_path.sh
-- Installing: /home/amadorjosephg/CA-Embedded-MiniProject/comet_bot_ws/install/unique_identifier_msgs/share/unique_identifier_msgs/environment/ament_prefix_path.dsv
-- Installing: /home/amadorjosephg/CA-Embedded-MiniProject/comet_bot_ws/install/unique_identifier_msgs/share/unique_identifier_msgs/environment/path.sh
-- Installing: /home/amadorjosephg/CA-Embedded-MiniProject/comet_bot_ws/install/unique_identifier_msgs/share/unique_identifier_msgs/environment/path.dsv
-- Installing: /home/amadorjosephg/CA-Embedded-MiniProject/comet_bot_ws/install/unique_identifier_msgs/share/unique_identifier_msgs/local_setup.bash
-- Installing: /home/amadorjosephg/CA-Embedded-MiniProject/comet_bot_ws/install/unique_identifier_msgs/share/unique_identifier_msgs/local_setup.sh
-- Installing: /home/amadorjosephg/CA-Embedded-MiniProject/comet_bot_ws/install/unique_identifier_msgs/share/unique_identifier_msgs/local_setup.zsh
-- Installing: /home/amadorjosephg/CA-Embedded-MiniProject/comet_bot_ws/install/unique_identifier_msgs/share/unique_identifier_msgs/local_setup.dsv
-- Installing: /home/amadorjosephg/CA-Embedded-MiniProject/comet_bot_ws/install/unique_identifier_msgs/share/unique_identifier_msgs/package.dsv
-- Installing: /home/amadorjosephg/CA-Embedded-MiniProject/comet_bot_ws/install/unique_identifier_msgs/share/ament_index/resource_index/packages/unique_identifier_msgs
-- Installing: /home/amadorjosephg/CA-Embedded-MiniProject/comet_bot_ws/install/unique_identifier_msgs/share/unique_identifier_msgs/cmake/export_unique_identifier_msgs__rosidl_generator_cExport.cmake
-- Installing: /home/amadorjosephg/CA-Embedded-MiniProject/comet_bot_ws/install/unique_identifier_msgs/share/unique_identifier_msgs/cmake/export_unique_identifier_msgs__rosidl_generator_cExport-noconfig.cmake
-- Installing: /home/amadorjosephg/CA-Embedded-MiniProject/comet_bot_ws/install/unique_identifier_msgs/share/unique_identifier_msgs/cmake/export_unique_identifier_msgs__rosidl_typesupport_fastrtps_cExport.cmake
-- Installing: /home/amadorjosephg/CA-Embedded-MiniProject/comet_bot_ws/install/unique_identifier_msgs/share/unique_identifier_msgs/cmake/export_unique_identifier_msgs__rosidl_typesupport_fastrtps_cExport-noconfig.cmake
-- Installing: /home/amadorjosephg/CA-Embedded-MiniProject/comet_bot_ws/install/unique_identifier_msgs/share/unique_identifier_msgs/cmake/unique_identifier_msgs__rosidl_typesupport_introspection_cExport.cmake
-- Installing: /home/amadorjosephg/CA-Embedded-MiniProject/comet_bot_ws/install/unique_identifier_msgs/share/unique_identifier_msgs/cmake/unique_identifier_msgs__rosidl_typesupport_introspection_cExport-noconfig.cmake
-- Installing: /home/amadorjosephg/CA-Embedded-MiniProject/comet_bot_ws/install/unique_identifier_msgs/share/unique_identifier_msgs/cmake/unique_identifier_msgs__rosidl_typesupport_cExport.cmake
-- Installing: /home/amadorjosephg/CA-Embedded-MiniProject/comet_bot_ws/install/unique_identifier_msgs/share/unique_identifier_msgs/cmake/unique_identifier_msgs__rosidl_typesupport_cExport-noconfig.cmake
-- Installing: /home/amadorjosephg/CA-Embedded-MiniProject/comet_bot_ws/install/unique_identifier_msgs/share/unique_identifier_msgs/cmake/export_unique_identifier_msgs__rosidl_generator_cppExport.cmake
-- Installing: /home/amadorjosephg/CA-Embedded-MiniProject/comet_bot_ws/install/unique_identifier_msgs/share/unique_identifier_msgs/cmake/export_unique_identifier_msgs__rosidl_typesupport_fastrtps_cppExport.cmake
-- Installing: /home/amadorjosephg/CA-Embedded-MiniProject/comet_bot_ws/install/unique_identifier_msgs/share/unique_identifier_msgs/cmake/export_unique_identifier_msgs__rosidl_typesupport_fastrtps_cppExport-noconfig.cmake
-- Installing: /home/amadorjosephg/CA-Embedded-MiniProject/comet_bot_ws/install/unique_identifier_msgs/share/unique_identifier_msgs/cmake/unique_identifier_msgs__rosidl_typesupport_introspection_cppExport.cmake
-- Installing: /home/amadorjosephg/CA-Embedded-MiniProject/comet_bot_ws/install/unique_identifier_msgs/share/unique_identifier_msgs/cmake/unique_identifier_msgs__rosidl_typesupport_introspection_cppExport-noconfig.cmake
-- Installing: /home/amadorjosephg/CA-Embedded-MiniProject/comet_bot_ws/install/unique_identifier_msgs/share/unique_identifier_msgs/cmake/unique_identifier_msgs__rosidl_typesupport_cppExport.cmake
-- Installing: /home/amadorjosephg/CA-Embedded-MiniProject/comet_bot_ws/install/unique_identifier_msgs/share/unique_identifier_msgs/cmake/unique_identifier_msgs__rosidl_typesupport_cppExport-noconfig.cmake
-- Installing: /home/amadorjosephg/CA-Embedded-MiniProject/comet_bot_ws/install/unique_identifier_msgs/share/unique_identifier_msgs/cmake/export_unique_identifier_msgs__rosidl_generator_pyExport.cmake
-- Installing: /home/amadorjosephg/CA-Embedded-MiniProject/comet_bot_ws/install/unique_identifier_msgs/share/unique_identifier_msgs/cmake/export_unique_identifier_msgs__rosidl_generator_pyExport-noconfig.cmake
-- Installing: /home/amadorjosephg/CA-Embedded-MiniProject/comet_bot_ws/install/unique_identifier_msgs/share/unique_identifier_msgs/cmake/rosidl_cmake-extras.cmake
-- Installing: /home/amadorjosephg/CA-Embedded-MiniProject/comet_bot_ws/install/unique_identifier_msgs/share/unique_identifier_msgs/cmake/ament_cmake_export_include_directories-extras.cmake
-- Installing: /home/amadorjosephg/CA-Embedded-MiniProject/comet_bot_ws/install/unique_identifier_msgs/share/unique_identifier_msgs/cmake/ament_cmake_export_libraries-extras.cmake
-- Installing: /home/amadorjosephg/CA-Embedded-MiniProject/comet_bot_ws/install/unique_identifier_msgs/share/unique_identifier_msgs/cmake/ament_cmake_export_targets-extras.cmake
-- Installing: /home/amadorjosephg/CA-Embedded-MiniProject/comet_bot_ws/install/unique_identifier_msgs/share/unique_identifier_msgs/cmake/rosidl_cmake_export_typesupport_targets-extras.cmake
-- Installing: /home/amadorjosephg/CA-Embedded-MiniProject/comet_bot_ws/install/unique_identifier_msgs/share/unique_identifier_msgs/cmake/ament_cmake_export_dependencies-extras.cmake
-- Installing: /home/amadorjosephg/CA-Embedded-MiniProject/comet_bot_ws/install/unique_identifier_msgs/share/unique_identifier_msgs/cmake/rosidl_cmake_export_typesupport_libraries-extras.cmake
-- Installing: /home/amadorjosephg/CA-Embedded-MiniProject/comet_bot_ws/install/unique_identifier_msgs/share/unique_identifier_msgs/cmake/unique_identifier_msgsConfig.cmake
-- Installing: /home/amadorjosephg/CA-Embedded-MiniProject/comet_bot_ws/install/unique_identifier_msgs/share/unique_identifier_msgs/cmake/unique_identifier_msgsConfig-version.cmake
-- Installing: /home/amadorjosephg/CA-Embedded-MiniProject/comet_bot_ws/install/unique_identifier_msgs/share/unique_identifier_msgs/package.xml
-- Installing: /home/amadorjosephg/CA-Embedded-MiniProject/comet_bot_ws/install/unique_identifier_msgs/share/unique_identifier_msgs/mapping_rules.yaml
