[0.844s] Invoking command in '/home/amadorjosephg/CA-Embedded-MiniProject/comet_bot_ws/src/jetson_topic_relay': PYTHONPATH=/home/amadorjosephg/CA-Embedded-MiniProject/comet_bot_ws/build/jetson_topic_relay/prefix_override:/usr/lib/python3/dist-packages/colcon_core/task/python/colcon_distutils_commands:/home/amadorjosephg/CA-Embedded-MiniProject/comet_bot_ws/install/jetson_topic_relay/lib/python3.10/site-packages:${PYTHONPATH} /usr/bin/python3 -W ignore:setup.py install is deprecated setup.py egg_info --egg-base ../../build/jetson_topic_relay build --build-base /home/amadorjosephg/CA-Embedded-MiniProject/comet_bot_ws/build/jetson_topic_relay/build install --record /home/amadorjosephg/CA-Embedded-MiniProject/comet_bot_ws/build/jetson_topic_relay/install.log --single-version-externally-managed install_data
[1.069s] running egg_info
[1.072s] writing ../../build/jetson_topic_relay/jetson_topic_relay.egg-info/PKG-INFO
[1.072s] writing dependency_links to ../../build/jetson_topic_relay/jetson_topic_relay.egg-info/dependency_links.txt
[1.072s] writing entry points to ../../build/jetson_topic_relay/jetson_topic_relay.egg-info/entry_points.txt
[1.072s] writing requirements to ../../build/jetson_topic_relay/jetson_topic_relay.egg-info/requires.txt
[1.072s] writing top-level names to ../../build/jetson_topic_relay/jetson_topic_relay.egg-info/top_level.txt
[1.073s] reading manifest file '../../build/jetson_topic_relay/jetson_topic_relay.egg-info/SOURCES.txt'
[1.074s] adding license file 'LICENSE'
[1.076s] writing manifest file '../../build/jetson_topic_relay/jetson_topic_relay.egg-info/SOURCES.txt'
[1.076s] running build
[1.076s] running build_py
[1.076s] copying jetson_topic_relay/relay_node.py -> /home/amadorjosephg/CA-Embedded-MiniProject/comet_bot_ws/build/jetson_topic_relay/build/lib/jetson_topic_relay
[1.076s] running install
[1.076s] running install_lib
[1.077s] copying /home/amadorjosephg/CA-Embedded-MiniProject/comet_bot_ws/build/jetson_topic_relay/build/lib/jetson_topic_relay/relay_node.py -> /home/amadorjosephg/CA-Embedded-MiniProject/comet_bot_ws/install/jetson_topic_relay/lib/python3.10/site-packages/jetson_topic_relay
[1.077s] byte-compiling /home/amadorjosephg/CA-Embedded-MiniProject/comet_bot_ws/install/jetson_topic_relay/lib/python3.10/site-packages/jetson_topic_relay/relay_node.py to relay_node.cpython-310.pyc
[1.079s] running install_data
[1.079s] copying package.xml -> /home/amadorjosephg/CA-Embedded-MiniProject/comet_bot_ws/install/jetson_topic_relay/share/jetson_topic_relay
[1.079s] running install_egg_info
[1.081s] Copying ../../build/jetson_topic_relay/jetson_topic_relay.egg-info to /home/amadorjosephg/CA-Embedded-MiniProject/comet_bot_ws/install/jetson_topic_relay/lib/python3.10/site-packages/jetson_topic_relay-0.0.1-py3.10.egg-info
[1.082s] running install_scripts
[1.100s] Installing relay_node script to /home/amadorjosephg/CA-Embedded-MiniProject/comet_bot_ws/install/jetson_topic_relay/lib/jetson_topic_relay
[1.112s] writing list of installed files to '/home/amadorjosephg/CA-Embedded-MiniProject/comet_bot_ws/build/jetson_topic_relay/install.log'
[1.136s] Invoked command in '/home/amadorjosephg/CA-Embedded-MiniProject/comet_bot_ws/src/jetson_topic_relay' returned '0': PYTHONPATH=/home/amadorjosephg/CA-Embedded-MiniProject/comet_bot_ws/build/jetson_topic_relay/prefix_override:/usr/lib/python3/dist-packages/colcon_core/task/python/colcon_distutils_commands:/home/amadorjosephg/CA-Embedded-MiniProject/comet_bot_ws/install/jetson_topic_relay/lib/python3.10/site-packages:${PYTHONPATH} /usr/bin/python3 -W ignore:setup.py install is deprecated setup.py egg_info --egg-base ../../build/jetson_topic_relay build --build-base /home/amadorjosephg/CA-Embedded-MiniProject/comet_bot_ws/build/jetson_topic_relay/build install --record /home/amadorjosephg/CA-Embedded-MiniProject/comet_bot_ws/build/jetson_topic_relay/install.log --single-version-externally-managed install_data
