[0.048s] Invoking command in '/home/amadorjosephg/CA-Embedded-MiniProject/comet_bot_ws/build/micro_ros_msgs': CMAKE_PREFIX_PATH=${CMAKE_PREFIX_PATH}:/home/amadorjosephg/CA-Embedded-MiniProject/comet_bot_ws/install/lunabot_control:/home/amadorjosephg/CA-Embedded-MiniProject/comet_bot_ws/install/jetson_topic_relay:/opt/ros/humble /usr/bin/cmake /home/amadorjosephg/CA-Embedded-MiniProject/comet_bot_ws/src/uros/micro_ros_msgs -DBUILD_TESTING=OFF -DBUILD_SHARED_LIBS=ON -DCMAKE_INSTALL_PREFIX=/home/amadorjosephg/CA-Embedded-MiniProject/comet_bot_ws/install/micro_ros_msgs
[0.206s] -- The C compiler identification is GNU 11.4.0
[0.288s] -- The CXX compiler identification is GNU 11.4.0
[0.298s] -- Detecting C compiler ABI info
[0.453s] -- Detecting C compiler ABI info - done
[0.466s] -- Check for working C compiler: /usr/bin/cc - skipped
[0.466s] -- Detecting C compile features
[0.466s] -- Detecting C compile features - done
[0.469s] -- Detecting CXX compiler ABI info
[0.705s] -- Detecting CXX compiler ABI info - done
[0.722s] -- Check for working CXX compiler: /usr/bin/c++ - skipped
[0.723s] -- Detecting CXX compile features
[0.723s] -- Detecting CXX compile features - done
[0.727s] -- Found ament_cmake: 1.3.9 (/opt/ros/humble/share/ament_cmake/cmake)
[0.922s] -- Found Python3: /usr/bin/python3 (found version "3.10.12") found components: Interpreter 
[1.076s] -- Found rosidl_default_generators: 1.2.0 (/opt/ros/humble/share/rosidl_default_generators/cmake)
[1.106s] -- Using all available rosidl_typesupport_c: rosidl_typesupport_microxrcedds_c;rosidl_typesupport_fastrtps_c;rosidl_typesupport_introspection_c
[1.157s] -- Found rosidl_adapter: 3.1.5 (/opt/ros/humble/share/rosidl_adapter/cmake)
[1.242s] -- Using all available rosidl_typesupport_cpp: rosidl_typesupport_microxrcedds_cpp;rosidl_typesupport_fastrtps_cpp;rosidl_typesupport_introspection_cpp
[1.653s] -- Found ament_cmake_ros: 0.10.0 (/opt/ros/humble/share/ament_cmake_ros/cmake)
[2.033s] -- Using all available rosidl_typesupport_c: rosidl_typesupport_microxrcedds_c;rosidl_typesupport_fastrtps_c;rosidl_typesupport_introspection_c
[2.623s] -- Using all available rosidl_typesupport_cpp: rosidl_typesupport_microxrcedds_cpp;rosidl_typesupport_fastrtps_cpp;rosidl_typesupport_introspection_cpp
[2.683s] -- Found PythonInterp: /usr/bin/python3 (found suitable version "3.10.12", minimum required is "3.6") 
[2.685s] -- Found python_cmake_module: 0.10.0 (/opt/ros/humble/share/python_cmake_module/cmake)
[2.734s] -- Found PythonLibs: /usr/lib/x86_64-linux-gnu/libpython3.10.so (found suitable version "3.10.12", minimum required is "3.5") 
[2.734s] -- Using PYTHON_EXECUTABLE: /usr/bin/python3
[2.734s] -- Using PYTHON_INCLUDE_DIRS: /usr/include/python3.10
[2.735s] -- Using PYTHON_LIBRARIES: /usr/lib/x86_64-linux-gnu/libpython3.10.so
[2.821s] -- Found PythonExtra: .so  
[2.894s] -- Configuring done
[3.008s] -- Generating done
[3.093s] -- Build files have been written to: /home/amadorjosephg/CA-Embedded-MiniProject/comet_bot_ws/build/micro_ros_msgs
[3.111s] Invoked command in '/home/amadorjosephg/CA-Embedded-MiniProject/comet_bot_ws/build/micro_ros_msgs' returned '0': CMAKE_PREFIX_PATH=${CMAKE_PREFIX_PATH}:/home/amadorjosephg/CA-Embedded-MiniProject/comet_bot_ws/install/lunabot_control:/home/amadorjosephg/CA-Embedded-MiniProject/comet_bot_ws/install/jetson_topic_relay:/opt/ros/humble /usr/bin/cmake /home/amadorjosephg/CA-Embedded-MiniProject/comet_bot_ws/src/uros/micro_ros_msgs -DBUILD_TESTING=OFF -DBUILD_SHARED_LIBS=ON -DCMAKE_INSTALL_PREFIX=/home/amadorjosephg/CA-Embedded-MiniProject/comet_bot_ws/install/micro_ros_msgs
[3.111s] Invoking command in '/home/amadorjosephg/CA-Embedded-MiniProject/comet_bot_ws/build/micro_ros_msgs': CMAKE_PREFIX_PATH=${CMAKE_PREFIX_PATH}:/home/amadorjosephg/CA-Embedded-MiniProject/comet_bot_ws/install/lunabot_control:/home/amadorjosephg/CA-Embedded-MiniProject/comet_bot_ws/install/jetson_topic_relay:/opt/ros/humble /usr/bin/cmake --build /home/amadorjosephg/CA-Embedded-MiniProject/comet_bot_ws/build/micro_ros_msgs -- -j4 -l4
[3.375s] [  1%] [34m[1mGenerating C++ code for ROS interfaces[0m
[3.375s] [  3%] [34m[1mGenerating C code for ROS interfaces[0m
[3.621s] [  3%] Built target ament_cmake_python_copy_micro_ros_msgs
[4.313s] running egg_info
[4.314s] creating micro_ros_msgs.egg-info
[4.320s] writing micro_ros_msgs.egg-info/PKG-INFO
[4.434s] writing dependency_links to micro_ros_msgs.egg-info/dependency_links.txt
[4.435s] writing top-level names to micro_ros_msgs.egg-info/top_level.txt
[4.436s] writing manifest file 'micro_ros_msgs.egg-info/SOURCES.txt'
[4.445s] reading manifest file 'micro_ros_msgs.egg-info/SOURCES.txt'
[4.445s] writing manifest file 'micro_ros_msgs.egg-info/SOURCES.txt'
[4.516s] [  3%] Built target ament_cmake_python_build_micro_ros_msgs_egg
[4.808s] [  5%] [32mBuilding C object CMakeFiles/micro_ros_msgs__rosidl_generator_c.dir/rosidl_generator_c/micro_ros_msgs/msg/detail/graph__functions.c.o[0m
[4.827s] [  6%] [32mBuilding C object CMakeFiles/micro_ros_msgs__rosidl_generator_c.dir/rosidl_generator_c/micro_ros_msgs/msg/detail/node__functions.c.o[0m
[5.018s] [  8%] [32mBuilding C object CMakeFiles/micro_ros_msgs__rosidl_generator_c.dir/rosidl_generator_c/micro_ros_msgs/msg/detail/entity__functions.c.o[0m
[5.300s] [  8%] Built target micro_ros_msgs__cpp
[5.300s] [ 10%] [32m[1mLinking C shared library libmicro_ros_msgs__rosidl_generator_c.so[0m
[5.346s] [ 11%] [34m[1mGenerating C++ type support for eProsima Fast-RTPS[0m
[5.379s] [ 13%] [34m[1mGenerating C++ introspection for ROS interfaces[0m
[5.461s] [ 15%] [34m[1mGenerating C++ type support dispatch for ROS interfaces[0m
[5.576s] [ 15%] Built target micro_ros_msgs__rosidl_generator_c
[5.961s] [ 16%] [34m[1mGenerating C++ type support for eProsima Micro XRCE-DDS[0m
[6.498s] [ 18%] [32mBuilding CXX object CMakeFiles/micro_ros_msgs__rosidl_typesupport_introspection_cpp.dir/rosidl_typesupport_introspection_cpp/micro_ros_msgs/msg/detail/graph__type_support.cpp.o[0m
[6.527s] [ 20%] [32mBuilding CXX object CMakeFiles/micro_ros_msgs__rosidl_typesupport_cpp.dir/rosidl_typesupport_cpp/micro_ros_msgs/msg/graph__type_support.cpp.o[0m
[6.814s] [ 22%] [32mBuilding CXX object CMakeFiles/micro_ros_msgs__rosidl_typesupport_fastrtps_cpp.dir/rosidl_typesupport_fastrtps_cpp/micro_ros_msgs/msg/detail/dds_fastrtps/graph__type_support.cpp.o[0m
[7.309s] [ 23%] [32mBuilding CXX object CMakeFiles/micro_ros_msgs__rosidl_typesupport_cpp.dir/rosidl_typesupport_cpp/micro_ros_msgs/msg/node__type_support.cpp.o[0m
[7.312s] [ 25%] [32mBuilding CXX object CMakeFiles/micro_ros_msgs__rosidl_typesupport_microxrcedds_cpp.dir/rosidl_typesupport_microxrcedds_cpp/micro_ros_msgs/msg/detail/microxrcedds/graph__type_support_cpp.cpp.o[0m
[7.971s] [ 27%] [32mBuilding CXX object CMakeFiles/micro_ros_msgs__rosidl_typesupport_cpp.dir/rosidl_typesupport_cpp/micro_ros_msgs/msg/entity__type_support.cpp.o[0m
[8.056s] [ 28%] [32mBuilding CXX object CMakeFiles/micro_ros_msgs__rosidl_typesupport_microxrcedds_cpp.dir/rosidl_typesupport_microxrcedds_cpp/micro_ros_msgs/msg/detail/microxrcedds/node__type_support_cpp.cpp.o[0m
[8.056s] [ 30%] [32mBuilding CXX object CMakeFiles/micro_ros_msgs__rosidl_typesupport_fastrtps_cpp.dir/rosidl_typesupport_fastrtps_cpp/micro_ros_msgs/msg/detail/dds_fastrtps/node__type_support.cpp.o[0m
[8.473s] [ 32%] [32m[1mLinking CXX shared library libmicro_ros_msgs__rosidl_typesupport_cpp.so[0m
[8.508s] [ 33%] [32mBuilding CXX object CMakeFiles/micro_ros_msgs__rosidl_typesupport_introspection_cpp.dir/rosidl_typesupport_introspection_cpp/micro_ros_msgs/msg/detail/node__type_support.cpp.o[0m
[8.768s] [ 33%] Built target micro_ros_msgs__rosidl_typesupport_cpp
[8.788s] [ 35%] [34m[1mGenerating C type support for eProsima Micro XRCE-DDS[0m
[9.075s] [ 37%] [32mBuilding CXX object CMakeFiles/micro_ros_msgs__rosidl_typesupport_microxrcedds_cpp.dir/rosidl_typesupport_microxrcedds_cpp/micro_ros_msgs/msg/detail/microxrcedds/entity__type_support_cpp.cpp.o[0m
[9.583s] [ 38%] [32mBuilding CXX object CMakeFiles/micro_ros_msgs__rosidl_typesupport_introspection_cpp.dir/rosidl_typesupport_introspection_cpp/micro_ros_msgs/msg/detail/entity__type_support.cpp.o[0m
[9.692s] [ 40%] [32mBuilding CXX object CMakeFiles/micro_ros_msgs__rosidl_typesupport_fastrtps_cpp.dir/rosidl_typesupport_fastrtps_cpp/micro_ros_msgs/msg/detail/dds_fastrtps/entity__type_support.cpp.o[0m
[9.932s] [ 42%] [32mBuilding C object CMakeFiles/micro_ros_msgs__rosidl_typesupport_microxrcedds_c.dir/rosidl_typesupport_microxrcedds_c/micro_ros_msgs/msg/detail/microxrcedds/graph__type_support_c.c.o[0m
[9.982s] [ 44%] [32m[1mLinking CXX shared library libmicro_ros_msgs__rosidl_typesupport_microxrcedds_cpp.so[0m
[10.135s] [ 45%] [32mBuilding C object CMakeFiles/micro_ros_msgs__rosidl_typesupport_microxrcedds_c.dir/rosidl_typesupport_microxrcedds_c/micro_ros_msgs/msg/detail/microxrcedds/node__type_support_c.c.o[0m
[10.339s] [ 45%] Built target micro_ros_msgs__rosidl_typesupport_microxrcedds_cpp
[10.342s] [ 47%] [32mBuilding C object CMakeFiles/micro_ros_msgs__rosidl_typesupport_microxrcedds_c.dir/rosidl_typesupport_microxrcedds_c/micro_ros_msgs/msg/detail/microxrcedds/entity__type_support_c.c.o[0m
[10.372s] [ 49%] [32m[1mLinking CXX shared library libmicro_ros_msgs__rosidl_typesupport_fastrtps_cpp.so[0m
[10.414s] [ 50%] [32m[1mLinking C shared library libmicro_ros_msgs__rosidl_typesupport_microxrcedds_c.so[0m
[10.515s] [ 52%] [32m[1mLinking CXX shared library libmicro_ros_msgs__rosidl_typesupport_introspection_cpp.so[0m
[10.587s] [ 52%] Built target micro_ros_msgs__rosidl_typesupport_microxrcedds_c
[10.607s] [ 52%] Built target micro_ros_msgs__rosidl_typesupport_fastrtps_cpp
[10.694s] [ 52%] Built target micro_ros_msgs__rosidl_typesupport_introspection_cpp
[10.714s] [ 54%] [34m[1mGenerating C type support dispatch for ROS interfaces[0m
[11.109s] [ 55%] [32mBuilding CXX object CMakeFiles/micro_ros_msgs__rosidl_typesupport_c.dir/rosidl_typesupport_c/micro_ros_msgs/msg/graph__type_support.cpp.o[0m
[11.158s] [ 57%] [32mBuilding CXX object CMakeFiles/micro_ros_msgs__rosidl_typesupport_c.dir/rosidl_typesupport_c/micro_ros_msgs/msg/node__type_support.cpp.o[0m
[11.209s] [ 59%] [32mBuilding CXX object CMakeFiles/micro_ros_msgs__rosidl_typesupport_c.dir/rosidl_typesupport_c/micro_ros_msgs/msg/entity__type_support.cpp.o[0m
[11.257s] [ 61%] [32m[1mLinking CXX shared library libmicro_ros_msgs__rosidl_typesupport_c.so[0m
[11.317s] [ 61%] Built target micro_ros_msgs__rosidl_typesupport_c
[11.334s] [ 62%] [34m[1mGenerating C introspection for ROS interfaces[0m
[11.822s] [ 64%] [32mBuilding C object CMakeFiles/micro_ros_msgs__rosidl_typesupport_introspection_c.dir/rosidl_typesupport_introspection_c/micro_ros_msgs/msg/detail/graph__type_support.c.o[0m
[11.887s] [ 66%] [32mBuilding C object CMakeFiles/micro_ros_msgs__rosidl_typesupport_introspection_c.dir/rosidl_typesupport_introspection_c/micro_ros_msgs/msg/detail/entity__type_support.c.o[0m
[11.974s] [ 67%] [32mBuilding C object CMakeFiles/micro_ros_msgs__rosidl_typesupport_introspection_c.dir/rosidl_typesupport_introspection_c/micro_ros_msgs/msg/detail/node__type_support.c.o[0m
[12.074s] [ 69%] [32m[1mLinking C shared library libmicro_ros_msgs__rosidl_typesupport_introspection_c.so[0m
[12.122s] [ 69%] Built target micro_ros_msgs__rosidl_typesupport_introspection_c
[12.176s] [ 71%] [34m[1mGenerating C type support for eProsima Fast-RTPS[0m
[12.590s] [ 72%] [32mBuilding CXX object CMakeFiles/micro_ros_msgs__rosidl_typesupport_fastrtps_c.dir/rosidl_typesupport_fastrtps_c/micro_ros_msgs/msg/detail/graph__type_support_c.cpp.o[0m
[12.963s] [ 74%] [32mBuilding CXX object CMakeFiles/micro_ros_msgs__rosidl_typesupport_fastrtps_c.dir/rosidl_typesupport_fastrtps_c/micro_ros_msgs/msg/detail/entity__type_support_c.cpp.o[0m
[13.437s] [ 76%] [32mBuilding CXX object CMakeFiles/micro_ros_msgs__rosidl_typesupport_fastrtps_c.dir/rosidl_typesupport_fastrtps_c/micro_ros_msgs/msg/detail/node__type_support_c.cpp.o[0m
[13.794s] [ 77%] [32m[1mLinking CXX shared library libmicro_ros_msgs__rosidl_typesupport_fastrtps_c.so[0m
[13.932s] [ 77%] Built target micro_ros_msgs__rosidl_typesupport_fastrtps_c
[13.988s] [ 77%] Built target micro_ros_msgs
[14.093s] [ 79%] [34m[1mGenerating Python code for ROS interfaces[0m
[15.004s] [ 79%] Built target micro_ros_msgs__py
[15.143s] [ 81%] [32mBuilding C object CMakeFiles/micro_ros_msgs__rosidl_generator_py.dir/rosidl_generator_py/micro_ros_msgs/msg/_graph_s.c.o[0m
[15.355s] [ 83%] [32mBuilding C object CMakeFiles/micro_ros_msgs__rosidl_generator_py.dir/rosidl_generator_py/micro_ros_msgs/msg/_entity_s.c.o[0m
[15.482s] [ 84%] [32mBuilding C object CMakeFiles/micro_ros_msgs__rosidl_generator_py.dir/rosidl_generator_py/micro_ros_msgs/msg/_node_s.c.o[0m
[15.610s] [ 86%] [32m[1mLinking C shared library rosidl_generator_py/micro_ros_msgs/libmicro_ros_msgs__rosidl_generator_py.so[0m
[15.726s] [ 86%] Built target micro_ros_msgs__rosidl_generator_py
[15.779s] [ 88%] [32mBuilding C object CMakeFiles/micro_ros_msgs__rosidl_typesupport_microxrcedds_c__pyext.dir/rosidl_generator_py/micro_ros_msgs/_micro_ros_msgs_s.ep.rosidl_typesupport_microxrcedds_c.c.o[0m
[16.073s] [ 89%] [32m[1mLinking C shared library rosidl_generator_py/micro_ros_msgs/micro_ros_msgs_s__rosidl_typesupport_microxrcedds_c.cpython-310-x86_64-linux-gnu.so[0m
[16.125s] [ 89%] Built target micro_ros_msgs__rosidl_typesupport_microxrcedds_c__pyext
[16.157s] [ 91%] [32mBuilding C object CMakeFiles/micro_ros_msgs__rosidl_typesupport_c__pyext.dir/rosidl_generator_py/micro_ros_msgs/_micro_ros_msgs_s.ep.rosidl_typesupport_c.c.o[0m
[16.257s] [ 93%] [32m[1mLinking C shared library rosidl_generator_py/micro_ros_msgs/micro_ros_msgs_s__rosidl_typesupport_c.cpython-310-x86_64-linux-gnu.so[0m
[16.361s] [ 93%] Built target micro_ros_msgs__rosidl_typesupport_c__pyext
[16.528s] [ 94%] [32mBuilding C object CMakeFiles/micro_ros_msgs__rosidl_typesupport_introspection_c__pyext.dir/rosidl_generator_py/micro_ros_msgs/_micro_ros_msgs_s.ep.rosidl_typesupport_introspection_c.c.o[0m
[16.691s] [ 96%] [32m[1mLinking C shared library rosidl_generator_py/micro_ros_msgs/micro_ros_msgs_s__rosidl_typesupport_introspection_c.cpython-310-x86_64-linux-gnu.so[0m
[16.768s] [ 96%] Built target micro_ros_msgs__rosidl_typesupport_introspection_c__pyext
[16.822s] [ 98%] [32mBuilding C object CMakeFiles/micro_ros_msgs__rosidl_typesupport_fastrtps_c__pyext.dir/rosidl_generator_py/micro_ros_msgs/_micro_ros_msgs_s.ep.rosidl_typesupport_fastrtps_c.c.o[0m
[16.944s] [100%] [32m[1mLinking C shared library rosidl_generator_py/micro_ros_msgs/micro_ros_msgs_s__rosidl_typesupport_fastrtps_c.cpython-310-x86_64-linux-gnu.so[0m
[17.072s] [100%] Built target micro_ros_msgs__rosidl_typesupport_fastrtps_c__pyext
[17.094s] Invoked command in '/home/amadorjosephg/CA-Embedded-MiniProject/comet_bot_ws/build/micro_ros_msgs' returned '0': CMAKE_PREFIX_PATH=${CMAKE_PREFIX_PATH}:/home/amadorjosephg/CA-Embedded-MiniProject/comet_bot_ws/install/lunabot_control:/home/amadorjosephg/CA-Embedded-MiniProject/comet_bot_ws/install/jetson_topic_relay:/opt/ros/humble /usr/bin/cmake --build /home/amadorjosephg/CA-Embedded-MiniProject/comet_bot_ws/build/micro_ros_msgs -- -j4 -l4
[17.830s] Invoking command in '/home/amadorjosephg/CA-Embedded-MiniProject/comet_bot_ws/build/micro_ros_msgs': CMAKE_PREFIX_PATH=${CMAKE_PREFIX_PATH}:/home/amadorjosephg/CA-Embedded-MiniProject/comet_bot_ws/install/lunabot_control:/home/amadorjosephg/CA-Embedded-MiniProject/comet_bot_ws/install/jetson_topic_relay:/opt/ros/humble /usr/bin/cmake --install /home/amadorjosephg/CA-Embedded-MiniProject/comet_bot_ws/build/micro_ros_msgs
[17.843s] -- Install configuration: ""
[17.843s] -- Installing: /home/amadorjosephg/CA-Embedded-MiniProject/comet_bot_ws/install/micro_ros_msgs/share/ament_index/resource_index/rosidl_interfaces/micro_ros_msgs
[17.845s] -- Up-to-date: /home/amadorjosephg/CA-Embedded-MiniProject/comet_bot_ws/install/micro_ros_msgs/include/micro_ros_msgs/micro_ros_msgs
[17.845s] -- Up-to-date: /home/amadorjosephg/CA-Embedded-MiniProject/comet_bot_ws/install/micro_ros_msgs/include/micro_ros_msgs/micro_ros_msgs/msg
[17.847s] -- Installing: /home/amadorjosephg/CA-Embedded-MiniProject/comet_bot_ws/install/micro_ros_msgs/include/micro_ros_msgs/micro_ros_msgs/msg/entity.h
[17.847s] -- Installing: /home/amadorjosephg/CA-Embedded-MiniProject/comet_bot_ws/install/micro_ros_msgs/include/micro_ros_msgs/micro_ros_msgs/msg/rosidl_generator_c__visibility_control.h
[17.848s] -- Up-to-date: /home/amadorjosephg/CA-Embedded-MiniProject/comet_bot_ws/install/micro_ros_msgs/include/micro_ros_msgs/micro_ros_msgs/msg/detail
[17.848s] -- Installing: /home/amadorjosephg/CA-Embedded-MiniProject/comet_bot_ws/install/micro_ros_msgs/include/micro_ros_msgs/micro_ros_msgs/msg/detail/entity__type_support.h
[17.849s] -- Installing: /home/amadorjosephg/CA-Embedded-MiniProject/comet_bot_ws/install/micro_ros_msgs/include/micro_ros_msgs/micro_ros_msgs/msg/detail/node__functions.h
[17.849s] -- Installing: /home/amadorjosephg/CA-Embedded-MiniProject/comet_bot_ws/install/micro_ros_msgs/include/micro_ros_msgs/micro_ros_msgs/msg/detail/entity__struct.h
[17.850s] -- Installing: /home/amadorjosephg/CA-Embedded-MiniProject/comet_bot_ws/install/micro_ros_msgs/include/micro_ros_msgs/micro_ros_msgs/msg/detail/entity__functions.c
[17.851s] -- Installing: /home/amadorjosephg/CA-Embedded-MiniProject/comet_bot_ws/install/micro_ros_msgs/include/micro_ros_msgs/micro_ros_msgs/msg/detail/graph__functions.c
[17.851s] -- Installing: /home/amadorjosephg/CA-Embedded-MiniProject/comet_bot_ws/install/micro_ros_msgs/include/micro_ros_msgs/micro_ros_msgs/msg/detail/graph__struct.h
[17.852s] -- Installing: /home/amadorjosephg/CA-Embedded-MiniProject/comet_bot_ws/install/micro_ros_msgs/include/micro_ros_msgs/micro_ros_msgs/msg/detail/node__struct.h
[17.852s] -- Installing: /home/amadorjosephg/CA-Embedded-MiniProject/comet_bot_ws/install/micro_ros_msgs/include/micro_ros_msgs/micro_ros_msgs/msg/detail/node__functions.c
[17.853s] -- Installing: /home/amadorjosephg/CA-Embedded-MiniProject/comet_bot_ws/install/micro_ros_msgs/include/micro_ros_msgs/micro_ros_msgs/msg/detail/entity__functions.h
[17.853s] -- Installing: /home/amadorjosephg/CA-Embedded-MiniProject/comet_bot_ws/install/micro_ros_msgs/include/micro_ros_msgs/micro_ros_msgs/msg/detail/node__type_support.h
[17.854s] -- Installing: /home/amadorjosephg/CA-Embedded-MiniProject/comet_bot_ws/install/micro_ros_msgs/include/micro_ros_msgs/micro_ros_msgs/msg/detail/graph__type_support.h
[17.854s] -- Installing: /home/amadorjosephg/CA-Embedded-MiniProject/comet_bot_ws/install/micro_ros_msgs/include/micro_ros_msgs/micro_ros_msgs/msg/detail/graph__functions.h
[17.855s] -- Installing: /home/amadorjosephg/CA-Embedded-MiniProject/comet_bot_ws/install/micro_ros_msgs/include/micro_ros_msgs/micro_ros_msgs/msg/graph.h
[17.855s] -- Installing: /home/amadorjosephg/CA-Embedded-MiniProject/comet_bot_ws/install/micro_ros_msgs/include/micro_ros_msgs/micro_ros_msgs/msg/node.h
[17.856s] -- Up-to-date: /home/amadorjosephg/CA-Embedded-MiniProject/comet_bot_ws/install/micro_ros_msgs/share/micro_ros_msgs/environment/library_path.sh
[17.856s] -- Installing: /home/amadorjosephg/CA-Embedded-MiniProject/comet_bot_ws/install/micro_ros_msgs/share/micro_ros_msgs/environment/library_path.dsv
[17.859s] -- Installing: /home/amadorjosephg/CA-Embedded-MiniProject/comet_bot_ws/install/micro_ros_msgs/lib/libmicro_ros_msgs__rosidl_generator_c.so
[17.859s] -- Set runtime path of "/home/amadorjosephg/CA-Embedded-MiniProject/comet_bot_ws/install/micro_ros_msgs/lib/libmicro_ros_msgs__rosidl_generator_c.so" to ""
[17.859s] -- Up-to-date: /home/amadorjosephg/CA-Embedded-MiniProject/comet_bot_ws/install/micro_ros_msgs/include/micro_ros_msgs
[17.860s] -- Installing: /home/amadorjosephg/CA-Embedded-MiniProject/comet_bot_ws/install/micro_ros_msgs/include/micro_ros_msgs/msg
[17.860s] -- Installing: /home/amadorjosephg/CA-Embedded-MiniProject/comet_bot_ws/install/micro_ros_msgs/include/micro_ros_msgs/msg/detail
[17.860s] -- Installing: /home/amadorjosephg/CA-Embedded-MiniProject/comet_bot_ws/install/micro_ros_msgs/include/micro_ros_msgs/msg/detail/entity__rosidl_typesupport_microxrcedds_c.h
[17.860s] -- Installing: /home/amadorjosephg/CA-Embedded-MiniProject/comet_bot_ws/install/micro_ros_msgs/include/micro_ros_msgs/msg/detail/node__rosidl_typesupport_microxrcedds_c.h
[17.861s] -- Installing: /home/amadorjosephg/CA-Embedded-MiniProject/comet_bot_ws/install/micro_ros_msgs/include/micro_ros_msgs/msg/detail/microxrcedds
[17.861s] -- Installing: /home/amadorjosephg/CA-Embedded-MiniProject/comet_bot_ws/install/micro_ros_msgs/include/micro_ros_msgs/msg/detail/graph__rosidl_typesupport_microxrcedds_c.h
[17.861s] -- Installing: /home/amadorjosephg/CA-Embedded-MiniProject/comet_bot_ws/install/micro_ros_msgs/include/micro_ros_msgs/msg/rosidl_typesupport_microxrcedds_c__visibility_control.h
[17.861s] -- Installing: /home/amadorjosephg/CA-Embedded-MiniProject/comet_bot_ws/install/micro_ros_msgs/lib/libmicro_ros_msgs__rosidl_typesupport_microxrcedds_c.so
[17.862s] -- Set runtime path of "/home/amadorjosephg/CA-Embedded-MiniProject/comet_bot_ws/install/micro_ros_msgs/lib/libmicro_ros_msgs__rosidl_typesupport_microxrcedds_c.so" to ""
[17.862s] -- Up-to-date: /home/amadorjosephg/CA-Embedded-MiniProject/comet_bot_ws/install/micro_ros_msgs/include/micro_ros_msgs/micro_ros_msgs
[17.862s] -- Up-to-date: /home/amadorjosephg/CA-Embedded-MiniProject/comet_bot_ws/install/micro_ros_msgs/include/micro_ros_msgs/micro_ros_msgs/msg
[17.862s] -- Up-to-date: /home/amadorjosephg/CA-Embedded-MiniProject/comet_bot_ws/install/micro_ros_msgs/include/micro_ros_msgs/micro_ros_msgs/msg/detail
[17.862s] -- Installing: /home/amadorjosephg/CA-Embedded-MiniProject/comet_bot_ws/install/micro_ros_msgs/include/micro_ros_msgs/micro_ros_msgs/msg/detail/node__rosidl_typesupport_fastrtps_c.h
[17.863s] -- Installing: /home/amadorjosephg/CA-Embedded-MiniProject/comet_bot_ws/install/micro_ros_msgs/include/micro_ros_msgs/micro_ros_msgs/msg/detail/entity__rosidl_typesupport_fastrtps_c.h
[17.863s] -- Installing: /home/amadorjosephg/CA-Embedded-MiniProject/comet_bot_ws/install/micro_ros_msgs/include/micro_ros_msgs/micro_ros_msgs/msg/detail/graph__rosidl_typesupport_fastrtps_c.h
[17.863s] -- Installing: /home/amadorjosephg/CA-Embedded-MiniProject/comet_bot_ws/install/micro_ros_msgs/include/micro_ros_msgs/micro_ros_msgs/msg/rosidl_typesupport_fastrtps_c__visibility_control.h
[17.866s] -- Installing: /home/amadorjosephg/CA-Embedded-MiniProject/comet_bot_ws/install/micro_ros_msgs/lib/libmicro_ros_msgs__rosidl_typesupport_fastrtps_c.so
[17.867s] -- Set runtime path of "/home/amadorjosephg/CA-Embedded-MiniProject/comet_bot_ws/install/micro_ros_msgs/lib/libmicro_ros_msgs__rosidl_typesupport_fastrtps_c.so" to ""
[17.867s] -- Up-to-date: /home/amadorjosephg/CA-Embedded-MiniProject/comet_bot_ws/install/micro_ros_msgs/include/micro_ros_msgs/micro_ros_msgs
[17.867s] -- Up-to-date: /home/amadorjosephg/CA-Embedded-MiniProject/comet_bot_ws/install/micro_ros_msgs/include/micro_ros_msgs/micro_ros_msgs/msg
[17.867s] -- Installing: /home/amadorjosephg/CA-Embedded-MiniProject/comet_bot_ws/install/micro_ros_msgs/include/micro_ros_msgs/micro_ros_msgs/msg/rosidl_typesupport_introspection_c__visibility_control.h
[17.867s] -- Up-to-date: /home/amadorjosephg/CA-Embedded-MiniProject/comet_bot_ws/install/micro_ros_msgs/include/micro_ros_msgs/micro_ros_msgs/msg/detail
[17.868s] -- Installing: /home/amadorjosephg/CA-Embedded-MiniProject/comet_bot_ws/install/micro_ros_msgs/include/micro_ros_msgs/micro_ros_msgs/msg/detail/graph__rosidl_typesupport_introspection_c.h
[17.868s] -- Installing: /home/amadorjosephg/CA-Embedded-MiniProject/comet_bot_ws/install/micro_ros_msgs/include/micro_ros_msgs/micro_ros_msgs/msg/detail/node__rosidl_typesupport_introspection_c.h
[17.868s] -- Installing: /home/amadorjosephg/CA-Embedded-MiniProject/comet_bot_ws/install/micro_ros_msgs/include/micro_ros_msgs/micro_ros_msgs/msg/detail/node__type_support.c
[17.868s] -- Installing: /home/amadorjosephg/CA-Embedded-MiniProject/comet_bot_ws/install/micro_ros_msgs/include/micro_ros_msgs/micro_ros_msgs/msg/detail/graph__type_support.c
[17.869s] -- Installing: /home/amadorjosephg/CA-Embedded-MiniProject/comet_bot_ws/install/micro_ros_msgs/include/micro_ros_msgs/micro_ros_msgs/msg/detail/entity__rosidl_typesupport_introspection_c.h
[17.869s] -- Installing: /home/amadorjosephg/CA-Embedded-MiniProject/comet_bot_ws/install/micro_ros_msgs/include/micro_ros_msgs/micro_ros_msgs/msg/detail/entity__type_support.c
[17.872s] -- Installing: /home/amadorjosephg/CA-Embedded-MiniProject/comet_bot_ws/install/micro_ros_msgs/lib/libmicro_ros_msgs__rosidl_typesupport_introspection_c.so
[17.872s] -- Set runtime path of "/home/amadorjosephg/CA-Embedded-MiniProject/comet_bot_ws/install/micro_ros_msgs/lib/libmicro_ros_msgs__rosidl_typesupport_introspection_c.so" to ""
[17.874s] -- Installing: /home/amadorjosephg/CA-Embedded-MiniProject/comet_bot_ws/install/micro_ros_msgs/lib/libmicro_ros_msgs__rosidl_typesupport_c.so
[17.874s] -- Set runtime path of "/home/amadorjosephg/CA-Embedded-MiniProject/comet_bot_ws/install/micro_ros_msgs/lib/libmicro_ros_msgs__rosidl_typesupport_c.so" to ""
[17.874s] -- Up-to-date: /home/amadorjosephg/CA-Embedded-MiniProject/comet_bot_ws/install/micro_ros_msgs/include/micro_ros_msgs/micro_ros_msgs
[17.875s] -- Up-to-date: /home/amadorjosephg/CA-Embedded-MiniProject/comet_bot_ws/install/micro_ros_msgs/include/micro_ros_msgs/micro_ros_msgs/msg
[17.875s] -- Installing: /home/amadorjosephg/CA-Embedded-MiniProject/comet_bot_ws/install/micro_ros_msgs/include/micro_ros_msgs/micro_ros_msgs/msg/graph.hpp
[17.875s] -- Installing: /home/amadorjosephg/CA-Embedded-MiniProject/comet_bot_ws/install/micro_ros_msgs/include/micro_ros_msgs/micro_ros_msgs/msg/node.hpp
[17.875s] -- Up-to-date: /home/amadorjosephg/CA-Embedded-MiniProject/comet_bot_ws/install/micro_ros_msgs/include/micro_ros_msgs/micro_ros_msgs/msg/detail
[17.876s] -- Installing: /home/amadorjosephg/CA-Embedded-MiniProject/comet_bot_ws/install/micro_ros_msgs/include/micro_ros_msgs/micro_ros_msgs/msg/detail/node__traits.hpp
[17.876s] -- Installing: /home/amadorjosephg/CA-Embedded-MiniProject/comet_bot_ws/install/micro_ros_msgs/include/micro_ros_msgs/micro_ros_msgs/msg/detail/entity__traits.hpp
[17.876s] -- Installing: /home/amadorjosephg/CA-Embedded-MiniProject/comet_bot_ws/install/micro_ros_msgs/include/micro_ros_msgs/micro_ros_msgs/msg/detail/node__builder.hpp
[17.876s] -- Installing: /home/amadorjosephg/CA-Embedded-MiniProject/comet_bot_ws/install/micro_ros_msgs/include/micro_ros_msgs/micro_ros_msgs/msg/detail/entity__builder.hpp
[17.877s] -- Installing: /home/amadorjosephg/CA-Embedded-MiniProject/comet_bot_ws/install/micro_ros_msgs/include/micro_ros_msgs/micro_ros_msgs/msg/detail/graph__builder.hpp
[17.877s] -- Installing: /home/amadorjosephg/CA-Embedded-MiniProject/comet_bot_ws/install/micro_ros_msgs/include/micro_ros_msgs/micro_ros_msgs/msg/detail/entity__struct.hpp
[17.877s] -- Installing: /home/amadorjosephg/CA-Embedded-MiniProject/comet_bot_ws/install/micro_ros_msgs/include/micro_ros_msgs/micro_ros_msgs/msg/detail/node__struct.hpp
[17.878s] -- Installing: /home/amadorjosephg/CA-Embedded-MiniProject/comet_bot_ws/install/micro_ros_msgs/include/micro_ros_msgs/micro_ros_msgs/msg/detail/graph__struct.hpp
[17.878s] -- Installing: /home/amadorjosephg/CA-Embedded-MiniProject/comet_bot_ws/install/micro_ros_msgs/include/micro_ros_msgs/micro_ros_msgs/msg/detail/graph__traits.hpp
[17.878s] -- Installing: /home/amadorjosephg/CA-Embedded-MiniProject/comet_bot_ws/install/micro_ros_msgs/include/micro_ros_msgs/micro_ros_msgs/msg/entity.hpp
[17.879s] -- Up-to-date: /home/amadorjosephg/CA-Embedded-MiniProject/comet_bot_ws/install/micro_ros_msgs/include/micro_ros_msgs
[17.879s] -- Up-to-date: /home/amadorjosephg/CA-Embedded-MiniProject/comet_bot_ws/install/micro_ros_msgs/include/micro_ros_msgs/msg
[17.879s] -- Installing: /home/amadorjosephg/CA-Embedded-MiniProject/comet_bot_ws/install/micro_ros_msgs/include/micro_ros_msgs/msg/rosidl_typesupport_microxrcedds_cpp__visibility_control.h
[17.879s] -- Up-to-date: /home/amadorjosephg/CA-Embedded-MiniProject/comet_bot_ws/install/micro_ros_msgs/include/micro_ros_msgs/msg/detail
[17.879s] -- Installing: /home/amadorjosephg/CA-Embedded-MiniProject/comet_bot_ws/install/micro_ros_msgs/include/micro_ros_msgs/msg/detail/node__rosidl_typesupport_microxrcedds_cpp.hpp
[17.880s] -- Installing: /home/amadorjosephg/CA-Embedded-MiniProject/comet_bot_ws/install/micro_ros_msgs/include/micro_ros_msgs/msg/detail/entity__rosidl_typesupport_microxrcedds_cpp.hpp
[17.880s] -- Installing: /home/amadorjosephg/CA-Embedded-MiniProject/comet_bot_ws/install/micro_ros_msgs/include/micro_ros_msgs/msg/detail/graph__rosidl_typesupport_microxrcedds_cpp.hpp
[17.880s] -- Up-to-date: /home/amadorjosephg/CA-Embedded-MiniProject/comet_bot_ws/install/micro_ros_msgs/include/micro_ros_msgs/msg/detail/microxrcedds
[17.881s] -- Installing: /home/amadorjosephg/CA-Embedded-MiniProject/comet_bot_ws/install/micro_ros_msgs/include/micro_ros_msgs/msg/detail/microxrcedds/graph__type_support_cpp.cpp
[17.881s] -- Installing: /home/amadorjosephg/CA-Embedded-MiniProject/comet_bot_ws/install/micro_ros_msgs/include/micro_ros_msgs/msg/detail/microxrcedds/entity__type_support_cpp.cpp
[17.882s] -- Installing: /home/amadorjosephg/CA-Embedded-MiniProject/comet_bot_ws/install/micro_ros_msgs/include/micro_ros_msgs/msg/detail/microxrcedds/node__type_support_cpp.cpp
[17.882s] -- Installing: /home/amadorjosephg/CA-Embedded-MiniProject/comet_bot_ws/install/micro_ros_msgs/lib/libmicro_ros_msgs__rosidl_typesupport_microxrcedds_cpp.so
[17.882s] -- Set runtime path of "/home/amadorjosephg/CA-Embedded-MiniProject/comet_bot_ws/install/micro_ros_msgs/lib/libmicro_ros_msgs__rosidl_typesupport_microxrcedds_cpp.so" to ""
[17.883s] -- Up-to-date: /home/amadorjosephg/CA-Embedded-MiniProject/comet_bot_ws/install/micro_ros_msgs/include/micro_ros_msgs/micro_ros_msgs
[17.883s] -- Up-to-date: /home/amadorjosephg/CA-Embedded-MiniProject/comet_bot_ws/install/micro_ros_msgs/include/micro_ros_msgs/micro_ros_msgs/msg
[17.883s] -- Up-to-date: /home/amadorjosephg/CA-Embedded-MiniProject/comet_bot_ws/install/micro_ros_msgs/include/micro_ros_msgs/micro_ros_msgs/msg/detail
[17.883s] -- Installing: /home/amadorjosephg/CA-Embedded-MiniProject/comet_bot_ws/install/micro_ros_msgs/include/micro_ros_msgs/micro_ros_msgs/msg/detail/node__rosidl_typesupport_fastrtps_cpp.hpp
[17.883s] -- Installing: /home/amadorjosephg/CA-Embedded-MiniProject/comet_bot_ws/install/micro_ros_msgs/include/micro_ros_msgs/micro_ros_msgs/msg/detail/entity__rosidl_typesupport_fastrtps_cpp.hpp
[17.884s] -- Installing: /home/amadorjosephg/CA-Embedded-MiniProject/comet_bot_ws/install/micro_ros_msgs/include/micro_ros_msgs/micro_ros_msgs/msg/detail/graph__rosidl_typesupport_fastrtps_cpp.hpp
[17.884s] -- Up-to-date: /home/amadorjosephg/CA-Embedded-MiniProject/comet_bot_ws/install/micro_ros_msgs/include/micro_ros_msgs/micro_ros_msgs/msg/detail/dds_fastrtps
[17.884s] -- Installing: /home/amadorjosephg/CA-Embedded-MiniProject/comet_bot_ws/install/micro_ros_msgs/include/micro_ros_msgs/micro_ros_msgs/msg/rosidl_typesupport_fastrtps_cpp__visibility_control.h
[17.885s] -- Installing: /home/amadorjosephg/CA-Embedded-MiniProject/comet_bot_ws/install/micro_ros_msgs/lib/libmicro_ros_msgs__rosidl_typesupport_fastrtps_cpp.so
[17.886s] -- Set runtime path of "/home/amadorjosephg/CA-Embedded-MiniProject/comet_bot_ws/install/micro_ros_msgs/lib/libmicro_ros_msgs__rosidl_typesupport_fastrtps_cpp.so" to ""
[17.888s] -- Up-to-date: /home/amadorjosephg/CA-Embedded-MiniProject/comet_bot_ws/install/micro_ros_msgs/include/micro_ros_msgs/micro_ros_msgs
[17.888s] -- Up-to-date: /home/amadorjosephg/CA-Embedded-MiniProject/comet_bot_ws/install/micro_ros_msgs/include/micro_ros_msgs/micro_ros_msgs/msg
[17.888s] -- Up-to-date: /home/amadorjosephg/CA-Embedded-MiniProject/comet_bot_ws/install/micro_ros_msgs/include/micro_ros_msgs/micro_ros_msgs/msg/detail
[17.888s] -- Installing: /home/amadorjosephg/CA-Embedded-MiniProject/comet_bot_ws/install/micro_ros_msgs/include/micro_ros_msgs/micro_ros_msgs/msg/detail/graph__rosidl_typesupport_introspection_cpp.hpp
[17.888s] -- Installing: /home/amadorjosephg/CA-Embedded-MiniProject/comet_bot_ws/install/micro_ros_msgs/include/micro_ros_msgs/micro_ros_msgs/msg/detail/entity__type_support.cpp
[17.889s] -- Installing: /home/amadorjosephg/CA-Embedded-MiniProject/comet_bot_ws/install/micro_ros_msgs/include/micro_ros_msgs/micro_ros_msgs/msg/detail/node__rosidl_typesupport_introspection_cpp.hpp
[17.889s] -- Installing: /home/amadorjosephg/CA-Embedded-MiniProject/comet_bot_ws/install/micro_ros_msgs/include/micro_ros_msgs/micro_ros_msgs/msg/detail/node__type_support.cpp
[17.889s] -- Installing: /home/amadorjosephg/CA-Embedded-MiniProject/comet_bot_ws/install/micro_ros_msgs/include/micro_ros_msgs/micro_ros_msgs/msg/detail/graph__type_support.cpp
[17.890s] -- Installing: /home/amadorjosephg/CA-Embedded-MiniProject/comet_bot_ws/install/micro_ros_msgs/include/micro_ros_msgs/micro_ros_msgs/msg/detail/entity__rosidl_typesupport_introspection_cpp.hpp
[17.892s] -- Installing: /home/amadorjosephg/CA-Embedded-MiniProject/comet_bot_ws/install/micro_ros_msgs/lib/libmicro_ros_msgs__rosidl_typesupport_introspection_cpp.so
[17.893s] -- Set runtime path of "/home/amadorjosephg/CA-Embedded-MiniProject/comet_bot_ws/install/micro_ros_msgs/lib/libmicro_ros_msgs__rosidl_typesupport_introspection_cpp.so" to ""
[17.895s] -- Installing: /home/amadorjosephg/CA-Embedded-MiniProject/comet_bot_ws/install/micro_ros_msgs/lib/libmicro_ros_msgs__rosidl_typesupport_cpp.so
[17.895s] -- Set runtime path of "/home/amadorjosephg/CA-Embedded-MiniProject/comet_bot_ws/install/micro_ros_msgs/lib/libmicro_ros_msgs__rosidl_typesupport_cpp.so" to ""
[17.895s] -- Installing: /home/amadorjosephg/CA-Embedded-MiniProject/comet_bot_ws/install/micro_ros_msgs/share/micro_ros_msgs/environment/pythonpath.sh
[17.896s] -- Installing: /home/amadorjosephg/CA-Embedded-MiniProject/comet_bot_ws/install/micro_ros_msgs/share/micro_ros_msgs/environment/pythonpath.dsv
[17.896s] -- Up-to-date: /home/amadorjosephg/CA-Embedded-MiniProject/comet_bot_ws/install/micro_ros_msgs/local/lib/python3.10/dist-packages/micro_ros_msgs-3.0.1-py3.10.egg-info
[17.899s] -- Installing: /home/amadorjosephg/CA-Embedded-MiniProject/comet_bot_ws/install/micro_ros_msgs/local/lib/python3.10/dist-packages/micro_ros_msgs-3.0.1-py3.10.egg-info/PKG-INFO
[17.899s] -- Installing: /home/amadorjosephg/CA-Embedded-MiniProject/comet_bot_ws/install/micro_ros_msgs/local/lib/python3.10/dist-packages/micro_ros_msgs-3.0.1-py3.10.egg-info/dependency_links.txt
[17.899s] -- Installing: /home/amadorjosephg/CA-Embedded-MiniProject/comet_bot_ws/install/micro_ros_msgs/local/lib/python3.10/dist-packages/micro_ros_msgs-3.0.1-py3.10.egg-info/top_level.txt
[17.899s] -- Installing: /home/amadorjosephg/CA-Embedded-MiniProject/comet_bot_ws/install/micro_ros_msgs/local/lib/python3.10/dist-packages/micro_ros_msgs-3.0.1-py3.10.egg-info/SOURCES.txt
[17.899s] -- Up-to-date: /home/amadorjosephg/CA-Embedded-MiniProject/comet_bot_ws/install/micro_ros_msgs/local/lib/python3.10/dist-packages/micro_ros_msgs
[17.900s] -- Installing: /home/amadorjosephg/CA-Embedded-MiniProject/comet_bot_ws/install/micro_ros_msgs/local/lib/python3.10/dist-packages/micro_ros_msgs/libmicro_ros_msgs__rosidl_generator_py.so
[17.900s] -- Installing: /home/amadorjosephg/CA-Embedded-MiniProject/comet_bot_ws/install/micro_ros_msgs/local/lib/python3.10/dist-packages/micro_ros_msgs/_micro_ros_msgs_s.ep.rosidl_typesupport_fastrtps_c.c
[17.901s] -- Installing: /home/amadorjosephg/CA-Embedded-MiniProject/comet_bot_ws/install/micro_ros_msgs/local/lib/python3.10/dist-packages/micro_ros_msgs/__init__.py
[17.901s] -- Up-to-date: /home/amadorjosephg/CA-Embedded-MiniProject/comet_bot_ws/install/micro_ros_msgs/local/lib/python3.10/dist-packages/micro_ros_msgs/msg
[17.902s] -- Installing: /home/amadorjosephg/CA-Embedded-MiniProject/comet_bot_ws/install/micro_ros_msgs/local/lib/python3.10/dist-packages/micro_ros_msgs/msg/_graph_s.c
[17.902s] -- Installing: /home/amadorjosephg/CA-Embedded-MiniProject/comet_bot_ws/install/micro_ros_msgs/local/lib/python3.10/dist-packages/micro_ros_msgs/msg/_graph.py
[17.902s] -- Installing: /home/amadorjosephg/CA-Embedded-MiniProject/comet_bot_ws/install/micro_ros_msgs/local/lib/python3.10/dist-packages/micro_ros_msgs/msg/__init__.py
[17.902s] -- Installing: /home/amadorjosephg/CA-Embedded-MiniProject/comet_bot_ws/install/micro_ros_msgs/local/lib/python3.10/dist-packages/micro_ros_msgs/msg/_node.py
[17.903s] -- Installing: /home/amadorjosephg/CA-Embedded-MiniProject/comet_bot_ws/install/micro_ros_msgs/local/lib/python3.10/dist-packages/micro_ros_msgs/msg/_entity.py
[17.903s] -- Installing: /home/amadorjosephg/CA-Embedded-MiniProject/comet_bot_ws/install/micro_ros_msgs/local/lib/python3.10/dist-packages/micro_ros_msgs/msg/_node_s.c
[17.903s] -- Installing: /home/amadorjosephg/CA-Embedded-MiniProject/comet_bot_ws/install/micro_ros_msgs/local/lib/python3.10/dist-packages/micro_ros_msgs/msg/_entity_s.c
[17.904s] -- Installing: /home/amadorjosephg/CA-Embedded-MiniProject/comet_bot_ws/install/micro_ros_msgs/local/lib/python3.10/dist-packages/micro_ros_msgs/micro_ros_msgs_s__rosidl_typesupport_microxrcedds_c.cpython-310-x86_64-linux-gnu.so
[17.904s] -- Installing: /home/amadorjosephg/CA-Embedded-MiniProject/comet_bot_ws/install/micro_ros_msgs/local/lib/python3.10/dist-packages/micro_ros_msgs/_micro_ros_msgs_s.ep.rosidl_typesupport_microxrcedds_c.c
[17.904s] -- Installing: /home/amadorjosephg/CA-Embedded-MiniProject/comet_bot_ws/install/micro_ros_msgs/local/lib/python3.10/dist-packages/micro_ros_msgs/micro_ros_msgs_s__rosidl_typesupport_fastrtps_c.cpython-310-x86_64-linux-gnu.so
[17.905s] -- Installing: /home/amadorjosephg/CA-Embedded-MiniProject/comet_bot_ws/install/micro_ros_msgs/local/lib/python3.10/dist-packages/micro_ros_msgs/_micro_ros_msgs_s.ep.rosidl_typesupport_c.c
[17.905s] -- Installing: /home/amadorjosephg/CA-Embedded-MiniProject/comet_bot_ws/install/micro_ros_msgs/local/lib/python3.10/dist-packages/micro_ros_msgs/micro_ros_msgs_s__rosidl_typesupport_c.cpython-310-x86_64-linux-gnu.so
[17.905s] -- Installing: /home/amadorjosephg/CA-Embedded-MiniProject/comet_bot_ws/install/micro_ros_msgs/local/lib/python3.10/dist-packages/micro_ros_msgs/micro_ros_msgs_s__rosidl_typesupport_introspection_c.cpython-310-x86_64-linux-gnu.so
[17.905s] -- Installing: /home/amadorjosephg/CA-Embedded-MiniProject/comet_bot_ws/install/micro_ros_msgs/local/lib/python3.10/dist-packages/micro_ros_msgs/_micro_ros_msgs_s.ep.rosidl_typesupport_introspection_c.c
[17.966s] Listing '/home/amadorjosephg/CA-Embedded-MiniProject/comet_bot_ws/install/micro_ros_msgs/local/lib/python3.10/dist-packages/micro_ros_msgs'...
[17.966s] Compiling '/home/amadorjosephg/CA-Embedded-MiniProject/comet_bot_ws/install/micro_ros_msgs/local/lib/python3.10/dist-packages/micro_ros_msgs/__init__.py'...
[17.966s] Listing '/home/amadorjosephg/CA-Embedded-MiniProject/comet_bot_ws/install/micro_ros_msgs/local/lib/python3.10/dist-packages/micro_ros_msgs/msg'...
[17.966s] Compiling '/home/amadorjosephg/CA-Embedded-MiniProject/comet_bot_ws/install/micro_ros_msgs/local/lib/python3.10/dist-packages/micro_ros_msgs/msg/__init__.py'...
[17.966s] Compiling '/home/amadorjosephg/CA-Embedded-MiniProject/comet_bot_ws/install/micro_ros_msgs/local/lib/python3.10/dist-packages/micro_ros_msgs/msg/_entity.py'...
[17.966s] Compiling '/home/amadorjosephg/CA-Embedded-MiniProject/comet_bot_ws/install/micro_ros_msgs/local/lib/python3.10/dist-packages/micro_ros_msgs/msg/_graph.py'...
[17.966s] Compiling '/home/amadorjosephg/CA-Embedded-MiniProject/comet_bot_ws/install/micro_ros_msgs/local/lib/python3.10/dist-packages/micro_ros_msgs/msg/_node.py'...
[17.971s] -- Installing: /home/amadorjosephg/CA-Embedded-MiniProject/comet_bot_ws/install/micro_ros_msgs/local/lib/python3.10/dist-packages/micro_ros_msgs/micro_ros_msgs_s__rosidl_typesupport_microxrcedds_c.cpython-310-x86_64-linux-gnu.so
[17.971s] -- Set runtime path of "/home/amadorjosephg/CA-Embedded-MiniProject/comet_bot_ws/install/micro_ros_msgs/local/lib/python3.10/dist-packages/micro_ros_msgs/micro_ros_msgs_s__rosidl_typesupport_microxrcedds_c.cpython-310-x86_64-linux-gnu.so" to ""
[17.971s] -- Installing: /home/amadorjosephg/CA-Embedded-MiniProject/comet_bot_ws/install/micro_ros_msgs/local/lib/python3.10/dist-packages/micro_ros_msgs/micro_ros_msgs_s__rosidl_typesupport_fastrtps_c.cpython-310-x86_64-linux-gnu.so
[17.972s] -- Set runtime path of "/home/amadorjosephg/CA-Embedded-MiniProject/comet_bot_ws/install/micro_ros_msgs/local/lib/python3.10/dist-packages/micro_ros_msgs/micro_ros_msgs_s__rosidl_typesupport_fastrtps_c.cpython-310-x86_64-linux-gnu.so" to ""
[17.972s] -- Installing: /home/amadorjosephg/CA-Embedded-MiniProject/comet_bot_ws/install/micro_ros_msgs/local/lib/python3.10/dist-packages/micro_ros_msgs/micro_ros_msgs_s__rosidl_typesupport_introspection_c.cpython-310-x86_64-linux-gnu.so
[17.972s] -- Set runtime path of "/home/amadorjosephg/CA-Embedded-MiniProject/comet_bot_ws/install/micro_ros_msgs/local/lib/python3.10/dist-packages/micro_ros_msgs/micro_ros_msgs_s__rosidl_typesupport_introspection_c.cpython-310-x86_64-linux-gnu.so" to ""
[17.973s] -- Installing: /home/amadorjosephg/CA-Embedded-MiniProject/comet_bot_ws/install/micro_ros_msgs/local/lib/python3.10/dist-packages/micro_ros_msgs/micro_ros_msgs_s__rosidl_typesupport_c.cpython-310-x86_64-linux-gnu.so
[17.973s] -- Set runtime path of "/home/amadorjosephg/CA-Embedded-MiniProject/comet_bot_ws/install/micro_ros_msgs/local/lib/python3.10/dist-packages/micro_ros_msgs/micro_ros_msgs_s__rosidl_typesupport_c.cpython-310-x86_64-linux-gnu.so" to ""
[17.975s] -- Installing: /home/amadorjosephg/CA-Embedded-MiniProject/comet_bot_ws/install/micro_ros_msgs/lib/libmicro_ros_msgs__rosidl_generator_py.so
[17.976s] -- Set runtime path of "/home/amadorjosephg/CA-Embedded-MiniProject/comet_bot_ws/install/micro_ros_msgs/lib/libmicro_ros_msgs__rosidl_generator_py.so" to ""
[17.976s] -- Installing: /home/amadorjosephg/CA-Embedded-MiniProject/comet_bot_ws/install/micro_ros_msgs/share/micro_ros_msgs/msg/Graph.idl
[17.977s] -- Installing: /home/amadorjosephg/CA-Embedded-MiniProject/comet_bot_ws/install/micro_ros_msgs/share/micro_ros_msgs/msg/Node.idl
[17.978s] -- Installing: /home/amadorjosephg/CA-Embedded-MiniProject/comet_bot_ws/install/micro_ros_msgs/share/micro_ros_msgs/msg/Entity.idl
[17.978s] -- Installing: /home/amadorjosephg/CA-Embedded-MiniProject/comet_bot_ws/install/micro_ros_msgs/share/micro_ros_msgs/msg/Graph.msg
[17.979s] -- Installing: /home/amadorjosephg/CA-Embedded-MiniProject/comet_bot_ws/install/micro_ros_msgs/share/micro_ros_msgs/msg/Node.msg
[17.979s] -- Installing: /home/amadorjosephg/CA-Embedded-MiniProject/comet_bot_ws/install/micro_ros_msgs/share/micro_ros_msgs/msg/Entity.msg
[17.980s] -- Installing: /home/amadorjosephg/CA-Embedded-MiniProject/comet_bot_ws/install/micro_ros_msgs/share/ament_index/resource_index/package_run_dependencies/micro_ros_msgs
[17.981s] -- Installing: /home/amadorjosephg/CA-Embedded-MiniProject/comet_bot_ws/install/micro_ros_msgs/share/ament_index/resource_index/parent_prefix_path/micro_ros_msgs
[17.981s] -- Up-to-date: /home/amadorjosephg/CA-Embedded-MiniProject/comet_bot_ws/install/micro_ros_msgs/share/micro_ros_msgs/environment/ament_prefix_path.sh
[17.982s] -- Installing: /home/amadorjosephg/CA-Embedded-MiniProject/comet_bot_ws/install/micro_ros_msgs/share/micro_ros_msgs/environment/ament_prefix_path.dsv
[17.982s] -- Up-to-date: /home/amadorjosephg/CA-Embedded-MiniProject/comet_bot_ws/install/micro_ros_msgs/share/micro_ros_msgs/environment/path.sh
[17.982s] -- Installing: /home/amadorjosephg/CA-Embedded-MiniProject/comet_bot_ws/install/micro_ros_msgs/share/micro_ros_msgs/environment/path.dsv
[17.983s] -- Installing: /home/amadorjosephg/CA-Embedded-MiniProject/comet_bot_ws/install/micro_ros_msgs/share/micro_ros_msgs/local_setup.bash
[17.983s] -- Installing: /home/amadorjosephg/CA-Embedded-MiniProject/comet_bot_ws/install/micro_ros_msgs/share/micro_ros_msgs/local_setup.sh
[17.984s] -- Installing: /home/amadorjosephg/CA-Embedded-MiniProject/comet_bot_ws/install/micro_ros_msgs/share/micro_ros_msgs/local_setup.zsh
[17.984s] -- Installing: /home/amadorjosephg/CA-Embedded-MiniProject/comet_bot_ws/install/micro_ros_msgs/share/micro_ros_msgs/local_setup.dsv
[17.985s] -- Installing: /home/amadorjosephg/CA-Embedded-MiniProject/comet_bot_ws/install/micro_ros_msgs/share/micro_ros_msgs/package.dsv
[17.985s] -- Installing: /home/amadorjosephg/CA-Embedded-MiniProject/comet_bot_ws/install/micro_ros_msgs/share/ament_index/resource_index/packages/micro_ros_msgs
[17.992s] -- Installing: /home/amadorjosephg/CA-Embedded-MiniProject/comet_bot_ws/install/micro_ros_msgs/share/micro_ros_msgs/cmake/export_micro_ros_msgs__rosidl_generator_cExport.cmake
[17.993s] -- Installing: /home/amadorjosephg/CA-Embedded-MiniProject/comet_bot_ws/install/micro_ros_msgs/share/micro_ros_msgs/cmake/export_micro_ros_msgs__rosidl_generator_cExport-noconfig.cmake
[17.994s] -- Installing: /home/amadorjosephg/CA-Embedded-MiniProject/comet_bot_ws/install/micro_ros_msgs/share/micro_ros_msgs/cmake/export_micro_ros_msgs__rosidl_typesupport_fastrtps_cExport.cmake
[17.995s] -- Installing: /home/amadorjosephg/CA-Embedded-MiniProject/comet_bot_ws/install/micro_ros_msgs/share/micro_ros_msgs/cmake/export_micro_ros_msgs__rosidl_typesupport_fastrtps_cExport-noconfig.cmake
[17.996s] -- Installing: /home/amadorjosephg/CA-Embedded-MiniProject/comet_bot_ws/install/micro_ros_msgs/share/micro_ros_msgs/cmake/micro_ros_msgs__rosidl_typesupport_introspection_cExport.cmake
[17.996s] -- Installing: /home/amadorjosephg/CA-Embedded-MiniProject/comet_bot_ws/install/micro_ros_msgs/share/micro_ros_msgs/cmake/micro_ros_msgs__rosidl_typesupport_introspection_cExport-noconfig.cmake
[17.997s] -- Installing: /home/amadorjosephg/CA-Embedded-MiniProject/comet_bot_ws/install/micro_ros_msgs/share/micro_ros_msgs/cmake/micro_ros_msgs__rosidl_typesupport_cExport.cmake
[17.998s] -- Installing: /home/amadorjosephg/CA-Embedded-MiniProject/comet_bot_ws/install/micro_ros_msgs/share/micro_ros_msgs/cmake/micro_ros_msgs__rosidl_typesupport_cExport-noconfig.cmake
[17.999s] -- Installing: /home/amadorjosephg/CA-Embedded-MiniProject/comet_bot_ws/install/micro_ros_msgs/share/micro_ros_msgs/cmake/export_micro_ros_msgs__rosidl_generator_cppExport.cmake
[17.999s] -- Installing: /home/amadorjosephg/CA-Embedded-MiniProject/comet_bot_ws/install/micro_ros_msgs/share/micro_ros_msgs/cmake/export_micro_ros_msgs__rosidl_typesupport_fastrtps_cppExport.cmake
[18.000s] -- Installing: /home/amadorjosephg/CA-Embedded-MiniProject/comet_bot_ws/install/micro_ros_msgs/share/micro_ros_msgs/cmake/export_micro_ros_msgs__rosidl_typesupport_fastrtps_cppExport-noconfig.cmake
[18.001s] -- Installing: /home/amadorjosephg/CA-Embedded-MiniProject/comet_bot_ws/install/micro_ros_msgs/share/micro_ros_msgs/cmake/micro_ros_msgs__rosidl_typesupport_introspection_cppExport.cmake
[18.001s] -- Installing: /home/amadorjosephg/CA-Embedded-MiniProject/comet_bot_ws/install/micro_ros_msgs/share/micro_ros_msgs/cmake/micro_ros_msgs__rosidl_typesupport_introspection_cppExport-noconfig.cmake
[18.002s] -- Installing: /home/amadorjosephg/CA-Embedded-MiniProject/comet_bot_ws/install/micro_ros_msgs/share/micro_ros_msgs/cmake/micro_ros_msgs__rosidl_typesupport_cppExport.cmake
[18.004s] -- Installing: /home/amadorjosephg/CA-Embedded-MiniProject/comet_bot_ws/install/micro_ros_msgs/share/micro_ros_msgs/cmake/micro_ros_msgs__rosidl_typesupport_cppExport-noconfig.cmake
[18.005s] -- Installing: /home/amadorjosephg/CA-Embedded-MiniProject/comet_bot_ws/install/micro_ros_msgs/share/micro_ros_msgs/cmake/export_micro_ros_msgs__rosidl_generator_pyExport.cmake
[18.005s] -- Installing: /home/amadorjosephg/CA-Embedded-MiniProject/comet_bot_ws/install/micro_ros_msgs/share/micro_ros_msgs/cmake/export_micro_ros_msgs__rosidl_generator_pyExport-noconfig.cmake
[18.005s] -- Installing: /home/amadorjosephg/CA-Embedded-MiniProject/comet_bot_ws/install/micro_ros_msgs/share/micro_ros_msgs/cmake/rosidl_cmake-extras.cmake
[18.006s] -- Installing: /home/amadorjosephg/CA-Embedded-MiniProject/comet_bot_ws/install/micro_ros_msgs/share/micro_ros_msgs/cmake/ament_cmake_export_include_directories-extras.cmake
[18.007s] -- Installing: /home/amadorjosephg/CA-Embedded-MiniProject/comet_bot_ws/install/micro_ros_msgs/share/micro_ros_msgs/cmake/ament_cmake_export_libraries-extras.cmake
[18.008s] -- Installing: /home/amadorjosephg/CA-Embedded-MiniProject/comet_bot_ws/install/micro_ros_msgs/share/micro_ros_msgs/cmake/ament_cmake_export_targets-extras.cmake
[18.008s] -- Installing: /home/amadorjosephg/CA-Embedded-MiniProject/comet_bot_ws/install/micro_ros_msgs/share/micro_ros_msgs/cmake/rosidl_cmake_export_typesupport_targets-extras.cmake
[18.009s] -- Installing: /home/amadorjosephg/CA-Embedded-MiniProject/comet_bot_ws/install/micro_ros_msgs/share/micro_ros_msgs/cmake/ament_cmake_export_dependencies-extras.cmake
[18.009s] -- Installing: /home/amadorjosephg/CA-Embedded-MiniProject/comet_bot_ws/install/micro_ros_msgs/share/micro_ros_msgs/cmake/rosidl_cmake_export_typesupport_libraries-extras.cmake
[18.010s] -- Installing: /home/amadorjosephg/CA-Embedded-MiniProject/comet_bot_ws/install/micro_ros_msgs/share/micro_ros_msgs/cmake/micro_ros_msgsConfig.cmake
[18.010s] -- Installing: /home/amadorjosephg/CA-Embedded-MiniProject/comet_bot_ws/install/micro_ros_msgs/share/micro_ros_msgs/cmake/micro_ros_msgsConfig-version.cmake
[18.011s] -- Installing: /home/amadorjosephg/CA-Embedded-MiniProject/comet_bot_ws/install/micro_ros_msgs/share/micro_ros_msgs/package.xml
[18.019s] Invoked command in '/home/amadorjosephg/CA-Embedded-MiniProject/comet_bot_ws/build/micro_ros_msgs' returned '0': CMAKE_PREFIX_PATH=${CMAKE_PREFIX_PATH}:/home/amadorjosephg/CA-Embedded-MiniProject/comet_bot_ws/install/lunabot_control:/home/amadorjosephg/CA-Embedded-MiniProject/comet_bot_ws/install/jetson_topic_relay:/opt/ros/humble /usr/bin/cmake --install /home/amadorjosephg/CA-Embedded-MiniProject/comet_bot_ws/build/micro_ros_msgs
