[0.239s] DEBUG:colcon:Command line arguments: ['/usr/bin/colcon', 'build']
[0.239s] DEBUG:colcon:Parsed command line arguments: Namespace(log_base=None, log_level=None, verb_name='build', build_base='build', install_base='install', merge_install=False, symlink_install=False, test_result_base=None, continue_on_error=False, executor='parallel', parallel_workers=4, event_handlers=None, ignore_user_meta=False, metas=['./colcon.meta'], base_paths=['.'], packages_ignore=None, packages_ignore_regex=None, paths=None, packages_up_to=None, packages_up_to_regex=None, packages_above=None, packages_above_and_dependencies=None, packages_above_depth=None, packages_select_by_dep=None, packages_skip_by_dep=None, packages_skip_up_to=None, packages_select_build_failed=False, packages_skip_build_finished=False, packages_select_test_failures=False, packages_skip_test_passed=False, packages_select=None, packages_skip=None, packages_select_regex=None, packages_skip_regex=None, packages_start=None, packages_end=None, allow_overriding=[], cmake_args=None, cmake_target=None, cmake_target_skip_unavailable=False, cmake_clean_cache=False, cmake_clean_first=False, cmake_force_configure=False, ament_cmake_args=None, catkin_cmake_args=None, catkin_skip_building_tests=False, mixin_files=None, mixin=None, verb_parser=<colcon_mixin.mixin.mixin_argument.MixinArgumentDecorator object at 0x78e36ca39cf0>, verb_extension=<colcon_core.verb.build.BuildVerb object at 0x78e36ca39090>, main=<bound method BuildVerb.main of <colcon_core.verb.build.BuildVerb object at 0x78e36ca39090>>, mixin_verb=('build',))
[0.674s] Level 1:colcon.colcon_core.package_discovery:discover_packages(colcon_meta) check parameters
[0.675s] Level 1:colcon.colcon_core.package_discovery:discover_packages(recursive) check parameters
[0.675s] Level 1:colcon.colcon_core.package_discovery:discover_packages(ignore) check parameters
[0.675s] Level 1:colcon.colcon_core.package_discovery:discover_packages(path) check parameters
[0.675s] Level 1:colcon.colcon_core.package_discovery:discover_packages(colcon_meta) discover
[0.675s] Level 1:colcon.colcon_core.package_discovery:discover_packages(recursive) discover
[0.675s] INFO:colcon.colcon_core.package_discovery:Crawling recursively for packages in '/home/amadorjosephg/CA-Embedded-MiniProject/comet_bot_ws'
[0.675s] Level 1:colcon.colcon_core.package_identification:_identify(.) by extensions ['ignore', 'ignore_ament_install']
[0.675s] Level 1:colcon.colcon_core.package_identification:_identify(.) by extension 'ignore'
[0.675s] Level 1:colcon.colcon_core.package_identification:_identify(.) by extension 'ignore_ament_install'
[0.675s] Level 1:colcon.colcon_core.package_identification:_identify(.) by extensions ['colcon_pkg']
[0.675s] Level 1:colcon.colcon_core.package_identification:_identify(.) by extension 'colcon_pkg'
[0.675s] Level 1:colcon.colcon_core.package_identification:_identify(.) by extensions ['colcon_meta']
[0.675s] Level 1:colcon.colcon_core.package_identification:_identify(.) by extension 'colcon_meta'
[0.675s] Level 1:colcon.colcon_core.package_identification:_identify(.) by extensions ['ros']
[0.675s] Level 1:colcon.colcon_core.package_identification:_identify(.) by extension 'ros'
[0.689s] Level 1:colcon.colcon_core.package_identification:_identify(.) by extensions ['cmake', 'python']
[0.690s] Level 1:colcon.colcon_core.package_identification:_identify(.) by extension 'cmake'
[0.690s] Level 1:colcon.colcon_core.package_identification:_identify(.) by extension 'python'
[0.690s] Level 1:colcon.colcon_core.package_identification:_identify(.) by extensions ['python_setup_py']
[0.690s] Level 1:colcon.colcon_core.package_identification:_identify(.) by extension 'python_setup_py'
[0.690s] Level 1:colcon.colcon_core.package_identification:_identify(build) by extensions ['ignore', 'ignore_ament_install']
[0.690s] Level 1:colcon.colcon_core.package_identification:_identify(build) by extension 'ignore'
[0.690s] Level 1:colcon.colcon_core.package_identification:_identify(build) ignored
[0.690s] Level 1:colcon.colcon_core.package_identification:_identify(install) by extensions ['ignore', 'ignore_ament_install']
[0.690s] Level 1:colcon.colcon_core.package_identification:_identify(install) by extension 'ignore'
[0.691s] Level 1:colcon.colcon_core.package_identification:_identify(install) ignored
[0.691s] Level 1:colcon.colcon_core.package_identification:_identify(log) by extensions ['ignore', 'ignore_ament_install']
[0.691s] Level 1:colcon.colcon_core.package_identification:_identify(log) by extension 'ignore'
[0.691s] Level 1:colcon.colcon_core.package_identification:_identify(log) ignored
[0.691s] Level 1:colcon.colcon_core.package_identification:_identify(src) by extensions ['ignore', 'ignore_ament_install']
[0.692s] Level 1:colcon.colcon_core.package_identification:_identify(src) by extension 'ignore'
[0.692s] Level 1:colcon.colcon_core.package_identification:_identify(src) by extension 'ignore_ament_install'
[0.692s] Level 1:colcon.colcon_core.package_identification:_identify(src) by extensions ['colcon_pkg']
[0.692s] Level 1:colcon.colcon_core.package_identification:_identify(src) by extension 'colcon_pkg'
[0.692s] Level 1:colcon.colcon_core.package_identification:_identify(src) by extensions ['colcon_meta']
[0.692s] Level 1:colcon.colcon_core.package_identification:_identify(src) by extension 'colcon_meta'
[0.692s] Level 1:colcon.colcon_core.package_identification:_identify(src) by extensions ['ros']
[0.692s] Level 1:colcon.colcon_core.package_identification:_identify(src) by extension 'ros'
[0.692s] Level 1:colcon.colcon_core.package_identification:_identify(src) by extensions ['cmake', 'python']
[0.692s] Level 1:colcon.colcon_core.package_identification:_identify(src) by extension 'cmake'
[0.692s] Level 1:colcon.colcon_core.package_identification:_identify(src) by extension 'python'
[0.692s] Level 1:colcon.colcon_core.package_identification:_identify(src) by extensions ['python_setup_py']
[0.692s] Level 1:colcon.colcon_core.package_identification:_identify(src) by extension 'python_setup_py'
[0.692s] Level 1:colcon.colcon_core.package_identification:_identify(src/build) by extensions ['ignore', 'ignore_ament_install']
[0.692s] Level 1:colcon.colcon_core.package_identification:_identify(src/build) by extension 'ignore'
[0.692s] Level 1:colcon.colcon_core.package_identification:_identify(src/build) ignored
[0.692s] Level 1:colcon.colcon_core.package_identification:_identify(src/install) by extensions ['ignore', 'ignore_ament_install']
[0.692s] Level 1:colcon.colcon_core.package_identification:_identify(src/install) by extension 'ignore'
[0.692s] Level 1:colcon.colcon_core.package_identification:_identify(src/install) ignored
[0.692s] Level 1:colcon.colcon_core.package_identification:_identify(src/jetson_topic_relay) by extensions ['ignore', 'ignore_ament_install']
[0.693s] Level 1:colcon.colcon_core.package_identification:_identify(src/jetson_topic_relay) by extension 'ignore'
[0.693s] Level 1:colcon.colcon_core.package_identification:_identify(src/jetson_topic_relay) by extension 'ignore_ament_install'
[0.693s] Level 1:colcon.colcon_core.package_identification:_identify(src/jetson_topic_relay) by extensions ['colcon_pkg']
[0.693s] Level 1:colcon.colcon_core.package_identification:_identify(src/jetson_topic_relay) by extension 'colcon_pkg'
[0.693s] Level 1:colcon.colcon_core.package_identification:_identify(src/jetson_topic_relay) by extensions ['colcon_meta']
[0.693s] Level 1:colcon.colcon_core.package_identification:_identify(src/jetson_topic_relay) by extension 'colcon_meta'
[0.693s] Level 1:colcon.colcon_core.package_identification:_identify(src/jetson_topic_relay) by extensions ['ros']
[0.693s] Level 1:colcon.colcon_core.package_identification:_identify(src/jetson_topic_relay) by extension 'ros'
[0.697s] DEBUG:colcon.colcon_core.package_identification:Package 'src/jetson_topic_relay' with type 'ros.ament_python' and name 'jetson_topic_relay'
[0.697s] Level 1:colcon.colcon_core.package_identification:_identify(src/log) by extensions ['ignore', 'ignore_ament_install']
[0.697s] Level 1:colcon.colcon_core.package_identification:_identify(src/log) by extension 'ignore'
[0.697s] Level 1:colcon.colcon_core.package_identification:_identify(src/log) ignored
[0.697s] Level 1:colcon.colcon_core.package_identification:_identify(src/lunabot_control) by extensions ['ignore', 'ignore_ament_install']
[0.698s] Level 1:colcon.colcon_core.package_identification:_identify(src/lunabot_control) by extension 'ignore'
[0.698s] Level 1:colcon.colcon_core.package_identification:_identify(src/lunabot_control) by extension 'ignore_ament_install'
[0.698s] Level 1:colcon.colcon_core.package_identification:_identify(src/lunabot_control) by extensions ['colcon_pkg']
[0.698s] Level 1:colcon.colcon_core.package_identification:_identify(src/lunabot_control) by extension 'colcon_pkg'
[0.698s] Level 1:colcon.colcon_core.package_identification:_identify(src/lunabot_control) by extensions ['colcon_meta']
[0.698s] Level 1:colcon.colcon_core.package_identification:_identify(src/lunabot_control) by extension 'colcon_meta'
[0.698s] Level 1:colcon.colcon_core.package_identification:_identify(src/lunabot_control) by extensions ['ros']
[0.698s] Level 1:colcon.colcon_core.package_identification:_identify(src/lunabot_control) by extension 'ros'
[0.699s] DEBUG:colcon.colcon_core.package_identification:Package 'src/lunabot_control' with type 'ros.ament_python' and name 'lunabot_control'
[0.699s] Level 1:colcon.colcon_core.package_discovery:discover_packages(recursive) using defaults
[0.699s] Level 1:colcon.colcon_core.package_discovery:discover_packages(ignore) discover
[0.699s] Level 1:colcon.colcon_core.package_discovery:discover_packages(ignore) using defaults
[0.699s] Level 1:colcon.colcon_core.package_discovery:discover_packages(path) discover
[0.699s] Level 1:colcon.colcon_core.package_discovery:discover_packages(path) using defaults
[0.731s] Level 1:colcon.colcon_core.package_discovery:discover_packages(prefix_path) check parameters
[0.731s] Level 1:colcon.colcon_core.package_discovery:discover_packages(prefix_path) discover
[0.737s] DEBUG:colcon.colcon_installed_package_information.package_discovery:Found 294 installed packages in /opt/ros/humble
[0.748s] Level 1:colcon.colcon_core.package_discovery:discover_packages(prefix_path) using defaults
[0.788s] Level 5:colcon.colcon_core.verb:set package 'jetson_topic_relay' build argument 'cmake_args' from command line to 'None'
[0.788s] Level 5:colcon.colcon_core.verb:set package 'jetson_topic_relay' build argument 'cmake_target' from command line to 'None'
[0.788s] Level 5:colcon.colcon_core.verb:set package 'jetson_topic_relay' build argument 'cmake_target_skip_unavailable' from command line to 'False'
[0.788s] Level 5:colcon.colcon_core.verb:set package 'jetson_topic_relay' build argument 'cmake_clean_cache' from command line to 'False'
[0.788s] Level 5:colcon.colcon_core.verb:set package 'jetson_topic_relay' build argument 'cmake_clean_first' from command line to 'False'
[0.788s] Level 5:colcon.colcon_core.verb:set package 'jetson_topic_relay' build argument 'cmake_force_configure' from command line to 'False'
[0.788s] Level 5:colcon.colcon_core.verb:set package 'jetson_topic_relay' build argument 'ament_cmake_args' from command line to 'None'
[0.788s] Level 5:colcon.colcon_core.verb:set package 'jetson_topic_relay' build argument 'catkin_cmake_args' from command line to 'None'
[0.788s] Level 5:colcon.colcon_core.verb:set package 'jetson_topic_relay' build argument 'catkin_skip_building_tests' from command line to 'False'
[0.788s] DEBUG:colcon.colcon_core.verb:Building package 'jetson_topic_relay' with the following arguments: {'ament_cmake_args': None, 'build_base': '/home/amadorjosephg/CA-Embedded-MiniProject/comet_bot_ws/build/jetson_topic_relay', 'catkin_cmake_args': None, 'catkin_skip_building_tests': False, 'cmake_args': None, 'cmake_clean_cache': False, 'cmake_clean_first': False, 'cmake_force_configure': False, 'cmake_target': None, 'cmake_target_skip_unavailable': False, 'install_base': '/home/amadorjosephg/CA-Embedded-MiniProject/comet_bot_ws/install/jetson_topic_relay', 'merge_install': False, 'path': '/home/amadorjosephg/CA-Embedded-MiniProject/comet_bot_ws/src/jetson_topic_relay', 'symlink_install': False, 'test_result_base': None}
[0.789s] Level 5:colcon.colcon_core.verb:set package 'lunabot_control' build argument 'cmake_args' from command line to 'None'
[0.789s] Level 5:colcon.colcon_core.verb:set package 'lunabot_control' build argument 'cmake_target' from command line to 'None'
[0.789s] Level 5:colcon.colcon_core.verb:set package 'lunabot_control' build argument 'cmake_target_skip_unavailable' from command line to 'False'
[0.789s] Level 5:colcon.colcon_core.verb:set package 'lunabot_control' build argument 'cmake_clean_cache' from command line to 'False'
[0.789s] Level 5:colcon.colcon_core.verb:set package 'lunabot_control' build argument 'cmake_clean_first' from command line to 'False'
[0.789s] Level 5:colcon.colcon_core.verb:set package 'lunabot_control' build argument 'cmake_force_configure' from command line to 'False'
[0.789s] Level 5:colcon.colcon_core.verb:set package 'lunabot_control' build argument 'ament_cmake_args' from command line to 'None'
[0.789s] Level 5:colcon.colcon_core.verb:set package 'lunabot_control' build argument 'catkin_cmake_args' from command line to 'None'
[0.789s] Level 5:colcon.colcon_core.verb:set package 'lunabot_control' build argument 'catkin_skip_building_tests' from command line to 'False'
[0.789s] DEBUG:colcon.colcon_core.verb:Building package 'lunabot_control' with the following arguments: {'ament_cmake_args': None, 'build_base': '/home/amadorjosephg/CA-Embedded-MiniProject/comet_bot_ws/build/lunabot_control', 'catkin_cmake_args': None, 'catkin_skip_building_tests': False, 'cmake_args': None, 'cmake_clean_cache': False, 'cmake_clean_first': False, 'cmake_force_configure': False, 'cmake_target': None, 'cmake_target_skip_unavailable': False, 'install_base': '/home/amadorjosephg/CA-Embedded-MiniProject/comet_bot_ws/install/lunabot_control', 'merge_install': False, 'path': '/home/amadorjosephg/CA-Embedded-MiniProject/comet_bot_ws/src/lunabot_control', 'symlink_install': False, 'test_result_base': None}
[0.789s] INFO:colcon.colcon_core.executor:Executing jobs using 'parallel' executor
[0.790s] DEBUG:colcon.colcon_parallel_executor.executor.parallel:run_until_complete
[0.792s] INFO:colcon.colcon_ros.task.ament_python.build:Building ROS package in '/home/amadorjosephg/CA-Embedded-MiniProject/comet_bot_ws/src/jetson_topic_relay' with build type 'ament_python'
[0.792s] Level 1:colcon.colcon_core.shell:create_environment_hook('jetson_topic_relay', 'ament_prefix_path')
[0.800s] INFO:colcon.colcon_core.plugin_system:Skipping extension 'colcon_core.shell.bat': Not used on non-Windows systems
[0.800s] INFO:colcon.colcon_core.shell:Creating environment hook '/home/amadorjosephg/CA-Embedded-MiniProject/comet_bot_ws/install/jetson_topic_relay/share/jetson_topic_relay/hook/ament_prefix_path.ps1'
[0.803s] INFO:colcon.colcon_core.shell:Creating environment descriptor '/home/amadorjosephg/CA-Embedded-MiniProject/comet_bot_ws/install/jetson_topic_relay/share/jetson_topic_relay/hook/ament_prefix_path.dsv'
[0.805s] INFO:colcon.colcon_core.shell:Creating environment hook '/home/amadorjosephg/CA-Embedded-MiniProject/comet_bot_ws/install/jetson_topic_relay/share/jetson_topic_relay/hook/ament_prefix_path.sh'
[0.806s] INFO:colcon.colcon_core.shell:Skip shell extension 'powershell' for command environment: Not usable outside of PowerShell
[0.806s] DEBUG:colcon.colcon_core.shell:Skip shell extension 'dsv' for command environment
[0.814s] INFO:colcon.colcon_ros.task.ament_python.build:Building ROS package in '/home/amadorjosephg/CA-Embedded-MiniProject/comet_bot_ws/src/lunabot_control' with build type 'ament_python'
[0.815s] Level 1:colcon.colcon_core.shell:create_environment_hook('lunabot_control', 'ament_prefix_path')
[0.815s] INFO:colcon.colcon_core.shell:Creating environment hook '/home/amadorjosephg/CA-Embedded-MiniProject/comet_bot_ws/install/lunabot_control/share/lunabot_control/hook/ament_prefix_path.ps1'
[0.816s] INFO:colcon.colcon_core.shell:Creating environment descriptor '/home/amadorjosephg/CA-Embedded-MiniProject/comet_bot_ws/install/lunabot_control/share/lunabot_control/hook/ament_prefix_path.dsv'
[0.818s] INFO:colcon.colcon_core.shell:Creating environment hook '/home/amadorjosephg/CA-Embedded-MiniProject/comet_bot_ws/install/lunabot_control/share/lunabot_control/hook/ament_prefix_path.sh'
[0.820s] INFO:colcon.colcon_core.shell:Skip shell extension 'powershell' for command environment: Not usable outside of PowerShell
[0.820s] DEBUG:colcon.colcon_core.shell:Skip shell extension 'dsv' for command environment
[1.090s] INFO:colcon.colcon_core.task.python.build:Building Python package in '/home/amadorjosephg/CA-Embedded-MiniProject/comet_bot_ws/src/jetson_topic_relay'
[1.091s] INFO:colcon.colcon_core.shell:Skip shell extension 'powershell' for command environment: Not usable outside of PowerShell
[1.091s] DEBUG:colcon.colcon_core.shell:Skip shell extension 'dsv' for command environment
[1.348s] INFO:colcon.colcon_core.task.python.build:Building Python package in '/home/amadorjosephg/CA-Embedded-MiniProject/comet_bot_ws/src/lunabot_control'
[1.348s] INFO:colcon.colcon_core.shell:Skip shell extension 'powershell' for command environment: Not usable outside of PowerShell
[1.348s] DEBUG:colcon.colcon_core.shell:Skip shell extension 'dsv' for command environment
[1.766s] DEBUG:colcon.colcon_core.event_handler.log_command:Invoking command in '/home/amadorjosephg/CA-Embedded-MiniProject/comet_bot_ws/src/lunabot_control': PYTHONPATH=/home/amadorjosephg/CA-Embedded-MiniProject/comet_bot_ws/build/lunabot_control/prefix_override:/usr/lib/python3/dist-packages/colcon_core/task/python/colcon_distutils_commands:/home/amadorjosephg/CA-Embedded-MiniProject/comet_bot_ws/install/lunabot_control/lib/python3.10/site-packages:${PYTHONPATH} /usr/bin/python3 -W ignore:setup.py install is deprecated setup.py egg_info --egg-base ../../build/lunabot_control build --build-base /home/amadorjosephg/CA-Embedded-MiniProject/comet_bot_ws/build/lunabot_control/build install --record /home/amadorjosephg/CA-Embedded-MiniProject/comet_bot_ws/build/lunabot_control/install.log --single-version-externally-managed install_data
[1.768s] DEBUG:colcon.colcon_core.event_handler.log_command:Invoking command in '/home/amadorjosephg/CA-Embedded-MiniProject/comet_bot_ws/src/jetson_topic_relay': PYTHONPATH=/home/amadorjosephg/CA-Embedded-MiniProject/comet_bot_ws/build/jetson_topic_relay/prefix_override:/usr/lib/python3/dist-packages/colcon_core/task/python/colcon_distutils_commands:/home/amadorjosephg/CA-Embedded-MiniProject/comet_bot_ws/install/jetson_topic_relay/lib/python3.10/site-packages:${PYTHONPATH} /usr/bin/python3 -W ignore:setup.py install is deprecated setup.py egg_info --egg-base ../../build/jetson_topic_relay build --build-base /home/amadorjosephg/CA-Embedded-MiniProject/comet_bot_ws/build/jetson_topic_relay/build install --record /home/amadorjosephg/CA-Embedded-MiniProject/comet_bot_ws/build/jetson_topic_relay/install.log --single-version-externally-managed install_data
[2.061s] DEBUG:colcon.colcon_core.event_handler.log_command:Invoked command in '/home/amadorjosephg/CA-Embedded-MiniProject/comet_bot_ws/src/lunabot_control' returned '0': PYTHONPATH=/home/amadorjosephg/CA-Embedded-MiniProject/comet_bot_ws/build/lunabot_control/prefix_override:/usr/lib/python3/dist-packages/colcon_core/task/python/colcon_distutils_commands:/home/amadorjosephg/CA-Embedded-MiniProject/comet_bot_ws/install/lunabot_control/lib/python3.10/site-packages:${PYTHONPATH} /usr/bin/python3 -W ignore:setup.py install is deprecated setup.py egg_info --egg-base ../../build/lunabot_control build --build-base /home/amadorjosephg/CA-Embedded-MiniProject/comet_bot_ws/build/lunabot_control/build install --record /home/amadorjosephg/CA-Embedded-MiniProject/comet_bot_ws/build/lunabot_control/install.log --single-version-externally-managed install_data
[2.071s] Level 1:colcon.colcon_core.environment:checking '/home/amadorjosephg/CA-Embedded-MiniProject/comet_bot_ws/install/lunabot_control' for CMake module files
[2.072s] Level 1:colcon.colcon_core.environment:checking '/home/amadorjosephg/CA-Embedded-MiniProject/comet_bot_ws/install/lunabot_control' for CMake config files
[2.073s] Level 1:colcon.colcon_core.environment:checking '/home/amadorjosephg/CA-Embedded-MiniProject/comet_bot_ws/install/lunabot_control/lib'
[2.073s] Level 1:colcon.colcon_core.environment:checking '/home/amadorjosephg/CA-Embedded-MiniProject/comet_bot_ws/install/lunabot_control/bin'
[2.073s] Level 1:colcon.colcon_core.environment:checking '/home/amadorjosephg/CA-Embedded-MiniProject/comet_bot_ws/install/lunabot_control/lib/pkgconfig/lunabot_control.pc'
[2.073s] Level 1:colcon.colcon_core.environment:checking '/home/amadorjosephg/CA-Embedded-MiniProject/comet_bot_ws/install/lunabot_control/lib/python3.10/site-packages'
[2.073s] Level 1:colcon.colcon_core.shell:create_environment_hook('lunabot_control', 'pythonpath')
[2.074s] INFO:colcon.colcon_core.shell:Creating environment hook '/home/amadorjosephg/CA-Embedded-MiniProject/comet_bot_ws/install/lunabot_control/share/lunabot_control/hook/pythonpath.ps1'
[2.074s] INFO:colcon.colcon_core.shell:Creating environment descriptor '/home/amadorjosephg/CA-Embedded-MiniProject/comet_bot_ws/install/lunabot_control/share/lunabot_control/hook/pythonpath.dsv'
[2.075s] INFO:colcon.colcon_core.shell:Creating environment hook '/home/amadorjosephg/CA-Embedded-MiniProject/comet_bot_ws/install/lunabot_control/share/lunabot_control/hook/pythonpath.sh'
[2.075s] Level 1:colcon.colcon_core.environment:checking '/home/amadorjosephg/CA-Embedded-MiniProject/comet_bot_ws/install/lunabot_control/bin'
[2.075s] Level 1:colcon.colcon_core.environment:create_environment_scripts_only(lunabot_control)
[2.076s] INFO:colcon.colcon_core.shell:Creating package script '/home/amadorjosephg/CA-Embedded-MiniProject/comet_bot_ws/install/lunabot_control/share/lunabot_control/package.ps1'
[2.077s] INFO:colcon.colcon_core.shell:Creating package descriptor '/home/amadorjosephg/CA-Embedded-MiniProject/comet_bot_ws/install/lunabot_control/share/lunabot_control/package.dsv'
[2.079s] INFO:colcon.colcon_core.shell:Creating package script '/home/amadorjosephg/CA-Embedded-MiniProject/comet_bot_ws/install/lunabot_control/share/lunabot_control/package.sh'
[2.081s] INFO:colcon.colcon_core.shell:Creating package script '/home/amadorjosephg/CA-Embedded-MiniProject/comet_bot_ws/install/lunabot_control/share/lunabot_control/package.bash'
[2.083s] INFO:colcon.colcon_core.shell:Creating package script '/home/amadorjosephg/CA-Embedded-MiniProject/comet_bot_ws/install/lunabot_control/share/lunabot_control/package.zsh'
[2.084s] Level 1:colcon.colcon_core.environment:create_file_with_runtime_dependencies(/home/amadorjosephg/CA-Embedded-MiniProject/comet_bot_ws/install/lunabot_control/share/colcon-core/packages/lunabot_control)
[2.088s] Level 1:colcon.colcon_core.environment:checking '/home/amadorjosephg/CA-Embedded-MiniProject/comet_bot_ws/install/jetson_topic_relay' for CMake module files
[2.089s] DEBUG:colcon.colcon_core.event_handler.log_command:Invoked command in '/home/amadorjosephg/CA-Embedded-MiniProject/comet_bot_ws/src/jetson_topic_relay' returned '0': PYTHONPATH=/home/amadorjosephg/CA-Embedded-MiniProject/comet_bot_ws/build/jetson_topic_relay/prefix_override:/usr/lib/python3/dist-packages/colcon_core/task/python/colcon_distutils_commands:/home/amadorjosephg/CA-Embedded-MiniProject/comet_bot_ws/install/jetson_topic_relay/lib/python3.10/site-packages:${PYTHONPATH} /usr/bin/python3 -W ignore:setup.py install is deprecated setup.py egg_info --egg-base ../../build/jetson_topic_relay build --build-base /home/amadorjosephg/CA-Embedded-MiniProject/comet_bot_ws/build/jetson_topic_relay/build install --record /home/amadorjosephg/CA-Embedded-MiniProject/comet_bot_ws/build/jetson_topic_relay/install.log --single-version-externally-managed install_data
[2.089s] Level 1:colcon.colcon_core.environment:checking '/home/amadorjosephg/CA-Embedded-MiniProject/comet_bot_ws/install/jetson_topic_relay' for CMake config files
[2.090s] Level 1:colcon.colcon_core.environment:checking '/home/amadorjosephg/CA-Embedded-MiniProject/comet_bot_ws/install/jetson_topic_relay/lib'
[2.090s] Level 1:colcon.colcon_core.environment:checking '/home/amadorjosephg/CA-Embedded-MiniProject/comet_bot_ws/install/jetson_topic_relay/bin'
[2.090s] Level 1:colcon.colcon_core.environment:checking '/home/amadorjosephg/CA-Embedded-MiniProject/comet_bot_ws/install/jetson_topic_relay/lib/pkgconfig/jetson_topic_relay.pc'
[2.090s] Level 1:colcon.colcon_core.environment:checking '/home/amadorjosephg/CA-Embedded-MiniProject/comet_bot_ws/install/jetson_topic_relay/lib/python3.10/site-packages'
[2.090s] Level 1:colcon.colcon_core.shell:create_environment_hook('jetson_topic_relay', 'pythonpath')
[2.090s] INFO:colcon.colcon_core.shell:Creating environment hook '/home/amadorjosephg/CA-Embedded-MiniProject/comet_bot_ws/install/jetson_topic_relay/share/jetson_topic_relay/hook/pythonpath.ps1'
[2.092s] INFO:colcon.colcon_core.shell:Creating environment descriptor '/home/amadorjosephg/CA-Embedded-MiniProject/comet_bot_ws/install/jetson_topic_relay/share/jetson_topic_relay/hook/pythonpath.dsv'
[2.092s] INFO:colcon.colcon_core.shell:Creating environment hook '/home/amadorjosephg/CA-Embedded-MiniProject/comet_bot_ws/install/jetson_topic_relay/share/jetson_topic_relay/hook/pythonpath.sh'
[2.094s] Level 1:colcon.colcon_core.environment:checking '/home/amadorjosephg/CA-Embedded-MiniProject/comet_bot_ws/install/jetson_topic_relay/bin'
[2.094s] Level 1:colcon.colcon_core.environment:create_environment_scripts_only(jetson_topic_relay)
[2.095s] INFO:colcon.colcon_core.shell:Creating package script '/home/amadorjosephg/CA-Embedded-MiniProject/comet_bot_ws/install/jetson_topic_relay/share/jetson_topic_relay/package.ps1'
[2.096s] INFO:colcon.colcon_core.shell:Creating package descriptor '/home/amadorjosephg/CA-Embedded-MiniProject/comet_bot_ws/install/jetson_topic_relay/share/jetson_topic_relay/package.dsv'
[2.097s] INFO:colcon.colcon_core.shell:Creating package script '/home/amadorjosephg/CA-Embedded-MiniProject/comet_bot_ws/install/jetson_topic_relay/share/jetson_topic_relay/package.sh'
[2.098s] INFO:colcon.colcon_core.shell:Creating package script '/home/amadorjosephg/CA-Embedded-MiniProject/comet_bot_ws/install/jetson_topic_relay/share/jetson_topic_relay/package.bash'
[2.099s] INFO:colcon.colcon_core.shell:Creating package script '/home/amadorjosephg/CA-Embedded-MiniProject/comet_bot_ws/install/jetson_topic_relay/share/jetson_topic_relay/package.zsh'
[2.100s] Level 1:colcon.colcon_core.environment:create_file_with_runtime_dependencies(/home/amadorjosephg/CA-Embedded-MiniProject/comet_bot_ws/install/jetson_topic_relay/share/colcon-core/packages/jetson_topic_relay)
[2.101s] DEBUG:colcon.colcon_parallel_executor.executor.parallel:closing loop
[2.101s] DEBUG:colcon.colcon_parallel_executor.executor.parallel:loop closed
[2.101s] DEBUG:colcon.colcon_parallel_executor.executor.parallel:run_until_complete finished with '0'
[2.101s] DEBUG:colcon.colcon_core.event_reactor:joining thread
[2.112s] INFO:colcon.colcon_core.plugin_system:Skipping extension 'colcon_notification.desktop_notification.terminal_notifier': Not used on non-Darwin systems
[2.125s] INFO:colcon.colcon_core.plugin_system:Skipping extension 'colcon_notification.desktop_notification.win32': Not used on non-Windows systems
[2.126s] INFO:colcon.colcon_notification.desktop_notification:Sending desktop notification using 'notify2'
[2.158s] DEBUG:colcon.colcon_core.event_reactor:joined thread
[2.158s] INFO:colcon.colcon_core.shell:Creating prefix script '/home/amadorjosephg/CA-Embedded-MiniProject/comet_bot_ws/install/local_setup.ps1'
[2.161s] INFO:colcon.colcon_core.shell:Creating prefix util module '/home/amadorjosephg/CA-Embedded-MiniProject/comet_bot_ws/install/_local_setup_util_ps1.py'
[2.163s] INFO:colcon.colcon_core.shell:Creating prefix chain script '/home/amadorjosephg/CA-Embedded-MiniProject/comet_bot_ws/install/setup.ps1'
[2.164s] INFO:colcon.colcon_core.shell:Creating prefix script '/home/amadorjosephg/CA-Embedded-MiniProject/comet_bot_ws/install/local_setup.sh'
[2.166s] INFO:colcon.colcon_core.shell:Creating prefix util module '/home/amadorjosephg/CA-Embedded-MiniProject/comet_bot_ws/install/_local_setup_util_sh.py'
[2.167s] INFO:colcon.colcon_core.shell:Creating prefix chain script '/home/amadorjosephg/CA-Embedded-MiniProject/comet_bot_ws/install/setup.sh'
[2.169s] INFO:colcon.colcon_core.shell:Creating prefix script '/home/amadorjosephg/CA-Embedded-MiniProject/comet_bot_ws/install/local_setup.bash'
[2.171s] INFO:colcon.colcon_core.shell:Creating prefix chain script '/home/amadorjosephg/CA-Embedded-MiniProject/comet_bot_ws/install/setup.bash'
[2.173s] INFO:colcon.colcon_core.shell:Creating prefix script '/home/amadorjosephg/CA-Embedded-MiniProject/comet_bot_ws/install/local_setup.zsh'
[2.174s] INFO:colcon.colcon_core.shell:Creating prefix chain script '/home/amadorjosephg/CA-Embedded-MiniProject/comet_bot_ws/install/setup.zsh'
