[0.101s] Invoking command in '/home/amadorjosephg/CA-Embedded-MiniProject/comet_bot_ws/build/statistics_msgs': AMENT_PREFIX_PATH=/home/amadorjosephg/CA-Embedded-MiniProject/comet_bot_ws/install/builtin_interfaces:${AMENT_PREFIX_PATH} CMAKE_PREFIX_PATH=/home/amadorjosephg/CA-Embedded-MiniProject/comet_bot_ws/install/builtin_interfaces:/home/amadorjosephg/CA-Embedded-MiniProject/comet_bot_ws/install/rosidl_typesupport_microxrcedds_cpp:/home/amadorjosephg/CA-Embedded-MiniProject/comet_bot_ws/install/rosidl_typesupport_microxrcedds_c:/home/amadorjosephg/CA-Embedded-MiniProject/comet_bot_ws/install/microcdr:/home/amadorjosephg/CA-Embedded-MiniProject/comet_bot_ws/install/micro_ros_setup:/home/amadorjosephg/CA-Embedded-MiniProject/comet_bot_ws/install/micro_ros_agent:/home/amadorjosephg/CA-Embedded-MiniProject/comet_bot_ws/install/micro_ros_msgs:/home/amadorjosephg/CA-Embedded-MiniProject/comet_bot_ws/install/lunabot_control:/home/amadorjosephg/CA-Embedded-MiniProject/comet_bot_ws/install/jetson_topic_relay:/opt/ros/humble LD_LIBRARY_PATH=/home/amadorjosephg/CA-Embedded-MiniProject/comet_bot_ws/install/builtin_interfaces/lib:${LD_LIBRARY_PATH} PYTHONPATH=/home/amadorjosephg/CA-Embedded-MiniProject/comet_bot_ws/install/builtin_interfaces/local/lib/python3.10/dist-packages:${PYTHONPATH} /usr/bin/cmake /home/amadorjosephg/CA-Embedded-MiniProject/comet_bot_ws/src/ros2/rcl_interfaces/statistics_msgs -DBUILD_TESTING=OFF -DBUILD_SHARED_LIBS=ON -DCMAKE_INSTALL_PREFIX=/home/amadorjosephg/CA-Embedded-MiniProject/comet_bot_ws/install/statistics_msgs
[0.194s] -- The C compiler identification is GNU 11.4.0
[0.287s] -- The CXX compiler identification is GNU 11.4.0
[0.296s] -- Detecting C compiler ABI info
[0.408s] -- Detecting C compiler ABI info - done
[0.414s] -- Check for working C compiler: /usr/bin/cc - skipped
[0.415s] -- Detecting C compile features
[0.415s] -- Detecting C compile features - done
[0.425s] -- Detecting CXX compiler ABI info
[0.671s] -- Detecting CXX compiler ABI info - done
[0.678s] -- Check for working CXX compiler: /usr/bin/c++ - skipped
[0.678s] -- Detecting CXX compile features
[0.679s] -- Detecting CXX compile features - done
[0.684s] -- Found ament_cmake: 1.3.9 (/opt/ros/humble/share/ament_cmake/cmake)
[0.997s] -- Found Python3: /usr/bin/python3 (found version "3.10.12") found components: Interpreter 
[1.096s] -- Found builtin_interfaces: 1.2.1 (/home/amadorjosephg/CA-Embedded-MiniProject/comet_bot_ws/install/builtin_interfaces/share/builtin_interfaces/cmake)
[1.151s] -- Found rosidl_generator_c: 3.1.5 (/opt/ros/humble/share/rosidl_generator_c/cmake)
[1.166s] -- Found rosidl_adapter: 3.1.5 (/opt/ros/humble/share/rosidl_adapter/cmake)
[1.234s] -- Found rosidl_generator_cpp: 3.1.5 (/opt/ros/humble/share/rosidl_generator_cpp/cmake)
[1.253s] -- Using all available rosidl_typesupport_c: rosidl_typesupport_microxrcedds_c;rosidl_typesupport_fastrtps_c;rosidl_typesupport_introspection_c
[1.294s] -- Using all available rosidl_typesupport_cpp: rosidl_typesupport_microxrcedds_cpp;rosidl_typesupport_fastrtps_cpp;rosidl_typesupport_introspection_cpp
[1.318s] -- Found rosidl_default_generators: 1.2.0 (/opt/ros/humble/share/rosidl_default_generators/cmake)
[1.781s] -- Found ament_cmake_ros: 0.10.0 (/opt/ros/humble/share/ament_cmake_ros/cmake)
[2.427s] -- Using all available rosidl_typesupport_c: rosidl_typesupport_microxrcedds_c;rosidl_typesupport_fastrtps_c;rosidl_typesupport_introspection_c
[2.644s] -- Using all available rosidl_typesupport_cpp: rosidl_typesupport_microxrcedds_cpp;rosidl_typesupport_fastrtps_cpp;rosidl_typesupport_introspection_cpp
[2.669s] -- Found PythonInterp: /usr/bin/python3 (found suitable version "3.10.12", minimum required is "3.6") 
[2.672s] -- Found python_cmake_module: 0.10.0 (/opt/ros/humble/share/python_cmake_module/cmake)
[2.708s] -- Found PythonLibs: /usr/lib/x86_64-linux-gnu/libpython3.10.so (found suitable version "3.10.12", minimum required is "3.5") 
[2.708s] -- Using PYTHON_EXECUTABLE: /usr/bin/python3
[2.709s] -- Using PYTHON_INCLUDE_DIRS: /usr/include/python3.10
[2.709s] -- Using PYTHON_LIBRARIES: /usr/lib/x86_64-linux-gnu/libpython3.10.so
[2.732s] -- Found PythonExtra: .so  
[2.781s] -- Configuring done
[2.841s] -- Generating done
[2.848s] -- Build files have been written to: /home/amadorjosephg/CA-Embedded-MiniProject/comet_bot_ws/build/statistics_msgs
[2.856s] Invoked command in '/home/amadorjosephg/CA-Embedded-MiniProject/comet_bot_ws/build/statistics_msgs' returned '0': AMENT_PREFIX_PATH=/home/amadorjosephg/CA-Embedded-MiniProject/comet_bot_ws/install/builtin_interfaces:${AMENT_PREFIX_PATH} CMAKE_PREFIX_PATH=/home/amadorjosephg/CA-Embedded-MiniProject/comet_bot_ws/install/builtin_interfaces:/home/amadorjosephg/CA-Embedded-MiniProject/comet_bot_ws/install/rosidl_typesupport_microxrcedds_cpp:/home/amadorjosephg/CA-Embedded-MiniProject/comet_bot_ws/install/rosidl_typesupport_microxrcedds_c:/home/amadorjosephg/CA-Embedded-MiniProject/comet_bot_ws/install/microcdr:/home/amadorjosephg/CA-Embedded-MiniProject/comet_bot_ws/install/micro_ros_setup:/home/amadorjosephg/CA-Embedded-MiniProject/comet_bot_ws/install/micro_ros_agent:/home/amadorjosephg/CA-Embedded-MiniProject/comet_bot_ws/install/micro_ros_msgs:/home/amadorjosephg/CA-Embedded-MiniProject/comet_bot_ws/install/lunabot_control:/home/amadorjosephg/CA-Embedded-MiniProject/comet_bot_ws/install/jetson_topic_relay:/opt/ros/humble LD_LIBRARY_PATH=/home/amadorjosephg/CA-Embedded-MiniProject/comet_bot_ws/install/builtin_interfaces/lib:${LD_LIBRARY_PATH} PYTHONPATH=/home/amadorjosephg/CA-Embedded-MiniProject/comet_bot_ws/install/builtin_interfaces/local/lib/python3.10/dist-packages:${PYTHONPATH} /usr/bin/cmake /home/amadorjosephg/CA-Embedded-MiniProject/comet_bot_ws/src/ros2/rcl_interfaces/statistics_msgs -DBUILD_TESTING=OFF -DBUILD_SHARED_LIBS=ON -DCMAKE_INSTALL_PREFIX=/home/amadorjosephg/CA-Embedded-MiniProject/comet_bot_ws/install/statistics_msgs
[2.856s] Invoking command in '/home/amadorjosephg/CA-Embedded-MiniProject/comet_bot_ws/build/statistics_msgs': AMENT_PREFIX_PATH=/home/amadorjosephg/CA-Embedded-MiniProject/comet_bot_ws/install/builtin_interfaces:${AMENT_PREFIX_PATH} CMAKE_PREFIX_PATH=/home/amadorjosephg/CA-Embedded-MiniProject/comet_bot_ws/install/builtin_interfaces:/home/amadorjosephg/CA-Embedded-MiniProject/comet_bot_ws/install/rosidl_typesupport_microxrcedds_cpp:/home/amadorjosephg/CA-Embedded-MiniProject/comet_bot_ws/install/rosidl_typesupport_microxrcedds_c:/home/amadorjosephg/CA-Embedded-MiniProject/comet_bot_ws/install/microcdr:/home/amadorjosephg/CA-Embedded-MiniProject/comet_bot_ws/install/micro_ros_setup:/home/amadorjosephg/CA-Embedded-MiniProject/comet_bot_ws/install/micro_ros_agent:/home/amadorjosephg/CA-Embedded-MiniProject/comet_bot_ws/install/micro_ros_msgs:/home/amadorjosephg/CA-Embedded-MiniProject/comet_bot_ws/install/lunabot_control:/home/amadorjosephg/CA-Embedded-MiniProject/comet_bot_ws/install/jetson_topic_relay:/opt/ros/humble LD_LIBRARY_PATH=/home/amadorjosephg/CA-Embedded-MiniProject/comet_bot_ws/install/builtin_interfaces/lib:${LD_LIBRARY_PATH} PYTHONPATH=/home/amadorjosephg/CA-Embedded-MiniProject/comet_bot_ws/install/builtin_interfaces/local/lib/python3.10/dist-packages:${PYTHONPATH} /usr/bin/cmake --build /home/amadorjosephg/CA-Embedded-MiniProject/comet_bot_ws/build/statistics_msgs -- -j4 -l4
[2.961s] [  1%] [34m[1mGenerating C++ code for ROS interfaces[0m
[3.590s] [  1%] Built target statistics_msgs__cpp
[3.697s] [  1%] Built target ament_cmake_python_copy_statistics_msgs
[3.725s] [  3%] [34m[1mGenerating C++ type support for eProsima Fast-RTPS[0m
[4.346s] [  5%] [32mBuilding CXX object CMakeFiles/statistics_msgs__rosidl_typesupport_fastrtps_cpp.dir/rosidl_typesupport_fastrtps_cpp/statistics_msgs/msg/detail/dds_fastrtps/metrics_message__type_support.cpp.o[0m
[4.906s] [  6%] [32mBuilding CXX object CMakeFiles/statistics_msgs__rosidl_typesupport_fastrtps_cpp.dir/rosidl_typesupport_fastrtps_cpp/statistics_msgs/msg/detail/dds_fastrtps/statistic_data_point__type_support.cpp.o[0m
[5.317s] [  8%] [32mBuilding CXX object CMakeFiles/statistics_msgs__rosidl_typesupport_fastrtps_cpp.dir/rosidl_typesupport_fastrtps_cpp/statistics_msgs/msg/detail/dds_fastrtps/statistic_data_type__type_support.cpp.o[0m
[5.726s] [ 10%] [32m[1mLinking CXX shared library libstatistics_msgs__rosidl_typesupport_fastrtps_cpp.so[0m
[5.821s] [ 10%] Built target statistics_msgs__rosidl_typesupport_fastrtps_cpp
[5.844s] [ 11%] [34m[1mGenerating C++ type support for eProsima Micro XRCE-DDS[0m
[6.418s] [ 13%] [32mBuilding CXX object CMakeFiles/statistics_msgs__rosidl_typesupport_microxrcedds_cpp.dir/rosidl_typesupport_microxrcedds_cpp/statistics_msgs/msg/detail/microxrcedds/metrics_message__type_support_cpp.cpp.o[0m
[6.845s] [ 15%] [32mBuilding CXX object CMakeFiles/statistics_msgs__rosidl_typesupport_microxrcedds_cpp.dir/rosidl_typesupport_microxrcedds_cpp/statistics_msgs/msg/detail/microxrcedds/statistic_data_point__type_support_cpp.cpp.o[0m
[7.213s] [ 16%] [32mBuilding CXX object CMakeFiles/statistics_msgs__rosidl_typesupport_microxrcedds_cpp.dir/rosidl_typesupport_microxrcedds_cpp/statistics_msgs/msg/detail/microxrcedds/statistic_data_type__type_support_cpp.cpp.o[0m
[7.525s] [ 18%] [32m[1mLinking CXX shared library libstatistics_msgs__rosidl_typesupport_microxrcedds_cpp.so[0m
[7.670s] [ 18%] Built target statistics_msgs__rosidl_typesupport_microxrcedds_cpp
[7.693s] [ 20%] [34m[1mGenerating C++ introspection for ROS interfaces[0m
[8.317s] [ 22%] [32mBuilding CXX object CMakeFiles/statistics_msgs__rosidl_typesupport_introspection_cpp.dir/rosidl_typesupport_introspection_cpp/statistics_msgs/msg/detail/metrics_message__type_support.cpp.o[0m
[8.713s] [ 23%] [32mBuilding CXX object CMakeFiles/statistics_msgs__rosidl_typesupport_introspection_cpp.dir/rosidl_typesupport_introspection_cpp/statistics_msgs/msg/detail/statistic_data_point__type_support.cpp.o[0m
[9.143s] [ 25%] [32mBuilding CXX object CMakeFiles/statistics_msgs__rosidl_typesupport_introspection_cpp.dir/rosidl_typesupport_introspection_cpp/statistics_msgs/msg/detail/statistic_data_type__type_support.cpp.o[0m
[9.525s] [ 27%] [32m[1mLinking CXX shared library libstatistics_msgs__rosidl_typesupport_introspection_cpp.so[0m
[9.675s] [ 27%] Built target statistics_msgs__rosidl_typesupport_introspection_cpp
[9.977s] running egg_info
[9.977s] creating statistics_msgs.egg-info
[9.978s] writing statistics_msgs.egg-info/PKG-INFO
[9.978s] writing dependency_links to statistics_msgs.egg-info/dependency_links.txt
[9.978s] writing top-level names to statistics_msgs.egg-info/top_level.txt
[9.979s] writing manifest file 'statistics_msgs.egg-info/SOURCES.txt'
[9.980s] reading manifest file 'statistics_msgs.egg-info/SOURCES.txt'
[9.981s] writing manifest file 'statistics_msgs.egg-info/SOURCES.txt'
[10.022s] [ 27%] Built target ament_cmake_python_build_statistics_msgs_egg
[10.042s] [ 28%] [34m[1mGenerating C++ type support dispatch for ROS interfaces[0m
[10.455s] [ 30%] [32mBuilding CXX object CMakeFiles/statistics_msgs__rosidl_typesupport_cpp.dir/rosidl_typesupport_cpp/statistics_msgs/msg/metrics_message__type_support.cpp.o[0m
[10.814s] [ 32%] [32mBuilding CXX object CMakeFiles/statistics_msgs__rosidl_typesupport_cpp.dir/rosidl_typesupport_cpp/statistics_msgs/msg/statistic_data_type__type_support.cpp.o[0m
[11.005s] [ 33%] [32mBuilding CXX object CMakeFiles/statistics_msgs__rosidl_typesupport_cpp.dir/rosidl_typesupport_cpp/statistics_msgs/msg/statistic_data_point__type_support.cpp.o[0m
[11.406s] [ 35%] [32m[1mLinking CXX shared library libstatistics_msgs__rosidl_typesupport_cpp.so[0m
[11.528s] [ 35%] Built target statistics_msgs__rosidl_typesupport_cpp
[11.545s] [ 37%] [34m[1mGenerating C code for ROS interfaces[0m
[12.308s] [ 38%] [32mBuilding C object CMakeFiles/statistics_msgs__rosidl_generator_c.dir/rosidl_generator_c/statistics_msgs/msg/detail/metrics_message__functions.c.o[0m
[12.412s] [ 40%] [32mBuilding C object CMakeFiles/statistics_msgs__rosidl_generator_c.dir/rosidl_generator_c/statistics_msgs/msg/detail/statistic_data_type__functions.c.o[0m
[12.503s] [ 42%] [32mBuilding C object CMakeFiles/statistics_msgs__rosidl_generator_c.dir/rosidl_generator_c/statistics_msgs/msg/detail/statistic_data_point__functions.c.o[0m
[12.620s] [ 44%] [32m[1mLinking C shared library libstatistics_msgs__rosidl_generator_c.so[0m
[12.696s] [ 44%] Built target statistics_msgs__rosidl_generator_c
[12.715s] [ 45%] [34m[1mGenerating C type support for eProsima Fast-RTPS[0m
[13.398s] [ 47%] [32mBuilding CXX object CMakeFiles/statistics_msgs__rosidl_typesupport_fastrtps_c.dir/rosidl_typesupport_fastrtps_c/statistics_msgs/msg/detail/metrics_message__type_support_c.cpp.o[0m
[13.860s] [ 49%] [32mBuilding CXX object CMakeFiles/statistics_msgs__rosidl_typesupport_fastrtps_c.dir/rosidl_typesupport_fastrtps_c/statistics_msgs/msg/detail/statistic_data_point__type_support_c.cpp.o[0m
[14.169s] [ 50%] [32mBuilding CXX object CMakeFiles/statistics_msgs__rosidl_typesupport_fastrtps_c.dir/rosidl_typesupport_fastrtps_c/statistics_msgs/msg/detail/statistic_data_type__type_support_c.cpp.o[0m
[14.563s] [ 52%] [32m[1mLinking CXX shared library libstatistics_msgs__rosidl_typesupport_fastrtps_c.so[0m
[14.641s] [ 52%] Built target statistics_msgs__rosidl_typesupport_fastrtps_c
[14.658s] [ 54%] [34m[1mGenerating C type support dispatch for ROS interfaces[0m
[15.119s] [ 55%] [32mBuilding CXX object CMakeFiles/statistics_msgs__rosidl_typesupport_c.dir/rosidl_typesupport_c/statistics_msgs/msg/metrics_message__type_support.cpp.o[0m
[15.187s] [ 57%] [32mBuilding CXX object CMakeFiles/statistics_msgs__rosidl_typesupport_c.dir/rosidl_typesupport_c/statistics_msgs/msg/statistic_data_point__type_support.cpp.o[0m
[15.223s] [ 59%] [32mBuilding CXX object CMakeFiles/statistics_msgs__rosidl_typesupport_c.dir/rosidl_typesupport_c/statistics_msgs/msg/statistic_data_type__type_support.cpp.o[0m
[15.259s] [ 61%] [32m[1mLinking CXX shared library libstatistics_msgs__rosidl_typesupport_c.so[0m
[15.449s] [ 61%] Built target statistics_msgs__rosidl_typesupport_c
[15.467s] [ 62%] [34m[1mGenerating C introspection for ROS interfaces[0m
[16.155s] [ 64%] [32mBuilding C object CMakeFiles/statistics_msgs__rosidl_typesupport_introspection_c.dir/rosidl_typesupport_introspection_c/statistics_msgs/msg/detail/metrics_message__type_support.c.o[0m
[16.217s] [ 66%] [32mBuilding C object CMakeFiles/statistics_msgs__rosidl_typesupport_introspection_c.dir/rosidl_typesupport_introspection_c/statistics_msgs/msg/detail/statistic_data_type__type_support.c.o[0m
[16.260s] [ 67%] [32mBuilding C object CMakeFiles/statistics_msgs__rosidl_typesupport_introspection_c.dir/rosidl_typesupport_introspection_c/statistics_msgs/msg/detail/statistic_data_point__type_support.c.o[0m
[16.321s] [ 69%] [32m[1mLinking C shared library libstatistics_msgs__rosidl_typesupport_introspection_c.so[0m
[16.382s] [ 69%] Built target statistics_msgs__rosidl_typesupport_introspection_c
[16.437s] [ 71%] [34m[1mGenerating C type support for eProsima Micro XRCE-DDS[0m
[17.004s] [ 72%] [32mBuilding C object CMakeFiles/statistics_msgs__rosidl_typesupport_microxrcedds_c.dir/rosidl_typesupport_microxrcedds_c/statistics_msgs/msg/detail/microxrcedds/metrics_message__type_support_c.c.o[0m
[17.078s] [ 74%] [32mBuilding C object CMakeFiles/statistics_msgs__rosidl_typesupport_microxrcedds_c.dir/rosidl_typesupport_microxrcedds_c/statistics_msgs/msg/detail/microxrcedds/statistic_data_type__type_support_c.c.o[0m
[17.132s] [ 76%] [32mBuilding C object CMakeFiles/statistics_msgs__rosidl_typesupport_microxrcedds_c.dir/rosidl_typesupport_microxrcedds_c/statistics_msgs/msg/detail/microxrcedds/statistic_data_point__type_support_c.c.o[0m
[17.200s] [ 77%] [32m[1mLinking C shared library libstatistics_msgs__rosidl_typesupport_microxrcedds_c.so[0m
[17.259s] [ 77%] Built target statistics_msgs__rosidl_typesupport_microxrcedds_c
[17.299s] [ 77%] Built target statistics_msgs
[17.330s] [ 79%] [34m[1mGenerating Python code for ROS interfaces[0m
[18.520s] [ 79%] Built target statistics_msgs__py
[18.582s] [ 81%] [32mBuilding C object CMakeFiles/statistics_msgs__rosidl_generator_py.dir/rosidl_generator_py/statistics_msgs/msg/_metrics_message_s.c.o[0m
[18.801s] [ 83%] [32mBuilding C object CMakeFiles/statistics_msgs__rosidl_generator_py.dir/rosidl_generator_py/statistics_msgs/msg/_statistic_data_type_s.c.o[0m
[18.832s] [ 84%] [32mBuilding C object CMakeFiles/statistics_msgs__rosidl_generator_py.dir/rosidl_generator_py/statistics_msgs/msg/_statistic_data_point_s.c.o[0m
[19.037s] [ 86%] [32m[1mLinking C shared library rosidl_generator_py/statistics_msgs/libstatistics_msgs__rosidl_generator_py.so[0m
[19.107s] [ 86%] Built target statistics_msgs__rosidl_generator_py
[19.171s] [ 88%] [32mBuilding C object CMakeFiles/statistics_msgs__rosidl_typesupport_microxrcedds_c__pyext.dir/rosidl_generator_py/statistics_msgs/_statistics_msgs_s.ep.rosidl_typesupport_microxrcedds_c.c.o[0m
[19.311s] [ 89%] [32m[1mLinking C shared library rosidl_generator_py/statistics_msgs/statistics_msgs_s__rosidl_typesupport_microxrcedds_c.cpython-310-x86_64-linux-gnu.so[0m
[19.361s] [ 89%] Built target statistics_msgs__rosidl_typesupport_microxrcedds_c__pyext
[19.404s] [ 91%] [32mBuilding C object CMakeFiles/statistics_msgs__rosidl_typesupport_c__pyext.dir/rosidl_generator_py/statistics_msgs/_statistics_msgs_s.ep.rosidl_typesupport_c.c.o[0m
[19.650s] [ 93%] [32m[1mLinking C shared library rosidl_generator_py/statistics_msgs/statistics_msgs_s__rosidl_typesupport_c.cpython-310-x86_64-linux-gnu.so[0m
[19.743s] [ 93%] Built target statistics_msgs__rosidl_typesupport_c__pyext
[19.934s] [ 94%] [32mBuilding C object CMakeFiles/statistics_msgs__rosidl_typesupport_introspection_c__pyext.dir/rosidl_generator_py/statistics_msgs/_statistics_msgs_s.ep.rosidl_typesupport_introspection_c.c.o[0m
[20.052s] [ 96%] [32m[1mLinking C shared library rosidl_generator_py/statistics_msgs/statistics_msgs_s__rosidl_typesupport_introspection_c.cpython-310-x86_64-linux-gnu.so[0m
[20.106s] [ 96%] Built target statistics_msgs__rosidl_typesupport_introspection_c__pyext
[20.138s] [ 98%] [32mBuilding C object CMakeFiles/statistics_msgs__rosidl_typesupport_fastrtps_c__pyext.dir/rosidl_generator_py/statistics_msgs/_statistics_msgs_s.ep.rosidl_typesupport_fastrtps_c.c.o[0m
[20.364s] [100%] [32m[1mLinking C shared library rosidl_generator_py/statistics_msgs/statistics_msgs_s__rosidl_typesupport_fastrtps_c.cpython-310-x86_64-linux-gnu.so[0m
[20.446s] [100%] Built target statistics_msgs__rosidl_typesupport_fastrtps_c__pyext
[20.463s] Invoked command in '/home/amadorjosephg/CA-Embedded-MiniProject/comet_bot_ws/build/statistics_msgs' returned '0': AMENT_PREFIX_PATH=/home/amadorjosephg/CA-Embedded-MiniProject/comet_bot_ws/install/builtin_interfaces:${AMENT_PREFIX_PATH} CMAKE_PREFIX_PATH=/home/amadorjosephg/CA-Embedded-MiniProject/comet_bot_ws/install/builtin_interfaces:/home/amadorjosephg/CA-Embedded-MiniProject/comet_bot_ws/install/rosidl_typesupport_microxrcedds_cpp:/home/amadorjosephg/CA-Embedded-MiniProject/comet_bot_ws/install/rosidl_typesupport_microxrcedds_c:/home/amadorjosephg/CA-Embedded-MiniProject/comet_bot_ws/install/microcdr:/home/amadorjosephg/CA-Embedded-MiniProject/comet_bot_ws/install/micro_ros_setup:/home/amadorjosephg/CA-Embedded-MiniProject/comet_bot_ws/install/micro_ros_agent:/home/amadorjosephg/CA-Embedded-MiniProject/comet_bot_ws/install/micro_ros_msgs:/home/amadorjosephg/CA-Embedded-MiniProject/comet_bot_ws/install/lunabot_control:/home/amadorjosephg/CA-Embedded-MiniProject/comet_bot_ws/install/jetson_topic_relay:/opt/ros/humble LD_LIBRARY_PATH=/home/amadorjosephg/CA-Embedded-MiniProject/comet_bot_ws/install/builtin_interfaces/lib:${LD_LIBRARY_PATH} PYTHONPATH=/home/amadorjosephg/CA-Embedded-MiniProject/comet_bot_ws/install/builtin_interfaces/local/lib/python3.10/dist-packages:${PYTHONPATH} /usr/bin/cmake --build /home/amadorjosephg/CA-Embedded-MiniProject/comet_bot_ws/build/statistics_msgs -- -j4 -l4
[21.044s] Invoking command in '/home/amadorjosephg/CA-Embedded-MiniProject/comet_bot_ws/build/statistics_msgs': AMENT_PREFIX_PATH=/home/amadorjosephg/CA-Embedded-MiniProject/comet_bot_ws/install/builtin_interfaces:${AMENT_PREFIX_PATH} CMAKE_PREFIX_PATH=/home/amadorjosephg/CA-Embedded-MiniProject/comet_bot_ws/install/builtin_interfaces:/home/amadorjosephg/CA-Embedded-MiniProject/comet_bot_ws/install/rosidl_typesupport_microxrcedds_cpp:/home/amadorjosephg/CA-Embedded-MiniProject/comet_bot_ws/install/rosidl_typesupport_microxrcedds_c:/home/amadorjosephg/CA-Embedded-MiniProject/comet_bot_ws/install/microcdr:/home/amadorjosephg/CA-Embedded-MiniProject/comet_bot_ws/install/micro_ros_setup:/home/amadorjosephg/CA-Embedded-MiniProject/comet_bot_ws/install/micro_ros_agent:/home/amadorjosephg/CA-Embedded-MiniProject/comet_bot_ws/install/micro_ros_msgs:/home/amadorjosephg/CA-Embedded-MiniProject/comet_bot_ws/install/lunabot_control:/home/amadorjosephg/CA-Embedded-MiniProject/comet_bot_ws/install/jetson_topic_relay:/opt/ros/humble LD_LIBRARY_PATH=/home/amadorjosephg/CA-Embedded-MiniProject/comet_bot_ws/install/builtin_interfaces/lib:${LD_LIBRARY_PATH} PYTHONPATH=/home/amadorjosephg/CA-Embedded-MiniProject/comet_bot_ws/install/builtin_interfaces/local/lib/python3.10/dist-packages:${PYTHONPATH} /usr/bin/cmake --install /home/amadorjosephg/CA-Embedded-MiniProject/comet_bot_ws/build/statistics_msgs
[21.071s] -- Install configuration: ""
[21.114s] -- Installing: /home/amadorjosephg/CA-Embedded-MiniProject/comet_bot_ws/install/statistics_msgs/share/ament_index/resource_index/rosidl_interfaces/statistics_msgs
[21.114s] -- Installing: /home/amadorjosephg/CA-Embedded-MiniProject/comet_bot_ws/install/statistics_msgs/include/statistics_msgs/statistics_msgs
[21.114s] -- Installing: /home/amadorjosephg/CA-Embedded-MiniProject/comet_bot_ws/install/statistics_msgs/include/statistics_msgs/statistics_msgs/msg
[21.114s] -- Installing: /home/amadorjosephg/CA-Embedded-MiniProject/comet_bot_ws/install/statistics_msgs/include/statistics_msgs/statistics_msgs/msg/statistic_data_type.h
[21.114s] -- Installing: /home/amadorjosephg/CA-Embedded-MiniProject/comet_bot_ws/install/statistics_msgs/include/statistics_msgs/statistics_msgs/msg/statistic_data_point.h
[21.114s] -- Installing: /home/amadorjosephg/CA-Embedded-MiniProject/comet_bot_ws/install/statistics_msgs/include/statistics_msgs/statistics_msgs/msg/rosidl_generator_c__visibility_control.h
[21.114s] -- Installing: /home/amadorjosephg/CA-Embedded-MiniProject/comet_bot_ws/install/statistics_msgs/include/statistics_msgs/statistics_msgs/msg/detail
[21.114s] -- Installing: /home/amadorjosephg/CA-Embedded-MiniProject/comet_bot_ws/install/statistics_msgs/include/statistics_msgs/statistics_msgs/msg/detail/metrics_message__struct.h
[21.114s] -- Installing: /home/amadorjosephg/CA-Embedded-MiniProject/comet_bot_ws/install/statistics_msgs/include/statistics_msgs/statistics_msgs/msg/detail/statistic_data_point__functions.h
[21.114s] -- Installing: /home/amadorjosephg/CA-Embedded-MiniProject/comet_bot_ws/install/statistics_msgs/include/statistics_msgs/statistics_msgs/msg/detail/metrics_message__functions.c
[21.114s] -- Installing: /home/amadorjosephg/CA-Embedded-MiniProject/comet_bot_ws/install/statistics_msgs/include/statistics_msgs/statistics_msgs/msg/detail/statistic_data_point__functions.c
[21.114s] -- Installing: /home/amadorjosephg/CA-Embedded-MiniProject/comet_bot_ws/install/statistics_msgs/include/statistics_msgs/statistics_msgs/msg/detail/statistic_data_type__functions.c
[21.114s] -- Installing: /home/amadorjosephg/CA-Embedded-MiniProject/comet_bot_ws/install/statistics_msgs/include/statistics_msgs/statistics_msgs/msg/detail/metrics_message__functions.h
[21.114s] -- Installing: /home/amadorjosephg/CA-Embedded-MiniProject/comet_bot_ws/install/statistics_msgs/include/statistics_msgs/statistics_msgs/msg/detail/statistic_data_point__type_support.h
[21.114s] -- Installing: /home/amadorjosephg/CA-Embedded-MiniProject/comet_bot_ws/install/statistics_msgs/include/statistics_msgs/statistics_msgs/msg/detail/metrics_message__type_support.h
[21.114s] -- Installing: /home/amadorjosephg/CA-Embedded-MiniProject/comet_bot_ws/install/statistics_msgs/include/statistics_msgs/statistics_msgs/msg/detail/statistic_data_point__struct.h
[21.115s] -- Installing: /home/amadorjosephg/CA-Embedded-MiniProject/comet_bot_ws/install/statistics_msgs/include/statistics_msgs/statistics_msgs/msg/detail/statistic_data_type__type_support.h
[21.115s] -- Installing: /home/amadorjosephg/CA-Embedded-MiniProject/comet_bot_ws/install/statistics_msgs/include/statistics_msgs/statistics_msgs/msg/detail/statistic_data_type__struct.h
[21.115s] -- Installing: /home/amadorjosephg/CA-Embedded-MiniProject/comet_bot_ws/install/statistics_msgs/include/statistics_msgs/statistics_msgs/msg/detail/statistic_data_type__functions.h
[21.115s] -- Installing: /home/amadorjosephg/CA-Embedded-MiniProject/comet_bot_ws/install/statistics_msgs/include/statistics_msgs/statistics_msgs/msg/metrics_message.h
[21.115s] -- Installing: /home/amadorjosephg/CA-Embedded-MiniProject/comet_bot_ws/install/statistics_msgs/share/statistics_msgs/environment/library_path.sh
[21.115s] -- Installing: /home/amadorjosephg/CA-Embedded-MiniProject/comet_bot_ws/install/statistics_msgs/share/statistics_msgs/environment/library_path.dsv
[21.115s] -- Installing: /home/amadorjosephg/CA-Embedded-MiniProject/comet_bot_ws/install/statistics_msgs/lib/libstatistics_msgs__rosidl_generator_c.so
[21.115s] -- Set runtime path of "/home/amadorjosephg/CA-Embedded-MiniProject/comet_bot_ws/install/statistics_msgs/lib/libstatistics_msgs__rosidl_generator_c.so" to ""
[21.115s] -- Up-to-date: /home/amadorjosephg/CA-Embedded-MiniProject/comet_bot_ws/install/statistics_msgs/include/statistics_msgs/statistics_msgs
[21.115s] -- Up-to-date: /home/amadorjosephg/CA-Embedded-MiniProject/comet_bot_ws/install/statistics_msgs/include/statistics_msgs/statistics_msgs/msg
[21.115s] -- Up-to-date: /home/amadorjosephg/CA-Embedded-MiniProject/comet_bot_ws/install/statistics_msgs/include/statistics_msgs/statistics_msgs/msg/detail
[21.115s] -- Installing: /home/amadorjosephg/CA-Embedded-MiniProject/comet_bot_ws/install/statistics_msgs/include/statistics_msgs/statistics_msgs/msg/detail/statistic_data_point__rosidl_typesupport_fastrtps_c.h
[21.115s] -- Installing: /home/amadorjosephg/CA-Embedded-MiniProject/comet_bot_ws/install/statistics_msgs/include/statistics_msgs/statistics_msgs/msg/detail/statistic_data_type__rosidl_typesupport_fastrtps_c.h
[21.115s] -- Installing: /home/amadorjosephg/CA-Embedded-MiniProject/comet_bot_ws/install/statistics_msgs/include/statistics_msgs/statistics_msgs/msg/detail/metrics_message__rosidl_typesupport_fastrtps_c.h
[21.115s] -- Installing: /home/amadorjosephg/CA-Embedded-MiniProject/comet_bot_ws/install/statistics_msgs/include/statistics_msgs/statistics_msgs/msg/rosidl_typesupport_fastrtps_c__visibility_control.h
[21.115s] -- Installing: /home/amadorjosephg/CA-Embedded-MiniProject/comet_bot_ws/install/statistics_msgs/lib/libstatistics_msgs__rosidl_typesupport_fastrtps_c.so
[21.115s] -- Set runtime path of "/home/amadorjosephg/CA-Embedded-MiniProject/comet_bot_ws/install/statistics_msgs/lib/libstatistics_msgs__rosidl_typesupport_fastrtps_c.so" to ""
[21.115s] -- Up-to-date: /home/amadorjosephg/CA-Embedded-MiniProject/comet_bot_ws/install/statistics_msgs/include/statistics_msgs/statistics_msgs
[21.115s] -- Up-to-date: /home/amadorjosephg/CA-Embedded-MiniProject/comet_bot_ws/install/statistics_msgs/include/statistics_msgs/statistics_msgs/msg
[21.116s] -- Installing: /home/amadorjosephg/CA-Embedded-MiniProject/comet_bot_ws/install/statistics_msgs/include/statistics_msgs/statistics_msgs/msg/statistic_data_point.hpp
[21.116s] -- Installing: /home/amadorjosephg/CA-Embedded-MiniProject/comet_bot_ws/install/statistics_msgs/include/statistics_msgs/statistics_msgs/msg/metrics_message.hpp
[21.116s] -- Installing: /home/amadorjosephg/CA-Embedded-MiniProject/comet_bot_ws/install/statistics_msgs/include/statistics_msgs/statistics_msgs/msg/statistic_data_type.hpp
[21.116s] -- Up-to-date: /home/amadorjosephg/CA-Embedded-MiniProject/comet_bot_ws/install/statistics_msgs/include/statistics_msgs/statistics_msgs/msg/detail
[21.116s] -- Installing: /home/amadorjosephg/CA-Embedded-MiniProject/comet_bot_ws/install/statistics_msgs/include/statistics_msgs/statistics_msgs/msg/detail/statistic_data_point__traits.hpp
[21.116s] -- Installing: /home/amadorjosephg/CA-Embedded-MiniProject/comet_bot_ws/install/statistics_msgs/include/statistics_msgs/statistics_msgs/msg/detail/statistic_data_type__struct.hpp
[21.116s] -- Installing: /home/amadorjosephg/CA-Embedded-MiniProject/comet_bot_ws/install/statistics_msgs/include/statistics_msgs/statistics_msgs/msg/detail/metrics_message__struct.hpp
[21.116s] -- Installing: /home/amadorjosephg/CA-Embedded-MiniProject/comet_bot_ws/install/statistics_msgs/include/statistics_msgs/statistics_msgs/msg/detail/metrics_message__builder.hpp
[21.116s] -- Installing: /home/amadorjosephg/CA-Embedded-MiniProject/comet_bot_ws/install/statistics_msgs/include/statistics_msgs/statistics_msgs/msg/detail/statistic_data_point__struct.hpp
[21.116s] -- Installing: /home/amadorjosephg/CA-Embedded-MiniProject/comet_bot_ws/install/statistics_msgs/include/statistics_msgs/statistics_msgs/msg/detail/statistic_data_point__builder.hpp
[21.116s] -- Installing: /home/amadorjosephg/CA-Embedded-MiniProject/comet_bot_ws/install/statistics_msgs/include/statistics_msgs/statistics_msgs/msg/detail/statistic_data_type__traits.hpp
[21.116s] -- Installing: /home/amadorjosephg/CA-Embedded-MiniProject/comet_bot_ws/install/statistics_msgs/include/statistics_msgs/statistics_msgs/msg/detail/metrics_message__traits.hpp
[21.116s] -- Installing: /home/amadorjosephg/CA-Embedded-MiniProject/comet_bot_ws/install/statistics_msgs/include/statistics_msgs/statistics_msgs/msg/detail/statistic_data_type__builder.hpp
[21.116s] -- Up-to-date: /home/amadorjosephg/CA-Embedded-MiniProject/comet_bot_ws/install/statistics_msgs/include/statistics_msgs/statistics_msgs
[21.116s] -- Up-to-date: /home/amadorjosephg/CA-Embedded-MiniProject/comet_bot_ws/install/statistics_msgs/include/statistics_msgs/statistics_msgs/msg
[21.116s] -- Up-to-date: /home/amadorjosephg/CA-Embedded-MiniProject/comet_bot_ws/install/statistics_msgs/include/statistics_msgs/statistics_msgs/msg/detail
[21.116s] -- Installing: /home/amadorjosephg/CA-Embedded-MiniProject/comet_bot_ws/install/statistics_msgs/include/statistics_msgs/statistics_msgs/msg/detail/statistic_data_point__rosidl_typesupport_fastrtps_cpp.hpp
[21.116s] -- Installing: /home/amadorjosephg/CA-Embedded-MiniProject/comet_bot_ws/install/statistics_msgs/include/statistics_msgs/statistics_msgs/msg/detail/metrics_message__rosidl_typesupport_fastrtps_cpp.hpp
[21.116s] -- Installing: /home/amadorjosephg/CA-Embedded-MiniProject/comet_bot_ws/install/statistics_msgs/include/statistics_msgs/statistics_msgs/msg/detail/statistic_data_type__rosidl_typesupport_fastrtps_cpp.hpp
[21.116s] -- Installing: /home/amadorjosephg/CA-Embedded-MiniProject/comet_bot_ws/install/statistics_msgs/include/statistics_msgs/statistics_msgs/msg/detail/dds_fastrtps
[21.116s] -- Installing: /home/amadorjosephg/CA-Embedded-MiniProject/comet_bot_ws/install/statistics_msgs/include/statistics_msgs/statistics_msgs/msg/rosidl_typesupport_fastrtps_cpp__visibility_control.h
[21.117s] -- Installing: /home/amadorjosephg/CA-Embedded-MiniProject/comet_bot_ws/install/statistics_msgs/lib/libstatistics_msgs__rosidl_typesupport_fastrtps_cpp.so
[21.117s] -- Set runtime path of "/home/amadorjosephg/CA-Embedded-MiniProject/comet_bot_ws/install/statistics_msgs/lib/libstatistics_msgs__rosidl_typesupport_fastrtps_cpp.so" to ""
[21.117s] -- Up-to-date: /home/amadorjosephg/CA-Embedded-MiniProject/comet_bot_ws/install/statistics_msgs/include/statistics_msgs
[21.117s] -- Installing: /home/amadorjosephg/CA-Embedded-MiniProject/comet_bot_ws/install/statistics_msgs/include/statistics_msgs/msg
[21.117s] -- Installing: /home/amadorjosephg/CA-Embedded-MiniProject/comet_bot_ws/install/statistics_msgs/include/statistics_msgs/msg/detail
[21.117s] -- Installing: /home/amadorjosephg/CA-Embedded-MiniProject/comet_bot_ws/install/statistics_msgs/include/statistics_msgs/msg/detail/statistic_data_point__rosidl_typesupport_microxrcedds_c.h
[21.117s] -- Installing: /home/amadorjosephg/CA-Embedded-MiniProject/comet_bot_ws/install/statistics_msgs/include/statistics_msgs/msg/detail/metrics_message__rosidl_typesupport_microxrcedds_c.h
[21.117s] -- Installing: /home/amadorjosephg/CA-Embedded-MiniProject/comet_bot_ws/install/statistics_msgs/include/statistics_msgs/msg/detail/microxrcedds
[21.117s] -- Installing: /home/amadorjosephg/CA-Embedded-MiniProject/comet_bot_ws/install/statistics_msgs/include/statistics_msgs/msg/detail/statistic_data_type__rosidl_typesupport_microxrcedds_c.h
[21.117s] -- Installing: /home/amadorjosephg/CA-Embedded-MiniProject/comet_bot_ws/install/statistics_msgs/include/statistics_msgs/msg/rosidl_typesupport_microxrcedds_c__visibility_control.h
[21.117s] -- Installing: /home/amadorjosephg/CA-Embedded-MiniProject/comet_bot_ws/install/statistics_msgs/lib/libstatistics_msgs__rosidl_typesupport_microxrcedds_c.so
[21.117s] -- Set runtime path of "/home/amadorjosephg/CA-Embedded-MiniProject/comet_bot_ws/install/statistics_msgs/lib/libstatistics_msgs__rosidl_typesupport_microxrcedds_c.so" to ""
[21.117s] -- Up-to-date: /home/amadorjosephg/CA-Embedded-MiniProject/comet_bot_ws/install/statistics_msgs/include/statistics_msgs/statistics_msgs
[21.117s] -- Up-to-date: /home/amadorjosephg/CA-Embedded-MiniProject/comet_bot_ws/install/statistics_msgs/include/statistics_msgs/statistics_msgs/msg
[21.117s] -- Installing: /home/amadorjosephg/CA-Embedded-MiniProject/comet_bot_ws/install/statistics_msgs/include/statistics_msgs/statistics_msgs/msg/rosidl_typesupport_introspection_c__visibility_control.h
[21.117s] -- Up-to-date: /home/amadorjosephg/CA-Embedded-MiniProject/comet_bot_ws/install/statistics_msgs/include/statistics_msgs/statistics_msgs/msg/detail
[21.117s] -- Installing: /home/amadorjosephg/CA-Embedded-MiniProject/comet_bot_ws/install/statistics_msgs/include/statistics_msgs/statistics_msgs/msg/detail/metrics_message__rosidl_typesupport_introspection_c.h
[21.117s] -- Installing: /home/amadorjosephg/CA-Embedded-MiniProject/comet_bot_ws/install/statistics_msgs/include/statistics_msgs/statistics_msgs/msg/detail/statistic_data_point__type_support.c
[21.117s] -- Installing: /home/amadorjosephg/CA-Embedded-MiniProject/comet_bot_ws/install/statistics_msgs/include/statistics_msgs/statistics_msgs/msg/detail/statistic_data_type__rosidl_typesupport_introspection_c.h
[21.117s] -- Installing: /home/amadorjosephg/CA-Embedded-MiniProject/comet_bot_ws/install/statistics_msgs/include/statistics_msgs/statistics_msgs/msg/detail/statistic_data_point__rosidl_typesupport_introspection_c.h
[21.118s] -- Installing: /home/amadorjosephg/CA-Embedded-MiniProject/comet_bot_ws/install/statistics_msgs/include/statistics_msgs/statistics_msgs/msg/detail/metrics_message__type_support.c
[21.118s] -- Installing: /home/amadorjosephg/CA-Embedded-MiniProject/comet_bot_ws/install/statistics_msgs/include/statistics_msgs/statistics_msgs/msg/detail/statistic_data_type__type_support.c
[21.118s] -- Installing: /home/amadorjosephg/CA-Embedded-MiniProject/comet_bot_ws/install/statistics_msgs/lib/libstatistics_msgs__rosidl_typesupport_introspection_c.so
[21.118s] -- Set runtime path of "/home/amadorjosephg/CA-Embedded-MiniProject/comet_bot_ws/install/statistics_msgs/lib/libstatistics_msgs__rosidl_typesupport_introspection_c.so" to ""
[21.118s] -- Installing: /home/amadorjosephg/CA-Embedded-MiniProject/comet_bot_ws/install/statistics_msgs/lib/libstatistics_msgs__rosidl_typesupport_c.so
[21.118s] -- Set runtime path of "/home/amadorjosephg/CA-Embedded-MiniProject/comet_bot_ws/install/statistics_msgs/lib/libstatistics_msgs__rosidl_typesupport_c.so" to ""
[21.118s] -- Up-to-date: /home/amadorjosephg/CA-Embedded-MiniProject/comet_bot_ws/install/statistics_msgs/include/statistics_msgs
[21.118s] -- Up-to-date: /home/amadorjosephg/CA-Embedded-MiniProject/comet_bot_ws/install/statistics_msgs/include/statistics_msgs/msg
[21.118s] -- Installing: /home/amadorjosephg/CA-Embedded-MiniProject/comet_bot_ws/install/statistics_msgs/include/statistics_msgs/msg/rosidl_typesupport_microxrcedds_cpp__visibility_control.h
[21.118s] -- Up-to-date: /home/amadorjosephg/CA-Embedded-MiniProject/comet_bot_ws/install/statistics_msgs/include/statistics_msgs/msg/detail
[21.118s] -- Installing: /home/amadorjosephg/CA-Embedded-MiniProject/comet_bot_ws/install/statistics_msgs/include/statistics_msgs/msg/detail/statistic_data_type__rosidl_typesupport_microxrcedds_cpp.hpp
[21.118s] -- Installing: /home/amadorjosephg/CA-Embedded-MiniProject/comet_bot_ws/install/statistics_msgs/include/statistics_msgs/msg/detail/metrics_message__rosidl_typesupport_microxrcedds_cpp.hpp
[21.118s] -- Installing: /home/amadorjosephg/CA-Embedded-MiniProject/comet_bot_ws/install/statistics_msgs/include/statistics_msgs/msg/detail/statistic_data_point__rosidl_typesupport_microxrcedds_cpp.hpp
[21.118s] -- Up-to-date: /home/amadorjosephg/CA-Embedded-MiniProject/comet_bot_ws/install/statistics_msgs/include/statistics_msgs/msg/detail/microxrcedds
[21.118s] -- Installing: /home/amadorjosephg/CA-Embedded-MiniProject/comet_bot_ws/install/statistics_msgs/include/statistics_msgs/msg/detail/microxrcedds/metrics_message__type_support_cpp.cpp
[21.118s] -- Installing: /home/amadorjosephg/CA-Embedded-MiniProject/comet_bot_ws/install/statistics_msgs/include/statistics_msgs/msg/detail/microxrcedds/statistic_data_point__type_support_cpp.cpp
[21.118s] -- Installing: /home/amadorjosephg/CA-Embedded-MiniProject/comet_bot_ws/install/statistics_msgs/include/statistics_msgs/msg/detail/microxrcedds/statistic_data_type__type_support_cpp.cpp
[21.118s] -- Installing: /home/amadorjosephg/CA-Embedded-MiniProject/comet_bot_ws/install/statistics_msgs/lib/libstatistics_msgs__rosidl_typesupport_microxrcedds_cpp.so
[21.118s] -- Set runtime path of "/home/amadorjosephg/CA-Embedded-MiniProject/comet_bot_ws/install/statistics_msgs/lib/libstatistics_msgs__rosidl_typesupport_microxrcedds_cpp.so" to ""
[21.118s] -- Up-to-date: /home/amadorjosephg/CA-Embedded-MiniProject/comet_bot_ws/install/statistics_msgs/include/statistics_msgs/statistics_msgs
[21.118s] -- Up-to-date: /home/amadorjosephg/CA-Embedded-MiniProject/comet_bot_ws/install/statistics_msgs/include/statistics_msgs/statistics_msgs/msg
[21.119s] -- Up-to-date: /home/amadorjosephg/CA-Embedded-MiniProject/comet_bot_ws/install/statistics_msgs/include/statistics_msgs/statistics_msgs/msg/detail
[21.119s] -- Installing: /home/amadorjosephg/CA-Embedded-MiniProject/comet_bot_ws/install/statistics_msgs/include/statistics_msgs/statistics_msgs/msg/detail/statistic_data_type__type_support.cpp
[21.119s] -- Installing: /home/amadorjosephg/CA-Embedded-MiniProject/comet_bot_ws/install/statistics_msgs/include/statistics_msgs/statistics_msgs/msg/detail/statistic_data_type__rosidl_typesupport_introspection_cpp.hpp
[21.119s] -- Installing: /home/amadorjosephg/CA-Embedded-MiniProject/comet_bot_ws/install/statistics_msgs/include/statistics_msgs/statistics_msgs/msg/detail/metrics_message__rosidl_typesupport_introspection_cpp.hpp
[21.119s] -- Installing: /home/amadorjosephg/CA-Embedded-MiniProject/comet_bot_ws/install/statistics_msgs/include/statistics_msgs/statistics_msgs/msg/detail/statistic_data_point__rosidl_typesupport_introspection_cpp.hpp
[21.119s] -- Installing: /home/amadorjosephg/CA-Embedded-MiniProject/comet_bot_ws/install/statistics_msgs/include/statistics_msgs/statistics_msgs/msg/detail/statistic_data_point__type_support.cpp
[21.119s] -- Installing: /home/amadorjosephg/CA-Embedded-MiniProject/comet_bot_ws/install/statistics_msgs/include/statistics_msgs/statistics_msgs/msg/detail/metrics_message__type_support.cpp
[21.119s] -- Installing: /home/amadorjosephg/CA-Embedded-MiniProject/comet_bot_ws/install/statistics_msgs/lib/libstatistics_msgs__rosidl_typesupport_introspection_cpp.so
[21.126s] -- Set runtime path of "/home/amadorjosephg/CA-Embedded-MiniProject/comet_bot_ws/install/statistics_msgs/lib/libstatistics_msgs__rosidl_typesupport_introspection_cpp.so" to ""
[21.126s] -- Installing: /home/amadorjosephg/CA-Embedded-MiniProject/comet_bot_ws/install/statistics_msgs/lib/libstatistics_msgs__rosidl_typesupport_cpp.so
[21.126s] -- Set runtime path of "/home/amadorjosephg/CA-Embedded-MiniProject/comet_bot_ws/install/statistics_msgs/lib/libstatistics_msgs__rosidl_typesupport_cpp.so" to ""
[21.126s] -- Installing: /home/amadorjosephg/CA-Embedded-MiniProject/comet_bot_ws/install/statistics_msgs/share/statistics_msgs/environment/pythonpath.sh
[21.126s] -- Installing: /home/amadorjosephg/CA-Embedded-MiniProject/comet_bot_ws/install/statistics_msgs/share/statistics_msgs/environment/pythonpath.dsv
[21.126s] -- Installing: /home/amadorjosephg/CA-Embedded-MiniProject/comet_bot_ws/install/statistics_msgs/local/lib/python3.10/dist-packages/statistics_msgs-1.2.1-py3.10.egg-info
[21.126s] -- Installing: /home/amadorjosephg/CA-Embedded-MiniProject/comet_bot_ws/install/statistics_msgs/local/lib/python3.10/dist-packages/statistics_msgs-1.2.1-py3.10.egg-info/PKG-INFO
[21.126s] -- Installing: /home/amadorjosephg/CA-Embedded-MiniProject/comet_bot_ws/install/statistics_msgs/local/lib/python3.10/dist-packages/statistics_msgs-1.2.1-py3.10.egg-info/dependency_links.txt
[21.126s] -- Installing: /home/amadorjosephg/CA-Embedded-MiniProject/comet_bot_ws/install/statistics_msgs/local/lib/python3.10/dist-packages/statistics_msgs-1.2.1-py3.10.egg-info/top_level.txt
[21.126s] -- Installing: /home/amadorjosephg/CA-Embedded-MiniProject/comet_bot_ws/install/statistics_msgs/local/lib/python3.10/dist-packages/statistics_msgs-1.2.1-py3.10.egg-info/SOURCES.txt
[21.126s] -- Installing: /home/amadorjosephg/CA-Embedded-MiniProject/comet_bot_ws/install/statistics_msgs/local/lib/python3.10/dist-packages/statistics_msgs
[21.126s] -- Installing: /home/amadorjosephg/CA-Embedded-MiniProject/comet_bot_ws/install/statistics_msgs/local/lib/python3.10/dist-packages/statistics_msgs/_statistics_msgs_s.ep.rosidl_typesupport_microxrcedds_c.c
[21.126s] -- Installing: /home/amadorjosephg/CA-Embedded-MiniProject/comet_bot_ws/install/statistics_msgs/local/lib/python3.10/dist-packages/statistics_msgs/_statistics_msgs_s.ep.rosidl_typesupport_c.c
[21.126s] -- Installing: /home/amadorjosephg/CA-Embedded-MiniProject/comet_bot_ws/install/statistics_msgs/local/lib/python3.10/dist-packages/statistics_msgs/__init__.py
[21.126s] -- Installing: /home/amadorjosephg/CA-Embedded-MiniProject/comet_bot_ws/install/statistics_msgs/local/lib/python3.10/dist-packages/statistics_msgs/statistics_msgs_s__rosidl_typesupport_microxrcedds_c.cpython-310-x86_64-linux-gnu.so
[21.127s] -- Installing: /home/amadorjosephg/CA-Embedded-MiniProject/comet_bot_ws/install/statistics_msgs/local/lib/python3.10/dist-packages/statistics_msgs/_statistics_msgs_s.ep.rosidl_typesupport_introspection_c.c
[21.127s] -- Installing: /home/amadorjosephg/CA-Embedded-MiniProject/comet_bot_ws/install/statistics_msgs/local/lib/python3.10/dist-packages/statistics_msgs/statistics_msgs_s__rosidl_typesupport_fastrtps_c.cpython-310-x86_64-linux-gnu.so
[21.127s] -- Installing: /home/amadorjosephg/CA-Embedded-MiniProject/comet_bot_ws/install/statistics_msgs/local/lib/python3.10/dist-packages/statistics_msgs/_statistics_msgs_s.ep.rosidl_typesupport_fastrtps_c.c
[21.127s] -- Installing: /home/amadorjosephg/CA-Embedded-MiniProject/comet_bot_ws/install/statistics_msgs/local/lib/python3.10/dist-packages/statistics_msgs/msg
[21.127s] -- Installing: /home/amadorjosephg/CA-Embedded-MiniProject/comet_bot_ws/install/statistics_msgs/local/lib/python3.10/dist-packages/statistics_msgs/msg/_statistic_data_type_s.c
[21.127s] -- Installing: /home/amadorjosephg/CA-Embedded-MiniProject/comet_bot_ws/install/statistics_msgs/local/lib/python3.10/dist-packages/statistics_msgs/msg/__init__.py
[21.127s] -- Installing: /home/amadorjosephg/CA-Embedded-MiniProject/comet_bot_ws/install/statistics_msgs/local/lib/python3.10/dist-packages/statistics_msgs/msg/_metrics_message.py
[21.127s] -- Installing: /home/amadorjosephg/CA-Embedded-MiniProject/comet_bot_ws/install/statistics_msgs/local/lib/python3.10/dist-packages/statistics_msgs/msg/_statistic_data_point.py
[21.127s] -- Installing: /home/amadorjosephg/CA-Embedded-MiniProject/comet_bot_ws/install/statistics_msgs/local/lib/python3.10/dist-packages/statistics_msgs/msg/_statistic_data_type.py
[21.127s] -- Installing: /home/amadorjosephg/CA-Embedded-MiniProject/comet_bot_ws/install/statistics_msgs/local/lib/python3.10/dist-packages/statistics_msgs/msg/_statistic_data_point_s.c
[21.127s] -- Installing: /home/amadorjosephg/CA-Embedded-MiniProject/comet_bot_ws/install/statistics_msgs/local/lib/python3.10/dist-packages/statistics_msgs/msg/_metrics_message_s.c
[21.127s] -- Installing: /home/amadorjosephg/CA-Embedded-MiniProject/comet_bot_ws/install/statistics_msgs/local/lib/python3.10/dist-packages/statistics_msgs/statistics_msgs_s__rosidl_typesupport_introspection_c.cpython-310-x86_64-linux-gnu.so
[21.127s] -- Installing: /home/amadorjosephg/CA-Embedded-MiniProject/comet_bot_ws/install/statistics_msgs/local/lib/python3.10/dist-packages/statistics_msgs/libstatistics_msgs__rosidl_generator_py.so
[21.127s] -- Installing: /home/amadorjosephg/CA-Embedded-MiniProject/comet_bot_ws/install/statistics_msgs/local/lib/python3.10/dist-packages/statistics_msgs/statistics_msgs_s__rosidl_typesupport_c.cpython-310-x86_64-linux-gnu.so
[21.164s] Listing '/home/amadorjosephg/CA-Embedded-MiniProject/comet_bot_ws/install/statistics_msgs/local/lib/python3.10/dist-packages/statistics_msgs'...
[21.164s] Compiling '/home/amadorjosephg/CA-Embedded-MiniProject/comet_bot_ws/install/statistics_msgs/local/lib/python3.10/dist-packages/statistics_msgs/__init__.py'...
[21.165s] Listing '/home/amadorjosephg/CA-Embedded-MiniProject/comet_bot_ws/install/statistics_msgs/local/lib/python3.10/dist-packages/statistics_msgs/msg'...
[21.165s] Compiling '/home/amadorjosephg/CA-Embedded-MiniProject/comet_bot_ws/install/statistics_msgs/local/lib/python3.10/dist-packages/statistics_msgs/msg/__init__.py'...
[21.165s] Compiling '/home/amadorjosephg/CA-Embedded-MiniProject/comet_bot_ws/install/statistics_msgs/local/lib/python3.10/dist-packages/statistics_msgs/msg/_metrics_message.py'...
[21.165s] Compiling '/home/amadorjosephg/CA-Embedded-MiniProject/comet_bot_ws/install/statistics_msgs/local/lib/python3.10/dist-packages/statistics_msgs/msg/_statistic_data_point.py'...
[21.165s] Compiling '/home/amadorjosephg/CA-Embedded-MiniProject/comet_bot_ws/install/statistics_msgs/local/lib/python3.10/dist-packages/statistics_msgs/msg/_statistic_data_type.py'...
[21.171s] -- Installing: /home/amadorjosephg/CA-Embedded-MiniProject/comet_bot_ws/install/statistics_msgs/local/lib/python3.10/dist-packages/statistics_msgs/statistics_msgs_s__rosidl_typesupport_microxrcedds_c.cpython-310-x86_64-linux-gnu.so
[21.172s] -- Set runtime path of "/home/amadorjosephg/CA-Embedded-MiniProject/comet_bot_ws/install/statistics_msgs/local/lib/python3.10/dist-packages/statistics_msgs/statistics_msgs_s__rosidl_typesupport_microxrcedds_c.cpython-310-x86_64-linux-gnu.so" to ""
[21.172s] -- Installing: /home/amadorjosephg/CA-Embedded-MiniProject/comet_bot_ws/install/statistics_msgs/local/lib/python3.10/dist-packages/statistics_msgs/statistics_msgs_s__rosidl_typesupport_fastrtps_c.cpython-310-x86_64-linux-gnu.so
[21.173s] -- Set runtime path of "/home/amadorjosephg/CA-Embedded-MiniProject/comet_bot_ws/install/statistics_msgs/local/lib/python3.10/dist-packages/statistics_msgs/statistics_msgs_s__rosidl_typesupport_fastrtps_c.cpython-310-x86_64-linux-gnu.so" to ""
[21.173s] -- Installing: /home/amadorjosephg/CA-Embedded-MiniProject/comet_bot_ws/install/statistics_msgs/local/lib/python3.10/dist-packages/statistics_msgs/statistics_msgs_s__rosidl_typesupport_introspection_c.cpython-310-x86_64-linux-gnu.so
[21.174s] -- Set runtime path of "/home/amadorjosephg/CA-Embedded-MiniProject/comet_bot_ws/install/statistics_msgs/local/lib/python3.10/dist-packages/statistics_msgs/statistics_msgs_s__rosidl_typesupport_introspection_c.cpython-310-x86_64-linux-gnu.so" to ""
[21.174s] -- Installing: /home/amadorjosephg/CA-Embedded-MiniProject/comet_bot_ws/install/statistics_msgs/local/lib/python3.10/dist-packages/statistics_msgs/statistics_msgs_s__rosidl_typesupport_c.cpython-310-x86_64-linux-gnu.so
[21.175s] -- Set runtime path of "/home/amadorjosephg/CA-Embedded-MiniProject/comet_bot_ws/install/statistics_msgs/local/lib/python3.10/dist-packages/statistics_msgs/statistics_msgs_s__rosidl_typesupport_c.cpython-310-x86_64-linux-gnu.so" to ""
[21.176s] -- Installing: /home/amadorjosephg/CA-Embedded-MiniProject/comet_bot_ws/install/statistics_msgs/lib/libstatistics_msgs__rosidl_generator_py.so
[21.176s] -- Set runtime path of "/home/amadorjosephg/CA-Embedded-MiniProject/comet_bot_ws/install/statistics_msgs/lib/libstatistics_msgs__rosidl_generator_py.so" to ""
[21.177s] -- Installing: /home/amadorjosephg/CA-Embedded-MiniProject/comet_bot_ws/install/statistics_msgs/share/statistics_msgs/msg/MetricsMessage.idl
[21.177s] -- Installing: /home/amadorjosephg/CA-Embedded-MiniProject/comet_bot_ws/install/statistics_msgs/share/statistics_msgs/msg/StatisticDataPoint.idl
[21.178s] -- Installing: /home/amadorjosephg/CA-Embedded-MiniProject/comet_bot_ws/install/statistics_msgs/share/statistics_msgs/msg/StatisticDataType.idl
[21.178s] -- Installing: /home/amadorjosephg/CA-Embedded-MiniProject/comet_bot_ws/install/statistics_msgs/share/statistics_msgs/msg/MetricsMessage.msg
[21.178s] -- Installing: /home/amadorjosephg/CA-Embedded-MiniProject/comet_bot_ws/install/statistics_msgs/share/statistics_msgs/msg/StatisticDataPoint.msg
[21.179s] -- Installing: /home/amadorjosephg/CA-Embedded-MiniProject/comet_bot_ws/install/statistics_msgs/share/statistics_msgs/msg/StatisticDataType.msg
[21.179s] -- Installing: /home/amadorjosephg/CA-Embedded-MiniProject/comet_bot_ws/install/statistics_msgs/share/ament_index/resource_index/package_run_dependencies/statistics_msgs
[21.180s] -- Installing: /home/amadorjosephg/CA-Embedded-MiniProject/comet_bot_ws/install/statistics_msgs/share/ament_index/resource_index/parent_prefix_path/statistics_msgs
[21.180s] -- Installing: /home/amadorjosephg/CA-Embedded-MiniProject/comet_bot_ws/install/statistics_msgs/share/statistics_msgs/environment/ament_prefix_path.sh
[21.181s] -- Installing: /home/amadorjosephg/CA-Embedded-MiniProject/comet_bot_ws/install/statistics_msgs/share/statistics_msgs/environment/ament_prefix_path.dsv
[21.181s] -- Installing: /home/amadorjosephg/CA-Embedded-MiniProject/comet_bot_ws/install/statistics_msgs/share/statistics_msgs/environment/path.sh
[21.182s] -- Installing: /home/amadorjosephg/CA-Embedded-MiniProject/comet_bot_ws/install/statistics_msgs/share/statistics_msgs/environment/path.dsv
[21.182s] -- Installing: /home/amadorjosephg/CA-Embedded-MiniProject/comet_bot_ws/install/statistics_msgs/share/statistics_msgs/local_setup.bash
[21.182s] -- Installing: /home/amadorjosephg/CA-Embedded-MiniProject/comet_bot_ws/install/statistics_msgs/share/statistics_msgs/local_setup.sh
[21.183s] -- Installing: /home/amadorjosephg/CA-Embedded-MiniProject/comet_bot_ws/install/statistics_msgs/share/statistics_msgs/local_setup.zsh
[21.183s] -- Installing: /home/amadorjosephg/CA-Embedded-MiniProject/comet_bot_ws/install/statistics_msgs/share/statistics_msgs/local_setup.dsv
[21.184s] -- Installing: /home/amadorjosephg/CA-Embedded-MiniProject/comet_bot_ws/install/statistics_msgs/share/statistics_msgs/package.dsv
[21.184s] -- Installing: /home/amadorjosephg/CA-Embedded-MiniProject/comet_bot_ws/install/statistics_msgs/share/ament_index/resource_index/packages/statistics_msgs
[21.185s] -- Installing: /home/amadorjosephg/CA-Embedded-MiniProject/comet_bot_ws/install/statistics_msgs/share/statistics_msgs/cmake/export_statistics_msgs__rosidl_generator_cExport.cmake
[21.185s] -- Installing: /home/amadorjosephg/CA-Embedded-MiniProject/comet_bot_ws/install/statistics_msgs/share/statistics_msgs/cmake/export_statistics_msgs__rosidl_generator_cExport-noconfig.cmake
[21.186s] -- Installing: /home/amadorjosephg/CA-Embedded-MiniProject/comet_bot_ws/install/statistics_msgs/share/statistics_msgs/cmake/export_statistics_msgs__rosidl_typesupport_fastrtps_cExport.cmake
[21.186s] -- Installing: /home/amadorjosephg/CA-Embedded-MiniProject/comet_bot_ws/install/statistics_msgs/share/statistics_msgs/cmake/export_statistics_msgs__rosidl_typesupport_fastrtps_cExport-noconfig.cmake
[21.187s] -- Installing: /home/amadorjosephg/CA-Embedded-MiniProject/comet_bot_ws/install/statistics_msgs/share/statistics_msgs/cmake/export_statistics_msgs__rosidl_generator_cppExport.cmake
[21.187s] -- Installing: /home/amadorjosephg/CA-Embedded-MiniProject/comet_bot_ws/install/statistics_msgs/share/statistics_msgs/cmake/export_statistics_msgs__rosidl_typesupport_fastrtps_cppExport.cmake
[21.187s] -- Installing: /home/amadorjosephg/CA-Embedded-MiniProject/comet_bot_ws/install/statistics_msgs/share/statistics_msgs/cmake/export_statistics_msgs__rosidl_typesupport_fastrtps_cppExport-noconfig.cmake
[21.188s] -- Installing: /home/amadorjosephg/CA-Embedded-MiniProject/comet_bot_ws/install/statistics_msgs/share/statistics_msgs/cmake/statistics_msgs__rosidl_typesupport_introspection_cExport.cmake
[21.188s] -- Installing: /home/amadorjosephg/CA-Embedded-MiniProject/comet_bot_ws/install/statistics_msgs/share/statistics_msgs/cmake/statistics_msgs__rosidl_typesupport_introspection_cExport-noconfig.cmake
[21.189s] -- Installing: /home/amadorjosephg/CA-Embedded-MiniProject/comet_bot_ws/install/statistics_msgs/share/statistics_msgs/cmake/statistics_msgs__rosidl_typesupport_cExport.cmake
[21.196s] -- Installing: /home/amadorjosephg/CA-Embedded-MiniProject/comet_bot_ws/install/statistics_msgs/share/statistics_msgs/cmake/statistics_msgs__rosidl_typesupport_cExport-noconfig.cmake
[21.197s] -- Installing: /home/amadorjosephg/CA-Embedded-MiniProject/comet_bot_ws/install/statistics_msgs/share/statistics_msgs/cmake/statistics_msgs__rosidl_typesupport_introspection_cppExport.cmake
[21.197s] -- Installing: /home/amadorjosephg/CA-Embedded-MiniProject/comet_bot_ws/install/statistics_msgs/share/statistics_msgs/cmake/statistics_msgs__rosidl_typesupport_introspection_cppExport-noconfig.cmake
[21.197s] -- Installing: /home/amadorjosephg/CA-Embedded-MiniProject/comet_bot_ws/install/statistics_msgs/share/statistics_msgs/cmake/statistics_msgs__rosidl_typesupport_cppExport.cmake
[21.197s] -- Installing: /home/amadorjosephg/CA-Embedded-MiniProject/comet_bot_ws/install/statistics_msgs/share/statistics_msgs/cmake/statistics_msgs__rosidl_typesupport_cppExport-noconfig.cmake
[21.197s] -- Installing: /home/amadorjosephg/CA-Embedded-MiniProject/comet_bot_ws/install/statistics_msgs/share/statistics_msgs/cmake/export_statistics_msgs__rosidl_generator_pyExport.cmake
[21.198s] -- Installing: /home/amadorjosephg/CA-Embedded-MiniProject/comet_bot_ws/install/statistics_msgs/share/statistics_msgs/cmake/export_statistics_msgs__rosidl_generator_pyExport-noconfig.cmake
[21.198s] -- Installing: /home/amadorjosephg/CA-Embedded-MiniProject/comet_bot_ws/install/statistics_msgs/share/statistics_msgs/cmake/rosidl_cmake-extras.cmake
[21.198s] -- Installing: /home/amadorjosephg/CA-Embedded-MiniProject/comet_bot_ws/install/statistics_msgs/share/statistics_msgs/cmake/ament_cmake_export_dependencies-extras.cmake
[21.198s] -- Installing: /home/amadorjosephg/CA-Embedded-MiniProject/comet_bot_ws/install/statistics_msgs/share/statistics_msgs/cmake/ament_cmake_export_include_directories-extras.cmake
[21.199s] -- Installing: /home/amadorjosephg/CA-Embedded-MiniProject/comet_bot_ws/install/statistics_msgs/share/statistics_msgs/cmake/ament_cmake_export_libraries-extras.cmake
[21.199s] -- Installing: /home/amadorjosephg/CA-Embedded-MiniProject/comet_bot_ws/install/statistics_msgs/share/statistics_msgs/cmake/ament_cmake_export_targets-extras.cmake
[21.199s] -- Installing: /home/amadorjosephg/CA-Embedded-MiniProject/comet_bot_ws/install/statistics_msgs/share/statistics_msgs/cmake/rosidl_cmake_export_typesupport_targets-extras.cmake
[21.199s] -- Installing: /home/amadorjosephg/CA-Embedded-MiniProject/comet_bot_ws/install/statistics_msgs/share/statistics_msgs/cmake/rosidl_cmake_export_typesupport_libraries-extras.cmake
[21.200s] -- Installing: /home/amadorjosephg/CA-Embedded-MiniProject/comet_bot_ws/install/statistics_msgs/share/statistics_msgs/cmake/statistics_msgsConfig.cmake
[21.200s] -- Installing: /home/amadorjosephg/CA-Embedded-MiniProject/comet_bot_ws/install/statistics_msgs/share/statistics_msgs/cmake/statistics_msgsConfig-version.cmake
[21.200s] -- Installing: /home/amadorjosephg/CA-Embedded-MiniProject/comet_bot_ws/install/statistics_msgs/share/statistics_msgs/package.xml
[21.210s] Invoked command in '/home/amadorjosephg/CA-Embedded-MiniProject/comet_bot_ws/build/statistics_msgs' returned '0': AMENT_PREFIX_PATH=/home/amadorjosephg/CA-Embedded-MiniProject/comet_bot_ws/install/builtin_interfaces:${AMENT_PREFIX_PATH} CMAKE_PREFIX_PATH=/home/amadorjosephg/CA-Embedded-MiniProject/comet_bot_ws/install/builtin_interfaces:/home/amadorjosephg/CA-Embedded-MiniProject/comet_bot_ws/install/rosidl_typesupport_microxrcedds_cpp:/home/amadorjosephg/CA-Embedded-MiniProject/comet_bot_ws/install/rosidl_typesupport_microxrcedds_c:/home/amadorjosephg/CA-Embedded-MiniProject/comet_bot_ws/install/microcdr:/home/amadorjosephg/CA-Embedded-MiniProject/comet_bot_ws/install/micro_ros_setup:/home/amadorjosephg/CA-Embedded-MiniProject/comet_bot_ws/install/micro_ros_agent:/home/amadorjosephg/CA-Embedded-MiniProject/comet_bot_ws/install/micro_ros_msgs:/home/amadorjosephg/CA-Embedded-MiniProject/comet_bot_ws/install/lunabot_control:/home/amadorjosephg/CA-Embedded-MiniProject/comet_bot_ws/install/jetson_topic_relay:/opt/ros/humble LD_LIBRARY_PATH=/home/amadorjosephg/CA-Embedded-MiniProject/comet_bot_ws/install/builtin_interfaces/lib:${LD_LIBRARY_PATH} PYTHONPATH=/home/amadorjosephg/CA-Embedded-MiniProject/comet_bot_ws/install/builtin_interfaces/local/lib/python3.10/dist-packages:${PYTHONPATH} /usr/bin/cmake --install /home/amadorjosephg/CA-Embedded-MiniProject/comet_bot_ws/build/statistics_msgs
